This file contains any messages produced by compilers while
running configure, to aid debugging if configure makes a mistake.

It was created by dosfstools configure 4.1, which was
generated by GNU Autoconf 2.69.  Invocation command line was

  $ ./configure --target=x86_64-pc-linux-gnu --host=x86_64-pc-linux-gnu --build=x86_64-pc-linux-gnu --program-prefix= --program-suffix= --prefix=/home/voyager717/Downloads/SDK_Sourcecode/build_openwrt_new/AX3000-MT7981-Z8102AX/staging_dir/host --exec-prefix=/home/voyager717/Downloads/SDK_Sourcecode/build_openwrt_new/AX3000-MT7981-Z8102AX/staging_dir/host --sysconfdir=/home/voyager717/Downloads/SDK_Sourcecode/build_openwrt_new/AX3000-MT7981-Z8102AX/staging_dir/host/etc --localstatedir=/home/voyager717/Downloads/SDK_Sourcecode/build_openwrt_new/AX3000-MT7981-Z8102AX/staging_dir/host/var --sbindir=/home/voyager717/Downloads/SDK_Sourcecode/build_openwrt_new/AX3000-MT7981-Z8102AX/staging_dir/host/bin

## --------- ##
## Platform. ##
## --------- ##

hostname = it-labs13
uname -m = x86_64
uname -r = 6.8.0-54-generic
uname -s = Linux
uname -v = #56-Ubuntu SMP PREEMPT_DYNAMIC Sat Feb  8 00:37:57 UTC 2025

/usr/bin/uname -p = x86_64
/bin/uname -X     = unknown

/bin/arch              = x86_64
/usr/bin/arch -k       = unknown
/usr/convex/getsysinfo = unknown
/usr/bin/hostinfo      = unknown
/bin/machine           = unknown
/usr/bin/oslevel       = unknown
/bin/universe          = unknown

PATH: /home/voyager717/Downloads/SDK_Sourcecode/build_openwrt_new/AX3000-MT7981-Z8102AX/staging_dir/toolchain-aarch64_cortex-a53_gcc-8.4.0_musl/bin
PATH: /home/voyager717/Downloads/SDK_Sourcecode/build_openwrt_new/AX3000-MT7981-Z8102AX/staging_dir/toolchain-aarch64_cortex-a53_gcc-8.4.0_musl/bin
PATH: /home/voyager717/Downloads/SDK_Sourcecode/build_openwrt_new/AX3000-MT7981-Z8102AX/staging_dir/host/bin
PATH: /home/voyager717/Downloads/SDK_Sourcecode/build_openwrt_new/AX3000-MT7981-Z8102AX/staging_dir/toolchain-aarch64_cortex-a53_gcc-8.4.0_musl/bin
PATH: /home/voyager717/Downloads/SDK_Sourcecode/build_openwrt_new/AX3000-MT7981-Z8102AX/staging_dir/host/bin
PATH: /home/voyager717/Downloads/SDK_Sourcecode/build_openwrt_new/AX3000-MT7981-Z8102AX/staging_dir/host/bin
PATH: /home/voyager717/Downloads/SDK_Sourcecode/wetransfer_mt7981-spim-nand-rfb-z8102ax-1-dts_2025-02-12_0126/openwrt/staging_dir/toolchain-aarch64_cortex-a53_gcc-13.3.0_musl/bin
PATH: /usr/local/sbin
PATH: /usr/local/bin
PATH: /usr/sbin
PATH: /usr/bin
PATH: /sbin
PATH: /bin
PATH: /usr/games
PATH: /usr/local/games
PATH: /snap/bin
PATH: /snap/bin


## ----------- ##
## Core tests. ##
## ----------- ##

configure:2196: checking for a BSD-compatible install
configure:2264: result: /usr/bin/install -c
configure:2275: checking whether build environment is sane
configure:2330: result: yes
configure:2481: checking for a thread-safe mkdir -p
configure:2520: result: /usr/bin/mkdir -p
configure:2527: checking for gawk
configure:2543: found /usr/bin/gawk
configure:2554: result: gawk
configure:2565: checking whether make sets $(MAKE)
configure:2587: result: yes
configure:2616: checking whether make supports nested variables
configure:2633: result: yes
configure:2789: checking for x86_64-pc-linux-gnu-gcc
configure:2816: result: gcc
configure:3085: checking for C compiler version
configure:3094: gcc --version >&5
gcc (Ubuntu 13.3.0-6ubuntu2~24.04) 13.3.0
Copyright (C) 2023 Free Software Foundation, Inc.
This is free software; see the source for copying conditions.  There is NO
warranty; not even for MERCHANTABILITY or FITNESS FOR A PARTICULAR PURPOSE.

configure:3105: $? = 0
configure:3094: gcc -v >&5
Using built-in specs.
COLLECT_GCC=gcc
COLLECT_LTO_WRAPPER=/usr/libexec/gcc/x86_64-linux-gnu/13/lto-wrapper
OFFLOAD_TARGET_NAMES=nvptx-none:amdgcn-amdhsa
OFFLOAD_TARGET_DEFAULT=1
Target: x86_64-linux-gnu
Configured with: ../src/configure -v --with-pkgversion='Ubuntu 13.3.0-6ubuntu2~24.04' --with-bugurl=file:///usr/share/doc/gcc-13/README.Bugs --enable-languages=c,ada,c++,go,d,fortran,objc,obj-c++,m2 --prefix=/usr --with-gcc-major-version-only --program-suffix=-13 --program-prefix=x86_64-linux-gnu- --enable-shared --enable-linker-build-id --libexecdir=/usr/libexec --without-included-gettext --enable-threads=posix --libdir=/usr/lib --enable-nls --enable-bootstrap --enable-clocale=gnu --enable-libstdcxx-debug --enable-libstdcxx-time=yes --with-default-libstdcxx-abi=new --enable-libstdcxx-backtrace --enable-gnu-unique-object --disable-vtable-verify --enable-plugin --enable-default-pie --with-system-zlib --enable-libphobos-checking=release --with-target-system-zlib=auto --enable-objc-gc=auto --enable-multiarch --disable-werror --enable-cet --with-arch-32=i686 --with-abi=m64 --with-multilib-list=m32,m64,mx32 --enable-multilib --with-tune=generic --enable-offload-targets=nvptx-none=/build/gcc-13-fG75Ri/gcc-13-13.3.0/debian/tmp-nvptx/usr,amdgcn-amdhsa=/build/gcc-13-fG75Ri/gcc-13-13.3.0/debian/tmp-gcn/usr --enable-offload-defaulted --without-cuda-driver --enable-checking=release --build=x86_64-linux-gnu --host=x86_64-linux-gnu --target=x86_64-linux-gnu --with-build-config=bootstrap-lto-lean --enable-link-serialization=2
Thread model: posix
Supported LTO compression algorithms: zlib zstd
gcc version 13.3.0 (Ubuntu 13.3.0-6ubuntu2~24.04) 
... rest of stderr output deleted ...
configure:3105: $? = 0
configure:3094: gcc -V >&5
gcc: error: unrecognized command-line option '-V'
gcc: fatal error: no input files
compilation terminated.
configure:3105: $? = 1
configure:3094: gcc -qversion >&5
gcc: error: unrecognized command-line option '-qversion'; did you mean '--version'?
gcc: fatal error: no input files
compilation terminated.
configure:3105: $? = 1
configure:3125: checking whether the C compiler works
configure:3147: gcc -O2 -I/home/voyager717/Downloads/SDK_Sourcecode/build_openwrt_new/AX3000-MT7981-Z8102AX/staging_dir/host/include  -I/home/voyager717/Downloads/SDK_Sourcecode/build_openwrt_new/AX3000-MT7981-Z8102AX/staging_dir/host/include  -L/home/voyager717/Downloads/SDK_Sourcecode/build_openwrt_new/AX3000-MT7981-Z8102AX/staging_dir/host/lib  conftest.c  >&5
configure:3151: $? = 0
configure:3199: result: yes
configure:3202: checking for C compiler default output file name
configure:3204: result: a.out
configure:3210: checking for suffix of executables
configure:3217: gcc -o conftest -O2 -I/home/voyager717/Downloads/SDK_Sourcecode/build_openwrt_new/AX3000-MT7981-Z8102AX/staging_dir/host/include  -I/home/voyager717/Downloads/SDK_Sourcecode/build_openwrt_new/AX3000-MT7981-Z8102AX/staging_dir/host/include  -L/home/voyager717/Downloads/SDK_Sourcecode/build_openwrt_new/AX3000-MT7981-Z8102AX/staging_dir/host/lib  conftest.c  >&5
configure:3221: $? = 0
configure:3243: result: 
configure:3265: checking whether we are cross compiling
configure:3273: gcc -o conftest -O2 -I/home/voyager717/Downloads/SDK_Sourcecode/build_openwrt_new/AX3000-MT7981-Z8102AX/staging_dir/host/include  -I/home/voyager717/Downloads/SDK_Sourcecode/build_openwrt_new/AX3000-MT7981-Z8102AX/staging_dir/host/include  -L/home/voyager717/Downloads/SDK_Sourcecode/build_openwrt_new/AX3000-MT7981-Z8102AX/staging_dir/host/lib  conftest.c  >&5
configure:3277: $? = 0
configure:3284: ./conftest
configure:3288: $? = 0
configure:3303: result: no
configure:3308: checking for suffix of object files
configure:3330: gcc -c -O2 -I/home/voyager717/Downloads/SDK_Sourcecode/build_openwrt_new/AX3000-MT7981-Z8102AX/staging_dir/host/include  -I/home/voyager717/Downloads/SDK_Sourcecode/build_openwrt_new/AX3000-MT7981-Z8102AX/staging_dir/host/include  conftest.c >&5
configure:3334: $? = 0
configure:3355: result: o
configure:3359: checking whether we are using the GNU C compiler
configure:3378: gcc -c -O2 -I/home/voyager717/Downloads/SDK_Sourcecode/build_openwrt_new/AX3000-MT7981-Z8102AX/staging_dir/host/include  -I/home/voyager717/Downloads/SDK_Sourcecode/build_openwrt_new/AX3000-MT7981-Z8102AX/staging_dir/host/include  conftest.c >&5
configure:3378: $? = 0
configure:3387: result: yes
configure:3396: checking whether gcc accepts -g
configure:3416: gcc -c -g -I/home/voyager717/Downloads/SDK_Sourcecode/build_openwrt_new/AX3000-MT7981-Z8102AX/staging_dir/host/include  conftest.c >&5
configure:3416: $? = 0
configure:3457: result: yes
configure:3474: checking for gcc option to accept ISO C89
configure:3537: gcc  -c -O2 -I/home/voyager717/Downloads/SDK_Sourcecode/build_openwrt_new/AX3000-MT7981-Z8102AX/staging_dir/host/include  -I/home/voyager717/Downloads/SDK_Sourcecode/build_openwrt_new/AX3000-MT7981-Z8102AX/staging_dir/host/include  conftest.c >&5
configure:3537: $? = 0
configure:3550: result: none needed
configure:3575: checking whether gcc understands -c and -o together
configure:3597: gcc -c conftest.c -o conftest2.o
configure:3600: $? = 0
configure:3597: gcc -c conftest.c -o conftest2.o
configure:3600: $? = 0
configure:3612: result: yes
configure:3640: checking for style of include used by make
configure:3668: result: GNU
configure:3694: checking dependency style of gcc
configure:3805: result: gcc3
configure:3820: checking whether ln -s works
configure:3824: result: yes
configure:3840: checking for special C compiler options needed for large files
configure:3885: result: no
configure:3891: checking for _FILE_OFFSET_BITS value needed for large files
configure:3916: gcc -c -O2 -I/home/voyager717/Downloads/SDK_Sourcecode/build_openwrt_new/AX3000-MT7981-Z8102AX/staging_dir/host/include  -I/home/voyager717/Downloads/SDK_Sourcecode/build_openwrt_new/AX3000-MT7981-Z8102AX/staging_dir/host/include  conftest.c >&5
configure:3916: $? = 0
configure:3948: result: no
configure:4039: checking how to run the C preprocessor
configure:4070: gcc -E -I/home/voyager717/Downloads/SDK_Sourcecode/build_openwrt_new/AX3000-MT7981-Z8102AX/staging_dir/host/include  conftest.c
configure:4070: $? = 0
configure:4084: gcc -E -I/home/voyager717/Downloads/SDK_Sourcecode/build_openwrt_new/AX3000-MT7981-Z8102AX/staging_dir/host/include  conftest.c
conftest.c:11:10: fatal error: ac_nonexistent.h: No such file or directory
   11 | #include <ac_nonexistent.h>
      |          ^~~~~~~~~~~~~~~~~~
compilation terminated.
configure:4084: $? = 1
configure: failed program was:
| /* confdefs.h */
| #define PACKAGE_NAME "dosfstools"
| #define PACKAGE_TARNAME "dosfstools"
| #define PACKAGE_VERSION "4.1"
| #define PACKAGE_STRING "dosfstools 4.1"
| #define PACKAGE_BUGREPORT ""
| #define PACKAGE_URL ""
| #define PACKAGE "dosfstools"
| #define VERSION "4.1"
| /* end confdefs.h.  */
| #include <ac_nonexistent.h>
configure:4109: result: gcc -E
configure:4129: gcc -E -I/home/voyager717/Downloads/SDK_Sourcecode/build_openwrt_new/AX3000-MT7981-Z8102AX/staging_dir/host/include  conftest.c
configure:4129: $? = 0
configure:4143: gcc -E -I/home/voyager717/Downloads/SDK_Sourcecode/build_openwrt_new/AX3000-MT7981-Z8102AX/staging_dir/host/include  conftest.c
conftest.c:11:10: fatal error: ac_nonexistent.h: No such file or directory
   11 | #include <ac_nonexistent.h>
      |          ^~~~~~~~~~~~~~~~~~
compilation terminated.
configure:4143: $? = 1
configure: failed program was:
| /* confdefs.h */
| #define PACKAGE_NAME "dosfstools"
| #define PACKAGE_TARNAME "dosfstools"
| #define PACKAGE_VERSION "4.1"
| #define PACKAGE_STRING "dosfstools 4.1"
| #define PACKAGE_BUGREPORT ""
| #define PACKAGE_URL ""
| #define PACKAGE "dosfstools"
| #define VERSION "4.1"
| /* end confdefs.h.  */
| #include <ac_nonexistent.h>
configure:4172: checking for grep that handles long lines and -e
configure:4230: result: /home/voyager717/Downloads/SDK_Sourcecode/build_openwrt_new/AX3000-MT7981-Z8102AX/staging_dir/host/bin/grep
configure:4235: checking for egrep
configure:4297: result: /home/voyager717/Downloads/SDK_Sourcecode/build_openwrt_new/AX3000-MT7981-Z8102AX/staging_dir/host/bin/grep -E
configure:4302: checking for ANSI C header files
configure:4322: gcc -c -O2 -I/home/voyager717/Downloads/SDK_Sourcecode/build_openwrt_new/AX3000-MT7981-Z8102AX/staging_dir/host/include  -I/home/voyager717/Downloads/SDK_Sourcecode/build_openwrt_new/AX3000-MT7981-Z8102AX/staging_dir/host/include  conftest.c >&5
configure:4322: $? = 0
configure:4395: gcc -o conftest -O2 -I/home/voyager717/Downloads/SDK_Sourcecode/build_openwrt_new/AX3000-MT7981-Z8102AX/staging_dir/host/include  -I/home/voyager717/Downloads/SDK_Sourcecode/build_openwrt_new/AX3000-MT7981-Z8102AX/staging_dir/host/include  -L/home/voyager717/Downloads/SDK_Sourcecode/build_openwrt_new/AX3000-MT7981-Z8102AX/staging_dir/host/lib  conftest.c  >&5
configure:4395: $? = 0
configure:4395: ./conftest
configure:4395: $? = 0
configure:4406: result: yes
configure:4419: checking for sys/types.h
configure:4419: gcc -c -O2 -I/home/voyager717/Downloads/SDK_Sourcecode/build_openwrt_new/AX3000-MT7981-Z8102AX/staging_dir/host/include  -I/home/voyager717/Downloads/SDK_Sourcecode/build_openwrt_new/AX3000-MT7981-Z8102AX/staging_dir/host/include  conftest.c >&5
configure:4419: $? = 0
configure:4419: result: yes
configure:4419: checking for sys/stat.h
configure:4419: gcc -c -O2 -I/home/voyager717/Downloads/SDK_Sourcecode/build_openwrt_new/AX3000-MT7981-Z8102AX/staging_dir/host/include  -I/home/voyager717/Downloads/SDK_Sourcecode/build_openwrt_new/AX3000-MT7981-Z8102AX/staging_dir/host/include  conftest.c >&5
configure:4419: $? = 0
configure:4419: result: yes
configure:4419: checking for stdlib.h
configure:4419: gcc -c -O2 -I/home/voyager717/Downloads/SDK_Sourcecode/build_openwrt_new/AX3000-MT7981-Z8102AX/staging_dir/host/include  -I/home/voyager717/Downloads/SDK_Sourcecode/build_openwrt_new/AX3000-MT7981-Z8102AX/staging_dir/host/include  conftest.c >&5
configure:4419: $? = 0
configure:4419: result: yes
configure:4419: checking for string.h
configure:4419: gcc -c -O2 -I/home/voyager717/Downloads/SDK_Sourcecode/build_openwrt_new/AX3000-MT7981-Z8102AX/staging_dir/host/include  -I/home/voyager717/Downloads/SDK_Sourcecode/build_openwrt_new/AX3000-MT7981-Z8102AX/staging_dir/host/include  conftest.c >&5
configure:4419: $? = 0
configure:4419: result: yes
configure:4419: checking for memory.h
configure:4419: gcc -c -O2 -I/home/voyager717/Downloads/SDK_Sourcecode/build_openwrt_new/AX3000-MT7981-Z8102AX/staging_dir/host/include  -I/home/voyager717/Downloads/SDK_Sourcecode/build_openwrt_new/AX3000-MT7981-Z8102AX/staging_dir/host/include  conftest.c >&5
configure:4419: $? = 0
configure:4419: result: yes
configure:4419: checking for strings.h
configure:4419: gcc -c -O2 -I/home/voyager717/Downloads/SDK_Sourcecode/build_openwrt_new/AX3000-MT7981-Z8102AX/staging_dir/host/include  -I/home/voyager717/Downloads/SDK_Sourcecode/build_openwrt_new/AX3000-MT7981-Z8102AX/staging_dir/host/include  conftest.c >&5
configure:4419: $? = 0
configure:4419: result: yes
configure:4419: checking for inttypes.h
configure:4419: gcc -c -O2 -I/home/voyager717/Downloads/SDK_Sourcecode/build_openwrt_new/AX3000-MT7981-Z8102AX/staging_dir/host/include  -I/home/voyager717/Downloads/SDK_Sourcecode/build_openwrt_new/AX3000-MT7981-Z8102AX/staging_dir/host/include  conftest.c >&5
configure:4419: $? = 0
configure:4419: result: yes
configure:4419: checking for stdint.h
configure:4419: gcc -c -O2 -I/home/voyager717/Downloads/SDK_Sourcecode/build_openwrt_new/AX3000-MT7981-Z8102AX/staging_dir/host/include  -I/home/voyager717/Downloads/SDK_Sourcecode/build_openwrt_new/AX3000-MT7981-Z8102AX/staging_dir/host/include  conftest.c >&5
configure:4419: $? = 0
configure:4419: result: yes
configure:4419: checking for unistd.h
configure:4419: gcc -c -O2 -I/home/voyager717/Downloads/SDK_Sourcecode/build_openwrt_new/AX3000-MT7981-Z8102AX/staging_dir/host/include  -I/home/voyager717/Downloads/SDK_Sourcecode/build_openwrt_new/AX3000-MT7981-Z8102AX/staging_dir/host/include  conftest.c >&5
configure:4419: $? = 0
configure:4419: result: yes
configure:4444: checking err.h usability
configure:4444: gcc -c -O2 -I/home/voyager717/Downloads/SDK_Sourcecode/build_openwrt_new/AX3000-MT7981-Z8102AX/staging_dir/host/include  -I/home/voyager717/Downloads/SDK_Sourcecode/build_openwrt_new/AX3000-MT7981-Z8102AX/staging_dir/host/include  conftest.c >&5
configure:4444: $? = 0
configure:4444: result: yes
configure:4444: checking err.h presence
configure:4444: gcc -E -I/home/voyager717/Downloads/SDK_Sourcecode/build_openwrt_new/AX3000-MT7981-Z8102AX/staging_dir/host/include  conftest.c
configure:4444: $? = 0
configure:4444: result: yes
configure:4444: checking for err.h
configure:4444: result: yes
configure:4444: checking linux/fd.h usability
configure:4444: gcc -c -O2 -I/home/voyager717/Downloads/SDK_Sourcecode/build_openwrt_new/AX3000-MT7981-Z8102AX/staging_dir/host/include  -I/home/voyager717/Downloads/SDK_Sourcecode/build_openwrt_new/AX3000-MT7981-Z8102AX/staging_dir/host/include  conftest.c >&5
configure:4444: $? = 0
configure:4444: result: yes
configure:4444: checking linux/fd.h presence
configure:4444: gcc -E -I/home/voyager717/Downloads/SDK_Sourcecode/build_openwrt_new/AX3000-MT7981-Z8102AX/staging_dir/host/include  conftest.c
configure:4444: $? = 0
configure:4444: result: yes
configure:4444: checking for linux/fd.h
configure:4444: result: yes
configure:4444: checking linux/hdreg.h usability
configure:4444: gcc -c -O2 -I/home/voyager717/Downloads/SDK_Sourcecode/build_openwrt_new/AX3000-MT7981-Z8102AX/staging_dir/host/include  -I/home/voyager717/Downloads/SDK_Sourcecode/build_openwrt_new/AX3000-MT7981-Z8102AX/staging_dir/host/include  conftest.c >&5
configure:4444: $? = 0
configure:4444: result: yes
configure:4444: checking linux/hdreg.h presence
configure:4444: gcc -E -I/home/voyager717/Downloads/SDK_Sourcecode/build_openwrt_new/AX3000-MT7981-Z8102AX/staging_dir/host/include  conftest.c
configure:4444: $? = 0
configure:4444: result: yes
configure:4444: checking for linux/hdreg.h
configure:4444: result: yes
configure:4444: checking linux/version.h usability
configure:4444: gcc -c -O2 -I/home/voyager717/Downloads/SDK_Sourcecode/build_openwrt_new/AX3000-MT7981-Z8102AX/staging_dir/host/include  -I/home/voyager717/Downloads/SDK_Sourcecode/build_openwrt_new/AX3000-MT7981-Z8102AX/staging_dir/host/include  conftest.c >&5
configure:4444: $? = 0
configure:4444: result: yes
configure:4444: checking linux/version.h presence
configure:4444: gcc -E -I/home/voyager717/Downloads/SDK_Sourcecode/build_openwrt_new/AX3000-MT7981-Z8102AX/staging_dir/host/include  conftest.c
configure:4444: $? = 0
configure:4444: result: yes
configure:4444: checking for linux/version.h
configure:4444: result: yes
configure:4444: checking sys/disk.h usability
configure:4444: gcc -c -O2 -I/home/voyager717/Downloads/SDK_Sourcecode/build_openwrt_new/AX3000-MT7981-Z8102AX/staging_dir/host/include  -I/home/voyager717/Downloads/SDK_Sourcecode/build_openwrt_new/AX3000-MT7981-Z8102AX/staging_dir/host/include  conftest.c >&5
conftest.c:58:10: fatal error: sys/disk.h: No such file or directory
   58 | #include <sys/disk.h>
      |          ^~~~~~~~~~~~
compilation terminated.
configure:4444: $? = 1
configure: failed program was:
| /* confdefs.h */
| #define PACKAGE_NAME "dosfstools"
| #define PACKAGE_TARNAME "dosfstools"
| #define PACKAGE_VERSION "4.1"
| #define PACKAGE_STRING "dosfstools 4.1"
| #define PACKAGE_BUGREPORT ""
| #define PACKAGE_URL ""
| #define PACKAGE "dosfstools"
| #define VERSION "4.1"
| #define STDC_HEADERS 1
| #define HAVE_SYS_TYPES_H 1
| #define HAVE_SYS_STAT_H 1
| #define HAVE_STDLIB_H 1
| #define HAVE_STRING_H 1
| #define HAVE_MEMORY_H 1
| #define HAVE_STRINGS_H 1
| #define HAVE_INTTYPES_H 1
| #define HAVE_STDINT_H 1
| #define HAVE_UNISTD_H 1
| #define HAVE_ERR_H 1
| #define HAVE_LINUX_FD_H 1
| #define HAVE_LINUX_HDREG_H 1
| #define HAVE_LINUX_VERSION_H 1
| /* end confdefs.h.  */
| #include <stdio.h>
| #ifdef HAVE_SYS_TYPES_H
| # include <sys/types.h>
| #endif
| #ifdef HAVE_SYS_STAT_H
| # include <sys/stat.h>
| #endif
| #ifdef STDC_HEADERS
| # include <stdlib.h>
| # include <stddef.h>
| #else
| # ifdef HAVE_STDLIB_H
| #  include <stdlib.h>
| # endif
| #endif
| #ifdef HAVE_STRING_H
| # if !defined STDC_HEADERS && defined HAVE_MEMORY_H
| #  include <memory.h>
| # endif
| # include <string.h>
| #endif
| #ifdef HAVE_STRINGS_H
| # include <strings.h>
| #endif
| #ifdef HAVE_INTTYPES_H
| # include <inttypes.h>
| #endif
| #ifdef HAVE_STDINT_H
| # include <stdint.h>
| #endif
| #ifdef HAVE_UNISTD_H
| # include <unistd.h>
| #endif
| #include <sys/disk.h>
configure:4444: result: no
configure:4444: checking sys/disk.h presence
configure:4444: gcc -E -I/home/voyager717/Downloads/SDK_Sourcecode/build_openwrt_new/AX3000-MT7981-Z8102AX/staging_dir/host/include  conftest.c
conftest.c:25:10: fatal error: sys/disk.h: No such file or directory
   25 | #include <sys/disk.h>
      |          ^~~~~~~~~~~~
compilation terminated.
configure:4444: $? = 1
configure: failed program was:
| /* confdefs.h */
| #define PACKAGE_NAME "dosfstools"
| #define PACKAGE_TARNAME "dosfstools"
| #define PACKAGE_VERSION "4.1"
| #define PACKAGE_STRING "dosfstools 4.1"
| #define PACKAGE_BUGREPORT ""
| #define PACKAGE_URL ""
| #define PACKAGE "dosfstools"
| #define VERSION "4.1"
| #define STDC_HEADERS 1
| #define HAVE_SYS_TYPES_H 1
| #define HAVE_SYS_STAT_H 1
| #define HAVE_STDLIB_H 1
| #define HAVE_STRING_H 1
| #define HAVE_MEMORY_H 1
| #define HAVE_STRINGS_H 1
| #define HAVE_INTTYPES_H 1
| #define HAVE_STDINT_H 1
| #define HAVE_UNISTD_H 1
| #define HAVE_ERR_H 1
| #define HAVE_LINUX_FD_H 1
| #define HAVE_LINUX_HDREG_H 1
| #define HAVE_LINUX_VERSION_H 1
| /* end confdefs.h.  */
| #include <sys/disk.h>
configure:4444: result: no
configure:4444: checking for sys/disk.h
configure:4444: result: no
configure:4444: checking sys/disklabel.h usability
configure:4444: gcc -c -O2 -I/home/voyager717/Downloads/SDK_Sourcecode/build_openwrt_new/AX3000-MT7981-Z8102AX/staging_dir/host/include  -I/home/voyager717/Downloads/SDK_Sourcecode/build_openwrt_new/AX3000-MT7981-Z8102AX/staging_dir/host/include  conftest.c >&5
conftest.c:58:10: fatal error: sys/disklabel.h: No such file or directory
   58 | #include <sys/disklabel.h>
      |          ^~~~~~~~~~~~~~~~~
compilation terminated.
configure:4444: $? = 1
configure: failed program was:
| /* confdefs.h */
| #define PACKAGE_NAME "dosfstools"
| #define PACKAGE_TARNAME "dosfstools"
| #define PACKAGE_VERSION "4.1"
| #define PACKAGE_STRING "dosfstools 4.1"
| #define PACKAGE_BUGREPORT ""
| #define PACKAGE_URL ""
| #define PACKAGE "dosfstools"
| #define VERSION "4.1"
| #define STDC_HEADERS 1
| #define HAVE_SYS_TYPES_H 1
| #define HAVE_SYS_STAT_H 1
| #define HAVE_STDLIB_H 1
| #define HAVE_STRING_H 1
| #define HAVE_MEMORY_H 1
| #define HAVE_STRINGS_H 1
| #define HAVE_INTTYPES_H 1
| #define HAVE_STDINT_H 1
| #define HAVE_UNISTD_H 1
| #define HAVE_ERR_H 1
| #define HAVE_LINUX_FD_H 1
| #define HAVE_LINUX_HDREG_H 1
| #define HAVE_LINUX_VERSION_H 1
| /* end confdefs.h.  */
| #include <stdio.h>
| #ifdef HAVE_SYS_TYPES_H
| # include <sys/types.h>
| #endif
| #ifdef HAVE_SYS_STAT_H
| # include <sys/stat.h>
| #endif
| #ifdef STDC_HEADERS
| # include <stdlib.h>
| # include <stddef.h>
| #else
| # ifdef HAVE_STDLIB_H
| #  include <stdlib.h>
| # endif
| #endif
| #ifdef HAVE_STRING_H
| # if !defined STDC_HEADERS && defined HAVE_MEMORY_H
| #  include <memory.h>
| # endif
| # include <string.h>
| #endif
| #ifdef HAVE_STRINGS_H
| # include <strings.h>
| #endif
| #ifdef HAVE_INTTYPES_H
| # include <inttypes.h>
| #endif
| #ifdef HAVE_STDINT_H
| # include <stdint.h>
| #endif
| #ifdef HAVE_UNISTD_H
| # include <unistd.h>
| #endif
| #include <sys/disklabel.h>
configure:4444: result: no
configure:4444: checking sys/disklabel.h presence
configure:4444: gcc -E -I/home/voyager717/Downloads/SDK_Sourcecode/build_openwrt_new/AX3000-MT7981-Z8102AX/staging_dir/host/include  conftest.c
conftest.c:25:10: fatal error: sys/disklabel.h: No such file or directory
   25 | #include <sys/disklabel.h>
      |          ^~~~~~~~~~~~~~~~~
compilation terminated.
configure:4444: $? = 1
configure: failed program was:
| /* confdefs.h */
| #define PACKAGE_NAME "dosfstools"
| #define PACKAGE_TARNAME "dosfstools"
| #define PACKAGE_VERSION "4.1"
| #define PACKAGE_STRING "dosfstools 4.1"
| #define PACKAGE_BUGREPORT ""
| #define PACKAGE_URL ""
| #define PACKAGE "dosfstools"
| #define VERSION "4.1"
| #define STDC_HEADERS 1
| #define HAVE_SYS_TYPES_H 1
| #define HAVE_SYS_STAT_H 1
| #define HAVE_STDLIB_H 1
| #define HAVE_STRING_H 1
| #define HAVE_MEMORY_H 1
| #define HAVE_STRINGS_H 1
| #define HAVE_INTTYPES_H 1
| #define HAVE_STDINT_H 1
| #define HAVE_UNISTD_H 1
| #define HAVE_ERR_H 1
| #define HAVE_LINUX_FD_H 1
| #define HAVE_LINUX_HDREG_H 1
| #define HAVE_LINUX_VERSION_H 1
| /* end confdefs.h.  */
| #include <sys/disklabel.h>
configure:4444: result: no
configure:4444: checking for sys/disklabel.h
configure:4444: result: no
configure:4444: checking sys/ioccom.h usability
configure:4444: gcc -c -O2 -I/home/voyager717/Downloads/SDK_Sourcecode/build_openwrt_new/AX3000-MT7981-Z8102AX/staging_dir/host/include  -I/home/voyager717/Downloads/SDK_Sourcecode/build_openwrt_new/AX3000-MT7981-Z8102AX/staging_dir/host/include  conftest.c >&5
conftest.c:58:10: fatal error: sys/ioccom.h: No such file or directory
   58 | #include <sys/ioccom.h>
      |          ^~~~~~~~~~~~~~
compilation terminated.
configure:4444: $? = 1
configure: failed program was:
| /* confdefs.h */
| #define PACKAGE_NAME "dosfstools"
| #define PACKAGE_TARNAME "dosfstools"
| #define PACKAGE_VERSION "4.1"
| #define PACKAGE_STRING "dosfstools 4.1"
| #define PACKAGE_BUGREPORT ""
| #define PACKAGE_URL ""
| #define PACKAGE "dosfstools"
| #define VERSION "4.1"
| #define STDC_HEADERS 1
| #define HAVE_SYS_TYPES_H 1
| #define HAVE_SYS_STAT_H 1
| #define HAVE_STDLIB_H 1
| #define HAVE_STRING_H 1
| #define HAVE_MEMORY_H 1
| #define HAVE_STRINGS_H 1
| #define HAVE_INTTYPES_H 1
| #define HAVE_STDINT_H 1
| #define HAVE_UNISTD_H 1
| #define HAVE_ERR_H 1
| #define HAVE_LINUX_FD_H 1
| #define HAVE_LINUX_HDREG_H 1
| #define HAVE_LINUX_VERSION_H 1
| /* end confdefs.h.  */
| #include <stdio.h>
| #ifdef HAVE_SYS_TYPES_H
| # include <sys/types.h>
| #endif
| #ifdef HAVE_SYS_STAT_H
| # include <sys/stat.h>
| #endif
| #ifdef STDC_HEADERS
| # include <stdlib.h>
| # include <stddef.h>
| #else
| # ifdef HAVE_STDLIB_H
| #  include <stdlib.h>
| # endif
| #endif
| #ifdef HAVE_STRING_H
| # if !defined STDC_HEADERS && defined HAVE_MEMORY_H
| #  include <memory.h>
| # endif
| # include <string.h>
| #endif
| #ifdef HAVE_STRINGS_H
| # include <strings.h>
| #endif
| #ifdef HAVE_INTTYPES_H
| # include <inttypes.h>
| #endif
| #ifdef HAVE_STDINT_H
| # include <stdint.h>
| #endif
| #ifdef HAVE_UNISTD_H
| # include <unistd.h>
| #endif
| #include <sys/ioccom.h>
configure:4444: result: no
configure:4444: checking sys/ioccom.h presence
configure:4444: gcc -E -I/home/voyager717/Downloads/SDK_Sourcecode/build_openwrt_new/AX3000-MT7981-Z8102AX/staging_dir/host/include  conftest.c
conftest.c:25:10: fatal error: sys/ioccom.h: No such file or directory
   25 | #include <sys/ioccom.h>
      |          ^~~~~~~~~~~~~~
compilation terminated.
configure:4444: $? = 1
configure: failed program was:
| /* confdefs.h */
| #define PACKAGE_NAME "dosfstools"
| #define PACKAGE_TARNAME "dosfstools"
| #define PACKAGE_VERSION "4.1"
| #define PACKAGE_STRING "dosfstools 4.1"
| #define PACKAGE_BUGREPORT ""
| #define PACKAGE_URL ""
| #define PACKAGE "dosfstools"
| #define VERSION "4.1"
| #define STDC_HEADERS 1
| #define HAVE_SYS_TYPES_H 1
| #define HAVE_SYS_STAT_H 1
| #define HAVE_STDLIB_H 1
| #define HAVE_STRING_H 1
| #define HAVE_MEMORY_H 1
| #define HAVE_STRINGS_H 1
| #define HAVE_INTTYPES_H 1
| #define HAVE_STDINT_H 1
| #define HAVE_UNISTD_H 1
| #define HAVE_ERR_H 1
| #define HAVE_LINUX_FD_H 1
| #define HAVE_LINUX_HDREG_H 1
| #define HAVE_LINUX_VERSION_H 1
| /* end confdefs.h.  */
| #include <sys/ioccom.h>
configure:4444: result: no
configure:4444: checking for sys/ioccom.h
configure:4444: result: no
configure:4444: checking sys/mkdev.h usability
configure:4444: gcc -c -O2 -I/home/voyager717/Downloads/SDK_Sourcecode/build_openwrt_new/AX3000-MT7981-Z8102AX/staging_dir/host/include  -I/home/voyager717/Downloads/SDK_Sourcecode/build_openwrt_new/AX3000-MT7981-Z8102AX/staging_dir/host/include  conftest.c >&5
conftest.c:58:10: fatal error: sys/mkdev.h: No such file or directory
   58 | #include <sys/mkdev.h>
      |          ^~~~~~~~~~~~~
compilation terminated.
configure:4444: $? = 1
configure: failed program was:
| /* confdefs.h */
| #define PACKAGE_NAME "dosfstools"
| #define PACKAGE_TARNAME "dosfstools"
| #define PACKAGE_VERSION "4.1"
| #define PACKAGE_STRING "dosfstools 4.1"
| #define PACKAGE_BUGREPORT ""
| #define PACKAGE_URL ""
| #define PACKAGE "dosfstools"
| #define VERSION "4.1"
| #define STDC_HEADERS 1
| #define HAVE_SYS_TYPES_H 1
| #define HAVE_SYS_STAT_H 1
| #define HAVE_STDLIB_H 1
| #define HAVE_STRING_H 1
| #define HAVE_MEMORY_H 1
| #define HAVE_STRINGS_H 1
| #define HAVE_INTTYPES_H 1
| #define HAVE_STDINT_H 1
| #define HAVE_UNISTD_H 1
| #define HAVE_ERR_H 1
| #define HAVE_LINUX_FD_H 1
| #define HAVE_LINUX_HDREG_H 1
| #define HAVE_LINUX_VERSION_H 1
| /* end confdefs.h.  */
| #include <stdio.h>
| #ifdef HAVE_SYS_TYPES_H
| # include <sys/types.h>
| #endif
| #ifdef HAVE_SYS_STAT_H
| # include <sys/stat.h>
| #endif
| #ifdef STDC_HEADERS
| # include <stdlib.h>
| # include <stddef.h>
| #else
| # ifdef HAVE_STDLIB_H
| #  include <stdlib.h>
| # endif
| #endif
| #ifdef HAVE_STRING_H
| # if !defined STDC_HEADERS && defined HAVE_MEMORY_H
| #  include <memory.h>
| # endif
| # include <string.h>
| #endif
| #ifdef HAVE_STRINGS_H
| # include <strings.h>
| #endif
| #ifdef HAVE_INTTYPES_H
| # include <inttypes.h>
| #endif
| #ifdef HAVE_STDINT_H
| # include <stdint.h>
| #endif
| #ifdef HAVE_UNISTD_H
| # include <unistd.h>
| #endif
| #include <sys/mkdev.h>
configure:4444: result: no
configure:4444: checking sys/mkdev.h presence
configure:4444: gcc -E -I/home/voyager717/Downloads/SDK_Sourcecode/build_openwrt_new/AX3000-MT7981-Z8102AX/staging_dir/host/include  conftest.c
conftest.c:25:10: fatal error: sys/mkdev.h: No such file or directory
   25 | #include <sys/mkdev.h>
      |          ^~~~~~~~~~~~~
compilation terminated.
configure:4444: $? = 1
configure: failed program was:
| /* confdefs.h */
| #define PACKAGE_NAME "dosfstools"
| #define PACKAGE_TARNAME "dosfstools"
| #define PACKAGE_VERSION "4.1"
| #define PACKAGE_STRING "dosfstools 4.1"
| #define PACKAGE_BUGREPORT ""
| #define PACKAGE_URL ""
| #define PACKAGE "dosfstools"
| #define VERSION "4.1"
| #define STDC_HEADERS 1
| #define HAVE_SYS_TYPES_H 1
| #define HAVE_SYS_STAT_H 1
| #define HAVE_STDLIB_H 1
| #define HAVE_STRING_H 1
| #define HAVE_MEMORY_H 1
| #define HAVE_STRINGS_H 1
| #define HAVE_INTTYPES_H 1
| #define HAVE_STDINT_H 1
| #define HAVE_UNISTD_H 1
| #define HAVE_ERR_H 1
| #define HAVE_LINUX_FD_H 1
| #define HAVE_LINUX_HDREG_H 1
| #define HAVE_LINUX_VERSION_H 1
| /* end confdefs.h.  */
| #include <sys/mkdev.h>
configure:4444: result: no
configure:4444: checking for sys/mkdev.h
configure:4444: result: no
configure:4444: checking sys/queue.h usability
configure:4444: gcc -c -O2 -I/home/voyager717/Downloads/SDK_Sourcecode/build_openwrt_new/AX3000-MT7981-Z8102AX/staging_dir/host/include  -I/home/voyager717/Downloads/SDK_Sourcecode/build_openwrt_new/AX3000-MT7981-Z8102AX/staging_dir/host/include  conftest.c >&5
configure:4444: $? = 0
configure:4444: result: yes
configure:4444: checking sys/queue.h presence
configure:4444: gcc -E -I/home/voyager717/Downloads/SDK_Sourcecode/build_openwrt_new/AX3000-MT7981-Z8102AX/staging_dir/host/include  conftest.c
configure:4444: $? = 0
configure:4444: result: yes
configure:4444: checking for sys/queue.h
configure:4444: result: yes
configure:4458: checking endian.h usability
configure:4458: gcc -c -O2 -I/home/voyager717/Downloads/SDK_Sourcecode/build_openwrt_new/AX3000-MT7981-Z8102AX/staging_dir/host/include  -I/home/voyager717/Downloads/SDK_Sourcecode/build_openwrt_new/AX3000-MT7981-Z8102AX/staging_dir/host/include  conftest.c >&5
configure:4458: $? = 0
configure:4458: result: yes
configure:4458: checking endian.h presence
configure:4458: gcc -E -I/home/voyager717/Downloads/SDK_Sourcecode/build_openwrt_new/AX3000-MT7981-Z8102AX/staging_dir/host/include  conftest.c
configure:4458: $? = 0
configure:4458: result: yes
configure:4458: checking for endian.h
configure:4458: result: yes
configure:4458: checking sys/endian.h usability
configure:4458: gcc -c -O2 -I/home/voyager717/Downloads/SDK_Sourcecode/build_openwrt_new/AX3000-MT7981-Z8102AX/staging_dir/host/include  -I/home/voyager717/Downloads/SDK_Sourcecode/build_openwrt_new/AX3000-MT7981-Z8102AX/staging_dir/host/include  conftest.c >&5
conftest.c:60:10: fatal error: sys/endian.h: No such file or directory
   60 | #include <sys/endian.h>
      |          ^~~~~~~~~~~~~~
compilation terminated.
configure:4458: $? = 1
configure: failed program was:
| /* confdefs.h */
| #define PACKAGE_NAME "dosfstools"
| #define PACKAGE_TARNAME "dosfstools"
| #define PACKAGE_VERSION "4.1"
| #define PACKAGE_STRING "dosfstools 4.1"
| #define PACKAGE_BUGREPORT ""
| #define PACKAGE_URL ""
| #define PACKAGE "dosfstools"
| #define VERSION "4.1"
| #define STDC_HEADERS 1
| #define HAVE_SYS_TYPES_H 1
| #define HAVE_SYS_STAT_H 1
| #define HAVE_STDLIB_H 1
| #define HAVE_STRING_H 1
| #define HAVE_MEMORY_H 1
| #define HAVE_STRINGS_H 1
| #define HAVE_INTTYPES_H 1
| #define HAVE_STDINT_H 1
| #define HAVE_UNISTD_H 1
| #define HAVE_ERR_H 1
| #define HAVE_LINUX_FD_H 1
| #define HAVE_LINUX_HDREG_H 1
| #define HAVE_LINUX_VERSION_H 1
| #define HAVE_SYS_QUEUE_H 1
| #define HAVE_ENDIAN_H 1
| /* end confdefs.h.  */
| #include <stdio.h>
| #ifdef HAVE_SYS_TYPES_H
| # include <sys/types.h>
| #endif
| #ifdef HAVE_SYS_STAT_H
| # include <sys/stat.h>
| #endif
| #ifdef STDC_HEADERS
| # include <stdlib.h>
| # include <stddef.h>
| #else
| # ifdef HAVE_STDLIB_H
| #  include <stdlib.h>
| # endif
| #endif
| #ifdef HAVE_STRING_H
| # if !defined STDC_HEADERS && defined HAVE_MEMORY_H
| #  include <memory.h>
| # endif
| # include <string.h>
| #endif
| #ifdef HAVE_STRINGS_H
| # include <strings.h>
| #endif
| #ifdef HAVE_INTTYPES_H
| # include <inttypes.h>
| #endif
| #ifdef HAVE_STDINT_H
| # include <stdint.h>
| #endif
| #ifdef HAVE_UNISTD_H
| # include <unistd.h>
| #endif
| #include <sys/endian.h>
configure:4458: result: no
configure:4458: checking sys/endian.h presence
configure:4458: gcc -E -I/home/voyager717/Downloads/SDK_Sourcecode/build_openwrt_new/AX3000-MT7981-Z8102AX/staging_dir/host/include  conftest.c
conftest.c:27:10: fatal error: sys/endian.h: No such file or directory
   27 | #include <sys/endian.h>
      |          ^~~~~~~~~~~~~~
compilation terminated.
configure:4458: $? = 1
configure: failed program was:
| /* confdefs.h */
| #define PACKAGE_NAME "dosfstools"
| #define PACKAGE_TARNAME "dosfstools"
| #define PACKAGE_VERSION "4.1"
| #define PACKAGE_STRING "dosfstools 4.1"
| #define PACKAGE_BUGREPORT ""
| #define PACKAGE_URL ""
| #define PACKAGE "dosfstools"
| #define VERSION "4.1"
| #define STDC_HEADERS 1
| #define HAVE_SYS_TYPES_H 1
| #define HAVE_SYS_STAT_H 1
| #define HAVE_STDLIB_H 1
| #define HAVE_STRING_H 1
| #define HAVE_MEMORY_H 1
| #define HAVE_STRINGS_H 1
| #define HAVE_INTTYPES_H 1
| #define HAVE_STDINT_H 1
| #define HAVE_UNISTD_H 1
| #define HAVE_ERR_H 1
| #define HAVE_LINUX_FD_H 1
| #define HAVE_LINUX_HDREG_H 1
| #define HAVE_LINUX_VERSION_H 1
| #define HAVE_SYS_QUEUE_H 1
| #define HAVE_ENDIAN_H 1
| /* end confdefs.h.  */
| #include <sys/endian.h>
configure:4458: result: no
configure:4458: checking for sys/endian.h
configure:4458: result: no
configure:4458: checking libkern/OSByteOrder.h usability
configure:4458: gcc -c -O2 -I/home/voyager717/Downloads/SDK_Sourcecode/build_openwrt_new/AX3000-MT7981-Z8102AX/staging_dir/host/include  -I/home/voyager717/Downloads/SDK_Sourcecode/build_openwrt_new/AX3000-MT7981-Z8102AX/staging_dir/host/include  conftest.c >&5
conftest.c:60:10: fatal error: libkern/OSByteOrder.h: No such file or directory
   60 | #include <libkern/OSByteOrder.h>
      |          ^~~~~~~~~~~~~~~~~~~~~~~
compilation terminated.
configure:4458: $? = 1
configure: failed program was:
| /* confdefs.h */
| #define PACKAGE_NAME "dosfstools"
| #define PACKAGE_TARNAME "dosfstools"
| #define PACKAGE_VERSION "4.1"
| #define PACKAGE_STRING "dosfstools 4.1"
| #define PACKAGE_BUGREPORT ""
| #define PACKAGE_URL ""
| #define PACKAGE "dosfstools"
| #define VERSION "4.1"
| #define STDC_HEADERS 1
| #define HAVE_SYS_TYPES_H 1
| #define HAVE_SYS_STAT_H 1
| #define HAVE_STDLIB_H 1
| #define HAVE_STRING_H 1
| #define HAVE_MEMORY_H 1
| #define HAVE_STRINGS_H 1
| #define HAVE_INTTYPES_H 1
| #define HAVE_STDINT_H 1
| #define HAVE_UNISTD_H 1
| #define HAVE_ERR_H 1
| #define HAVE_LINUX_FD_H 1
| #define HAVE_LINUX_HDREG_H 1
| #define HAVE_LINUX_VERSION_H 1
| #define HAVE_SYS_QUEUE_H 1
| #define HAVE_ENDIAN_H 1
| /* end confdefs.h.  */
| #include <stdio.h>
| #ifdef HAVE_SYS_TYPES_H
| # include <sys/types.h>
| #endif
| #ifdef HAVE_SYS_STAT_H
| # include <sys/stat.h>
| #endif
| #ifdef STDC_HEADERS
| # include <stdlib.h>
| # include <stddef.h>
| #else
| # ifdef HAVE_STDLIB_H
| #  include <stdlib.h>
| # endif
| #endif
| #ifdef HAVE_STRING_H
| # if !defined STDC_HEADERS && defined HAVE_MEMORY_H
| #  include <memory.h>
| # endif
| # include <string.h>
| #endif
| #ifdef HAVE_STRINGS_H
| # include <strings.h>
| #endif
| #ifdef HAVE_INTTYPES_H
| # include <inttypes.h>
| #endif
| #ifdef HAVE_STDINT_H
| # include <stdint.h>
| #endif
| #ifdef HAVE_UNISTD_H
| # include <unistd.h>
| #endif
| #include <libkern/OSByteOrder.h>
configure:4458: result: no
configure:4458: checking libkern/OSByteOrder.h presence
configure:4458: gcc -E -I/home/voyager717/Downloads/SDK_Sourcecode/build_openwrt_new/AX3000-MT7981-Z8102AX/staging_dir/host/include  conftest.c
conftest.c:27:10: fatal error: libkern/OSByteOrder.h: No such file or directory
   27 | #include <libkern/OSByteOrder.h>
      |          ^~~~~~~~~~~~~~~~~~~~~~~
compilation terminated.
configure:4458: $? = 1
configure: failed program was:
| /* confdefs.h */
| #define PACKAGE_NAME "dosfstools"
| #define PACKAGE_TARNAME "dosfstools"
| #define PACKAGE_VERSION "4.1"
| #define PACKAGE_STRING "dosfstools 4.1"
| #define PACKAGE_BUGREPORT ""
| #define PACKAGE_URL ""
| #define PACKAGE "dosfstools"
| #define VERSION "4.1"
| #define STDC_HEADERS 1
| #define HAVE_SYS_TYPES_H 1
| #define HAVE_SYS_STAT_H 1
| #define HAVE_STDLIB_H 1
| #define HAVE_STRING_H 1
| #define HAVE_MEMORY_H 1
| #define HAVE_STRINGS_H 1
| #define HAVE_INTTYPES_H 1
| #define HAVE_STDINT_H 1
| #define HAVE_UNISTD_H 1
| #define HAVE_ERR_H 1
| #define HAVE_LINUX_FD_H 1
| #define HAVE_LINUX_HDREG_H 1
| #define HAVE_LINUX_VERSION_H 1
| #define HAVE_SYS_QUEUE_H 1
| #define HAVE_ENDIAN_H 1
| /* end confdefs.h.  */
| #include <libkern/OSByteOrder.h>
configure:4458: result: no
configure:4458: checking for libkern/OSByteOrder.h
configure:4458: result: no
configure:4469: checking whether getmntent is declared
configure:4469: gcc -c -O2 -I/home/voyager717/Downloads/SDK_Sourcecode/build_openwrt_new/AX3000-MT7981-Z8102AX/staging_dir/host/include  -I/home/voyager717/Downloads/SDK_Sourcecode/build_openwrt_new/AX3000-MT7981-Z8102AX/staging_dir/host/include  conftest.c >&5
configure:4469: $? = 0
configure:4469: result: yes
configure:4481: checking whether getmntinfo is declared
configure:4481: gcc -c -O2 -I/home/voyager717/Downloads/SDK_Sourcecode/build_openwrt_new/AX3000-MT7981-Z8102AX/staging_dir/host/include  -I/home/voyager717/Downloads/SDK_Sourcecode/build_openwrt_new/AX3000-MT7981-Z8102AX/staging_dir/host/include  conftest.c >&5
conftest.c: In function 'main':
conftest.c:37:10: error: 'getmntinfo' undeclared (first use in this function)
   37 |   (void) getmntinfo;
      |          ^~~~~~~~~~
conftest.c:37:10: note: each undeclared identifier is reported only once for each function it appears in
configure:4481: $? = 1
configure: failed program was:
| /* confdefs.h */
| #define PACKAGE_NAME "dosfstools"
| #define PACKAGE_TARNAME "dosfstools"
| #define PACKAGE_VERSION "4.1"
| #define PACKAGE_STRING "dosfstools 4.1"
| #define PACKAGE_BUGREPORT ""
| #define PACKAGE_URL ""
| #define PACKAGE "dosfstools"
| #define VERSION "4.1"
| #define STDC_HEADERS 1
| #define HAVE_SYS_TYPES_H 1
| #define HAVE_SYS_STAT_H 1
| #define HAVE_STDLIB_H 1
| #define HAVE_STRING_H 1
| #define HAVE_MEMORY_H 1
| #define HAVE_STRINGS_H 1
| #define HAVE_INTTYPES_H 1
| #define HAVE_STDINT_H 1
| #define HAVE_UNISTD_H 1
| #define HAVE_ERR_H 1
| #define HAVE_LINUX_FD_H 1
| #define HAVE_LINUX_HDREG_H 1
| #define HAVE_LINUX_VERSION_H 1
| #define HAVE_SYS_QUEUE_H 1
| #define HAVE_ENDIAN_H 1
| #define HAVE_DECL_GETMNTENT 1
| /* end confdefs.h.  */
| #include <sys/mount.h>
| 
| int
| main ()
| {
| #ifndef getmntinfo
| #ifdef __cplusplus
|   (void) getmntinfo;
| #else
|   (void) getmntinfo;
| #endif
| #endif
| 
|   ;
|   return 0;
| }
configure:4481: result: no
configure:4610: checking pkg-config is at least version 0.9.0
configure:4613: result: yes
configure:4623: checking for UDEV
configure:4630: $PKG_CONFIG --exists --print-errors "libudev"
Package libudev was not found in the pkg-config search path.
Perhaps you should add the directory containing `libudev.pc'
to the PKG_CONFIG_PATH environment variable
Package 'libudev', required by 'virtual:world', not found
configure:4633: $? = 1
configure:4647: $PKG_CONFIG --exists --print-errors "libudev"
Package libudev was not found in the pkg-config search path.
Perhaps you should add the directory containing `libudev.pc'
to the PKG_CONFIG_PATH environment variable
Package 'libudev', required by 'virtual:world', not found
configure:4650: $? = 1
configure:4664: result: no
Package 'libudev', required by 'virtual:world', not found
configure:4695: checking for iconv_open in -liconv
configure:4720: gcc -o conftest -O2 -I/home/voyager717/Downloads/SDK_Sourcecode/build_openwrt_new/AX3000-MT7981-Z8102AX/staging_dir/host/include  -I/home/voyager717/Downloads/SDK_Sourcecode/build_openwrt_new/AX3000-MT7981-Z8102AX/staging_dir/host/include  -L/home/voyager717/Downloads/SDK_Sourcecode/build_openwrt_new/AX3000-MT7981-Z8102AX/staging_dir/host/lib  conftest.c -liconv   >&5
/usr/bin/ld: cannot find -liconv: No such file or directory
collect2: error: ld returned 1 exit status
configure:4720: $? = 1
configure: failed program was:
| /* confdefs.h */
| #define PACKAGE_NAME "dosfstools"
| #define PACKAGE_TARNAME "dosfstools"
| #define PACKAGE_VERSION "4.1"
| #define PACKAGE_STRING "dosfstools 4.1"
| #define PACKAGE_BUGREPORT ""
| #define PACKAGE_URL ""
| #define PACKAGE "dosfstools"
| #define VERSION "4.1"
| #define STDC_HEADERS 1
| #define HAVE_SYS_TYPES_H 1
| #define HAVE_SYS_STAT_H 1
| #define HAVE_STDLIB_H 1
| #define HAVE_STRING_H 1
| #define HAVE_MEMORY_H 1
| #define HAVE_STRINGS_H 1
| #define HAVE_INTTYPES_H 1
| #define HAVE_STDINT_H 1
| #define HAVE_UNISTD_H 1
| #define HAVE_ERR_H 1
| #define HAVE_LINUX_FD_H 1
| #define HAVE_LINUX_HDREG_H 1
| #define HAVE_LINUX_VERSION_H 1
| #define HAVE_SYS_QUEUE_H 1
| #define HAVE_ENDIAN_H 1
| #define HAVE_DECL_GETMNTENT 1
| #define HAVE_DECL_GETMNTINFO 0
| /* end confdefs.h.  */
| 
| /* Override any GCC internal prototype to avoid an error.
|    Use char because int might match the return type of a GCC
|    builtin and then its argument prototype would still apply.  */
| #ifdef __cplusplus
| extern "C"
| #endif
| char iconv_open ();
| int
| main ()
| {
| return iconv_open ();
|   ;
|   return 0;
| }
configure:4729: result: no
configure:4744: checking for xxd
configure:4760: found /home/voyager717/Downloads/SDK_Sourcecode/build_openwrt_new/AX3000-MT7981-Z8102AX/staging_dir/host/bin/xxd
configure:4771: result: yes
configure:4930: checking that generated files are newer than configure
configure:4936: result: done
configure:4967: creating ./config.status

## ---------------------- ##
## Running config.status. ##
## ---------------------- ##

This file was extended by dosfstools config.status 4.1, which was
generated by GNU Autoconf 2.69.  Invocation command line was

  CONFIG_FILES    = 
  CONFIG_HEADERS  = 
  CONFIG_LINKS    = 
  CONFIG_COMMANDS = 
  $ ./config.status 

on it-labs13

config.status:797: creating Makefile
config.status:797: creating src/Makefile
config.status:797: creating src/version.h
config.status:797: creating manpages/Makefile
config.status:797: creating manpages/mkfs.fat.8
config.status:797: creating manpages/fsck.fat.8
config.status:797: creating manpages/fatlabel.8
config.status:797: creating tests/Makefile
config.status:969: executing depfiles commands

## ---------------- ##
## Cache variables. ##
## ---------------- ##

ac_cv_c_compiler_gnu=yes
ac_cv_env_CC_set=set
ac_cv_env_CC_value=gcc
ac_cv_env_CFLAGS_set=set
ac_cv_env_CFLAGS_value='-O2 -I/home/voyager717/Downloads/SDK_Sourcecode/build_openwrt_new/AX3000-MT7981-Z8102AX/staging_dir/host/include '
ac_cv_env_CPPFLAGS_set=set
ac_cv_env_CPPFLAGS_value='-I/home/voyager717/Downloads/SDK_Sourcecode/build_openwrt_new/AX3000-MT7981-Z8102AX/staging_dir/host/include '
ac_cv_env_CPP_set=
ac_cv_env_CPP_value=
ac_cv_env_LDFLAGS_set=set
ac_cv_env_LDFLAGS_value='-L/home/voyager717/Downloads/SDK_Sourcecode/build_openwrt_new/AX3000-MT7981-Z8102AX/staging_dir/host/lib '
ac_cv_env_LIBS_set=
ac_cv_env_LIBS_value=
ac_cv_env_PKG_CONFIG_LIBDIR_set=set
ac_cv_env_PKG_CONFIG_LIBDIR_value=/home/voyager717/Downloads/SDK_Sourcecode/build_openwrt_new/AX3000-MT7981-Z8102AX/staging_dir/host/lib/pkgconfig
ac_cv_env_PKG_CONFIG_PATH_set=set
ac_cv_env_PKG_CONFIG_PATH_value=/home/voyager717/Downloads/SDK_Sourcecode/build_openwrt_new/AX3000-MT7981-Z8102AX/staging_dir/host/lib/pkgconfig:/home/voyager717/Downloads/SDK_Sourcecode/build_openwrt_new/AX3000-MT7981-Z8102AX/staging_dir/host/lib/pkgconfig
ac_cv_env_PKG_CONFIG_set=set
ac_cv_env_PKG_CONFIG_value=/home/voyager717/Downloads/SDK_Sourcecode/build_openwrt_new/AX3000-MT7981-Z8102AX/staging_dir/host/bin/pkg-config
ac_cv_env_UDEV_CFLAGS_set=
ac_cv_env_UDEV_CFLAGS_value=
ac_cv_env_UDEV_LIBS_set=
ac_cv_env_UDEV_LIBS_value=
ac_cv_env_build_alias_set=set
ac_cv_env_build_alias_value=x86_64-pc-linux-gnu
ac_cv_env_host_alias_set=set
ac_cv_env_host_alias_value=x86_64-pc-linux-gnu
ac_cv_env_target_alias_set=set
ac_cv_env_target_alias_value=x86_64-pc-linux-gnu
ac_cv_have_decl_getmntent=yes
ac_cv_have_decl_getmntinfo=no
ac_cv_header_endian_h=yes
ac_cv_header_err_h=yes
ac_cv_header_inttypes_h=yes
ac_cv_header_libkern_OSByteOrder_h=no
ac_cv_header_linux_fd_h=yes
ac_cv_header_linux_hdreg_h=yes
ac_cv_header_linux_version_h=yes
ac_cv_header_memory_h=yes
ac_cv_header_stdc=yes
ac_cv_header_stdint_h=yes
ac_cv_header_stdlib_h=yes
ac_cv_header_string_h=yes
ac_cv_header_strings_h=yes
ac_cv_header_sys_disk_h=no
ac_cv_header_sys_disklabel_h=no
ac_cv_header_sys_endian_h=no
ac_cv_header_sys_ioccom_h=no
ac_cv_header_sys_mkdev_h=no
ac_cv_header_sys_queue_h=yes
ac_cv_header_sys_stat_h=yes
ac_cv_header_sys_types_h=yes
ac_cv_header_unistd_h=yes
ac_cv_lib_iconv_iconv_open=no
ac_cv_objext=o
ac_cv_path_EGREP='/home/voyager717/Downloads/SDK_Sourcecode/build_openwrt_new/AX3000-MT7981-Z8102AX/staging_dir/host/bin/grep -E'
ac_cv_path_GREP=/home/voyager717/Downloads/SDK_Sourcecode/build_openwrt_new/AX3000-MT7981-Z8102AX/staging_dir/host/bin/grep
ac_cv_path_install='/usr/bin/install -c'
ac_cv_path_mkdir=/usr/bin/mkdir
ac_cv_prog_AWK=gawk
ac_cv_prog_CC=gcc
ac_cv_prog_CPP='gcc -E'
ac_cv_prog_XXD_FOUND=yes
ac_cv_prog_cc_c89=
ac_cv_prog_cc_g=yes
ac_cv_prog_make_make_set=yes
ac_cv_sys_file_offset_bits=no
ac_cv_sys_largefile_CC=no
am_cv_CC_dependencies_compiler_type=gcc3
am_cv_make_support_nested_variables=yes
am_cv_prog_cc_c_o=yes

## ----------------- ##
## Output variables. ##
## ----------------- ##

ACLOCAL='${SHELL} /home/voyager717/Downloads/SDK_Sourcecode/build_openwrt_new/AX3000-MT7981-Z8102AX/build_dir/host/dosfstools-4.1/missing aclocal-1.15'
AMDEPBACKSLASH='\'
AMDEP_FALSE='#'
AMDEP_TRUE=''
AMTAR='$${TAR-tar}'
AM_BACKSLASH='\'
AM_DEFAULT_V='$(AM_DEFAULT_VERBOSITY)'
AM_DEFAULT_VERBOSITY='1'
AM_V='$(V)'
AUTOCONF='${SHELL} /home/voyager717/Downloads/SDK_Sourcecode/build_openwrt_new/AX3000-MT7981-Z8102AX/build_dir/host/dosfstools-4.1/missing autoconf'
AUTOHEADER='${SHELL} /home/voyager717/Downloads/SDK_Sourcecode/build_openwrt_new/AX3000-MT7981-Z8102AX/build_dir/host/dosfstools-4.1/missing autoheader'
AUTOMAKE='${SHELL} /home/voyager717/Downloads/SDK_Sourcecode/build_openwrt_new/AX3000-MT7981-Z8102AX/build_dir/host/dosfstools-4.1/missing automake-1.15'
AUTOMAKE_TEST_COMPAT_FALSE=''
AUTOMAKE_TEST_COMPAT_TRUE='#'
AWK='gawk'
CC='gcc'
CCDEPMODE='depmode=gcc3'
CFLAGS='-O2 -I/home/voyager717/Downloads/SDK_Sourcecode/build_openwrt_new/AX3000-MT7981-Z8102AX/staging_dir/host/include '
COMPAT_SYMLINKS_FALSE=''
COMPAT_SYMLINKS_TRUE='#'
CPP='gcc -E'
CPPFLAGS='-I/home/voyager717/Downloads/SDK_Sourcecode/build_openwrt_new/AX3000-MT7981-Z8102AX/staging_dir/host/include '
CYGPATH_W='echo'
DEFS='-DPACKAGE_NAME=\"dosfstools\" -DPACKAGE_TARNAME=\"dosfstools\" -DPACKAGE_VERSION=\"4.1\" -DPACKAGE_STRING=\"dosfstools\ 4.1\" -DPACKAGE_BUGREPORT=\"\" -DPACKAGE_URL=\"\" -DPACKAGE=\"dosfstools\" -DVERSION=\"4.1\" -DSTDC_HEADERS=1 -DHAVE_SYS_TYPES_H=1 -DHAVE_SYS_STAT_H=1 -DHAVE_STDLIB_H=1 -DHAVE_STRING_H=1 -DHAVE_MEMORY_H=1 -DHAVE_STRINGS_H=1 -DHAVE_INTTYPES_H=1 -DHAVE_STDINT_H=1 -DHAVE_UNISTD_H=1 -DHAVE_ERR_H=1 -DHAVE_LINUX_FD_H=1 -DHAVE_LINUX_HDREG_H=1 -DHAVE_LINUX_VERSION_H=1 -DHAVE_SYS_QUEUE_H=1 -DHAVE_ENDIAN_H=1 -DHAVE_DECL_GETMNTENT=1 -DHAVE_DECL_GETMNTINFO=0'
DEPDIR='.deps'
ECHO_C=''
ECHO_N='-n'
ECHO_T=''
EGREP='/home/voyager717/Downloads/SDK_Sourcecode/build_openwrt_new/AX3000-MT7981-Z8102AX/staging_dir/host/bin/grep -E'
EXEEXT=''
GREP='/home/voyager717/Downloads/SDK_Sourcecode/build_openwrt_new/AX3000-MT7981-Z8102AX/staging_dir/host/bin/grep'
INSTALL_DATA='${INSTALL} -m 644'
INSTALL_PROGRAM='${INSTALL}'
INSTALL_SCRIPT='${INSTALL}'
INSTALL_STRIP_PROGRAM='$(install_sh) -c -s'
LDFLAGS='-L/home/voyager717/Downloads/SDK_Sourcecode/build_openwrt_new/AX3000-MT7981-Z8102AX/staging_dir/host/lib '
LIBOBJS=''
LIBS=''
LN_S='ln -s'
LTLIBOBJS=''
MAKEINFO='${SHELL} /home/voyager717/Downloads/SDK_Sourcecode/build_openwrt_new/AX3000-MT7981-Z8102AX/build_dir/host/dosfstools-4.1/missing makeinfo'
MKDIR_P='/usr/bin/mkdir -p'
OBJEXT='o'
PACKAGE='dosfstools'
PACKAGE_BUGREPORT=''
PACKAGE_NAME='dosfstools'
PACKAGE_STRING='dosfstools 4.1'
PACKAGE_TARNAME='dosfstools'
PACKAGE_URL=''
PACKAGE_VERSION='4.1'
PATH_SEPARATOR=':'
PKG_CONFIG='/home/voyager717/Downloads/SDK_Sourcecode/build_openwrt_new/AX3000-MT7981-Z8102AX/staging_dir/host/bin/pkg-config'
PKG_CONFIG_LIBDIR='/home/voyager717/Downloads/SDK_Sourcecode/build_openwrt_new/AX3000-MT7981-Z8102AX/staging_dir/host/lib/pkgconfig'
PKG_CONFIG_PATH='/home/voyager717/Downloads/SDK_Sourcecode/build_openwrt_new/AX3000-MT7981-Z8102AX/staging_dir/host/lib/pkgconfig:/home/voyager717/Downloads/SDK_Sourcecode/build_openwrt_new/AX3000-MT7981-Z8102AX/staging_dir/host/lib/pkgconfig'
RELEASE_DATE='2017-01-24'
SET_MAKE=''
SHELL='/usr/bin/env bash'
STRIP=''
UDEV_CFLAGS=''
UDEV_LIBS=''
VERSION='4.1'
XXD_FOUND='yes'
ac_ct_CC=''
am__EXEEXT_FALSE=''
am__EXEEXT_TRUE='#'
am__fastdepCC_FALSE='#'
am__fastdepCC_TRUE=''
am__include='include'
am__isrc=''
am__leading_dot='.'
am__nodep='_no'
am__quote=''
am__tar='$${TAR-tar} chof - "$$tardir"'
am__untar='$${TAR-tar} xf -'
bindir='${exec_prefix}/bin'
build_alias='x86_64-pc-linux-gnu'
datadir='${datarootdir}'
datarootdir='${prefix}/share'
docdir='${datarootdir}/doc/${PACKAGE_TARNAME}'
dvidir='${docdir}'
exec_prefix='/home/voyager717/Downloads/SDK_Sourcecode/build_openwrt_new/AX3000-MT7981-Z8102AX/staging_dir/host'
host_alias='x86_64-pc-linux-gnu'
htmldir='${docdir}'
includedir='${prefix}/include'
infodir='${datarootdir}/info'
install_sh='${SHELL} /home/voyager717/Downloads/SDK_Sourcecode/build_openwrt_new/AX3000-MT7981-Z8102AX/build_dir/host/dosfstools-4.1/install-sh'
libdir='${exec_prefix}/lib'
libexecdir='${exec_prefix}/libexec'
localedir='${datarootdir}/locale'
localstatedir='/home/voyager717/Downloads/SDK_Sourcecode/build_openwrt_new/AX3000-MT7981-Z8102AX/staging_dir/host/var'
mandir='${datarootdir}/man'
mkdir_p='$(MKDIR_P)'
oldincludedir='/usr/include'
pdfdir='${docdir}'
prefix='/home/voyager717/Downloads/SDK_Sourcecode/build_openwrt_new/AX3000-MT7981-Z8102AX/staging_dir/host'
program_transform_name='s&$$&&;s&^&&'
psdir='${docdir}'
sbindir='/home/voyager717/Downloads/SDK_Sourcecode/build_openwrt_new/AX3000-MT7981-Z8102AX/staging_dir/host/bin'
sharedstatedir='${prefix}/com'
sysconfdir='/home/voyager717/Downloads/SDK_Sourcecode/build_openwrt_new/AX3000-MT7981-Z8102AX/staging_dir/host/etc'
target_alias='x86_64-pc-linux-gnu'

## ----------- ##
## confdefs.h. ##
## ----------- ##

/* confdefs.h */
#define PACKAGE_NAME "dosfstools"
#define PACKAGE_TARNAME "dosfstools"
#define PACKAGE_VERSION "4.1"
#define PACKAGE_STRING "dosfstools 4.1"
#define PACKAGE_BUGREPORT ""
#define PACKAGE_URL ""
#define PACKAGE "dosfstools"
#define VERSION "4.1"
#define STDC_HEADERS 1
#define HAVE_SYS_TYPES_H 1
#define HAVE_SYS_STAT_H 1
#define HAVE_STDLIB_H 1
#define HAVE_STRING_H 1
#define HAVE_MEMORY_H 1
#define HAVE_STRINGS_H 1
#define HAVE_INTTYPES_H 1
#define HAVE_STDINT_H 1
#define HAVE_UNISTD_H 1
#define HAVE_ERR_H 1
#define HAVE_LINUX_FD_H 1
#define HAVE_LINUX_HDREG_H 1
#define HAVE_LINUX_VERSION_H 1
#define HAVE_SYS_QUEUE_H 1
#define HAVE_ENDIAN_H 1
#define HAVE_DECL_GETMNTENT 1
#define HAVE_DECL_GETMNTINFO 0

configure: exit 0
