This file contains any messages produced by compilers while
running configure, to aid debugging if configure makes a mistake.

It was created by configure, which was
generated by GNU Autoconf 2.69.  Invocation command line was

  $ /home/voyager717/Downloads/SDK_Sourcecode/build_openwrt_new/AX3000-MT7981-Z8102AX/build_dir/toolchain-aarch64_cortex-a53_gcc-8.4.0_musl/binutils-2.34/etc/configure --srcdir=.././etc --cache-file=./config.cache --with-gnu-as --with-gnu-ld --prefix=/home/voyager717/Downloads/SDK_Sourcecode/build_openwrt_new/AX3000-MT7981-Z8102AX/staging_dir/toolchain-aarch64_cortex-a53_gcc-8.4.0_musl --with-sysroot=/home/voyager717/Downloads/SDK_Sourcecode/build_openwrt_new/AX3000-MT7981-Z8102AX/staging_dir/toolchain-aarch64_cortex-a53_gcc-8.4.0_musl --enable-deterministic-archives --enable-plugins --disable-multilib --disable-werror --disable-nls --disable-sim --disable-gdb --enable-libssp --program-transform-name=s&^&aarch64-openwrt-linux-musl-& --disable-option-checking --build=x86_64-pc-linux-gnu --host=x86_64-pc-linux-gnu --target=aarch64-openwrt-linux-musl

## --------- ##
## Platform. ##
## --------- ##

hostname = it-labs13
uname -m = x86_64
uname -r = 6.8.0-54-generic
uname -s = Linux
uname -v = #56-Ubuntu SMP PREEMPT_DYNAMIC Sat Feb  8 00:37:57 UTC 2025

/usr/bin/uname -p = x86_64
/bin/uname -X     = unknown

/bin/arch              = x86_64
/usr/bin/arch -k       = unknown
/usr/convex/getsysinfo = unknown
/usr/bin/hostinfo      = unknown
/bin/machine           = unknown
/usr/bin/oslevel       = unknown
/bin/universe          = unknown

PATH: /home/voyager717/Downloads/SDK_Sourcecode/build_openwrt_new/AX3000-MT7981-Z8102AX/staging_dir/toolchain-aarch64_cortex-a53_gcc-8.4.0_musl/bin
PATH: /home/voyager717/Downloads/SDK_Sourcecode/build_openwrt_new/AX3000-MT7981-Z8102AX/staging_dir/toolchain-aarch64_cortex-a53_gcc-8.4.0_musl/bin
PATH: /home/voyager717/Downloads/SDK_Sourcecode/build_openwrt_new/AX3000-MT7981-Z8102AX/staging_dir/host/bin
PATH: /home/voyager717/Downloads/SDK_Sourcecode/build_openwrt_new/AX3000-MT7981-Z8102AX/staging_dir/toolchain-aarch64_cortex-a53_gcc-8.4.0_musl/bin
PATH: /home/voyager717/Downloads/SDK_Sourcecode/build_openwrt_new/AX3000-MT7981-Z8102AX/staging_dir/host/bin
PATH: /home/voyager717/Downloads/SDK_Sourcecode/build_openwrt_new/AX3000-MT7981-Z8102AX/staging_dir/host/bin
PATH: /home/voyager717/Downloads/SDK_Sourcecode/wetransfer_mt7981-spim-nand-rfb-z8102ax-1-dts_2025-02-12_0126/openwrt/staging_dir/toolchain-aarch64_cortex-a53_gcc-13.3.0_musl/bin
PATH: /usr/local/sbin
PATH: /usr/local/bin
PATH: /usr/sbin
PATH: /usr/bin
PATH: /sbin
PATH: /bin
PATH: /usr/games
PATH: /usr/local/games
PATH: /snap/bin
PATH: /snap/bin


## ----------- ##
## Core tests. ##
## ----------- ##

configure:1603: creating cache ./config.cache
configure:1720: checking for a BSD-compatible install
configure:1788: result: /usr/bin/install -c
configure:1879: updating cache ./config.cache
configure:1964: creating ./config.status

## ---------------------- ##
## Running config.status. ##
## ---------------------- ##

This file was extended by config.status, which was
generated by GNU Autoconf 2.69.  Invocation command line was

  CONFIG_FILES    = 
  CONFIG_HEADERS  = 
  CONFIG_LINKS    = 
  CONFIG_COMMANDS = 
  $ ./config.status 

on it-labs13

config.status:716: creating Makefile

## ---------------- ##
## Cache variables. ##
## ---------------- ##

ac_cv_env_build_alias_set=set
ac_cv_env_build_alias_value=x86_64-pc-linux-gnu
ac_cv_env_host_alias_set=set
ac_cv_env_host_alias_value=x86_64-pc-linux-gnu
ac_cv_env_target_alias_set=set
ac_cv_env_target_alias_value=aarch64-openwrt-linux-musl

## ----------------- ##
## Output variables. ##
## ----------------- ##

DEFS='-DPACKAGE_NAME=\"\" -DPACKAGE_TARNAME=\"\" -DPACKAGE_VERSION=\"\" -DPACKAGE_STRING=\"\" -DPACKAGE_BUGREPORT=\"\" -DPACKAGE_URL=\"\"'
ECHO_C=''
ECHO_N='-n'
ECHO_T=''
INSTALL_DATA='/usr/bin/install -c -m 644'
INSTALL_PROGRAM='/usr/bin/install -c'
INSTALL_SCRIPT='/usr/bin/install -c'
LIBOBJS=''
LIBS=''
LTLIBOBJS=''
MAINT='#'
PACKAGE_BUGREPORT=''
PACKAGE_NAME=''
PACKAGE_STRING=''
PACKAGE_TARNAME=''
PACKAGE_URL=''
PACKAGE_VERSION=''
PATH_SEPARATOR=':'
SHELL='/usr/bin/env bash'
bindir='${exec_prefix}/bin'
build_alias='x86_64-pc-linux-gnu'
datadir='${datarootdir}'
datarootdir='${prefix}/share'
docdir='${datarootdir}/doc/${PACKAGE}'
dvidir='${docdir}'
exec_prefix='${prefix}'
host_alias='x86_64-pc-linux-gnu'
htmldir='${docdir}'
includedir='${prefix}/include'
infodir='${datarootdir}/info'
libdir='${exec_prefix}/lib'
libexecdir='${exec_prefix}/libexec'
localedir='${datarootdir}/locale'
localstatedir='${prefix}/var'
mandir='${datarootdir}/man'
oldincludedir='/usr/include'
pdfdir='${docdir}'
prefix='/home/voyager717/Downloads/SDK_Sourcecode/build_openwrt_new/AX3000-MT7981-Z8102AX/staging_dir/toolchain-aarch64_cortex-a53_gcc-8.4.0_musl'
program_transform_name='s&^&aarch64-openwrt-linux-musl-&'
psdir='${docdir}'
sbindir='${exec_prefix}/sbin'
sharedstatedir='${prefix}/com'
sysconfdir='${prefix}/etc'
target_alias='aarch64-openwrt-linux-musl'

## ----------- ##
## confdefs.h. ##
## ----------- ##

/* confdefs.h */
#define PACKAGE_NAME ""
#define PACKAGE_TARNAME ""
#define PACKAGE_VERSION ""
#define PACKAGE_STRING ""
#define PACKAGE_BUGREPORT ""
#define PACKAGE_URL ""

configure: exit 0
