This file contains any messages produced by compilers while
running configure, to aid debugging if configure makes a mistake.

It was created by gprof configure 2.35.1, which was
generated by GNU Autoconf 2.69.  Invocation command line was

  $ /home/voyager717/Downloads/SDK_Sourcecode/build_openwrt_new/AX3000-MT7981-Z8102AX/build_dir/target-aarch64_cortex-a53_musl/binutils-2.35.1/gprof/configure --srcdir=.././gprof --cache-file=./config.cache --with-gnu-as --with-gnu-ld --prefix=/usr --exec-prefix=/usr --bindir=/usr/bin --sbindir=/usr/sbin --libexecdir=/usr/lib --sysconfdir=/etc --datadir=/usr/share --localstatedir=/var --mandir=/usr/man --infodir=/usr/info --disable-nls --enable-shared --enable-install-libiberty --enable-install-libbfd --enable-install-libctf --program-transform-name=s&$&&;s&^&& --disable-option-checking --build=x86_64-pc-linux-gnu --host=aarch64-openwrt-linux-musl --target=aarch64-openwrt-linux-musl

## --------- ##
## Platform. ##
## --------- ##

hostname = it-labs13
uname -m = x86_64
uname -r = 6.8.0-54-generic
uname -s = Linux
uname -v = #56-Ubuntu SMP PREEMPT_DYNAMIC Sat Feb  8 00:37:57 UTC 2025

/usr/bin/uname -p = x86_64
/bin/uname -X     = unknown

/bin/arch              = x86_64
/usr/bin/arch -k       = unknown
/usr/convex/getsysinfo = unknown
/usr/bin/hostinfo      = unknown
/bin/machine           = unknown
/usr/bin/oslevel       = unknown
/bin/universe          = unknown

PATH: /home/voyager717/Downloads/SDK_Sourcecode/build_openwrt_new/AX3000-MT7981-Z8102AX/staging_dir/target-aarch64_cortex-a53_musl/host/bin
PATH: /home/voyager717/Downloads/SDK_Sourcecode/build_openwrt_new/AX3000-MT7981-Z8102AX/staging_dir/hostpkg/bin
PATH: /home/voyager717/Downloads/SDK_Sourcecode/build_openwrt_new/AX3000-MT7981-Z8102AX/staging_dir/toolchain-aarch64_cortex-a53_gcc-8.4.0_musl/bin
PATH: /home/voyager717/Downloads/SDK_Sourcecode/build_openwrt_new/AX3000-MT7981-Z8102AX/staging_dir/toolchain-aarch64_cortex-a53_gcc-8.4.0_musl/bin
PATH: /home/voyager717/Downloads/SDK_Sourcecode/build_openwrt_new/AX3000-MT7981-Z8102AX/staging_dir/host/bin
PATH: /home/voyager717/Downloads/SDK_Sourcecode/build_openwrt_new/AX3000-MT7981-Z8102AX/staging_dir/toolchain-aarch64_cortex-a53_gcc-8.4.0_musl/bin
PATH: /home/voyager717/Downloads/SDK_Sourcecode/build_openwrt_new/AX3000-MT7981-Z8102AX/staging_dir/host/bin
PATH: /home/voyager717/Downloads/SDK_Sourcecode/build_openwrt_new/AX3000-MT7981-Z8102AX/staging_dir/host/bin
PATH: /home/voyager717/Downloads/SDK_Sourcecode/wetransfer_mt7981-spim-nand-rfb-z8102ax-1-dts_2025-02-12_0126/openwrt/staging_dir/toolchain-aarch64_cortex-a53_gcc-13.3.0_musl/bin
PATH: /usr/local/sbin
PATH: /usr/local/bin
PATH: /usr/sbin
PATH: /usr/bin
PATH: /sbin
PATH: /bin
PATH: /usr/games
PATH: /usr/local/games
PATH: /snap/bin
PATH: /snap/bin


## ----------- ##
## Core tests. ##
## ----------- ##

configure:2139: loading site script /home/voyager717/Downloads/SDK_Sourcecode/build_openwrt_new/AX3000-MT7981-Z8102AX/include/site/aarch64
| #!/bin/sh
| . $TOPDIR/include/site/linux
| ac_cv_c_littleendian=${ac_cv_c_littleendian=yes}
| ac_cv_c_bigendian=${ac_cv_c_bigendian=no}
| 
| ac_cv_sizeof___int64=8
| ac_cv_sizeof_char=1
| ac_cv_sizeof_int=4
| ac_cv_sizeof_int16_t=2
| ac_cv_sizeof_int32_t=4
| ac_cv_sizeof_int64_t=8
| ac_cv_sizeof_long_int=8
| ac_cv_sizeof_long_long=8
| ac_cv_sizeof_long=8
| ac_cv_sizeof_off_t=8
| ac_cv_sizeof_short_int=2
| ac_cv_sizeof_short=2
| ac_cv_sizeof_size_t=8
| ac_cv_sizeof_ssize_t=8
| ac_cv_sizeof_u_int16_t=2
| ac_cv_sizeof_u_int32_t=4
| ac_cv_sizeof_u_int64_t=8
| ac_cv_sizeof_uint16_t=2
| ac_cv_sizeof_uint32_t=4
| ac_cv_sizeof_uint64_t=8
| ac_cv_sizeof_unsigned_int=4
| ac_cv_sizeof_unsigned_long=8
| ac_cv_sizeof_unsigned_long_long=8
| ac_cv_sizeof_unsigned_short=2
| ac_cv_sizeof_void_p=8
configure:2162: creating cache ./config.cache
configure:2273: checking build system type
configure:2287: result: x86_64-pc-linux-gnu
configure:2307: checking host system type
configure:2320: result: aarch64-openwrt-linux-musl
configure:2340: checking target system type
configure:2353: result: aarch64-openwrt-linux-musl
configure:2390: checking for aarch64-openwrt-linux-musl-gcc
configure:2417: result: aarch64-openwrt-linux-musl-gcc
configure:2686: checking for C compiler version
configure:2695: aarch64-openwrt-linux-musl-gcc --version >&5
aarch64-openwrt-linux-musl-gcc (OpenWrt GCC 8.4.0 r0-) 8.4.0
Copyright (C) 2018 Free Software Foundation, Inc.
This is free software; see the source for copying conditions.  There is NO
warranty; not even for MERCHANTABILITY or FITNESS FOR A PARTICULAR PURPOSE.

configure:2706: $? = 0
configure:2695: aarch64-openwrt-linux-musl-gcc -v >&5
Reading specs from /home/voyager717/Downloads/SDK_Sourcecode/build_openwrt_new/AX3000-MT7981-Z8102AX/staging_dir/toolchain-aarch64_cortex-a53_gcc-8.4.0_musl/lib/gcc/aarch64-openwrt-linux-musl/8.4.0/specs
COLLECT_GCC=aarch64-openwrt-linux-musl-gcc
COLLECT_LTO_WRAPPER=/home/voyager717/Downloads/SDK_Sourcecode/build_openwrt_new/AX3000-MT7981-Z8102AX/staging_dir/toolchain-aarch64_cortex-a53_gcc-8.4.0_musl/libexec/gcc/aarch64-openwrt-linux-musl/8.4.0/lto-wrapper
Target: aarch64-openwrt-linux-musl
Configured with: /home/voyager717/Downloads/SDK_Sourcecode/build_openwrt_new/AX3000-MT7981-Z8102AX/build_dir/toolchain-aarch64_cortex-a53_gcc-8.4.0_musl/gcc-8.4.0/configure --with-bugurl=http://bugs.openwrt.org/ --with-pkgversion='OpenWrt GCC 8.4.0 r0-' --prefix=/home/voyager717/Downloads/SDK_Sourcecode/build_openwrt_new/AX3000-MT7981-Z8102AX/staging_dir/toolchain-aarch64_cortex-a53_gcc-8.4.0_musl --build=x86_64-pc-linux-gnu --host=x86_64-pc-linux-gnu --target=aarch64-openwrt-linux-musl --with-gnu-ld --enable-target-optspace --disable-libgomp --disable-libmudflap --disable-multilib --disable-libmpx --disable-nls --disable-libssp --without-isl --without-cloog --with-host-libstdcxx=-lstdc++ --with-gmp=/home/voyager717/Downloads/SDK_Sourcecode/build_openwrt_new/AX3000-MT7981-Z8102AX/staging_dir/host --with-mpfr=/home/voyager717/Downloads/SDK_Sourcecode/build_openwrt_new/AX3000-MT7981-Z8102AX/staging_dir/host --with-mpc=/home/voyager717/Downloads/SDK_Sourcecode/build_openwrt_new/AX3000-MT7981-Z8102AX/staging_dir/host --disable-decimal-float --with-diagnostics-color=auto-if-env --enable-__cxa_atexit --disable-libstdcxx-dual-abi --with-default-libstdcxx-abi=new --with-headers=/home/voyager717/Downloads/SDK_Sourcecode/build_openwrt_new/AX3000-MT7981-Z8102AX/staging_dir/toolchain-aarch64_cortex-a53_gcc-8.4.0_musl/include --enable-languages=c,c++ --enable-shared --enable-threads --with-slibdir=/home/voyager717/Downloads/SDK_Sourcecode/build_openwrt_new/AX3000-MT7981-Z8102AX/staging_dir/toolchain-aarch64_cortex-a53_gcc-8.4.0_musl/lib --enable-lto --with-libelf=/home/voyager717/Downloads/SDK_Sourcecode/build_openwrt_new/AX3000-MT7981-Z8102AX/staging_dir/host --disable-libsanitizer
Thread model: posix
gcc version 8.4.0 (OpenWrt GCC 8.4.0 r0-) 
configure:2706: $? = 0
configure:2695: aarch64-openwrt-linux-musl-gcc -V >&5
aarch64-openwrt-linux-musl-gcc: error: unrecognized command line option '-V'
aarch64-openwrt-linux-musl-gcc: fatal error: no input files
compilation terminated.
configure:2706: $? = 1
configure:2695: aarch64-openwrt-linux-musl-gcc -qversion >&5
aarch64-openwrt-linux-musl-gcc: error: unrecognized command line option '-qversion'; did you mean '--version'?
aarch64-openwrt-linux-musl-gcc: fatal error: no input files
compilation terminated.
configure:2706: $? = 1
configure:2726: checking whether the C compiler works
configure:2748: aarch64-openwrt-linux-musl-gcc -Os -pipe -mcpu=cortex-a53 -fno-caller-saves -fno-plt -fhonour-copts -Wno-error=unused-but-set-variable -Wno-error=unused-result -I/home/voyager717/Downloads/SDK_Sourcecode/build_openwrt_new/AX3000-MT7981-Z8102AX/staging_dir/target-aarch64_cortex-a53_musl/usr/lib/libiconv-stub/include -I/home/voyager717/Downloads/SDK_Sourcecode/build_openwrt_new/AX3000-MT7981-Z8102AX/staging_dir/target-aarch64_cortex-a53_musl/usr/lib/libintl-stub/include -fmacro-prefix-map=/home/voyager717/Downloads/SDK_Sourcecode/build_openwrt_new/AX3000-MT7981-Z8102AX/build_dir/target-aarch64_cortex-a53_musl/binutils-2.35.1=binutils-2.35.1 -Wformat -Werror=format-security -fstack-protector -D_FORTIFY_SOURCE=1 -Wl,-z,now -Wl,-z,relro -DPIC -fPIC -Wno-unused-value    -L/home/voyager717/Downloads/SDK_Sourcecode/build_openwrt_new/AX3000-MT7981-Z8102AX/staging_dir/toolchain-aarch64_cortex-a53_gcc-8.4.0_musl/usr/lib -L/home/voyager717/Downloads/SDK_Sourcecode/build_openwrt_new/AX3000-MT7981-Z8102AX/staging_dir/toolchain-aarch64_cortex-a53_gcc-8.4.0_musl/lib -L/home/voyager717/Downloads/SDK_Sourcecode/build_openwrt_new/AX3000-MT7981-Z8102AX/staging_dir/target-aarch64_cortex-a53_musl/usr/lib/libiconv-stub/lib -Wl,-rpath-link=/home/voyager717/Downloads/SDK_Sourcecode/build_openwrt_new/AX3000-MT7981-Z8102AX/staging_dir/target-aarch64_cortex-a53_musl/usr/lib/libiconv-stub/lib -L/home/voyager717/Downloads/SDK_Sourcecode/build_openwrt_new/AX3000-MT7981-Z8102AX/staging_dir/target-aarch64_cortex-a53_musl/usr/lib/libintl-stub/lib -Wl,-rpath-link=/home/voyager717/Downloads/SDK_Sourcecode/build_openwrt_new/AX3000-MT7981-Z8102AX/staging_dir/target-aarch64_cortex-a53_musl/usr/lib/libintl-stub/lib -znow -zrelro   conftest.c  >&5
configure:2752: $? = 0
configure:2800: result: yes
configure:2803: checking for C compiler default output file name
configure:2805: result: a.out
configure:2811: checking for suffix of executables
configure:2818: aarch64-openwrt-linux-musl-gcc -o conftest -Os -pipe -mcpu=cortex-a53 -fno-caller-saves -fno-plt -fhonour-copts -Wno-error=unused-but-set-variable -Wno-error=unused-result -I/home/voyager717/Downloads/SDK_Sourcecode/build_openwrt_new/AX3000-MT7981-Z8102AX/staging_dir/target-aarch64_cortex-a53_musl/usr/lib/libiconv-stub/include -I/home/voyager717/Downloads/SDK_Sourcecode/build_openwrt_new/AX3000-MT7981-Z8102AX/staging_dir/target-aarch64_cortex-a53_musl/usr/lib/libintl-stub/include -fmacro-prefix-map=/home/voyager717/Downloads/SDK_Sourcecode/build_openwrt_new/AX3000-MT7981-Z8102AX/build_dir/target-aarch64_cortex-a53_musl/binutils-2.35.1=binutils-2.35.1 -Wformat -Werror=format-security -fstack-protector -D_FORTIFY_SOURCE=1 -Wl,-z,now -Wl,-z,relro -DPIC -fPIC -Wno-unused-value    -L/home/voyager717/Downloads/SDK_Sourcecode/build_openwrt_new/AX3000-MT7981-Z8102AX/staging_dir/toolchain-aarch64_cortex-a53_gcc-8.4.0_musl/usr/lib -L/home/voyager717/Downloads/SDK_Sourcecode/build_openwrt_new/AX3000-MT7981-Z8102AX/staging_dir/toolchain-aarch64_cortex-a53_gcc-8.4.0_musl/lib -L/home/voyager717/Downloads/SDK_Sourcecode/build_openwrt_new/AX3000-MT7981-Z8102AX/staging_dir/target-aarch64_cortex-a53_musl/usr/lib/libiconv-stub/lib -Wl,-rpath-link=/home/voyager717/Downloads/SDK_Sourcecode/build_openwrt_new/AX3000-MT7981-Z8102AX/staging_dir/target-aarch64_cortex-a53_musl/usr/lib/libiconv-stub/lib -L/home/voyager717/Downloads/SDK_Sourcecode/build_openwrt_new/AX3000-MT7981-Z8102AX/staging_dir/target-aarch64_cortex-a53_musl/usr/lib/libintl-stub/lib -Wl,-rpath-link=/home/voyager717/Downloads/SDK_Sourcecode/build_openwrt_new/AX3000-MT7981-Z8102AX/staging_dir/target-aarch64_cortex-a53_musl/usr/lib/libintl-stub/lib -znow -zrelro   conftest.c  >&5
configure:2822: $? = 0
configure:2844: result: 
configure:2866: checking whether we are cross compiling
configure:2904: result: yes
configure:2909: checking for suffix of object files
configure:2931: aarch64-openwrt-linux-musl-gcc -c -Os -pipe -mcpu=cortex-a53 -fno-caller-saves -fno-plt -fhonour-copts -Wno-error=unused-but-set-variable -Wno-error=unused-result -I/home/voyager717/Downloads/SDK_Sourcecode/build_openwrt_new/AX3000-MT7981-Z8102AX/staging_dir/target-aarch64_cortex-a53_musl/usr/lib/libiconv-stub/include -I/home/voyager717/Downloads/SDK_Sourcecode/build_openwrt_new/AX3000-MT7981-Z8102AX/staging_dir/target-aarch64_cortex-a53_musl/usr/lib/libintl-stub/include -fmacro-prefix-map=/home/voyager717/Downloads/SDK_Sourcecode/build_openwrt_new/AX3000-MT7981-Z8102AX/build_dir/target-aarch64_cortex-a53_musl/binutils-2.35.1=binutils-2.35.1 -Wformat -Werror=format-security -fstack-protector -D_FORTIFY_SOURCE=1 -Wl,-z,now -Wl,-z,relro -DPIC -fPIC -Wno-unused-value   conftest.c >&5
configure:2935: $? = 0
configure:2956: result: o
configure:2960: checking whether we are using the GNU C compiler
configure:2979: aarch64-openwrt-linux-musl-gcc -c -Os -pipe -mcpu=cortex-a53 -fno-caller-saves -fno-plt -fhonour-copts -Wno-error=unused-but-set-variable -Wno-error=unused-result -I/home/voyager717/Downloads/SDK_Sourcecode/build_openwrt_new/AX3000-MT7981-Z8102AX/staging_dir/target-aarch64_cortex-a53_musl/usr/lib/libiconv-stub/include -I/home/voyager717/Downloads/SDK_Sourcecode/build_openwrt_new/AX3000-MT7981-Z8102AX/staging_dir/target-aarch64_cortex-a53_musl/usr/lib/libintl-stub/include -fmacro-prefix-map=/home/voyager717/Downloads/SDK_Sourcecode/build_openwrt_new/AX3000-MT7981-Z8102AX/build_dir/target-aarch64_cortex-a53_musl/binutils-2.35.1=binutils-2.35.1 -Wformat -Werror=format-security -fstack-protector -D_FORTIFY_SOURCE=1 -Wl,-z,now -Wl,-z,relro -DPIC -fPIC -Wno-unused-value   conftest.c >&5
configure:2979: $? = 0
configure:2988: result: yes
configure:2997: checking whether aarch64-openwrt-linux-musl-gcc accepts -g
configure:3017: aarch64-openwrt-linux-musl-gcc -c -g  conftest.c >&5
cc1: note: someone does not honour COPTS correctly, passed 0 times
configure:3017: $? = 0
configure: failed program was:
| /* confdefs.h */
| #define PACKAGE_NAME "gprof"
| #define PACKAGE_TARNAME "gprof"
| #define PACKAGE_VERSION "2.35.1"
| #define PACKAGE_STRING "gprof 2.35.1"
| #define PACKAGE_BUGREPORT ""
| #define PACKAGE_URL ""
| /* end confdefs.h.  */
| 
| int
| main ()
| {
| 
|   ;
|   return 0;
| }
configure:3032: aarch64-openwrt-linux-musl-gcc -c   conftest.c >&5
cc1: note: someone does not honour COPTS correctly, passed 0 times
configure:3032: $? = 0
configure: failed program was:
| /* confdefs.h */
| #define PACKAGE_NAME "gprof"
| #define PACKAGE_TARNAME "gprof"
| #define PACKAGE_VERSION "2.35.1"
| #define PACKAGE_STRING "gprof 2.35.1"
| #define PACKAGE_BUGREPORT ""
| #define PACKAGE_URL ""
| /* end confdefs.h.  */
| 
| int
| main ()
| {
| 
|   ;
|   return 0;
| }
configure:3048: aarch64-openwrt-linux-musl-gcc -c -g  conftest.c >&5
cc1: note: someone does not honour COPTS correctly, passed 0 times
configure:3048: $? = 0
configure:3058: result: yes
configure:3075: checking for aarch64-openwrt-linux-musl-gcc option to accept ISO C89
configure:3138: aarch64-openwrt-linux-musl-gcc  -c -Os -pipe -mcpu=cortex-a53 -fno-caller-saves -fno-plt -fhonour-copts -Wno-error=unused-but-set-variable -Wno-error=unused-result -I/home/voyager717/Downloads/SDK_Sourcecode/build_openwrt_new/AX3000-MT7981-Z8102AX/staging_dir/target-aarch64_cortex-a53_musl/usr/lib/libiconv-stub/include -I/home/voyager717/Downloads/SDK_Sourcecode/build_openwrt_new/AX3000-MT7981-Z8102AX/staging_dir/target-aarch64_cortex-a53_musl/usr/lib/libintl-stub/include -fmacro-prefix-map=/home/voyager717/Downloads/SDK_Sourcecode/build_openwrt_new/AX3000-MT7981-Z8102AX/build_dir/target-aarch64_cortex-a53_musl/binutils-2.35.1=binutils-2.35.1 -Wformat -Werror=format-security -fstack-protector -D_FORTIFY_SOURCE=1 -Wl,-z,now -Wl,-z,relro -DPIC -fPIC -Wno-unused-value   conftest.c >&5
configure:3138: $? = 0
configure:3151: result: none needed
configure:3176: checking whether aarch64-openwrt-linux-musl-gcc understands -c and -o together
configure:3198: aarch64-openwrt-linux-musl-gcc -c conftest.c -o conftest2.o
cc1: note: someone does not honour COPTS correctly, passed 0 times
configure:3201: $? = 0
configure:3198: aarch64-openwrt-linux-musl-gcc -c conftest.c -o conftest2.o
cc1: note: someone does not honour COPTS correctly, passed 0 times
configure:3201: $? = 0
configure:3213: result: yes
configure:3231: checking for library containing strerror
configure:3262: aarch64-openwrt-linux-musl-gcc -o conftest -Os -pipe -mcpu=cortex-a53 -fno-caller-saves -fno-plt -fhonour-copts -Wno-error=unused-but-set-variable -Wno-error=unused-result -I/home/voyager717/Downloads/SDK_Sourcecode/build_openwrt_new/AX3000-MT7981-Z8102AX/staging_dir/target-aarch64_cortex-a53_musl/usr/lib/libiconv-stub/include -I/home/voyager717/Downloads/SDK_Sourcecode/build_openwrt_new/AX3000-MT7981-Z8102AX/staging_dir/target-aarch64_cortex-a53_musl/usr/lib/libintl-stub/include -fmacro-prefix-map=/home/voyager717/Downloads/SDK_Sourcecode/build_openwrt_new/AX3000-MT7981-Z8102AX/build_dir/target-aarch64_cortex-a53_musl/binutils-2.35.1=binutils-2.35.1 -Wformat -Werror=format-security -fstack-protector -D_FORTIFY_SOURCE=1 -Wl,-z,now -Wl,-z,relro -DPIC -fPIC -Wno-unused-value    -L/home/voyager717/Downloads/SDK_Sourcecode/build_openwrt_new/AX3000-MT7981-Z8102AX/staging_dir/toolchain-aarch64_cortex-a53_gcc-8.4.0_musl/usr/lib -L/home/voyager717/Downloads/SDK_Sourcecode/build_openwrt_new/AX3000-MT7981-Z8102AX/staging_dir/toolchain-aarch64_cortex-a53_gcc-8.4.0_musl/lib -L/home/voyager717/Downloads/SDK_Sourcecode/build_openwrt_new/AX3000-MT7981-Z8102AX/staging_dir/target-aarch64_cortex-a53_musl/usr/lib/libiconv-stub/lib -Wl,-rpath-link=/home/voyager717/Downloads/SDK_Sourcecode/build_openwrt_new/AX3000-MT7981-Z8102AX/staging_dir/target-aarch64_cortex-a53_musl/usr/lib/libiconv-stub/lib -L/home/voyager717/Downloads/SDK_Sourcecode/build_openwrt_new/AX3000-MT7981-Z8102AX/staging_dir/target-aarch64_cortex-a53_musl/usr/lib/libintl-stub/lib -Wl,-rpath-link=/home/voyager717/Downloads/SDK_Sourcecode/build_openwrt_new/AX3000-MT7981-Z8102AX/staging_dir/target-aarch64_cortex-a53_musl/usr/lib/libintl-stub/lib -znow -zrelro   conftest.c  >&5
configure:3262: $? = 0
configure:3279: result: none required
configure:3304: checking for a BSD-compatible install
configure:3372: result: /usr/bin/install -c
configure:3383: checking whether build environment is sane
configure:3438: result: yes
configure:3494: checking for aarch64-openwrt-linux-musl-strip
configure:3521: result: aarch64-openwrt-linux-musl-strip
configure:3586: checking for a thread-safe mkdir -p
configure:3625: result: /usr/bin/mkdir -p
configure:3632: checking for gawk
configure:3659: result: gawk
configure:3670: checking whether make sets $(MAKE)
configure:3692: result: yes
configure:3722: checking for style of include used by make
configure:3750: result: GNU
configure:3784: checking whether make supports nested variables
configure:3801: result: yes
configure:3886: checking dependency style of aarch64-openwrt-linux-musl-gcc
configure:3997: result: gcc3
configure:4067: checking for aarch64-openwrt-linux-musl-gcc
configure:4094: result: aarch64-openwrt-linux-musl-gcc
configure:4363: checking for C compiler version
configure:4372: aarch64-openwrt-linux-musl-gcc --version >&5
aarch64-openwrt-linux-musl-gcc (OpenWrt GCC 8.4.0 r0-) 8.4.0
Copyright (C) 2018 Free Software Foundation, Inc.
This is free software; see the source for copying conditions.  There is NO
warranty; not even for MERCHANTABILITY or FITNESS FOR A PARTICULAR PURPOSE.

configure:4383: $? = 0
configure:4372: aarch64-openwrt-linux-musl-gcc -v >&5
Reading specs from /home/voyager717/Downloads/SDK_Sourcecode/build_openwrt_new/AX3000-MT7981-Z8102AX/staging_dir/toolchain-aarch64_cortex-a53_gcc-8.4.0_musl/lib/gcc/aarch64-openwrt-linux-musl/8.4.0/specs
COLLECT_GCC=aarch64-openwrt-linux-musl-gcc
COLLECT_LTO_WRAPPER=/home/voyager717/Downloads/SDK_Sourcecode/build_openwrt_new/AX3000-MT7981-Z8102AX/staging_dir/toolchain-aarch64_cortex-a53_gcc-8.4.0_musl/libexec/gcc/aarch64-openwrt-linux-musl/8.4.0/lto-wrapper
Target: aarch64-openwrt-linux-musl
Configured with: /home/voyager717/Downloads/SDK_Sourcecode/build_openwrt_new/AX3000-MT7981-Z8102AX/build_dir/toolchain-aarch64_cortex-a53_gcc-8.4.0_musl/gcc-8.4.0/configure --with-bugurl=http://bugs.openwrt.org/ --with-pkgversion='OpenWrt GCC 8.4.0 r0-' --prefix=/home/voyager717/Downloads/SDK_Sourcecode/build_openwrt_new/AX3000-MT7981-Z8102AX/staging_dir/toolchain-aarch64_cortex-a53_gcc-8.4.0_musl --build=x86_64-pc-linux-gnu --host=x86_64-pc-linux-gnu --target=aarch64-openwrt-linux-musl --with-gnu-ld --enable-target-optspace --disable-libgomp --disable-libmudflap --disable-multilib --disable-libmpx --disable-nls --disable-libssp --without-isl --without-cloog --with-host-libstdcxx=-lstdc++ --with-gmp=/home/voyager717/Downloads/SDK_Sourcecode/build_openwrt_new/AX3000-MT7981-Z8102AX/staging_dir/host --with-mpfr=/home/voyager717/Downloads/SDK_Sourcecode/build_openwrt_new/AX3000-MT7981-Z8102AX/staging_dir/host --with-mpc=/home/voyager717/Downloads/SDK_Sourcecode/build_openwrt_new/AX3000-MT7981-Z8102AX/staging_dir/host --disable-decimal-float --with-diagnostics-color=auto-if-env --enable-__cxa_atexit --disable-libstdcxx-dual-abi --with-default-libstdcxx-abi=new --with-headers=/home/voyager717/Downloads/SDK_Sourcecode/build_openwrt_new/AX3000-MT7981-Z8102AX/staging_dir/toolchain-aarch64_cortex-a53_gcc-8.4.0_musl/include --enable-languages=c,c++ --enable-shared --enable-threads --with-slibdir=/home/voyager717/Downloads/SDK_Sourcecode/build_openwrt_new/AX3000-MT7981-Z8102AX/staging_dir/toolchain-aarch64_cortex-a53_gcc-8.4.0_musl/lib --enable-lto --with-libelf=/home/voyager717/Downloads/SDK_Sourcecode/build_openwrt_new/AX3000-MT7981-Z8102AX/staging_dir/host --disable-libsanitizer
Thread model: posix
gcc version 8.4.0 (OpenWrt GCC 8.4.0 r0-) 
configure:4383: $? = 0
configure:4372: aarch64-openwrt-linux-musl-gcc -V >&5
aarch64-openwrt-linux-musl-gcc: error: unrecognized command line option '-V'
aarch64-openwrt-linux-musl-gcc: fatal error: no input files
compilation terminated.
configure:4383: $? = 1
configure:4372: aarch64-openwrt-linux-musl-gcc -qversion >&5
aarch64-openwrt-linux-musl-gcc: error: unrecognized command line option '-qversion'; did you mean '--version'?
aarch64-openwrt-linux-musl-gcc: fatal error: no input files
compilation terminated.
configure:4383: $? = 1
configure:4387: checking whether we are using the GNU C compiler
configure:4415: result: yes
configure:4424: checking whether aarch64-openwrt-linux-musl-gcc accepts -g
configure:4485: result: yes
configure:4502: checking for aarch64-openwrt-linux-musl-gcc option to accept ISO C89
configure:4578: result: none needed
configure:4603: checking whether aarch64-openwrt-linux-musl-gcc understands -c and -o together
configure:4640: result: yes
configure:4662: checking how to run the C preprocessor
configure:4693: aarch64-openwrt-linux-musl-gcc -E  conftest.c
configure:4693: $? = 0
configure:4707: aarch64-openwrt-linux-musl-gcc -E  conftest.c
conftest.c:11:10: fatal error: ac_nonexistent.h: No such file or directory
 #include <ac_nonexistent.h>
          ^~~~~~~~~~~~~~~~~~
compilation terminated.
configure:4707: $? = 1
configure: failed program was:
| /* confdefs.h */
| #define PACKAGE_NAME "gprof"
| #define PACKAGE_TARNAME "gprof"
| #define PACKAGE_VERSION "2.35.1"
| #define PACKAGE_STRING "gprof 2.35.1"
| #define PACKAGE_BUGREPORT ""
| #define PACKAGE_URL ""
| #define PACKAGE "gprof"
| #define VERSION "2.35.1"
| /* end confdefs.h.  */
| #include <ac_nonexistent.h>
configure:4732: result: aarch64-openwrt-linux-musl-gcc -E
configure:4752: aarch64-openwrt-linux-musl-gcc -E  conftest.c
configure:4752: $? = 0
configure:4766: aarch64-openwrt-linux-musl-gcc -E  conftest.c
conftest.c:11:10: fatal error: ac_nonexistent.h: No such file or directory
 #include <ac_nonexistent.h>
          ^~~~~~~~~~~~~~~~~~
compilation terminated.
configure:4766: $? = 1
configure: failed program was:
| /* confdefs.h */
| #define PACKAGE_NAME "gprof"
| #define PACKAGE_TARNAME "gprof"
| #define PACKAGE_VERSION "2.35.1"
| #define PACKAGE_STRING "gprof 2.35.1"
| #define PACKAGE_BUGREPORT ""
| #define PACKAGE_URL ""
| #define PACKAGE "gprof"
| #define VERSION "2.35.1"
| /* end confdefs.h.  */
| #include <ac_nonexistent.h>
configure:4795: checking for grep that handles long lines and -e
configure:4853: result: /home/voyager717/Downloads/SDK_Sourcecode/build_openwrt_new/AX3000-MT7981-Z8102AX/staging_dir/host/bin/grep
configure:4858: checking for egrep
configure:4920: result: /home/voyager717/Downloads/SDK_Sourcecode/build_openwrt_new/AX3000-MT7981-Z8102AX/staging_dir/host/bin/grep -E
configure:4925: checking for ANSI C header files
configure:4945: aarch64-openwrt-linux-musl-gcc -c -Os -pipe -mcpu=cortex-a53 -fno-caller-saves -fno-plt -fhonour-copts -Wno-error=unused-but-set-variable -Wno-error=unused-result -I/home/voyager717/Downloads/SDK_Sourcecode/build_openwrt_new/AX3000-MT7981-Z8102AX/staging_dir/target-aarch64_cortex-a53_musl/usr/lib/libiconv-stub/include -I/home/voyager717/Downloads/SDK_Sourcecode/build_openwrt_new/AX3000-MT7981-Z8102AX/staging_dir/target-aarch64_cortex-a53_musl/usr/lib/libintl-stub/include -fmacro-prefix-map=/home/voyager717/Downloads/SDK_Sourcecode/build_openwrt_new/AX3000-MT7981-Z8102AX/build_dir/target-aarch64_cortex-a53_musl/binutils-2.35.1=binutils-2.35.1 -Wformat -Werror=format-security -fstack-protector -D_FORTIFY_SOURCE=1 -Wl,-z,now -Wl,-z,relro -DPIC -fPIC -Wno-unused-value   conftest.c >&5
configure:4945: $? = 0
configure:5029: result: yes
configure:5042: checking for sys/types.h
configure:5042: aarch64-openwrt-linux-musl-gcc -c -Os -pipe -mcpu=cortex-a53 -fno-caller-saves -fno-plt -fhonour-copts -Wno-error=unused-but-set-variable -Wno-error=unused-result -I/home/voyager717/Downloads/SDK_Sourcecode/build_openwrt_new/AX3000-MT7981-Z8102AX/staging_dir/target-aarch64_cortex-a53_musl/usr/lib/libiconv-stub/include -I/home/voyager717/Downloads/SDK_Sourcecode/build_openwrt_new/AX3000-MT7981-Z8102AX/staging_dir/target-aarch64_cortex-a53_musl/usr/lib/libintl-stub/include -fmacro-prefix-map=/home/voyager717/Downloads/SDK_Sourcecode/build_openwrt_new/AX3000-MT7981-Z8102AX/build_dir/target-aarch64_cortex-a53_musl/binutils-2.35.1=binutils-2.35.1 -Wformat -Werror=format-security -fstack-protector -D_FORTIFY_SOURCE=1 -Wl,-z,now -Wl,-z,relro -DPIC -fPIC -Wno-unused-value   conftest.c >&5
configure:5042: $? = 0
configure:5042: result: yes
configure:5042: checking for sys/stat.h
configure:5042: aarch64-openwrt-linux-musl-gcc -c -Os -pipe -mcpu=cortex-a53 -fno-caller-saves -fno-plt -fhonour-copts -Wno-error=unused-but-set-variable -Wno-error=unused-result -I/home/voyager717/Downloads/SDK_Sourcecode/build_openwrt_new/AX3000-MT7981-Z8102AX/staging_dir/target-aarch64_cortex-a53_musl/usr/lib/libiconv-stub/include -I/home/voyager717/Downloads/SDK_Sourcecode/build_openwrt_new/AX3000-MT7981-Z8102AX/staging_dir/target-aarch64_cortex-a53_musl/usr/lib/libintl-stub/include -fmacro-prefix-map=/home/voyager717/Downloads/SDK_Sourcecode/build_openwrt_new/AX3000-MT7981-Z8102AX/build_dir/target-aarch64_cortex-a53_musl/binutils-2.35.1=binutils-2.35.1 -Wformat -Werror=format-security -fstack-protector -D_FORTIFY_SOURCE=1 -Wl,-z,now -Wl,-z,relro -DPIC -fPIC -Wno-unused-value   conftest.c >&5
configure:5042: $? = 0
configure:5042: result: yes
configure:5042: checking for stdlib.h
configure:5042: aarch64-openwrt-linux-musl-gcc -c -Os -pipe -mcpu=cortex-a53 -fno-caller-saves -fno-plt -fhonour-copts -Wno-error=unused-but-set-variable -Wno-error=unused-result -I/home/voyager717/Downloads/SDK_Sourcecode/build_openwrt_new/AX3000-MT7981-Z8102AX/staging_dir/target-aarch64_cortex-a53_musl/usr/lib/libiconv-stub/include -I/home/voyager717/Downloads/SDK_Sourcecode/build_openwrt_new/AX3000-MT7981-Z8102AX/staging_dir/target-aarch64_cortex-a53_musl/usr/lib/libintl-stub/include -fmacro-prefix-map=/home/voyager717/Downloads/SDK_Sourcecode/build_openwrt_new/AX3000-MT7981-Z8102AX/build_dir/target-aarch64_cortex-a53_musl/binutils-2.35.1=binutils-2.35.1 -Wformat -Werror=format-security -fstack-protector -D_FORTIFY_SOURCE=1 -Wl,-z,now -Wl,-z,relro -DPIC -fPIC -Wno-unused-value   conftest.c >&5
configure:5042: $? = 0
configure:5042: result: yes
configure:5042: checking for string.h
configure:5042: aarch64-openwrt-linux-musl-gcc -c -Os -pipe -mcpu=cortex-a53 -fno-caller-saves -fno-plt -fhonour-copts -Wno-error=unused-but-set-variable -Wno-error=unused-result -I/home/voyager717/Downloads/SDK_Sourcecode/build_openwrt_new/AX3000-MT7981-Z8102AX/staging_dir/target-aarch64_cortex-a53_musl/usr/lib/libiconv-stub/include -I/home/voyager717/Downloads/SDK_Sourcecode/build_openwrt_new/AX3000-MT7981-Z8102AX/staging_dir/target-aarch64_cortex-a53_musl/usr/lib/libintl-stub/include -fmacro-prefix-map=/home/voyager717/Downloads/SDK_Sourcecode/build_openwrt_new/AX3000-MT7981-Z8102AX/build_dir/target-aarch64_cortex-a53_musl/binutils-2.35.1=binutils-2.35.1 -Wformat -Werror=format-security -fstack-protector -D_FORTIFY_SOURCE=1 -Wl,-z,now -Wl,-z,relro -DPIC -fPIC -Wno-unused-value   conftest.c >&5
configure:5042: $? = 0
configure:5042: result: yes
configure:5042: checking for memory.h
configure:5042: aarch64-openwrt-linux-musl-gcc -c -Os -pipe -mcpu=cortex-a53 -fno-caller-saves -fno-plt -fhonour-copts -Wno-error=unused-but-set-variable -Wno-error=unused-result -I/home/voyager717/Downloads/SDK_Sourcecode/build_openwrt_new/AX3000-MT7981-Z8102AX/staging_dir/target-aarch64_cortex-a53_musl/usr/lib/libiconv-stub/include -I/home/voyager717/Downloads/SDK_Sourcecode/build_openwrt_new/AX3000-MT7981-Z8102AX/staging_dir/target-aarch64_cortex-a53_musl/usr/lib/libintl-stub/include -fmacro-prefix-map=/home/voyager717/Downloads/SDK_Sourcecode/build_openwrt_new/AX3000-MT7981-Z8102AX/build_dir/target-aarch64_cortex-a53_musl/binutils-2.35.1=binutils-2.35.1 -Wformat -Werror=format-security -fstack-protector -D_FORTIFY_SOURCE=1 -Wl,-z,now -Wl,-z,relro -DPIC -fPIC -Wno-unused-value   conftest.c >&5
configure:5042: $? = 0
configure:5042: result: yes
configure:5042: checking for strings.h
configure:5042: aarch64-openwrt-linux-musl-gcc -c -Os -pipe -mcpu=cortex-a53 -fno-caller-saves -fno-plt -fhonour-copts -Wno-error=unused-but-set-variable -Wno-error=unused-result -I/home/voyager717/Downloads/SDK_Sourcecode/build_openwrt_new/AX3000-MT7981-Z8102AX/staging_dir/target-aarch64_cortex-a53_musl/usr/lib/libiconv-stub/include -I/home/voyager717/Downloads/SDK_Sourcecode/build_openwrt_new/AX3000-MT7981-Z8102AX/staging_dir/target-aarch64_cortex-a53_musl/usr/lib/libintl-stub/include -fmacro-prefix-map=/home/voyager717/Downloads/SDK_Sourcecode/build_openwrt_new/AX3000-MT7981-Z8102AX/build_dir/target-aarch64_cortex-a53_musl/binutils-2.35.1=binutils-2.35.1 -Wformat -Werror=format-security -fstack-protector -D_FORTIFY_SOURCE=1 -Wl,-z,now -Wl,-z,relro -DPIC -fPIC -Wno-unused-value   conftest.c >&5
configure:5042: $? = 0
configure:5042: result: yes
configure:5042: checking for inttypes.h
configure:5042: aarch64-openwrt-linux-musl-gcc -c -Os -pipe -mcpu=cortex-a53 -fno-caller-saves -fno-plt -fhonour-copts -Wno-error=unused-but-set-variable -Wno-error=unused-result -I/home/voyager717/Downloads/SDK_Sourcecode/build_openwrt_new/AX3000-MT7981-Z8102AX/staging_dir/target-aarch64_cortex-a53_musl/usr/lib/libiconv-stub/include -I/home/voyager717/Downloads/SDK_Sourcecode/build_openwrt_new/AX3000-MT7981-Z8102AX/staging_dir/target-aarch64_cortex-a53_musl/usr/lib/libintl-stub/include -fmacro-prefix-map=/home/voyager717/Downloads/SDK_Sourcecode/build_openwrt_new/AX3000-MT7981-Z8102AX/build_dir/target-aarch64_cortex-a53_musl/binutils-2.35.1=binutils-2.35.1 -Wformat -Werror=format-security -fstack-protector -D_FORTIFY_SOURCE=1 -Wl,-z,now -Wl,-z,relro -DPIC -fPIC -Wno-unused-value   conftest.c >&5
configure:5042: $? = 0
configure:5042: result: yes
configure:5042: checking for stdint.h
configure:5042: aarch64-openwrt-linux-musl-gcc -c -Os -pipe -mcpu=cortex-a53 -fno-caller-saves -fno-plt -fhonour-copts -Wno-error=unused-but-set-variable -Wno-error=unused-result -I/home/voyager717/Downloads/SDK_Sourcecode/build_openwrt_new/AX3000-MT7981-Z8102AX/staging_dir/target-aarch64_cortex-a53_musl/usr/lib/libiconv-stub/include -I/home/voyager717/Downloads/SDK_Sourcecode/build_openwrt_new/AX3000-MT7981-Z8102AX/staging_dir/target-aarch64_cortex-a53_musl/usr/lib/libintl-stub/include -fmacro-prefix-map=/home/voyager717/Downloads/SDK_Sourcecode/build_openwrt_new/AX3000-MT7981-Z8102AX/build_dir/target-aarch64_cortex-a53_musl/binutils-2.35.1=binutils-2.35.1 -Wformat -Werror=format-security -fstack-protector -D_FORTIFY_SOURCE=1 -Wl,-z,now -Wl,-z,relro -DPIC -fPIC -Wno-unused-value   conftest.c >&5
configure:5042: $? = 0
configure:5042: result: yes
configure:5042: checking for unistd.h
configure:5042: aarch64-openwrt-linux-musl-gcc -c -Os -pipe -mcpu=cortex-a53 -fno-caller-saves -fno-plt -fhonour-copts -Wno-error=unused-but-set-variable -Wno-error=unused-result -I/home/voyager717/Downloads/SDK_Sourcecode/build_openwrt_new/AX3000-MT7981-Z8102AX/staging_dir/target-aarch64_cortex-a53_musl/usr/lib/libiconv-stub/include -I/home/voyager717/Downloads/SDK_Sourcecode/build_openwrt_new/AX3000-MT7981-Z8102AX/staging_dir/target-aarch64_cortex-a53_musl/usr/lib/libintl-stub/include -fmacro-prefix-map=/home/voyager717/Downloads/SDK_Sourcecode/build_openwrt_new/AX3000-MT7981-Z8102AX/build_dir/target-aarch64_cortex-a53_musl/binutils-2.35.1=binutils-2.35.1 -Wformat -Werror=format-security -fstack-protector -D_FORTIFY_SOURCE=1 -Wl,-z,now -Wl,-z,relro -DPIC -fPIC -Wno-unused-value   conftest.c >&5
configure:5042: $? = 0
configure:5042: result: yes
configure:5055: checking minix/config.h usability
configure:5055: aarch64-openwrt-linux-musl-gcc -c -Os -pipe -mcpu=cortex-a53 -fno-caller-saves -fno-plt -fhonour-copts -Wno-error=unused-but-set-variable -Wno-error=unused-result -I/home/voyager717/Downloads/SDK_Sourcecode/build_openwrt_new/AX3000-MT7981-Z8102AX/staging_dir/target-aarch64_cortex-a53_musl/usr/lib/libiconv-stub/include -I/home/voyager717/Downloads/SDK_Sourcecode/build_openwrt_new/AX3000-MT7981-Z8102AX/staging_dir/target-aarch64_cortex-a53_musl/usr/lib/libintl-stub/include -fmacro-prefix-map=/home/voyager717/Downloads/SDK_Sourcecode/build_openwrt_new/AX3000-MT7981-Z8102AX/build_dir/target-aarch64_cortex-a53_musl/binutils-2.35.1=binutils-2.35.1 -Wformat -Werror=format-security -fstack-protector -D_FORTIFY_SOURCE=1 -Wl,-z,now -Wl,-z,relro -DPIC -fPIC -Wno-unused-value   conftest.c >&5
conftest.c:54:10: fatal error: minix/config.h: No such file or directory
 #include <minix/config.h>
          ^~~~~~~~~~~~~~~~
compilation terminated.
configure:5055: $? = 1
configure: failed program was:
| /* confdefs.h */
| #define PACKAGE_NAME "gprof"
| #define PACKAGE_TARNAME "gprof"
| #define PACKAGE_VERSION "2.35.1"
| #define PACKAGE_STRING "gprof 2.35.1"
| #define PACKAGE_BUGREPORT ""
| #define PACKAGE_URL ""
| #define PACKAGE "gprof"
| #define VERSION "2.35.1"
| #define STDC_HEADERS 1
| #define HAVE_SYS_TYPES_H 1
| #define HAVE_SYS_STAT_H 1
| #define HAVE_STDLIB_H 1
| #define HAVE_STRING_H 1
| #define HAVE_MEMORY_H 1
| #define HAVE_STRINGS_H 1
| #define HAVE_INTTYPES_H 1
| #define HAVE_STDINT_H 1
| #define HAVE_UNISTD_H 1
| /* end confdefs.h.  */
| #include <stdio.h>
| #ifdef HAVE_SYS_TYPES_H
| # include <sys/types.h>
| #endif
| #ifdef HAVE_SYS_STAT_H
| # include <sys/stat.h>
| #endif
| #ifdef STDC_HEADERS
| # include <stdlib.h>
| # include <stddef.h>
| #else
| # ifdef HAVE_STDLIB_H
| #  include <stdlib.h>
| # endif
| #endif
| #ifdef HAVE_STRING_H
| # if !defined STDC_HEADERS && defined HAVE_MEMORY_H
| #  include <memory.h>
| # endif
| # include <string.h>
| #endif
| #ifdef HAVE_STRINGS_H
| # include <strings.h>
| #endif
| #ifdef HAVE_INTTYPES_H
| # include <inttypes.h>
| #endif
| #ifdef HAVE_STDINT_H
| # include <stdint.h>
| #endif
| #ifdef HAVE_UNISTD_H
| # include <unistd.h>
| #endif
| #include <minix/config.h>
configure:5055: result: no
configure:5055: checking minix/config.h presence
configure:5055: aarch64-openwrt-linux-musl-gcc -E  conftest.c
conftest.c:21:10: fatal error: minix/config.h: No such file or directory
 #include <minix/config.h>
          ^~~~~~~~~~~~~~~~
compilation terminated.
configure:5055: $? = 1
configure: failed program was:
| /* confdefs.h */
| #define PACKAGE_NAME "gprof"
| #define PACKAGE_TARNAME "gprof"
| #define PACKAGE_VERSION "2.35.1"
| #define PACKAGE_STRING "gprof 2.35.1"
| #define PACKAGE_BUGREPORT ""
| #define PACKAGE_URL ""
| #define PACKAGE "gprof"
| #define VERSION "2.35.1"
| #define STDC_HEADERS 1
| #define HAVE_SYS_TYPES_H 1
| #define HAVE_SYS_STAT_H 1
| #define HAVE_STDLIB_H 1
| #define HAVE_STRING_H 1
| #define HAVE_MEMORY_H 1
| #define HAVE_STRINGS_H 1
| #define HAVE_INTTYPES_H 1
| #define HAVE_STDINT_H 1
| #define HAVE_UNISTD_H 1
| /* end confdefs.h.  */
| #include <minix/config.h>
configure:5055: result: no
configure:5055: checking for minix/config.h
configure:5055: result: no
configure:5076: checking whether it is safe to define __EXTENSIONS__
configure:5094: aarch64-openwrt-linux-musl-gcc -c -Os -pipe -mcpu=cortex-a53 -fno-caller-saves -fno-plt -fhonour-copts -Wno-error=unused-but-set-variable -Wno-error=unused-result -I/home/voyager717/Downloads/SDK_Sourcecode/build_openwrt_new/AX3000-MT7981-Z8102AX/staging_dir/target-aarch64_cortex-a53_musl/usr/lib/libiconv-stub/include -I/home/voyager717/Downloads/SDK_Sourcecode/build_openwrt_new/AX3000-MT7981-Z8102AX/staging_dir/target-aarch64_cortex-a53_musl/usr/lib/libintl-stub/include -fmacro-prefix-map=/home/voyager717/Downloads/SDK_Sourcecode/build_openwrt_new/AX3000-MT7981-Z8102AX/build_dir/target-aarch64_cortex-a53_musl/binutils-2.35.1=binutils-2.35.1 -Wformat -Werror=format-security -fstack-protector -D_FORTIFY_SOURCE=1 -Wl,-z,now -Wl,-z,relro -DPIC -fPIC -Wno-unused-value   conftest.c >&5
configure:5094: $? = 0
configure:5101: result: yes
configure:5165: checking how to print strings
configure:5192: result: printf
configure:5213: checking for a sed that does not truncate output
configure:5277: result: /home/voyager717/Downloads/SDK_Sourcecode/build_openwrt_new/AX3000-MT7981-Z8102AX/staging_dir/host/bin/sed
configure:5295: checking for fgrep
configure:5357: result: /home/voyager717/Downloads/SDK_Sourcecode/build_openwrt_new/AX3000-MT7981-Z8102AX/staging_dir/host/bin/grep -F
configure:5392: checking for ld used by aarch64-openwrt-linux-musl-gcc
configure:5459: result: aarch64-openwrt-linux-musl-ld
configure:5466: checking if the linker (aarch64-openwrt-linux-musl-ld) is GNU ld
configure:5481: result: yes
configure:5493: checking for BSD- or MS-compatible name lister (nm)
configure:5542: result: aarch64-openwrt-linux-musl-gcc-nm
configure:5672: checking the name lister (aarch64-openwrt-linux-musl-gcc-nm) interface
configure:5679: aarch64-openwrt-linux-musl-gcc -c -Os -pipe -mcpu=cortex-a53 -fno-caller-saves -fno-plt -fhonour-copts -Wno-error=unused-but-set-variable -Wno-error=unused-result -I/home/voyager717/Downloads/SDK_Sourcecode/build_openwrt_new/AX3000-MT7981-Z8102AX/staging_dir/target-aarch64_cortex-a53_musl/usr/lib/libiconv-stub/include -I/home/voyager717/Downloads/SDK_Sourcecode/build_openwrt_new/AX3000-MT7981-Z8102AX/staging_dir/target-aarch64_cortex-a53_musl/usr/lib/libintl-stub/include -fmacro-prefix-map=/home/voyager717/Downloads/SDK_Sourcecode/build_openwrt_new/AX3000-MT7981-Z8102AX/build_dir/target-aarch64_cortex-a53_musl/binutils-2.35.1=binutils-2.35.1 -Wformat -Werror=format-security -fstack-protector -D_FORTIFY_SOURCE=1 -Wl,-z,now -Wl,-z,relro -DPIC -fPIC -Wno-unused-value   conftest.c >&5
configure:5682: aarch64-openwrt-linux-musl-gcc-nm "conftest.o"
configure:5685: output
0000000000000000 B some_variable
configure:5692: result: BSD nm
configure:5695: checking whether ln -s works
configure:5699: result: yes
configure:5707: checking the maximum length of command line arguments
configure:5832: result: 1572864
configure:5849: checking whether the shell understands some XSI constructs
configure:5859: result: yes
configure:5863: checking whether the shell understands "+="
configure:5869: result: yes
configure:5904: checking for aarch64-openwrt-linux-musl-ld option to reload object files
configure:5911: result: -r
configure:5940: checking for aarch64-openwrt-linux-musl-objdump
configure:5967: result: aarch64-openwrt-linux-musl-objdump
configure:6039: checking how to recognize dependent libraries
configure:6240: result: pass_all
configure:6260: checking for aarch64-openwrt-linux-musl-ar
configure:6287: result: aarch64-openwrt-linux-musl-gcc-ar
configure:6365: checking for aarch64-openwrt-linux-musl-strip
configure:6392: result: aarch64-openwrt-linux-musl-strip
configure:6464: checking for aarch64-openwrt-linux-musl-ranlib
configure:6491: result: aarch64-openwrt-linux-musl-gcc-ranlib
configure:6633: checking command to parse aarch64-openwrt-linux-musl-gcc-nm output from aarch64-openwrt-linux-musl-gcc object
configure:6751: aarch64-openwrt-linux-musl-gcc -c -Os -pipe -mcpu=cortex-a53 -fno-caller-saves -fno-plt -fhonour-copts -Wno-error=unused-but-set-variable -Wno-error=unused-result -I/home/voyager717/Downloads/SDK_Sourcecode/build_openwrt_new/AX3000-MT7981-Z8102AX/staging_dir/target-aarch64_cortex-a53_musl/usr/lib/libiconv-stub/include -I/home/voyager717/Downloads/SDK_Sourcecode/build_openwrt_new/AX3000-MT7981-Z8102AX/staging_dir/target-aarch64_cortex-a53_musl/usr/lib/libintl-stub/include -fmacro-prefix-map=/home/voyager717/Downloads/SDK_Sourcecode/build_openwrt_new/AX3000-MT7981-Z8102AX/build_dir/target-aarch64_cortex-a53_musl/binutils-2.35.1=binutils-2.35.1 -Wformat -Werror=format-security -fstack-protector -D_FORTIFY_SOURCE=1 -Wl,-z,now -Wl,-z,relro -DPIC -fPIC -Wno-unused-value   conftest.c >&5
configure:6754: $? = 0
configure:6758: aarch64-openwrt-linux-musl-gcc-nm conftest.o \| sed -n -e 's/^.*[ ]\([ABCDGIRSTW][ABCDGIRSTW]*\)[ ][ ]*\([_A-Za-z][_A-Za-z0-9]*\)$/\1 \2 \2/p' \> conftest.nm
configure:6761: $? = 0
configure:6815: aarch64-openwrt-linux-musl-gcc -o conftest -Os -pipe -mcpu=cortex-a53 -fno-caller-saves -fno-plt -fhonour-copts -Wno-error=unused-but-set-variable -Wno-error=unused-result -I/home/voyager717/Downloads/SDK_Sourcecode/build_openwrt_new/AX3000-MT7981-Z8102AX/staging_dir/target-aarch64_cortex-a53_musl/usr/lib/libiconv-stub/include -I/home/voyager717/Downloads/SDK_Sourcecode/build_openwrt_new/AX3000-MT7981-Z8102AX/staging_dir/target-aarch64_cortex-a53_musl/usr/lib/libintl-stub/include -fmacro-prefix-map=/home/voyager717/Downloads/SDK_Sourcecode/build_openwrt_new/AX3000-MT7981-Z8102AX/build_dir/target-aarch64_cortex-a53_musl/binutils-2.35.1=binutils-2.35.1 -Wformat -Werror=format-security -fstack-protector -D_FORTIFY_SOURCE=1 -Wl,-z,now -Wl,-z,relro -DPIC -fPIC -Wno-unused-value    -L/home/voyager717/Downloads/SDK_Sourcecode/build_openwrt_new/AX3000-MT7981-Z8102AX/staging_dir/toolchain-aarch64_cortex-a53_gcc-8.4.0_musl/usr/lib -L/home/voyager717/Downloads/SDK_Sourcecode/build_openwrt_new/AX3000-MT7981-Z8102AX/staging_dir/toolchain-aarch64_cortex-a53_gcc-8.4.0_musl/lib -L/home/voyager717/Downloads/SDK_Sourcecode/build_openwrt_new/AX3000-MT7981-Z8102AX/staging_dir/target-aarch64_cortex-a53_musl/usr/lib/libiconv-stub/lib -Wl,-rpath-link=/home/voyager717/Downloads/SDK_Sourcecode/build_openwrt_new/AX3000-MT7981-Z8102AX/staging_dir/target-aarch64_cortex-a53_musl/usr/lib/libiconv-stub/lib -L/home/voyager717/Downloads/SDK_Sourcecode/build_openwrt_new/AX3000-MT7981-Z8102AX/staging_dir/target-aarch64_cortex-a53_musl/usr/lib/libintl-stub/lib -Wl,-rpath-link=/home/voyager717/Downloads/SDK_Sourcecode/build_openwrt_new/AX3000-MT7981-Z8102AX/staging_dir/target-aarch64_cortex-a53_musl/usr/lib/libintl-stub/lib -znow -zrelro   conftest.c conftstm.o >&5
configure:6818: $? = 0
configure:6856: result: ok
configure:7704: checking for dlfcn.h
configure:7704: aarch64-openwrt-linux-musl-gcc -c -Os -pipe -mcpu=cortex-a53 -fno-caller-saves -fno-plt -fhonour-copts -Wno-error=unused-but-set-variable -Wno-error=unused-result -I/home/voyager717/Downloads/SDK_Sourcecode/build_openwrt_new/AX3000-MT7981-Z8102AX/staging_dir/target-aarch64_cortex-a53_musl/usr/lib/libiconv-stub/include -I/home/voyager717/Downloads/SDK_Sourcecode/build_openwrt_new/AX3000-MT7981-Z8102AX/staging_dir/target-aarch64_cortex-a53_musl/usr/lib/libintl-stub/include -fmacro-prefix-map=/home/voyager717/Downloads/SDK_Sourcecode/build_openwrt_new/AX3000-MT7981-Z8102AX/build_dir/target-aarch64_cortex-a53_musl/binutils-2.35.1=binutils-2.35.1 -Wformat -Werror=format-security -fstack-protector -D_FORTIFY_SOURCE=1 -Wl,-z,now -Wl,-z,relro -DPIC -fPIC -Wno-unused-value   conftest.c >&5
configure:7704: $? = 0
configure:7704: result: yes
configure:7891: checking for objdir
configure:7906: result: .libs
configure:8177: checking if aarch64-openwrt-linux-musl-gcc supports -fno-rtti -fno-exceptions
configure:8195: aarch64-openwrt-linux-musl-gcc -c -Os -pipe -mcpu=cortex-a53 -fno-caller-saves -fno-plt -fhonour-copts -Wno-error=unused-but-set-variable -Wno-error=unused-result -I/home/voyager717/Downloads/SDK_Sourcecode/build_openwrt_new/AX3000-MT7981-Z8102AX/staging_dir/target-aarch64_cortex-a53_musl/usr/lib/libiconv-stub/include -I/home/voyager717/Downloads/SDK_Sourcecode/build_openwrt_new/AX3000-MT7981-Z8102AX/staging_dir/target-aarch64_cortex-a53_musl/usr/lib/libintl-stub/include -fmacro-prefix-map=/home/voyager717/Downloads/SDK_Sourcecode/build_openwrt_new/AX3000-MT7981-Z8102AX/build_dir/target-aarch64_cortex-a53_musl/binutils-2.35.1=binutils-2.35.1 -Wformat -Werror=format-security -fstack-protector -D_FORTIFY_SOURCE=1 -Wl,-z,now -Wl,-z,relro -DPIC -fPIC -Wno-unused-value   -fno-rtti -fno-exceptions conftest.c >&5
cc1: warning: command line option '-fno-rtti' is valid for C++/ObjC++ but not for C
configure:8199: $? = 0
configure:8212: result: no
configure:8232: checking for aarch64-openwrt-linux-musl-gcc option to produce PIC
configure:8518: result: -fPIC -DPIC
configure:8530: checking if aarch64-openwrt-linux-musl-gcc PIC flag -fPIC -DPIC works
configure:8548: aarch64-openwrt-linux-musl-gcc -c -Os -pipe -mcpu=cortex-a53 -fno-caller-saves -fno-plt -fhonour-copts -Wno-error=unused-but-set-variable -Wno-error=unused-result -I/home/voyager717/Downloads/SDK_Sourcecode/build_openwrt_new/AX3000-MT7981-Z8102AX/staging_dir/target-aarch64_cortex-a53_musl/usr/lib/libiconv-stub/include -I/home/voyager717/Downloads/SDK_Sourcecode/build_openwrt_new/AX3000-MT7981-Z8102AX/staging_dir/target-aarch64_cortex-a53_musl/usr/lib/libintl-stub/include -fmacro-prefix-map=/home/voyager717/Downloads/SDK_Sourcecode/build_openwrt_new/AX3000-MT7981-Z8102AX/build_dir/target-aarch64_cortex-a53_musl/binutils-2.35.1=binutils-2.35.1 -Wformat -Werror=format-security -fstack-protector -D_FORTIFY_SOURCE=1 -Wl,-z,now -Wl,-z,relro -DPIC -fPIC -Wno-unused-value   -fPIC -DPIC -DPIC conftest.c >&5
configure:8552: $? = 0
configure:8565: result: yes
configure:8589: checking if aarch64-openwrt-linux-musl-gcc static flag -static works
configure:8617: result: yes
configure:8632: checking if aarch64-openwrt-linux-musl-gcc supports -c -o file.o
configure:8653: aarch64-openwrt-linux-musl-gcc -c -Os -pipe -mcpu=cortex-a53 -fno-caller-saves -fno-plt -fhonour-copts -Wno-error=unused-but-set-variable -Wno-error=unused-result -I/home/voyager717/Downloads/SDK_Sourcecode/build_openwrt_new/AX3000-MT7981-Z8102AX/staging_dir/target-aarch64_cortex-a53_musl/usr/lib/libiconv-stub/include -I/home/voyager717/Downloads/SDK_Sourcecode/build_openwrt_new/AX3000-MT7981-Z8102AX/staging_dir/target-aarch64_cortex-a53_musl/usr/lib/libintl-stub/include -fmacro-prefix-map=/home/voyager717/Downloads/SDK_Sourcecode/build_openwrt_new/AX3000-MT7981-Z8102AX/build_dir/target-aarch64_cortex-a53_musl/binutils-2.35.1=binutils-2.35.1 -Wformat -Werror=format-security -fstack-protector -D_FORTIFY_SOURCE=1 -Wl,-z,now -Wl,-z,relro -DPIC -fPIC -Wno-unused-value   -o out/conftest2.o conftest.c >&5
configure:8657: $? = 0
configure:8679: result: yes
configure:8687: checking if aarch64-openwrt-linux-musl-gcc supports -c -o file.o
configure:8734: result: yes
configure:8767: checking whether the aarch64-openwrt-linux-musl-gcc linker (aarch64-openwrt-linux-musl-ld) supports shared libraries
configure:9838: result: yes
configure:9875: checking whether -lc should be explicitly linked in
configure:9883: aarch64-openwrt-linux-musl-gcc -c -Os -pipe -mcpu=cortex-a53 -fno-caller-saves -fno-plt -fhonour-copts -Wno-error=unused-but-set-variable -Wno-error=unused-result -I/home/voyager717/Downloads/SDK_Sourcecode/build_openwrt_new/AX3000-MT7981-Z8102AX/staging_dir/target-aarch64_cortex-a53_musl/usr/lib/libiconv-stub/include -I/home/voyager717/Downloads/SDK_Sourcecode/build_openwrt_new/AX3000-MT7981-Z8102AX/staging_dir/target-aarch64_cortex-a53_musl/usr/lib/libintl-stub/include -fmacro-prefix-map=/home/voyager717/Downloads/SDK_Sourcecode/build_openwrt_new/AX3000-MT7981-Z8102AX/build_dir/target-aarch64_cortex-a53_musl/binutils-2.35.1=binutils-2.35.1 -Wformat -Werror=format-security -fstack-protector -D_FORTIFY_SOURCE=1 -Wl,-z,now -Wl,-z,relro -DPIC -fPIC -Wno-unused-value   conftest.c >&5
configure:9886: $? = 0
configure:9901: aarch64-openwrt-linux-musl-gcc -shared  -fPIC -DPIC conftest.o  -v -Wl,-soname -Wl,conftest -o conftest 2\>\&1 \| /home/voyager717/Downloads/SDK_Sourcecode/build_openwrt_new/AX3000-MT7981-Z8102AX/staging_dir/host/bin/grep  -lc  \>/dev/null 2\>\&1
configure:9904: $? = 0
configure:9918: result: no
configure:10083: checking dynamic linker characteristics
configure:10534: aarch64-openwrt-linux-musl-gcc -o conftest -Os -pipe -mcpu=cortex-a53 -fno-caller-saves -fno-plt -fhonour-copts -Wno-error=unused-but-set-variable -Wno-error=unused-result -I/home/voyager717/Downloads/SDK_Sourcecode/build_openwrt_new/AX3000-MT7981-Z8102AX/staging_dir/target-aarch64_cortex-a53_musl/usr/lib/libiconv-stub/include -I/home/voyager717/Downloads/SDK_Sourcecode/build_openwrt_new/AX3000-MT7981-Z8102AX/staging_dir/target-aarch64_cortex-a53_musl/usr/lib/libintl-stub/include -fmacro-prefix-map=/home/voyager717/Downloads/SDK_Sourcecode/build_openwrt_new/AX3000-MT7981-Z8102AX/build_dir/target-aarch64_cortex-a53_musl/binutils-2.35.1=binutils-2.35.1 -Wformat -Werror=format-security -fstack-protector -D_FORTIFY_SOURCE=1 -Wl,-z,now -Wl,-z,relro -DPIC -fPIC -Wno-unused-value    -L/home/voyager717/Downloads/SDK_Sourcecode/build_openwrt_new/AX3000-MT7981-Z8102AX/staging_dir/toolchain-aarch64_cortex-a53_gcc-8.4.0_musl/usr/lib -L/home/voyager717/Downloads/SDK_Sourcecode/build_openwrt_new/AX3000-MT7981-Z8102AX/staging_dir/toolchain-aarch64_cortex-a53_gcc-8.4.0_musl/lib -L/home/voyager717/Downloads/SDK_Sourcecode/build_openwrt_new/AX3000-MT7981-Z8102AX/staging_dir/target-aarch64_cortex-a53_musl/usr/lib/libiconv-stub/lib -Wl,-rpath-link=/home/voyager717/Downloads/SDK_Sourcecode/build_openwrt_new/AX3000-MT7981-Z8102AX/staging_dir/target-aarch64_cortex-a53_musl/usr/lib/libiconv-stub/lib -L/home/voyager717/Downloads/SDK_Sourcecode/build_openwrt_new/AX3000-MT7981-Z8102AX/staging_dir/target-aarch64_cortex-a53_musl/usr/lib/libintl-stub/lib -Wl,-rpath-link=/home/voyager717/Downloads/SDK_Sourcecode/build_openwrt_new/AX3000-MT7981-Z8102AX/staging_dir/target-aarch64_cortex-a53_musl/usr/lib/libintl-stub/lib -znow -zrelro   -Wl,-rpath -Wl,/foo conftest.c  >&5
configure:10534: $? = 0
configure:10756: result: GNU/Linux ld.so
configure:10863: checking how to hardcode library paths into programs
configure:10888: result: immediate
configure:11428: checking whether stripping libraries is possible
configure:11433: result: yes
configure:11468: checking if libtool supports shared libraries
configure:11470: result: yes
configure:11473: checking whether to build shared libraries
configure:11494: result: yes
configure:11497: checking whether to build static libraries
configure:11501: result: yes
configure:11549: checking for dlfcn.h
configure:11549: result: yes
configure:11562: checking for windows.h
configure:11562: aarch64-openwrt-linux-musl-gcc -c -Os -pipe -mcpu=cortex-a53 -fno-caller-saves -fno-plt -fhonour-copts -Wno-error=unused-but-set-variable -Wno-error=unused-result -I/home/voyager717/Downloads/SDK_Sourcecode/build_openwrt_new/AX3000-MT7981-Z8102AX/staging_dir/target-aarch64_cortex-a53_musl/usr/lib/libiconv-stub/include -I/home/voyager717/Downloads/SDK_Sourcecode/build_openwrt_new/AX3000-MT7981-Z8102AX/staging_dir/target-aarch64_cortex-a53_musl/usr/lib/libintl-stub/include -fmacro-prefix-map=/home/voyager717/Downloads/SDK_Sourcecode/build_openwrt_new/AX3000-MT7981-Z8102AX/build_dir/target-aarch64_cortex-a53_musl/binutils-2.35.1=binutils-2.35.1 -Wformat -Werror=format-security -fstack-protector -D_FORTIFY_SOURCE=1 -Wl,-z,now -Wl,-z,relro -DPIC -fPIC -Wno-unused-value   conftest.c >&5
conftest.c:63:10: fatal error: windows.h: No such file or directory
 #include <windows.h>
          ^~~~~~~~~~~
compilation terminated.
configure:11562: $? = 1
configure: failed program was:
| /* confdefs.h */
| #define PACKAGE_NAME "gprof"
| #define PACKAGE_TARNAME "gprof"
| #define PACKAGE_VERSION "2.35.1"
| #define PACKAGE_STRING "gprof 2.35.1"
| #define PACKAGE_BUGREPORT ""
| #define PACKAGE_URL ""
| #define PACKAGE "gprof"
| #define VERSION "2.35.1"
| #define STDC_HEADERS 1
| #define HAVE_SYS_TYPES_H 1
| #define HAVE_SYS_STAT_H 1
| #define HAVE_STDLIB_H 1
| #define HAVE_STRING_H 1
| #define HAVE_MEMORY_H 1
| #define HAVE_STRINGS_H 1
| #define HAVE_INTTYPES_H 1
| #define HAVE_STDINT_H 1
| #define HAVE_UNISTD_H 1
| #define __EXTENSIONS__ 1
| #define _ALL_SOURCE 1
| #define _GNU_SOURCE 1
| #define _POSIX_PTHREAD_SEMANTICS 1
| #define _TANDEM_SOURCE 1
| #define HAVE_DLFCN_H 1
| #define LT_OBJDIR ".libs/"
| #define HAVE_DLFCN_H 1
| /* end confdefs.h.  */
| #include <stdio.h>
| #ifdef HAVE_SYS_TYPES_H
| # include <sys/types.h>
| #endif
| #ifdef HAVE_SYS_STAT_H
| # include <sys/stat.h>
| #endif
| #ifdef STDC_HEADERS
| # include <stdlib.h>
| # include <stddef.h>
| #else
| # ifdef HAVE_STDLIB_H
| #  include <stdlib.h>
| # endif
| #endif
| #ifdef HAVE_STRING_H
| # if !defined STDC_HEADERS && defined HAVE_MEMORY_H
| #  include <memory.h>
| # endif
| # include <string.h>
| #endif
| #ifdef HAVE_STRINGS_H
| # include <strings.h>
| #endif
| #ifdef HAVE_INTTYPES_H
| # include <inttypes.h>
| #endif
| #ifdef HAVE_STDINT_H
| # include <stdint.h>
| #endif
| #ifdef HAVE_UNISTD_H
| # include <unistd.h>
| #endif
| 
| #include <windows.h>
configure:11562: result: no
configure:11589: checking for library containing dlsym
configure:11620: aarch64-openwrt-linux-musl-gcc -o conftest -Os -pipe -mcpu=cortex-a53 -fno-caller-saves -fno-plt -fhonour-copts -Wno-error=unused-but-set-variable -Wno-error=unused-result -I/home/voyager717/Downloads/SDK_Sourcecode/build_openwrt_new/AX3000-MT7981-Z8102AX/staging_dir/target-aarch64_cortex-a53_musl/usr/lib/libiconv-stub/include -I/home/voyager717/Downloads/SDK_Sourcecode/build_openwrt_new/AX3000-MT7981-Z8102AX/staging_dir/target-aarch64_cortex-a53_musl/usr/lib/libintl-stub/include -fmacro-prefix-map=/home/voyager717/Downloads/SDK_Sourcecode/build_openwrt_new/AX3000-MT7981-Z8102AX/build_dir/target-aarch64_cortex-a53_musl/binutils-2.35.1=binutils-2.35.1 -Wformat -Werror=format-security -fstack-protector -D_FORTIFY_SOURCE=1 -Wl,-z,now -Wl,-z,relro -DPIC -fPIC -Wno-unused-value    -L/home/voyager717/Downloads/SDK_Sourcecode/build_openwrt_new/AX3000-MT7981-Z8102AX/staging_dir/toolchain-aarch64_cortex-a53_gcc-8.4.0_musl/usr/lib -L/home/voyager717/Downloads/SDK_Sourcecode/build_openwrt_new/AX3000-MT7981-Z8102AX/staging_dir/toolchain-aarch64_cortex-a53_gcc-8.4.0_musl/lib -L/home/voyager717/Downloads/SDK_Sourcecode/build_openwrt_new/AX3000-MT7981-Z8102AX/staging_dir/target-aarch64_cortex-a53_musl/usr/lib/libiconv-stub/lib -Wl,-rpath-link=/home/voyager717/Downloads/SDK_Sourcecode/build_openwrt_new/AX3000-MT7981-Z8102AX/staging_dir/target-aarch64_cortex-a53_musl/usr/lib/libiconv-stub/lib -L/home/voyager717/Downloads/SDK_Sourcecode/build_openwrt_new/AX3000-MT7981-Z8102AX/staging_dir/target-aarch64_cortex-a53_musl/usr/lib/libintl-stub/lib -Wl,-rpath-link=/home/voyager717/Downloads/SDK_Sourcecode/build_openwrt_new/AX3000-MT7981-Z8102AX/staging_dir/target-aarch64_cortex-a53_musl/usr/lib/libintl-stub/lib -znow -zrelro   conftest.c  >&5
configure:11620: $? = 0
configure:11637: result: none required
configure:11668: checking for special C compiler options needed for large files
configure:11713: result: no
configure:11719: checking for _FILE_OFFSET_BITS value needed for large files
configure:11744: aarch64-openwrt-linux-musl-gcc -c -Os -pipe -mcpu=cortex-a53 -fno-caller-saves -fno-plt -fhonour-copts -Wno-error=unused-but-set-variable -Wno-error=unused-result -I/home/voyager717/Downloads/SDK_Sourcecode/build_openwrt_new/AX3000-MT7981-Z8102AX/staging_dir/target-aarch64_cortex-a53_musl/usr/lib/libiconv-stub/include -I/home/voyager717/Downloads/SDK_Sourcecode/build_openwrt_new/AX3000-MT7981-Z8102AX/staging_dir/target-aarch64_cortex-a53_musl/usr/lib/libintl-stub/include -fmacro-prefix-map=/home/voyager717/Downloads/SDK_Sourcecode/build_openwrt_new/AX3000-MT7981-Z8102AX/build_dir/target-aarch64_cortex-a53_musl/binutils-2.35.1=binutils-2.35.1 -Wformat -Werror=format-security -fstack-protector -D_FORTIFY_SOURCE=1 -Wl,-z,now -Wl,-z,relro -DPIC -fPIC -Wno-unused-value   conftest.c >&5
configure:11744: $? = 0
configure:11776: result: no
configure:11865: checking for setmode
configure:11865: aarch64-openwrt-linux-musl-gcc -o conftest -Os -pipe -mcpu=cortex-a53 -fno-caller-saves -fno-plt -fhonour-copts -Wno-error=unused-but-set-variable -Wno-error=unused-result -I/home/voyager717/Downloads/SDK_Sourcecode/build_openwrt_new/AX3000-MT7981-Z8102AX/staging_dir/target-aarch64_cortex-a53_musl/usr/lib/libiconv-stub/include -I/home/voyager717/Downloads/SDK_Sourcecode/build_openwrt_new/AX3000-MT7981-Z8102AX/staging_dir/target-aarch64_cortex-a53_musl/usr/lib/libintl-stub/include -fmacro-prefix-map=/home/voyager717/Downloads/SDK_Sourcecode/build_openwrt_new/AX3000-MT7981-Z8102AX/build_dir/target-aarch64_cortex-a53_musl/binutils-2.35.1=binutils-2.35.1 -Wformat -Werror=format-security -fstack-protector -D_FORTIFY_SOURCE=1 -Wl,-z,now -Wl,-z,relro -DPIC -fPIC -Wno-unused-value    -L/home/voyager717/Downloads/SDK_Sourcecode/build_openwrt_new/AX3000-MT7981-Z8102AX/staging_dir/toolchain-aarch64_cortex-a53_gcc-8.4.0_musl/usr/lib -L/home/voyager717/Downloads/SDK_Sourcecode/build_openwrt_new/AX3000-MT7981-Z8102AX/staging_dir/toolchain-aarch64_cortex-a53_gcc-8.4.0_musl/lib -L/home/voyager717/Downloads/SDK_Sourcecode/build_openwrt_new/AX3000-MT7981-Z8102AX/staging_dir/target-aarch64_cortex-a53_musl/usr/lib/libiconv-stub/lib -Wl,-rpath-link=/home/voyager717/Downloads/SDK_Sourcecode/build_openwrt_new/AX3000-MT7981-Z8102AX/staging_dir/target-aarch64_cortex-a53_musl/usr/lib/libiconv-stub/lib -L/home/voyager717/Downloads/SDK_Sourcecode/build_openwrt_new/AX3000-MT7981-Z8102AX/staging_dir/target-aarch64_cortex-a53_musl/usr/lib/libintl-stub/lib -Wl,-rpath-link=/home/voyager717/Downloads/SDK_Sourcecode/build_openwrt_new/AX3000-MT7981-Z8102AX/staging_dir/target-aarch64_cortex-a53_musl/usr/lib/libintl-stub/lib -znow -zrelro   conftest.c  >&5
/home/voyager717/Downloads/SDK_Sourcecode/build_openwrt_new/AX3000-MT7981-Z8102AX/staging_dir/toolchain-aarch64_cortex-a53_gcc-8.4.0_musl/lib/gcc/aarch64-openwrt-linux-musl/8.4.0/../../../../aarch64-openwrt-linux-musl/bin/ld: /home/voyager717/Downloads/SDK_Sourcecode/build_openwrt_new/AX3000-MT7981-Z8102AX/tmp/cckkmx3K.o: in function `main':
conftest.c:(.text.startup+0x4): undefined reference to `setmode'
/home/voyager717/Downloads/SDK_Sourcecode/build_openwrt_new/AX3000-MT7981-Z8102AX/staging_dir/toolchain-aarch64_cortex-a53_gcc-8.4.0_musl/lib/gcc/aarch64-openwrt-linux-musl/8.4.0/../../../../aarch64-openwrt-linux-musl/bin/ld: conftest.c:(.text.startup+0xc): undefined reference to `setmode'
collect2: error: ld returned 1 exit status
configure:11865: $? = 1
configure: failed program was:
| /* confdefs.h */
| #define PACKAGE_NAME "gprof"
| #define PACKAGE_TARNAME "gprof"
| #define PACKAGE_VERSION "2.35.1"
| #define PACKAGE_STRING "gprof 2.35.1"
| #define PACKAGE_BUGREPORT ""
| #define PACKAGE_URL ""
| #define PACKAGE "gprof"
| #define VERSION "2.35.1"
| #define STDC_HEADERS 1
| #define HAVE_SYS_TYPES_H 1
| #define HAVE_SYS_STAT_H 1
| #define HAVE_STDLIB_H 1
| #define HAVE_STRING_H 1
| #define HAVE_MEMORY_H 1
| #define HAVE_STRINGS_H 1
| #define HAVE_INTTYPES_H 1
| #define HAVE_STDINT_H 1
| #define HAVE_UNISTD_H 1
| #define __EXTENSIONS__ 1
| #define _ALL_SOURCE 1
| #define _GNU_SOURCE 1
| #define _POSIX_PTHREAD_SEMANTICS 1
| #define _TANDEM_SOURCE 1
| #define HAVE_DLFCN_H 1
| #define LT_OBJDIR ".libs/"
| #define HAVE_DLFCN_H 1
| /* end confdefs.h.  */
| /* Define setmode to an innocuous variant, in case <limits.h> declares setmode.
|    For example, HP-UX 11i <limits.h> declares gettimeofday.  */
| #define setmode innocuous_setmode
| 
| /* System header to define __stub macros and hopefully few prototypes,
|     which can conflict with char setmode (); below.
|     Prefer <limits.h> to <assert.h> if __STDC__ is defined, since
|     <limits.h> exists even on freestanding compilers.  */
| 
| #ifdef __STDC__
| # include <limits.h>
| #else
| # include <assert.h>
| #endif
| 
| #undef setmode
| 
| /* Override any GCC internal prototype to avoid an error.
|    Use char because int might match the return type of a GCC
|    builtin and then its argument prototype would still apply.  */
| #ifdef __cplusplus
| extern "C"
| #endif
| char setmode ();
| /* The GNU C library defines this for functions which it implements
|     to always fail with ENOSYS.  Some functions are actually named
|     something starting with __ and the normal name is an alias.  */
| #if defined __stub_setmode || defined __stub___setmode
| choke me
| #endif
| 
| int
| main ()
| {
| return setmode ();
|   ;
|   return 0;
| }
configure:11865: result: no
configure:11889: checking whether NLS is requested
configure:11892: result: no
configure:11960: checking whether NLS is requested
configure:11969: result: no
configure:12007: checking for msgfmt
configure:12038: result: /home/voyager717/Downloads/SDK_Sourcecode/build_openwrt_new/AX3000-MT7981-Z8102AX/staging_dir/hostpkg/bin/msgfmt
configure:12047: checking for gmsgfmt
configure:12078: result: /home/voyager717/Downloads/SDK_Sourcecode/build_openwrt_new/AX3000-MT7981-Z8102AX/staging_dir/hostpkg/bin/msgfmt
configure:12118: checking for xgettext
configure:12149: result: /home/voyager717/Downloads/SDK_Sourcecode/build_openwrt_new/AX3000-MT7981-Z8102AX/staging_dir/hostpkg/bin/xgettext
configure:12189: checking for msgmerge
configure:12219: result: /home/voyager717/Downloads/SDK_Sourcecode/build_openwrt_new/AX3000-MT7981-Z8102AX/staging_dir/hostpkg/bin/msgmerge
configure:12256: checking whether to enable maintainer-specific portions of Makefiles
configure:12265: result: no
configure:12290: checking sys/gmon_out.h usability
configure:12290: aarch64-openwrt-linux-musl-gcc -c -Os -pipe -mcpu=cortex-a53 -fno-caller-saves -fno-plt -fhonour-copts -Wno-error=unused-but-set-variable -Wno-error=unused-result -I/home/voyager717/Downloads/SDK_Sourcecode/build_openwrt_new/AX3000-MT7981-Z8102AX/staging_dir/target-aarch64_cortex-a53_musl/usr/lib/libiconv-stub/include -I/home/voyager717/Downloads/SDK_Sourcecode/build_openwrt_new/AX3000-MT7981-Z8102AX/staging_dir/target-aarch64_cortex-a53_musl/usr/lib/libintl-stub/include -fmacro-prefix-map=/home/voyager717/Downloads/SDK_Sourcecode/build_openwrt_new/AX3000-MT7981-Z8102AX/build_dir/target-aarch64_cortex-a53_musl/binutils-2.35.1=binutils-2.35.1 -Wformat -Werror=format-security -fstack-protector -D_FORTIFY_SOURCE=1 -Wl,-z,now -Wl,-z,relro -DPIC -fPIC -Wno-unused-value   conftest.c >&5
conftest.c:62:10: fatal error: sys/gmon_out.h: No such file or directory
 #include <sys/gmon_out.h>
          ^~~~~~~~~~~~~~~~
compilation terminated.
configure:12290: $? = 1
configure: failed program was:
| /* confdefs.h */
| #define PACKAGE_NAME "gprof"
| #define PACKAGE_TARNAME "gprof"
| #define PACKAGE_VERSION "2.35.1"
| #define PACKAGE_STRING "gprof 2.35.1"
| #define PACKAGE_BUGREPORT ""
| #define PACKAGE_URL ""
| #define PACKAGE "gprof"
| #define VERSION "2.35.1"
| #define STDC_HEADERS 1
| #define HAVE_SYS_TYPES_H 1
| #define HAVE_SYS_STAT_H 1
| #define HAVE_STDLIB_H 1
| #define HAVE_STRING_H 1
| #define HAVE_MEMORY_H 1
| #define HAVE_STRINGS_H 1
| #define HAVE_INTTYPES_H 1
| #define HAVE_STDINT_H 1
| #define HAVE_UNISTD_H 1
| #define __EXTENSIONS__ 1
| #define _ALL_SOURCE 1
| #define _GNU_SOURCE 1
| #define _POSIX_PTHREAD_SEMANTICS 1
| #define _TANDEM_SOURCE 1
| #define HAVE_DLFCN_H 1
| #define LT_OBJDIR ".libs/"
| #define HAVE_DLFCN_H 1
| /* end confdefs.h.  */
| #include <stdio.h>
| #ifdef HAVE_SYS_TYPES_H
| # include <sys/types.h>
| #endif
| #ifdef HAVE_SYS_STAT_H
| # include <sys/stat.h>
| #endif
| #ifdef STDC_HEADERS
| # include <stdlib.h>
| # include <stddef.h>
| #else
| # ifdef HAVE_STDLIB_H
| #  include <stdlib.h>
| # endif
| #endif
| #ifdef HAVE_STRING_H
| # if !defined STDC_HEADERS && defined HAVE_MEMORY_H
| #  include <memory.h>
| # endif
| # include <string.h>
| #endif
| #ifdef HAVE_STRINGS_H
| # include <strings.h>
| #endif
| #ifdef HAVE_INTTYPES_H
| # include <inttypes.h>
| #endif
| #ifdef HAVE_STDINT_H
| # include <stdint.h>
| #endif
| #ifdef HAVE_UNISTD_H
| # include <unistd.h>
| #endif
| #include <sys/gmon_out.h>
configure:12290: result: no
configure:12290: checking sys/gmon_out.h presence
configure:12290: aarch64-openwrt-linux-musl-gcc -E  conftest.c
conftest.c:29:10: fatal error: sys/gmon_out.h: No such file or directory
 #include <sys/gmon_out.h>
          ^~~~~~~~~~~~~~~~
compilation terminated.
configure:12290: $? = 1
configure: failed program was:
| /* confdefs.h */
| #define PACKAGE_NAME "gprof"
| #define PACKAGE_TARNAME "gprof"
| #define PACKAGE_VERSION "2.35.1"
| #define PACKAGE_STRING "gprof 2.35.1"
| #define PACKAGE_BUGREPORT ""
| #define PACKAGE_URL ""
| #define PACKAGE "gprof"
| #define VERSION "2.35.1"
| #define STDC_HEADERS 1
| #define HAVE_SYS_TYPES_H 1
| #define HAVE_SYS_STAT_H 1
| #define HAVE_STDLIB_H 1
| #define HAVE_STRING_H 1
| #define HAVE_MEMORY_H 1
| #define HAVE_STRINGS_H 1
| #define HAVE_INTTYPES_H 1
| #define HAVE_STDINT_H 1
| #define HAVE_UNISTD_H 1
| #define __EXTENSIONS__ 1
| #define _ALL_SOURCE 1
| #define _GNU_SOURCE 1
| #define _POSIX_PTHREAD_SEMANTICS 1
| #define _TANDEM_SOURCE 1
| #define HAVE_DLFCN_H 1
| #define LT_OBJDIR ".libs/"
| #define HAVE_DLFCN_H 1
| /* end confdefs.h.  */
| #include <sys/gmon_out.h>
configure:12290: result: no
configure:12290: checking for sys/gmon_out.h
configure:12290: result: no
configure:12301: checking for a known getopt prototype in unistd.h
configure:12317: aarch64-openwrt-linux-musl-gcc -c -Os -pipe -mcpu=cortex-a53 -fno-caller-saves -fno-plt -fhonour-copts -Wno-error=unused-but-set-variable -Wno-error=unused-result -I/home/voyager717/Downloads/SDK_Sourcecode/build_openwrt_new/AX3000-MT7981-Z8102AX/staging_dir/target-aarch64_cortex-a53_musl/usr/lib/libiconv-stub/include -I/home/voyager717/Downloads/SDK_Sourcecode/build_openwrt_new/AX3000-MT7981-Z8102AX/staging_dir/target-aarch64_cortex-a53_musl/usr/lib/libintl-stub/include -fmacro-prefix-map=/home/voyager717/Downloads/SDK_Sourcecode/build_openwrt_new/AX3000-MT7981-Z8102AX/build_dir/target-aarch64_cortex-a53_musl/binutils-2.35.1=binutils-2.35.1 -Wformat -Werror=format-security -fstack-protector -D_FORTIFY_SOURCE=1 -Wl,-z,now -Wl,-z,relro -DPIC -fPIC -Wno-unused-value   conftest.c >&5
configure:12317: $? = 0
configure:12325: result: yes
configure:12334: checking for library containing fabs
configure:12365: aarch64-openwrt-linux-musl-gcc -o conftest -Os -pipe -mcpu=cortex-a53 -fno-caller-saves -fno-plt -fhonour-copts -Wno-error=unused-but-set-variable -Wno-error=unused-result -I/home/voyager717/Downloads/SDK_Sourcecode/build_openwrt_new/AX3000-MT7981-Z8102AX/staging_dir/target-aarch64_cortex-a53_musl/usr/lib/libiconv-stub/include -I/home/voyager717/Downloads/SDK_Sourcecode/build_openwrt_new/AX3000-MT7981-Z8102AX/staging_dir/target-aarch64_cortex-a53_musl/usr/lib/libintl-stub/include -fmacro-prefix-map=/home/voyager717/Downloads/SDK_Sourcecode/build_openwrt_new/AX3000-MT7981-Z8102AX/build_dir/target-aarch64_cortex-a53_musl/binutils-2.35.1=binutils-2.35.1 -Wformat -Werror=format-security -fstack-protector -D_FORTIFY_SOURCE=1 -Wl,-z,now -Wl,-z,relro -DPIC -fPIC -Wno-unused-value    -L/home/voyager717/Downloads/SDK_Sourcecode/build_openwrt_new/AX3000-MT7981-Z8102AX/staging_dir/toolchain-aarch64_cortex-a53_gcc-8.4.0_musl/usr/lib -L/home/voyager717/Downloads/SDK_Sourcecode/build_openwrt_new/AX3000-MT7981-Z8102AX/staging_dir/toolchain-aarch64_cortex-a53_gcc-8.4.0_musl/lib -L/home/voyager717/Downloads/SDK_Sourcecode/build_openwrt_new/AX3000-MT7981-Z8102AX/staging_dir/target-aarch64_cortex-a53_musl/usr/lib/libiconv-stub/lib -Wl,-rpath-link=/home/voyager717/Downloads/SDK_Sourcecode/build_openwrt_new/AX3000-MT7981-Z8102AX/staging_dir/target-aarch64_cortex-a53_musl/usr/lib/libiconv-stub/lib -L/home/voyager717/Downloads/SDK_Sourcecode/build_openwrt_new/AX3000-MT7981-Z8102AX/staging_dir/target-aarch64_cortex-a53_musl/usr/lib/libintl-stub/lib -Wl,-rpath-link=/home/voyager717/Downloads/SDK_Sourcecode/build_openwrt_new/AX3000-MT7981-Z8102AX/staging_dir/target-aarch64_cortex-a53_musl/usr/lib/libintl-stub/lib -znow -zrelro   conftest.c  >&5
conftest.c:37:6: warning: conflicting types for built-in function 'fabs' [-Wbuiltin-declaration-mismatch]
 char fabs ();
      ^~~~
configure:12365: $? = 0
configure:12382: result: none required
configure:12608: updating cache ./config.cache
configure:12652: checking that generated files are newer than configure
configure:12658: result: done
configure:12689: creating ./config.status

## ---------------------- ##
## Running config.status. ##
## ---------------------- ##

This file was extended by gprof config.status 2.35.1, which was
generated by GNU Autoconf 2.69.  Invocation command line was

  CONFIG_FILES    = 
  CONFIG_HEADERS  = 
  CONFIG_LINKS    = 
  CONFIG_COMMANDS = 
  $ ./config.status 

on it-labs13

config.status:1128: creating Makefile
config.status:1128: creating po/Makefile.in
config.status:1128: creating gconfig.h
config.status:1357: executing depfiles commands
config.status:1357: executing libtool commands
config.status:1357: executing default-1 commands

## ---------------- ##
## Cache variables. ##
## ---------------- ##

ac_cv_build=x86_64-pc-linux-gnu
ac_cv_c_bigendian=no
ac_cv_c_compiler_gnu=yes
ac_cv_c_gettext_without_libintl=yes
ac_cv_c_littleendian=yes
ac_cv_c_long_double=no
ac_cv_conv_longlong_to_float=yes
ac_cv_env_CC_set=set
ac_cv_env_CC_value=aarch64-openwrt-linux-musl-gcc
ac_cv_env_CFLAGS_set=set
ac_cv_env_CFLAGS_value='-Os -pipe -mcpu=cortex-a53 -fno-caller-saves -fno-plt -fhonour-copts -Wno-error=unused-but-set-variable -Wno-error=unused-result -I/home/voyager717/Downloads/SDK_Sourcecode/build_openwrt_new/AX3000-MT7981-Z8102AX/staging_dir/target-aarch64_cortex-a53_musl/usr/lib/libiconv-stub/include -I/home/voyager717/Downloads/SDK_Sourcecode/build_openwrt_new/AX3000-MT7981-Z8102AX/staging_dir/target-aarch64_cortex-a53_musl/usr/lib/libintl-stub/include -fmacro-prefix-map=/home/voyager717/Downloads/SDK_Sourcecode/build_openwrt_new/AX3000-MT7981-Z8102AX/build_dir/target-aarch64_cortex-a53_musl/binutils-2.35.1=binutils-2.35.1 -Wformat -Werror=format-security -fstack-protector -D_FORTIFY_SOURCE=1 -Wl,-z,now -Wl,-z,relro -DPIC -fPIC -Wno-unused-value '
ac_cv_env_CPPFLAGS_set=
ac_cv_env_CPPFLAGS_value=
ac_cv_env_CPP_set=
ac_cv_env_CPP_value=
ac_cv_env_LDFLAGS_set=set
ac_cv_env_LDFLAGS_value=' -L/home/voyager717/Downloads/SDK_Sourcecode/build_openwrt_new/AX3000-MT7981-Z8102AX/staging_dir/toolchain-aarch64_cortex-a53_gcc-8.4.0_musl/usr/lib -L/home/voyager717/Downloads/SDK_Sourcecode/build_openwrt_new/AX3000-MT7981-Z8102AX/staging_dir/toolchain-aarch64_cortex-a53_gcc-8.4.0_musl/lib -L/home/voyager717/Downloads/SDK_Sourcecode/build_openwrt_new/AX3000-MT7981-Z8102AX/staging_dir/target-aarch64_cortex-a53_musl/usr/lib/libiconv-stub/lib -Wl,-rpath-link=/home/voyager717/Downloads/SDK_Sourcecode/build_openwrt_new/AX3000-MT7981-Z8102AX/staging_dir/target-aarch64_cortex-a53_musl/usr/lib/libiconv-stub/lib -L/home/voyager717/Downloads/SDK_Sourcecode/build_openwrt_new/AX3000-MT7981-Z8102AX/staging_dir/target-aarch64_cortex-a53_musl/usr/lib/libintl-stub/lib -Wl,-rpath-link=/home/voyager717/Downloads/SDK_Sourcecode/build_openwrt_new/AX3000-MT7981-Z8102AX/staging_dir/target-aarch64_cortex-a53_musl/usr/lib/libintl-stub/lib -znow -zrelro  '
ac_cv_env_LIBS_set=
ac_cv_env_LIBS_value=
ac_cv_env_build_alias_set=set
ac_cv_env_build_alias_value=x86_64-pc-linux-gnu
ac_cv_env_host_alias_set=set
ac_cv_env_host_alias_value=aarch64-openwrt-linux-musl
ac_cv_env_target_alias_set=set
ac_cv_env_target_alias_value=aarch64-openwrt-linux-musl
ac_cv_file__dev_zero=yes
ac_cv_func___adjtimex=yes
ac_cv_func___va_copy=no
ac_cv_func__exit=yes
ac_cv_func_bcmp=yes
ac_cv_func_bcopy=yes
ac_cv_func_bzero=yes
ac_cv_func_cimag=yes
ac_cv_func_creal=yes
ac_cv_func_fchmod=yes
ac_cv_func_getaddrinfo=yes
ac_cv_func_getcwd=yes
ac_cv_func_getdomainname=yes
ac_cv_func_getpgrp_void=yes
ac_cv_func_getpwuid_r=yes
ac_cv_func_gettimeofday=yes
ac_cv_func_index=yes
ac_cv_func_lstat=yes
ac_cv_func_lstat_dereferences_slashed_symlink=yes
ac_cv_func_lstat_empty_string_bug=no
ac_cv_func_malloc_0_nonnull=yes
ac_cv_func_malloc_works=yes
ac_cv_func_memcmp_clean=yes
ac_cv_func_memcmp_working=yes
ac_cv_func_posix_getgrgid_r=yes
ac_cv_func_posix_getpwuid_r=yes
ac_cv_func_psignal=yes
ac_cv_func_pthread_key_delete=yes
ac_cv_func_realloc_0_nonnull=yes
ac_cv_func_realloc_works=yes
ac_cv_func_rename=yes
ac_cv_func_rindex=yes
ac_cv_func_setgrent_void=yes
ac_cv_func_setlocale=yes
ac_cv_func_setmode=no
ac_cv_func_setpgrp_void=yes
ac_cv_func_setresuid=no
ac_cv_func_setvbuf_reversed=no
ac_cv_func_stat_empty_string_bug=no
ac_cv_func_stat_ignores_trailing_slash=no
ac_cv_func_strerror=yes
ac_cv_func_strftime=yes
ac_cv_func_utimes=yes
ac_cv_func_va_copy=no
ac_cv_func_vsnprintf=yes
ac_cv_have_accrights_in_msghdr=no
ac_cv_have_broken_snprintf=no
ac_cv_have_control_in_msghdr=yes
ac_cv_have_decl_sys_siglist=no
ac_cv_have_openpty_ctty_bug=yes
ac_cv_have_space_d_name_in_struct_dirent=yes
ac_cv_header_dlfcn_h=yes
ac_cv_header_inttypes_h=yes
ac_cv_header_memory_h=yes
ac_cv_header_minix_config_h=no
ac_cv_header_netinet_sctp_h=no
ac_cv_header_netinet_sctp_uio_h=no
ac_cv_header_stdc=yes
ac_cv_header_stdint_h=yes
ac_cv_header_stdlib_h=yes
ac_cv_header_string_h=yes
ac_cv_header_strings_h=yes
ac_cv_header_sys_gmon_out_h=no
ac_cv_header_sys_stat_h=yes
ac_cv_header_sys_types_h=yes
ac_cv_header_unistd_h=yes
ac_cv_header_windows_h=no
ac_cv_host=aarch64-openwrt-linux-musl
ac_cv_int64_t=yes
ac_cv_lbl_unaligned_fail=no
ac_cv_linux_kernel_pppoe=yes
ac_cv_linux_vers=2
ac_cv_objext=o
ac_cv_pack_bitfields_reversed=yes
ac_cv_path_EGREP='/home/voyager717/Downloads/SDK_Sourcecode/build_openwrt_new/AX3000-MT7981-Z8102AX/staging_dir/host/bin/grep -E'
ac_cv_path_FGREP='/home/voyager717/Downloads/SDK_Sourcecode/build_openwrt_new/AX3000-MT7981-Z8102AX/staging_dir/host/bin/grep -F'
ac_cv_path_GMSGFMT=/home/voyager717/Downloads/SDK_Sourcecode/build_openwrt_new/AX3000-MT7981-Z8102AX/staging_dir/hostpkg/bin/msgfmt
ac_cv_path_GREP=/home/voyager717/Downloads/SDK_Sourcecode/build_openwrt_new/AX3000-MT7981-Z8102AX/staging_dir/host/bin/grep
ac_cv_path_LDCONFIG=
ac_cv_path_MSGFMT=/home/voyager717/Downloads/SDK_Sourcecode/build_openwrt_new/AX3000-MT7981-Z8102AX/staging_dir/hostpkg/bin/msgfmt
ac_cv_path_MSGMERGE=/home/voyager717/Downloads/SDK_Sourcecode/build_openwrt_new/AX3000-MT7981-Z8102AX/staging_dir/hostpkg/bin/msgmerge
ac_cv_path_SED=/home/voyager717/Downloads/SDK_Sourcecode/build_openwrt_new/AX3000-MT7981-Z8102AX/staging_dir/host/bin/sed
ac_cv_path_XGETTEXT=/home/voyager717/Downloads/SDK_Sourcecode/build_openwrt_new/AX3000-MT7981-Z8102AX/staging_dir/hostpkg/bin/xgettext
ac_cv_path_mkdir=/usr/bin/mkdir
ac_cv_prog_AR=aarch64-openwrt-linux-musl-gcc-ar
ac_cv_prog_AWK=gawk
ac_cv_prog_CC=aarch64-openwrt-linux-musl-gcc
ac_cv_prog_CPP='aarch64-openwrt-linux-musl-gcc -E'
ac_cv_prog_OBJDUMP=aarch64-openwrt-linux-musl-objdump
ac_cv_prog_RANLIB=aarch64-openwrt-linux-musl-gcc-ranlib
ac_cv_prog_STRIP=aarch64-openwrt-linux-musl-strip
ac_cv_prog_cc_c89=
ac_cv_prog_cc_g=yes
ac_cv_prog_make_make_set=yes
ac_cv_regexec_segfault_emptystr=no
ac_cv_safe_to_define___extensions__=yes
ac_cv_sctp=no
ac_cv_search_dlsym='none required'
ac_cv_search_fabs='none required'
ac_cv_search_strerror='none required'
ac_cv_sizeof___int64=8
ac_cv_sizeof_char=1
ac_cv_sizeof_int16_t=2
ac_cv_sizeof_int32_t=4
ac_cv_sizeof_int64_t=8
ac_cv_sizeof_int=4
ac_cv_sizeof_long=8
ac_cv_sizeof_long_int=8
ac_cv_sizeof_long_long=8
ac_cv_sizeof_off_t=8
ac_cv_sizeof_short=2
ac_cv_sizeof_short_int=2
ac_cv_sizeof_size_t=8
ac_cv_sizeof_ssize_t=8
ac_cv_sizeof_u_int16_t=2
ac_cv_sizeof_u_int32_t=4
ac_cv_sizeof_u_int64_t=8
ac_cv_sizeof_uint16_t=2
ac_cv_sizeof_uint32_t=4
ac_cv_sizeof_uint64_t=8
ac_cv_sizeof_unsigned_int=4
ac_cv_sizeof_unsigned_long=8
ac_cv_sizeof_unsigned_long_long=8
ac_cv_sizeof_unsigned_short=2
ac_cv_sizeof_void_p=8
ac_cv_sys_file_offset_bits=no
ac_cv_sys_largefile_CC=no
ac_cv_sys_restartable_syscalls=yes
ac_cv_target=aarch64-openwrt-linux-musl
ac_cv_time_r_type=POSIX
ac_cv_type_suseconds_t=yes
ac_cv_uchar=no
ac_cv_uint64_t=yes
ac_cv_uint=yes
ac_cv_ulong=yes
ac_cv_ushort=yes
ac_cv_va_copy=C99
ac_cv_va_val_copy=yes
am_cv_CC_dependencies_compiler_type=gcc3
am_cv_make_support_nested_variables=yes
am_cv_prog_cc_c_o=yes
as_cv_unaligned_access=yes
gprof_cv_decl_getopt_unistd_h=yes
lt_cv_archive_cmds_need_lc=no
lt_cv_deplibs_check_method=pass_all
lt_cv_file_magic_cmd='$MAGIC_CMD'
lt_cv_file_magic_test_file=
lt_cv_ld_reload_flag=-r
lt_cv_nm_interface='BSD nm'
lt_cv_objdir=.libs
lt_cv_path_LD=aarch64-openwrt-linux-musl-ld
lt_cv_path_NM=aarch64-openwrt-linux-musl-gcc-nm
lt_cv_prog_compiler_c_o=yes
lt_cv_prog_compiler_pic_works=yes
lt_cv_prog_compiler_rtti_exceptions=no
lt_cv_prog_compiler_static_works=yes
lt_cv_prog_gnu_ld=yes
lt_cv_shlibpath_overrides_runpath=no
lt_cv_sys_global_symbol_pipe='sed -n -e '\''s/^.*[	 ]\([ABCDGIRSTW][ABCDGIRSTW]*\)[	 ][	 ]*\([_A-Za-z][_A-Za-z0-9]*\)$/\1 \2 \2/p'\'''
lt_cv_sys_global_symbol_to_c_name_address='sed -n -e '\''s/^: \([^ ]*\) $/  {\"\1\", (void *) 0},/p'\'' -e '\''s/^[ABCDGIRSTW]* \([^ ]*\) \([^ ]*\)$/  {"\2", (void *) \&\2},/p'\'''
lt_cv_sys_global_symbol_to_c_name_address_lib_prefix='sed -n -e '\''s/^: \([^ ]*\) $/  {\"\1\", (void *) 0},/p'\'' -e '\''s/^[ABCDGIRSTW]* \([^ ]*\) \(lib[^ ]*\)$/  {"\2", (void *) \&\2},/p'\'' -e '\''s/^[ABCDGIRSTW]* \([^ ]*\) \([^ ]*\)$/  {"lib\2", (void *) \&\2},/p'\'''
lt_cv_sys_global_symbol_to_cdecl='sed -n -e '\''s/^T .* \(.*\)$/extern int \1();/p'\'' -e '\''s/^[ABCDGIRSTW]* .* \(.*\)$/extern char \1;/p'\'''
lt_cv_sys_max_cmd_len=1572864

## ----------------- ##
## Output variables. ##
## ----------------- ##

ACLOCAL='${SHELL} /home/voyager717/Downloads/SDK_Sourcecode/build_openwrt_new/AX3000-MT7981-Z8102AX/build_dir/target-aarch64_cortex-a53_musl/binutils-2.35.1/missing aclocal-1.15'
AMDEPBACKSLASH='\'
AMDEP_FALSE='#'
AMDEP_TRUE=''
AMTAR='$${TAR-tar}'
AM_BACKSLASH='\'
AM_DEFAULT_V='$(AM_DEFAULT_VERBOSITY)'
AM_DEFAULT_VERBOSITY='1'
AM_V='$(V)'
AR='aarch64-openwrt-linux-musl-gcc-ar'
AUTOCONF='${SHELL} /home/voyager717/Downloads/SDK_Sourcecode/build_openwrt_new/AX3000-MT7981-Z8102AX/build_dir/target-aarch64_cortex-a53_musl/binutils-2.35.1/missing autoconf'
AUTOHEADER='${SHELL} /home/voyager717/Downloads/SDK_Sourcecode/build_openwrt_new/AX3000-MT7981-Z8102AX/build_dir/target-aarch64_cortex-a53_musl/binutils-2.35.1/missing autoheader'
AUTOMAKE='${SHELL} /home/voyager717/Downloads/SDK_Sourcecode/build_openwrt_new/AX3000-MT7981-Z8102AX/build_dir/target-aarch64_cortex-a53_musl/binutils-2.35.1/missing automake-1.15'
AWK='gawk'
CATALOGS=''
CATOBJEXT=''
CC='aarch64-openwrt-linux-musl-gcc'
CCDEPMODE='depmode=gcc3'
CFLAGS='-Os -pipe -mcpu=cortex-a53 -fno-caller-saves -fno-plt -fhonour-copts -Wno-error=unused-but-set-variable -Wno-error=unused-result -I/home/voyager717/Downloads/SDK_Sourcecode/build_openwrt_new/AX3000-MT7981-Z8102AX/staging_dir/target-aarch64_cortex-a53_musl/usr/lib/libiconv-stub/include -I/home/voyager717/Downloads/SDK_Sourcecode/build_openwrt_new/AX3000-MT7981-Z8102AX/staging_dir/target-aarch64_cortex-a53_musl/usr/lib/libintl-stub/include -fmacro-prefix-map=/home/voyager717/Downloads/SDK_Sourcecode/build_openwrt_new/AX3000-MT7981-Z8102AX/build_dir/target-aarch64_cortex-a53_musl/binutils-2.35.1=binutils-2.35.1 -Wformat -Werror=format-security -fstack-protector -D_FORTIFY_SOURCE=1 -Wl,-z,now -Wl,-z,relro -DPIC -fPIC -Wno-unused-value '
CPP='aarch64-openwrt-linux-musl-gcc -E'
CPPFLAGS=''
CYGPATH_W='echo'
DATADIRNAME=''
DEFS='-DHAVE_CONFIG_H'
DEPDIR='.deps'
DSYMUTIL=''
DUMPBIN=''
ECHO_C=''
ECHO_N='-n'
ECHO_T=''
EGREP='/home/voyager717/Downloads/SDK_Sourcecode/build_openwrt_new/AX3000-MT7981-Z8102AX/staging_dir/host/bin/grep -E'
EXEEXT=''
FGREP='/home/voyager717/Downloads/SDK_Sourcecode/build_openwrt_new/AX3000-MT7981-Z8102AX/staging_dir/host/bin/grep -F'
GENCAT=''
GENINSRC_NEVER_FALSE=''
GENINSRC_NEVER_TRUE='#'
GMSGFMT='/home/voyager717/Downloads/SDK_Sourcecode/build_openwrt_new/AX3000-MT7981-Z8102AX/staging_dir/hostpkg/bin/msgfmt'
GREP='/home/voyager717/Downloads/SDK_Sourcecode/build_openwrt_new/AX3000-MT7981-Z8102AX/staging_dir/host/bin/grep'
INCINTL=''
INSTALL_DATA='/usr/bin/install -c -m 644'
INSTALL_PROGRAM='/usr/bin/install -c'
INSTALL_SCRIPT='/usr/bin/install -c'
INSTALL_STRIP_PROGRAM='$(install_sh) -c -s'
INSTOBJEXT=''
LD='aarch64-openwrt-linux-musl-ld'
LDFLAGS=' -L/home/voyager717/Downloads/SDK_Sourcecode/build_openwrt_new/AX3000-MT7981-Z8102AX/staging_dir/toolchain-aarch64_cortex-a53_gcc-8.4.0_musl/usr/lib -L/home/voyager717/Downloads/SDK_Sourcecode/build_openwrt_new/AX3000-MT7981-Z8102AX/staging_dir/toolchain-aarch64_cortex-a53_gcc-8.4.0_musl/lib -L/home/voyager717/Downloads/SDK_Sourcecode/build_openwrt_new/AX3000-MT7981-Z8102AX/staging_dir/target-aarch64_cortex-a53_musl/usr/lib/libiconv-stub/lib -Wl,-rpath-link=/home/voyager717/Downloads/SDK_Sourcecode/build_openwrt_new/AX3000-MT7981-Z8102AX/staging_dir/target-aarch64_cortex-a53_musl/usr/lib/libiconv-stub/lib -L/home/voyager717/Downloads/SDK_Sourcecode/build_openwrt_new/AX3000-MT7981-Z8102AX/staging_dir/target-aarch64_cortex-a53_musl/usr/lib/libintl-stub/lib -Wl,-rpath-link=/home/voyager717/Downloads/SDK_Sourcecode/build_openwrt_new/AX3000-MT7981-Z8102AX/staging_dir/target-aarch64_cortex-a53_musl/usr/lib/libintl-stub/lib -znow -zrelro  '
LIBINTL=''
LIBINTL_DEP=''
LIBOBJS=''
LIBS=''
LIBTOOL='$(SHELL) $(top_builddir)/libtool'
LIPO=''
LN_S='ln -s'
LTLIBOBJS=''
MAINT='#'
MAINTAINER_MODE_FALSE=''
MAINTAINER_MODE_TRUE='#'
MAKEINFO='/home/voyager717/Downloads/SDK_Sourcecode/build_openwrt_new/AX3000-MT7981-Z8102AX/build_dir/target-aarch64_cortex-a53_musl/binutils-2.35.1/missing makeinfo --split-size=5000000'
MKDIR_P='/usr/bin/mkdir -p'
MKINSTALLDIRS='$(top_builddir)/./../mkinstalldirs'
MSGFMT='/home/voyager717/Downloads/SDK_Sourcecode/build_openwrt_new/AX3000-MT7981-Z8102AX/staging_dir/hostpkg/bin/msgfmt'
MSGMERGE='/home/voyager717/Downloads/SDK_Sourcecode/build_openwrt_new/AX3000-MT7981-Z8102AX/staging_dir/hostpkg/bin/msgmerge'
NM='aarch64-openwrt-linux-musl-gcc-nm'
NMEDIT=''
NO_WERROR=''
OBJDUMP='aarch64-openwrt-linux-musl-objdump'
OBJEXT='o'
OTOOL64=''
OTOOL=''
PACKAGE='gprof'
PACKAGE_BUGREPORT=''
PACKAGE_NAME='gprof'
PACKAGE_STRING='gprof 2.35.1'
PACKAGE_TARNAME='gprof'
PACKAGE_URL=''
PACKAGE_VERSION='2.35.1'
PATH_SEPARATOR=':'
POSUB=''
RANLIB='aarch64-openwrt-linux-musl-gcc-ranlib'
SED='/home/voyager717/Downloads/SDK_Sourcecode/build_openwrt_new/AX3000-MT7981-Z8102AX/staging_dir/host/bin/sed'
SET_MAKE=''
SHELL='/bin/bash'
STRIP='aarch64-openwrt-linux-musl-strip'
USE_NLS='no'
VERSION='2.35.1'
WARN_CFLAGS='-W -Wall -Wstrict-prototypes -Wmissing-prototypes -Wshadow -Wstack-usage=262144'
WARN_CFLAGS_FOR_BUILD='-W -Wall -Wstrict-prototypes -Wmissing-prototypes -Wshadow -Wstack-usage=262144'
WARN_WRITE_STRINGS='-Wwrite-strings'
XGETTEXT='/home/voyager717/Downloads/SDK_Sourcecode/build_openwrt_new/AX3000-MT7981-Z8102AX/staging_dir/hostpkg/bin/xgettext'
ac_ct_CC=''
ac_ct_DUMPBIN=''
am__EXEEXT_FALSE=''
am__EXEEXT_TRUE='#'
am__fastdepCC_FALSE='#'
am__fastdepCC_TRUE=''
am__include='include'
am__isrc=''
am__leading_dot='.'
am__nodep='_no'
am__quote=''
am__tar='$${TAR-tar} chof - "$$tardir"'
am__untar='$${TAR-tar} xf -'
bindir='/usr/bin'
build='x86_64-pc-linux-gnu'
build_alias='x86_64-pc-linux-gnu'
build_cpu='x86_64'
build_os='linux-gnu'
build_vendor='pc'
datadir='/usr/share'
datarootdir='${prefix}/share'
docdir='${datarootdir}/doc/${PACKAGE_TARNAME}'
dvidir='${docdir}'
exec_prefix='/usr'
host='aarch64-openwrt-linux-musl'
host_alias='aarch64-openwrt-linux-musl'
host_cpu='aarch64'
host_os='linux-musl'
host_vendor='openwrt'
htmldir='${docdir}'
includedir='${prefix}/include'
infodir='/usr/info'
install_sh='${SHELL} /home/voyager717/Downloads/SDK_Sourcecode/build_openwrt_new/AX3000-MT7981-Z8102AX/build_dir/target-aarch64_cortex-a53_musl/binutils-2.35.1/install-sh'
libdir='${exec_prefix}/lib'
libexecdir='/usr/lib'
localedir='${datarootdir}/locale'
localstatedir='/var'
mandir='/usr/man'
mkdir_p='$(MKDIR_P)'
oldincludedir='/usr/include'
pdfdir='${docdir}'
prefix='/usr'
program_transform_name='s&$$&&;s&^&&'
psdir='${docdir}'
sbindir='/usr/sbin'
sharedstatedir='${prefix}/com'
sysconfdir='/etc'
target='aarch64-openwrt-linux-musl'
target_alias='aarch64-openwrt-linux-musl'
target_cpu='aarch64'
target_os='linux-musl'
target_vendor='openwrt'

## ----------- ##
## confdefs.h. ##
## ----------- ##

/* confdefs.h */
#define PACKAGE_NAME "gprof"
#define PACKAGE_TARNAME "gprof"
#define PACKAGE_VERSION "2.35.1"
#define PACKAGE_STRING "gprof 2.35.1"
#define PACKAGE_BUGREPORT ""
#define PACKAGE_URL ""
#define PACKAGE "gprof"
#define VERSION "2.35.1"
#define STDC_HEADERS 1
#define HAVE_SYS_TYPES_H 1
#define HAVE_SYS_STAT_H 1
#define HAVE_STDLIB_H 1
#define HAVE_STRING_H 1
#define HAVE_MEMORY_H 1
#define HAVE_STRINGS_H 1
#define HAVE_INTTYPES_H 1
#define HAVE_STDINT_H 1
#define HAVE_UNISTD_H 1
#define __EXTENSIONS__ 1
#define _ALL_SOURCE 1
#define _GNU_SOURCE 1
#define _POSIX_PTHREAD_SEMANTICS 1
#define _TANDEM_SOURCE 1
#define HAVE_DLFCN_H 1
#define LT_OBJDIR ".libs/"
#define HAVE_DLFCN_H 1
#define HAVE_DECL_GETOPT 1

configure: exit 0
