Determining if the function wsyncup exists in the /usr/lib/x86_64-linux-gnu/libcurses.so passed with the following output:
Change Dir: /home/voyager717/Downloads/SDK_Sourcecode/build_openwrt_new/AX3000-MT7981-Z8102AX/build_dir/host/cmake-3.19.1/Source/Checks/Curses-build/CMakeFiles/CMakeTmp

Run Build Command(s):/usr/bin/gmake cmTC_c2db5/fast && gmake[4]: Entering directory '/home/voyager717/Downloads/SDK_Sourcecode/build_openwrt_new/AX3000-MT7981-Z8102AX/build_dir/host/cmake-3.19.1/Source/Checks/Curses-build/CMakeFiles/CMakeTmp'
gmake  -f CMakeFiles/cmTC_c2db5.dir/build.make CMakeFiles/cmTC_c2db5.dir/build
gmake[5]: Entering directory '/home/voyager717/Downloads/SDK_Sourcecode/build_openwrt_new/AX3000-MT7981-Z8102AX/build_dir/host/cmake-3.19.1/Source/Checks/Curses-build/CMakeFiles/CMakeTmp'
Building C object CMakeFiles/cmTC_c2db5.dir/CheckFunctionExists.c.o
/home/voyager717/Downloads/SDK_Sourcecode/build_openwrt_new/AX3000-MT7981-Z8102AX/staging_dir/host/bin/gcc   -O2 -I/home/voyager717/Downloads/SDK_Sourcecode/build_openwrt_new/AX3000-MT7981-Z8102AX/staging_dir/host/include -DCHECK_FUNCTION_EXISTS=wsyncup -o CMakeFiles/cmTC_c2db5.dir/CheckFunctionExists.c.o -c /home/voyager717/Downloads/SDK_Sourcecode/build_openwrt_new/AX3000-MT7981-Z8102AX/build_dir/host/cmake-3.19.1/Modules/CheckFunctionExists.c
Linking C executable cmTC_c2db5
/home/voyager717/Downloads/SDK_Sourcecode/build_openwrt_new/AX3000-MT7981-Z8102AX/build_dir/host/cmake-3.19.1/Bootstrap.cmk/cmake -E cmake_link_script CMakeFiles/cmTC_c2db5.dir/link.txt --verbose=1
/home/voyager717/Downloads/SDK_Sourcecode/build_openwrt_new/AX3000-MT7981-Z8102AX/staging_dir/host/bin/gcc -O2 -I/home/voyager717/Downloads/SDK_Sourcecode/build_openwrt_new/AX3000-MT7981-Z8102AX/staging_dir/host/include -DCHECK_FUNCTION_EXISTS=wsyncup -L/home/voyager717/Downloads/SDK_Sourcecode/build_openwrt_new/AX3000-MT7981-Z8102AX/staging_dir/host/lib  -rdynamic CMakeFiles/cmTC_c2db5.dir/CheckFunctionExists.c.o -o cmTC_c2db5  -lcurses 
gmake[5]: Leaving directory '/home/voyager717/Downloads/SDK_Sourcecode/build_openwrt_new/AX3000-MT7981-Z8102AX/build_dir/host/cmake-3.19.1/Source/Checks/Curses-build/CMakeFiles/CMakeTmp'
gmake[4]: Leaving directory '/home/voyager717/Downloads/SDK_Sourcecode/build_openwrt_new/AX3000-MT7981-Z8102AX/build_dir/host/cmake-3.19.1/Source/Checks/Curses-build/CMakeFiles/CMakeTmp'



Determining if the function cbreak exists in the /usr/lib/x86_64-linux-gnu/libncurses.so passed with the following output:
Change Dir: /home/voyager717/Downloads/SDK_Sourcecode/build_openwrt_new/AX3000-MT7981-Z8102AX/build_dir/host/cmake-3.19.1/Source/Checks/Curses-build/CMakeFiles/CMakeTmp

Run Build Command(s):/usr/bin/gmake cmTC_656c6/fast && gmake[4]: Entering directory '/home/voyager717/Downloads/SDK_Sourcecode/build_openwrt_new/AX3000-MT7981-Z8102AX/build_dir/host/cmake-3.19.1/Source/Checks/Curses-build/CMakeFiles/CMakeTmp'
gmake  -f CMakeFiles/cmTC_656c6.dir/build.make CMakeFiles/cmTC_656c6.dir/build
gmake[5]: Entering directory '/home/voyager717/Downloads/SDK_Sourcecode/build_openwrt_new/AX3000-MT7981-Z8102AX/build_dir/host/cmake-3.19.1/Source/Checks/Curses-build/CMakeFiles/CMakeTmp'
Building C object CMakeFiles/cmTC_656c6.dir/CheckFunctionExists.c.o
/home/voyager717/Downloads/SDK_Sourcecode/build_openwrt_new/AX3000-MT7981-Z8102AX/staging_dir/host/bin/gcc   -O2 -I/home/voyager717/Downloads/SDK_Sourcecode/build_openwrt_new/AX3000-MT7981-Z8102AX/staging_dir/host/include -DCHECK_FUNCTION_EXISTS=cbreak -o CMakeFiles/cmTC_656c6.dir/CheckFunctionExists.c.o -c /home/voyager717/Downloads/SDK_Sourcecode/build_openwrt_new/AX3000-MT7981-Z8102AX/build_dir/host/cmake-3.19.1/Modules/CheckFunctionExists.c
Linking C executable cmTC_656c6
/home/voyager717/Downloads/SDK_Sourcecode/build_openwrt_new/AX3000-MT7981-Z8102AX/build_dir/host/cmake-3.19.1/Bootstrap.cmk/cmake -E cmake_link_script CMakeFiles/cmTC_656c6.dir/link.txt --verbose=1
/home/voyager717/Downloads/SDK_Sourcecode/build_openwrt_new/AX3000-MT7981-Z8102AX/staging_dir/host/bin/gcc -O2 -I/home/voyager717/Downloads/SDK_Sourcecode/build_openwrt_new/AX3000-MT7981-Z8102AX/staging_dir/host/include -DCHECK_FUNCTION_EXISTS=cbreak -L/home/voyager717/Downloads/SDK_Sourcecode/build_openwrt_new/AX3000-MT7981-Z8102AX/staging_dir/host/lib  -rdynamic CMakeFiles/cmTC_656c6.dir/CheckFunctionExists.c.o -o cmTC_656c6  -lncurses 
gmake[5]: Leaving directory '/home/voyager717/Downloads/SDK_Sourcecode/build_openwrt_new/AX3000-MT7981-Z8102AX/build_dir/host/cmake-3.19.1/Source/Checks/Curses-build/CMakeFiles/CMakeTmp'
gmake[4]: Leaving directory '/home/voyager717/Downloads/SDK_Sourcecode/build_openwrt_new/AX3000-MT7981-Z8102AX/build_dir/host/cmake-3.19.1/Source/Checks/Curses-build/CMakeFiles/CMakeTmp'



Determining if the function nodelay exists in the /usr/lib/x86_64-linux-gnu/libncurses.so passed with the following output:
Change Dir: /home/voyager717/Downloads/SDK_Sourcecode/build_openwrt_new/AX3000-MT7981-Z8102AX/build_dir/host/cmake-3.19.1/Source/Checks/Curses-build/CMakeFiles/CMakeTmp

Run Build Command(s):/usr/bin/gmake cmTC_162f8/fast && gmake[4]: Entering directory '/home/voyager717/Downloads/SDK_Sourcecode/build_openwrt_new/AX3000-MT7981-Z8102AX/build_dir/host/cmake-3.19.1/Source/Checks/Curses-build/CMakeFiles/CMakeTmp'
gmake  -f CMakeFiles/cmTC_162f8.dir/build.make CMakeFiles/cmTC_162f8.dir/build
gmake[5]: Entering directory '/home/voyager717/Downloads/SDK_Sourcecode/build_openwrt_new/AX3000-MT7981-Z8102AX/build_dir/host/cmake-3.19.1/Source/Checks/Curses-build/CMakeFiles/CMakeTmp'
Building C object CMakeFiles/cmTC_162f8.dir/CheckFunctionExists.c.o
/home/voyager717/Downloads/SDK_Sourcecode/build_openwrt_new/AX3000-MT7981-Z8102AX/staging_dir/host/bin/gcc   -O2 -I/home/voyager717/Downloads/SDK_Sourcecode/build_openwrt_new/AX3000-MT7981-Z8102AX/staging_dir/host/include -DCHECK_FUNCTION_EXISTS=nodelay -o CMakeFiles/cmTC_162f8.dir/CheckFunctionExists.c.o -c /home/voyager717/Downloads/SDK_Sourcecode/build_openwrt_new/AX3000-MT7981-Z8102AX/build_dir/host/cmake-3.19.1/Modules/CheckFunctionExists.c
Linking C executable cmTC_162f8
/home/voyager717/Downloads/SDK_Sourcecode/build_openwrt_new/AX3000-MT7981-Z8102AX/build_dir/host/cmake-3.19.1/Bootstrap.cmk/cmake -E cmake_link_script CMakeFiles/cmTC_162f8.dir/link.txt --verbose=1
/home/voyager717/Downloads/SDK_Sourcecode/build_openwrt_new/AX3000-MT7981-Z8102AX/staging_dir/host/bin/gcc -O2 -I/home/voyager717/Downloads/SDK_Sourcecode/build_openwrt_new/AX3000-MT7981-Z8102AX/staging_dir/host/include -DCHECK_FUNCTION_EXISTS=nodelay -L/home/voyager717/Downloads/SDK_Sourcecode/build_openwrt_new/AX3000-MT7981-Z8102AX/staging_dir/host/lib  -rdynamic CMakeFiles/cmTC_162f8.dir/CheckFunctionExists.c.o -o cmTC_162f8  -lncurses 
gmake[5]: Leaving directory '/home/voyager717/Downloads/SDK_Sourcecode/build_openwrt_new/AX3000-MT7981-Z8102AX/build_dir/host/cmake-3.19.1/Source/Checks/Curses-build/CMakeFiles/CMakeTmp'
gmake[4]: Leaving directory '/home/voyager717/Downloads/SDK_Sourcecode/build_openwrt_new/AX3000-MT7981-Z8102AX/build_dir/host/cmake-3.19.1/Source/Checks/Curses-build/CMakeFiles/CMakeTmp'



