This file contains any messages produced by compilers while
running configure, to aid debugging if configure makes a mistake.

It was created by zlib configure 1.1.4, which was
generated by GNU Autoconf 2.69.  Invocation command line was

  $ /home/voyager717/Downloads/SDK_Sourcecode/build_openwrt_new/AX3000-MT7981-Z8102AX/build_dir/target-aarch64_cortex-a53_musl/binutils-2.35.1/zlib/configure --srcdir=.././zlib --cache-file=./config.cache --with-gnu-as --with-gnu-ld --prefix=/usr --exec-prefix=/usr --bindir=/usr/bin --sbindir=/usr/sbin --libexecdir=/usr/lib --sysconfdir=/etc --datadir=/usr/share --localstatedir=/var --mandir=/usr/man --infodir=/usr/info --disable-nls --enable-shared --enable-install-libiberty --enable-install-libbfd --enable-install-libctf --program-transform-name=s&$&&;s&^&& --disable-option-checking --build=x86_64-pc-linux-gnu --host=aarch64-openwrt-linux-musl --target=aarch64-openwrt-linux-musl --enable-host-shared

## --------- ##
## Platform. ##
## --------- ##

hostname = it-labs13
uname -m = x86_64
uname -r = 6.8.0-54-generic
uname -s = Linux
uname -v = #56-Ubuntu SMP PREEMPT_DYNAMIC Sat Feb  8 00:37:57 UTC 2025

/usr/bin/uname -p = x86_64
/bin/uname -X     = unknown

/bin/arch              = x86_64
/usr/bin/arch -k       = unknown
/usr/convex/getsysinfo = unknown
/usr/bin/hostinfo      = unknown
/bin/machine           = unknown
/usr/bin/oslevel       = unknown
/bin/universe          = unknown

PATH: /home/voyager717/Downloads/SDK_Sourcecode/build_openwrt_new/AX3000-MT7981-Z8102AX/staging_dir/target-aarch64_cortex-a53_musl/host/bin
PATH: /home/voyager717/Downloads/SDK_Sourcecode/build_openwrt_new/AX3000-MT7981-Z8102AX/staging_dir/hostpkg/bin
PATH: /home/voyager717/Downloads/SDK_Sourcecode/build_openwrt_new/AX3000-MT7981-Z8102AX/staging_dir/toolchain-aarch64_cortex-a53_gcc-8.4.0_musl/bin
PATH: /home/voyager717/Downloads/SDK_Sourcecode/build_openwrt_new/AX3000-MT7981-Z8102AX/staging_dir/toolchain-aarch64_cortex-a53_gcc-8.4.0_musl/bin
PATH: /home/voyager717/Downloads/SDK_Sourcecode/build_openwrt_new/AX3000-MT7981-Z8102AX/staging_dir/host/bin
PATH: /home/voyager717/Downloads/SDK_Sourcecode/build_openwrt_new/AX3000-MT7981-Z8102AX/staging_dir/toolchain-aarch64_cortex-a53_gcc-8.4.0_musl/bin
PATH: /home/voyager717/Downloads/SDK_Sourcecode/build_openwrt_new/AX3000-MT7981-Z8102AX/staging_dir/host/bin
PATH: /home/voyager717/Downloads/SDK_Sourcecode/build_openwrt_new/AX3000-MT7981-Z8102AX/staging_dir/host/bin
PATH: /home/voyager717/Downloads/SDK_Sourcecode/wetransfer_mt7981-spim-nand-rfb-z8102ax-1-dts_2025-02-12_0126/openwrt/staging_dir/toolchain-aarch64_cortex-a53_gcc-13.3.0_musl/bin
PATH: /usr/local/sbin
PATH: /usr/local/bin
PATH: /usr/sbin
PATH: /usr/bin
PATH: /sbin
PATH: /bin
PATH: /usr/games
PATH: /usr/local/games
PATH: /snap/bin
PATH: /snap/bin


## ----------- ##
## Core tests. ##
## ----------- ##

configure:2128: loading site script /home/voyager717/Downloads/SDK_Sourcecode/build_openwrt_new/AX3000-MT7981-Z8102AX/include/site/aarch64
| #!/bin/sh
| . $TOPDIR/include/site/linux
| ac_cv_c_littleendian=${ac_cv_c_littleendian=yes}
| ac_cv_c_bigendian=${ac_cv_c_bigendian=no}
| 
| ac_cv_sizeof___int64=8
| ac_cv_sizeof_char=1
| ac_cv_sizeof_int=4
| ac_cv_sizeof_int16_t=2
| ac_cv_sizeof_int32_t=4
| ac_cv_sizeof_int64_t=8
| ac_cv_sizeof_long_int=8
| ac_cv_sizeof_long_long=8
| ac_cv_sizeof_long=8
| ac_cv_sizeof_off_t=8
| ac_cv_sizeof_short_int=2
| ac_cv_sizeof_short=2
| ac_cv_sizeof_size_t=8
| ac_cv_sizeof_ssize_t=8
| ac_cv_sizeof_u_int16_t=2
| ac_cv_sizeof_u_int32_t=4
| ac_cv_sizeof_u_int64_t=8
| ac_cv_sizeof_uint16_t=2
| ac_cv_sizeof_uint32_t=4
| ac_cv_sizeof_uint64_t=8
| ac_cv_sizeof_unsigned_int=4
| ac_cv_sizeof_unsigned_long=8
| ac_cv_sizeof_unsigned_long_long=8
| ac_cv_sizeof_unsigned_short=2
| ac_cv_sizeof_void_p=8
configure:2151: creating cache ./config.cache
configure:2305: checking build system type
configure:2319: result: x86_64-pc-linux-gnu
configure:2339: checking host system type
configure:2352: result: aarch64-openwrt-linux-musl
configure:2372: checking target system type
configure:2385: result: aarch64-openwrt-linux-musl
configure:2433: checking for a BSD-compatible install
configure:2501: result: /usr/bin/install -c
configure:2512: checking whether build environment is sane
configure:2567: result: yes
configure:2626: checking for aarch64-openwrt-linux-musl-strip
configure:2653: result: aarch64-openwrt-linux-musl-strip
configure:2718: checking for a thread-safe mkdir -p
configure:2757: result: /usr/bin/mkdir -p
configure:2764: checking for gawk
configure:2791: result: gawk
configure:2802: checking whether make sets $(MAKE)
configure:2824: result: yes
configure:2853: checking whether make supports nested variables
configure:2870: result: yes
configure:2998: checking whether to enable maintainer-specific portions of Makefiles
configure:3007: result: no
configure:3078: checking for aarch64-openwrt-linux-musl-gcc
configure:3105: result: aarch64-openwrt-linux-musl-gcc
configure:3374: checking for C compiler version
configure:3383: aarch64-openwrt-linux-musl-gcc --version >&5
aarch64-openwrt-linux-musl-gcc (OpenWrt GCC 8.4.0 r0-) 8.4.0
Copyright (C) 2018 Free Software Foundation, Inc.
This is free software; see the source for copying conditions.  There is NO
warranty; not even for MERCHANTABILITY or FITNESS FOR A PARTICULAR PURPOSE.

configure:3394: $? = 0
configure:3383: aarch64-openwrt-linux-musl-gcc -v >&5
Reading specs from /home/voyager717/Downloads/SDK_Sourcecode/build_openwrt_new/AX3000-MT7981-Z8102AX/staging_dir/toolchain-aarch64_cortex-a53_gcc-8.4.0_musl/lib/gcc/aarch64-openwrt-linux-musl/8.4.0/specs
COLLECT_GCC=aarch64-openwrt-linux-musl-gcc
COLLECT_LTO_WRAPPER=/home/voyager717/Downloads/SDK_Sourcecode/build_openwrt_new/AX3000-MT7981-Z8102AX/staging_dir/toolchain-aarch64_cortex-a53_gcc-8.4.0_musl/libexec/gcc/aarch64-openwrt-linux-musl/8.4.0/lto-wrapper
Target: aarch64-openwrt-linux-musl
Configured with: /home/voyager717/Downloads/SDK_Sourcecode/build_openwrt_new/AX3000-MT7981-Z8102AX/build_dir/toolchain-aarch64_cortex-a53_gcc-8.4.0_musl/gcc-8.4.0/configure --with-bugurl=http://bugs.openwrt.org/ --with-pkgversion='OpenWrt GCC 8.4.0 r0-' --prefix=/home/voyager717/Downloads/SDK_Sourcecode/build_openwrt_new/AX3000-MT7981-Z8102AX/staging_dir/toolchain-aarch64_cortex-a53_gcc-8.4.0_musl --build=x86_64-pc-linux-gnu --host=x86_64-pc-linux-gnu --target=aarch64-openwrt-linux-musl --with-gnu-ld --enable-target-optspace --disable-libgomp --disable-libmudflap --disable-multilib --disable-libmpx --disable-nls --disable-libssp --without-isl --without-cloog --with-host-libstdcxx=-lstdc++ --with-gmp=/home/voyager717/Downloads/SDK_Sourcecode/build_openwrt_new/AX3000-MT7981-Z8102AX/staging_dir/host --with-mpfr=/home/voyager717/Downloads/SDK_Sourcecode/build_openwrt_new/AX3000-MT7981-Z8102AX/staging_dir/host --with-mpc=/home/voyager717/Downloads/SDK_Sourcecode/build_openwrt_new/AX3000-MT7981-Z8102AX/staging_dir/host --disable-decimal-float --with-diagnostics-color=auto-if-env --enable-__cxa_atexit --disable-libstdcxx-dual-abi --with-default-libstdcxx-abi=new --with-headers=/home/voyager717/Downloads/SDK_Sourcecode/build_openwrt_new/AX3000-MT7981-Z8102AX/staging_dir/toolchain-aarch64_cortex-a53_gcc-8.4.0_musl/include --enable-languages=c,c++ --enable-shared --enable-threads --with-slibdir=/home/voyager717/Downloads/SDK_Sourcecode/build_openwrt_new/AX3000-MT7981-Z8102AX/staging_dir/toolchain-aarch64_cortex-a53_gcc-8.4.0_musl/lib --enable-lto --with-libelf=/home/voyager717/Downloads/SDK_Sourcecode/build_openwrt_new/AX3000-MT7981-Z8102AX/staging_dir/host --disable-libsanitizer
Thread model: posix
gcc version 8.4.0 (OpenWrt GCC 8.4.0 r0-) 
configure:3394: $? = 0
configure:3383: aarch64-openwrt-linux-musl-gcc -V >&5
aarch64-openwrt-linux-musl-gcc: error: unrecognized command line option '-V'
aarch64-openwrt-linux-musl-gcc: fatal error: no input files
compilation terminated.
configure:3394: $? = 1
configure:3383: aarch64-openwrt-linux-musl-gcc -qversion >&5
aarch64-openwrt-linux-musl-gcc: error: unrecognized command line option '-qversion'; did you mean '--version'?
aarch64-openwrt-linux-musl-gcc: fatal error: no input files
compilation terminated.
configure:3394: $? = 1
configure:3410: aarch64-openwrt-linux-musl-gcc -o conftest -Os -pipe -mcpu=cortex-a53 -fno-caller-saves -fno-plt -fhonour-copts -Wno-error=unused-but-set-variable -Wno-error=unused-result -I/home/voyager717/Downloads/SDK_Sourcecode/build_openwrt_new/AX3000-MT7981-Z8102AX/staging_dir/target-aarch64_cortex-a53_musl/usr/lib/libiconv-stub/include -I/home/voyager717/Downloads/SDK_Sourcecode/build_openwrt_new/AX3000-MT7981-Z8102AX/staging_dir/target-aarch64_cortex-a53_musl/usr/lib/libintl-stub/include -fmacro-prefix-map=/home/voyager717/Downloads/SDK_Sourcecode/build_openwrt_new/AX3000-MT7981-Z8102AX/build_dir/target-aarch64_cortex-a53_musl/binutils-2.35.1=binutils-2.35.1 -Wformat -Werror=format-security -fstack-protector -D_FORTIFY_SOURCE=1 -Wl,-z,now -Wl,-z,relro -DPIC -fPIC -Wno-unused-value    -L/home/voyager717/Downloads/SDK_Sourcecode/build_openwrt_new/AX3000-MT7981-Z8102AX/staging_dir/toolchain-aarch64_cortex-a53_gcc-8.4.0_musl/usr/lib -L/home/voyager717/Downloads/SDK_Sourcecode/build_openwrt_new/AX3000-MT7981-Z8102AX/staging_dir/toolchain-aarch64_cortex-a53_gcc-8.4.0_musl/lib -L/home/voyager717/Downloads/SDK_Sourcecode/build_openwrt_new/AX3000-MT7981-Z8102AX/staging_dir/target-aarch64_cortex-a53_musl/usr/lib/libiconv-stub/lib -Wl,-rpath-link=/home/voyager717/Downloads/SDK_Sourcecode/build_openwrt_new/AX3000-MT7981-Z8102AX/staging_dir/target-aarch64_cortex-a53_musl/usr/lib/libiconv-stub/lib -L/home/voyager717/Downloads/SDK_Sourcecode/build_openwrt_new/AX3000-MT7981-Z8102AX/staging_dir/target-aarch64_cortex-a53_musl/usr/lib/libintl-stub/lib -Wl,-rpath-link=/home/voyager717/Downloads/SDK_Sourcecode/build_openwrt_new/AX3000-MT7981-Z8102AX/staging_dir/target-aarch64_cortex-a53_musl/usr/lib/libintl-stub/lib -znow -zrelro   conftest.c  >&5
configure:3413: $? = 0
configure:3442: checking whether the C compiler works
configure:3464: aarch64-openwrt-linux-musl-gcc -Os -pipe -mcpu=cortex-a53 -fno-caller-saves -fno-plt -fhonour-copts -Wno-error=unused-but-set-variable -Wno-error=unused-result -I/home/voyager717/Downloads/SDK_Sourcecode/build_openwrt_new/AX3000-MT7981-Z8102AX/staging_dir/target-aarch64_cortex-a53_musl/usr/lib/libiconv-stub/include -I/home/voyager717/Downloads/SDK_Sourcecode/build_openwrt_new/AX3000-MT7981-Z8102AX/staging_dir/target-aarch64_cortex-a53_musl/usr/lib/libintl-stub/include -fmacro-prefix-map=/home/voyager717/Downloads/SDK_Sourcecode/build_openwrt_new/AX3000-MT7981-Z8102AX/build_dir/target-aarch64_cortex-a53_musl/binutils-2.35.1=binutils-2.35.1 -Wformat -Werror=format-security -fstack-protector -D_FORTIFY_SOURCE=1 -Wl,-z,now -Wl,-z,relro -DPIC -fPIC -Wno-unused-value    -L/home/voyager717/Downloads/SDK_Sourcecode/build_openwrt_new/AX3000-MT7981-Z8102AX/staging_dir/toolchain-aarch64_cortex-a53_gcc-8.4.0_musl/usr/lib -L/home/voyager717/Downloads/SDK_Sourcecode/build_openwrt_new/AX3000-MT7981-Z8102AX/staging_dir/toolchain-aarch64_cortex-a53_gcc-8.4.0_musl/lib -L/home/voyager717/Downloads/SDK_Sourcecode/build_openwrt_new/AX3000-MT7981-Z8102AX/staging_dir/target-aarch64_cortex-a53_musl/usr/lib/libiconv-stub/lib -Wl,-rpath-link=/home/voyager717/Downloads/SDK_Sourcecode/build_openwrt_new/AX3000-MT7981-Z8102AX/staging_dir/target-aarch64_cortex-a53_musl/usr/lib/libiconv-stub/lib -L/home/voyager717/Downloads/SDK_Sourcecode/build_openwrt_new/AX3000-MT7981-Z8102AX/staging_dir/target-aarch64_cortex-a53_musl/usr/lib/libintl-stub/lib -Wl,-rpath-link=/home/voyager717/Downloads/SDK_Sourcecode/build_openwrt_new/AX3000-MT7981-Z8102AX/staging_dir/target-aarch64_cortex-a53_musl/usr/lib/libintl-stub/lib -znow -zrelro   conftest.c  >&5
configure:3468: $? = 0
configure:3516: result: yes
configure:3519: checking for C compiler default output file name
configure:3521: result: a.out
configure:3527: checking for suffix of executables
configure:3534: aarch64-openwrt-linux-musl-gcc -o conftest -Os -pipe -mcpu=cortex-a53 -fno-caller-saves -fno-plt -fhonour-copts -Wno-error=unused-but-set-variable -Wno-error=unused-result -I/home/voyager717/Downloads/SDK_Sourcecode/build_openwrt_new/AX3000-MT7981-Z8102AX/staging_dir/target-aarch64_cortex-a53_musl/usr/lib/libiconv-stub/include -I/home/voyager717/Downloads/SDK_Sourcecode/build_openwrt_new/AX3000-MT7981-Z8102AX/staging_dir/target-aarch64_cortex-a53_musl/usr/lib/libintl-stub/include -fmacro-prefix-map=/home/voyager717/Downloads/SDK_Sourcecode/build_openwrt_new/AX3000-MT7981-Z8102AX/build_dir/target-aarch64_cortex-a53_musl/binutils-2.35.1=binutils-2.35.1 -Wformat -Werror=format-security -fstack-protector -D_FORTIFY_SOURCE=1 -Wl,-z,now -Wl,-z,relro -DPIC -fPIC -Wno-unused-value    -L/home/voyager717/Downloads/SDK_Sourcecode/build_openwrt_new/AX3000-MT7981-Z8102AX/staging_dir/toolchain-aarch64_cortex-a53_gcc-8.4.0_musl/usr/lib -L/home/voyager717/Downloads/SDK_Sourcecode/build_openwrt_new/AX3000-MT7981-Z8102AX/staging_dir/toolchain-aarch64_cortex-a53_gcc-8.4.0_musl/lib -L/home/voyager717/Downloads/SDK_Sourcecode/build_openwrt_new/AX3000-MT7981-Z8102AX/staging_dir/target-aarch64_cortex-a53_musl/usr/lib/libiconv-stub/lib -Wl,-rpath-link=/home/voyager717/Downloads/SDK_Sourcecode/build_openwrt_new/AX3000-MT7981-Z8102AX/staging_dir/target-aarch64_cortex-a53_musl/usr/lib/libiconv-stub/lib -L/home/voyager717/Downloads/SDK_Sourcecode/build_openwrt_new/AX3000-MT7981-Z8102AX/staging_dir/target-aarch64_cortex-a53_musl/usr/lib/libintl-stub/lib -Wl,-rpath-link=/home/voyager717/Downloads/SDK_Sourcecode/build_openwrt_new/AX3000-MT7981-Z8102AX/staging_dir/target-aarch64_cortex-a53_musl/usr/lib/libintl-stub/lib -znow -zrelro   conftest.c  >&5
configure:3538: $? = 0
configure:3560: result: 
configure:3582: checking whether we are cross compiling
configure:3620: result: yes
configure:3626: checking for suffix of object files
configure:3648: aarch64-openwrt-linux-musl-gcc -c -Os -pipe -mcpu=cortex-a53 -fno-caller-saves -fno-plt -fhonour-copts -Wno-error=unused-but-set-variable -Wno-error=unused-result -I/home/voyager717/Downloads/SDK_Sourcecode/build_openwrt_new/AX3000-MT7981-Z8102AX/staging_dir/target-aarch64_cortex-a53_musl/usr/lib/libiconv-stub/include -I/home/voyager717/Downloads/SDK_Sourcecode/build_openwrt_new/AX3000-MT7981-Z8102AX/staging_dir/target-aarch64_cortex-a53_musl/usr/lib/libintl-stub/include -fmacro-prefix-map=/home/voyager717/Downloads/SDK_Sourcecode/build_openwrt_new/AX3000-MT7981-Z8102AX/build_dir/target-aarch64_cortex-a53_musl/binutils-2.35.1=binutils-2.35.1 -Wformat -Werror=format-security -fstack-protector -D_FORTIFY_SOURCE=1 -Wl,-z,now -Wl,-z,relro -DPIC -fPIC -Wno-unused-value   conftest.c >&5
configure:3652: $? = 0
configure:3673: result: o
configure:3677: checking whether we are using the GNU C compiler
configure:3696: aarch64-openwrt-linux-musl-gcc -c -Os -pipe -mcpu=cortex-a53 -fno-caller-saves -fno-plt -fhonour-copts -Wno-error=unused-but-set-variable -Wno-error=unused-result -I/home/voyager717/Downloads/SDK_Sourcecode/build_openwrt_new/AX3000-MT7981-Z8102AX/staging_dir/target-aarch64_cortex-a53_musl/usr/lib/libiconv-stub/include -I/home/voyager717/Downloads/SDK_Sourcecode/build_openwrt_new/AX3000-MT7981-Z8102AX/staging_dir/target-aarch64_cortex-a53_musl/usr/lib/libintl-stub/include -fmacro-prefix-map=/home/voyager717/Downloads/SDK_Sourcecode/build_openwrt_new/AX3000-MT7981-Z8102AX/build_dir/target-aarch64_cortex-a53_musl/binutils-2.35.1=binutils-2.35.1 -Wformat -Werror=format-security -fstack-protector -D_FORTIFY_SOURCE=1 -Wl,-z,now -Wl,-z,relro -DPIC -fPIC -Wno-unused-value   conftest.c >&5
configure:3696: $? = 0
configure:3705: result: yes
configure:3714: checking whether aarch64-openwrt-linux-musl-gcc accepts -g
configure:3734: aarch64-openwrt-linux-musl-gcc -c -g  conftest.c >&5
cc1: note: someone does not honour COPTS correctly, passed 0 times
configure:3734: $? = 0
configure: failed program was:
| /* confdefs.h */
| #define PACKAGE_NAME "zlib"
| #define PACKAGE_TARNAME "zlib"
| #define PACKAGE_VERSION "1.1.4"
| #define PACKAGE_STRING "zlib 1.1.4"
| #define PACKAGE_BUGREPORT ""
| #define PACKAGE_URL ""
| #define PACKAGE "zlib"
| #define VERSION "1.1.4"
| /* end confdefs.h.  */
| 
| int
| main ()
| {
| 
|   ;
|   return 0;
| }
configure:3749: aarch64-openwrt-linux-musl-gcc -c   conftest.c >&5
cc1: note: someone does not honour COPTS correctly, passed 0 times
configure:3749: $? = 0
configure: failed program was:
| /* confdefs.h */
| #define PACKAGE_NAME "zlib"
| #define PACKAGE_TARNAME "zlib"
| #define PACKAGE_VERSION "1.1.4"
| #define PACKAGE_STRING "zlib 1.1.4"
| #define PACKAGE_BUGREPORT ""
| #define PACKAGE_URL ""
| #define PACKAGE "zlib"
| #define VERSION "1.1.4"
| /* end confdefs.h.  */
| 
| int
| main ()
| {
| 
|   ;
|   return 0;
| }
configure:3765: aarch64-openwrt-linux-musl-gcc -c -g  conftest.c >&5
cc1: note: someone does not honour COPTS correctly, passed 0 times
configure:3765: $? = 0
configure:3775: result: yes
configure:3792: checking for aarch64-openwrt-linux-musl-gcc option to accept ISO C89
configure:3855: aarch64-openwrt-linux-musl-gcc  -c -Os -pipe -mcpu=cortex-a53 -fno-caller-saves -fno-plt -fhonour-copts -Wno-error=unused-but-set-variable -Wno-error=unused-result -I/home/voyager717/Downloads/SDK_Sourcecode/build_openwrt_new/AX3000-MT7981-Z8102AX/staging_dir/target-aarch64_cortex-a53_musl/usr/lib/libiconv-stub/include -I/home/voyager717/Downloads/SDK_Sourcecode/build_openwrt_new/AX3000-MT7981-Z8102AX/staging_dir/target-aarch64_cortex-a53_musl/usr/lib/libintl-stub/include -fmacro-prefix-map=/home/voyager717/Downloads/SDK_Sourcecode/build_openwrt_new/AX3000-MT7981-Z8102AX/build_dir/target-aarch64_cortex-a53_musl/binutils-2.35.1=binutils-2.35.1 -Wformat -Werror=format-security -fstack-protector -D_FORTIFY_SOURCE=1 -Wl,-z,now -Wl,-z,relro -DPIC -fPIC -Wno-unused-value   conftest.c >&5
configure:3855: $? = 0
configure:3868: result: none needed
configure:3893: checking whether aarch64-openwrt-linux-musl-gcc understands -c and -o together
configure:3915: aarch64-openwrt-linux-musl-gcc -c conftest.c -o conftest2.o
cc1: note: someone does not honour COPTS correctly, passed 0 times
configure:3918: $? = 0
configure:3915: aarch64-openwrt-linux-musl-gcc -c conftest.c -o conftest2.o
cc1: note: someone does not honour COPTS correctly, passed 0 times
configure:3918: $? = 0
configure:3930: result: yes
configure:3958: checking for style of include used by make
configure:3986: result: GNU
configure:4012: checking dependency style of aarch64-openwrt-linux-musl-gcc
configure:4123: result: gcc3
configure:4188: checking how to print strings
configure:4215: result: printf
configure:4236: checking for a sed that does not truncate output
configure:4300: result: /home/voyager717/Downloads/SDK_Sourcecode/build_openwrt_new/AX3000-MT7981-Z8102AX/staging_dir/host/bin/sed
configure:4318: checking for grep that handles long lines and -e
configure:4376: result: /home/voyager717/Downloads/SDK_Sourcecode/build_openwrt_new/AX3000-MT7981-Z8102AX/staging_dir/host/bin/grep
configure:4381: checking for egrep
configure:4443: result: /home/voyager717/Downloads/SDK_Sourcecode/build_openwrt_new/AX3000-MT7981-Z8102AX/staging_dir/host/bin/grep -E
configure:4448: checking for fgrep
configure:4510: result: /home/voyager717/Downloads/SDK_Sourcecode/build_openwrt_new/AX3000-MT7981-Z8102AX/staging_dir/host/bin/grep -F
configure:4545: checking for ld used by aarch64-openwrt-linux-musl-gcc
configure:4612: result: aarch64-openwrt-linux-musl-ld
configure:4619: checking if the linker (aarch64-openwrt-linux-musl-ld) is GNU ld
configure:4634: result: yes
configure:4646: checking for BSD- or MS-compatible name lister (nm)
configure:4695: result: aarch64-openwrt-linux-musl-gcc-nm
configure:4825: checking the name lister (aarch64-openwrt-linux-musl-gcc-nm) interface
configure:4832: aarch64-openwrt-linux-musl-gcc -c -Os -pipe -mcpu=cortex-a53 -fno-caller-saves -fno-plt -fhonour-copts -Wno-error=unused-but-set-variable -Wno-error=unused-result -I/home/voyager717/Downloads/SDK_Sourcecode/build_openwrt_new/AX3000-MT7981-Z8102AX/staging_dir/target-aarch64_cortex-a53_musl/usr/lib/libiconv-stub/include -I/home/voyager717/Downloads/SDK_Sourcecode/build_openwrt_new/AX3000-MT7981-Z8102AX/staging_dir/target-aarch64_cortex-a53_musl/usr/lib/libintl-stub/include -fmacro-prefix-map=/home/voyager717/Downloads/SDK_Sourcecode/build_openwrt_new/AX3000-MT7981-Z8102AX/build_dir/target-aarch64_cortex-a53_musl/binutils-2.35.1=binutils-2.35.1 -Wformat -Werror=format-security -fstack-protector -D_FORTIFY_SOURCE=1 -Wl,-z,now -Wl,-z,relro -DPIC -fPIC -Wno-unused-value   conftest.c >&5
configure:4835: aarch64-openwrt-linux-musl-gcc-nm "conftest.o"
configure:4838: output
0000000000000000 B some_variable
configure:4845: result: BSD nm
configure:4848: checking whether ln -s works
configure:4852: result: yes
configure:4860: checking the maximum length of command line arguments
configure:4985: result: 1572864
configure:5002: checking whether the shell understands some XSI constructs
configure:5012: result: yes
configure:5016: checking whether the shell understands "+="
configure:5022: result: yes
configure:5057: checking for aarch64-openwrt-linux-musl-ld option to reload object files
configure:5064: result: -r
configure:5093: checking for aarch64-openwrt-linux-musl-objdump
configure:5120: result: aarch64-openwrt-linux-musl-objdump
configure:5192: checking how to recognize dependent libraries
configure:5393: result: pass_all
configure:5413: checking for aarch64-openwrt-linux-musl-ar
configure:5440: result: aarch64-openwrt-linux-musl-gcc-ar
configure:5518: checking for aarch64-openwrt-linux-musl-strip
configure:5545: result: aarch64-openwrt-linux-musl-strip
configure:5617: checking for aarch64-openwrt-linux-musl-ranlib
configure:5644: result: aarch64-openwrt-linux-musl-gcc-ranlib
configure:5786: checking command to parse aarch64-openwrt-linux-musl-gcc-nm output from aarch64-openwrt-linux-musl-gcc object
configure:5904: aarch64-openwrt-linux-musl-gcc -c -Os -pipe -mcpu=cortex-a53 -fno-caller-saves -fno-plt -fhonour-copts -Wno-error=unused-but-set-variable -Wno-error=unused-result -I/home/voyager717/Downloads/SDK_Sourcecode/build_openwrt_new/AX3000-MT7981-Z8102AX/staging_dir/target-aarch64_cortex-a53_musl/usr/lib/libiconv-stub/include -I/home/voyager717/Downloads/SDK_Sourcecode/build_openwrt_new/AX3000-MT7981-Z8102AX/staging_dir/target-aarch64_cortex-a53_musl/usr/lib/libintl-stub/include -fmacro-prefix-map=/home/voyager717/Downloads/SDK_Sourcecode/build_openwrt_new/AX3000-MT7981-Z8102AX/build_dir/target-aarch64_cortex-a53_musl/binutils-2.35.1=binutils-2.35.1 -Wformat -Werror=format-security -fstack-protector -D_FORTIFY_SOURCE=1 -Wl,-z,now -Wl,-z,relro -DPIC -fPIC -Wno-unused-value   conftest.c >&5
configure:5907: $? = 0
configure:5911: aarch64-openwrt-linux-musl-gcc-nm conftest.o \| sed -n -e 's/^.*[ ]\([ABCDGIRSTW][ABCDGIRSTW]*\)[ ][ ]*\([_A-Za-z][_A-Za-z0-9]*\)$/\1 \2 \2/p' \> conftest.nm
configure:5914: $? = 0
configure:5968: aarch64-openwrt-linux-musl-gcc -o conftest -Os -pipe -mcpu=cortex-a53 -fno-caller-saves -fno-plt -fhonour-copts -Wno-error=unused-but-set-variable -Wno-error=unused-result -I/home/voyager717/Downloads/SDK_Sourcecode/build_openwrt_new/AX3000-MT7981-Z8102AX/staging_dir/target-aarch64_cortex-a53_musl/usr/lib/libiconv-stub/include -I/home/voyager717/Downloads/SDK_Sourcecode/build_openwrt_new/AX3000-MT7981-Z8102AX/staging_dir/target-aarch64_cortex-a53_musl/usr/lib/libintl-stub/include -fmacro-prefix-map=/home/voyager717/Downloads/SDK_Sourcecode/build_openwrt_new/AX3000-MT7981-Z8102AX/build_dir/target-aarch64_cortex-a53_musl/binutils-2.35.1=binutils-2.35.1 -Wformat -Werror=format-security -fstack-protector -D_FORTIFY_SOURCE=1 -Wl,-z,now -Wl,-z,relro -DPIC -fPIC -Wno-unused-value    -L/home/voyager717/Downloads/SDK_Sourcecode/build_openwrt_new/AX3000-MT7981-Z8102AX/staging_dir/toolchain-aarch64_cortex-a53_gcc-8.4.0_musl/usr/lib -L/home/voyager717/Downloads/SDK_Sourcecode/build_openwrt_new/AX3000-MT7981-Z8102AX/staging_dir/toolchain-aarch64_cortex-a53_gcc-8.4.0_musl/lib -L/home/voyager717/Downloads/SDK_Sourcecode/build_openwrt_new/AX3000-MT7981-Z8102AX/staging_dir/target-aarch64_cortex-a53_musl/usr/lib/libiconv-stub/lib -Wl,-rpath-link=/home/voyager717/Downloads/SDK_Sourcecode/build_openwrt_new/AX3000-MT7981-Z8102AX/staging_dir/target-aarch64_cortex-a53_musl/usr/lib/libiconv-stub/lib -L/home/voyager717/Downloads/SDK_Sourcecode/build_openwrt_new/AX3000-MT7981-Z8102AX/staging_dir/target-aarch64_cortex-a53_musl/usr/lib/libintl-stub/lib -Wl,-rpath-link=/home/voyager717/Downloads/SDK_Sourcecode/build_openwrt_new/AX3000-MT7981-Z8102AX/staging_dir/target-aarch64_cortex-a53_musl/usr/lib/libintl-stub/lib -znow -zrelro   conftest.c conftstm.o >&5
configure:5971: $? = 0
configure:6009: result: ok
configure:6867: checking how to run the C preprocessor
configure:6898: aarch64-openwrt-linux-musl-gcc -E  conftest.c
configure:6898: $? = 0
configure:6912: aarch64-openwrt-linux-musl-gcc -E  conftest.c
conftest.c:11:10: fatal error: ac_nonexistent.h: No such file or directory
 #include <ac_nonexistent.h>
          ^~~~~~~~~~~~~~~~~~
compilation terminated.
configure:6912: $? = 1
configure: failed program was:
| /* confdefs.h */
| #define PACKAGE_NAME "zlib"
| #define PACKAGE_TARNAME "zlib"
| #define PACKAGE_VERSION "1.1.4"
| #define PACKAGE_STRING "zlib 1.1.4"
| #define PACKAGE_BUGREPORT ""
| #define PACKAGE_URL ""
| #define PACKAGE "zlib"
| #define VERSION "1.1.4"
| /* end confdefs.h.  */
| #include <ac_nonexistent.h>
configure:6937: result: aarch64-openwrt-linux-musl-gcc -E
configure:6957: aarch64-openwrt-linux-musl-gcc -E  conftest.c
configure:6957: $? = 0
configure:6971: aarch64-openwrt-linux-musl-gcc -E  conftest.c
conftest.c:11:10: fatal error: ac_nonexistent.h: No such file or directory
 #include <ac_nonexistent.h>
          ^~~~~~~~~~~~~~~~~~
compilation terminated.
configure:6971: $? = 1
configure: failed program was:
| /* confdefs.h */
| #define PACKAGE_NAME "zlib"
| #define PACKAGE_TARNAME "zlib"
| #define PACKAGE_VERSION "1.1.4"
| #define PACKAGE_STRING "zlib 1.1.4"
| #define PACKAGE_BUGREPORT ""
| #define PACKAGE_URL ""
| #define PACKAGE "zlib"
| #define VERSION "1.1.4"
| /* end confdefs.h.  */
| #include <ac_nonexistent.h>
configure:7000: checking for ANSI C header files
configure:7020: aarch64-openwrt-linux-musl-gcc -c -Os -pipe -mcpu=cortex-a53 -fno-caller-saves -fno-plt -fhonour-copts -Wno-error=unused-but-set-variable -Wno-error=unused-result -I/home/voyager717/Downloads/SDK_Sourcecode/build_openwrt_new/AX3000-MT7981-Z8102AX/staging_dir/target-aarch64_cortex-a53_musl/usr/lib/libiconv-stub/include -I/home/voyager717/Downloads/SDK_Sourcecode/build_openwrt_new/AX3000-MT7981-Z8102AX/staging_dir/target-aarch64_cortex-a53_musl/usr/lib/libintl-stub/include -fmacro-prefix-map=/home/voyager717/Downloads/SDK_Sourcecode/build_openwrt_new/AX3000-MT7981-Z8102AX/build_dir/target-aarch64_cortex-a53_musl/binutils-2.35.1=binutils-2.35.1 -Wformat -Werror=format-security -fstack-protector -D_FORTIFY_SOURCE=1 -Wl,-z,now -Wl,-z,relro -DPIC -fPIC -Wno-unused-value   conftest.c >&5
configure:7020: $? = 0
configure:7104: result: yes
configure:7117: checking for sys/types.h
configure:7117: aarch64-openwrt-linux-musl-gcc -c -Os -pipe -mcpu=cortex-a53 -fno-caller-saves -fno-plt -fhonour-copts -Wno-error=unused-but-set-variable -Wno-error=unused-result -I/home/voyager717/Downloads/SDK_Sourcecode/build_openwrt_new/AX3000-MT7981-Z8102AX/staging_dir/target-aarch64_cortex-a53_musl/usr/lib/libiconv-stub/include -I/home/voyager717/Downloads/SDK_Sourcecode/build_openwrt_new/AX3000-MT7981-Z8102AX/staging_dir/target-aarch64_cortex-a53_musl/usr/lib/libintl-stub/include -fmacro-prefix-map=/home/voyager717/Downloads/SDK_Sourcecode/build_openwrt_new/AX3000-MT7981-Z8102AX/build_dir/target-aarch64_cortex-a53_musl/binutils-2.35.1=binutils-2.35.1 -Wformat -Werror=format-security -fstack-protector -D_FORTIFY_SOURCE=1 -Wl,-z,now -Wl,-z,relro -DPIC -fPIC -Wno-unused-value   conftest.c >&5
configure:7117: $? = 0
configure:7117: result: yes
configure:7117: checking for sys/stat.h
configure:7117: aarch64-openwrt-linux-musl-gcc -c -Os -pipe -mcpu=cortex-a53 -fno-caller-saves -fno-plt -fhonour-copts -Wno-error=unused-but-set-variable -Wno-error=unused-result -I/home/voyager717/Downloads/SDK_Sourcecode/build_openwrt_new/AX3000-MT7981-Z8102AX/staging_dir/target-aarch64_cortex-a53_musl/usr/lib/libiconv-stub/include -I/home/voyager717/Downloads/SDK_Sourcecode/build_openwrt_new/AX3000-MT7981-Z8102AX/staging_dir/target-aarch64_cortex-a53_musl/usr/lib/libintl-stub/include -fmacro-prefix-map=/home/voyager717/Downloads/SDK_Sourcecode/build_openwrt_new/AX3000-MT7981-Z8102AX/build_dir/target-aarch64_cortex-a53_musl/binutils-2.35.1=binutils-2.35.1 -Wformat -Werror=format-security -fstack-protector -D_FORTIFY_SOURCE=1 -Wl,-z,now -Wl,-z,relro -DPIC -fPIC -Wno-unused-value   conftest.c >&5
configure:7117: $? = 0
configure:7117: result: yes
configure:7117: checking for stdlib.h
configure:7117: aarch64-openwrt-linux-musl-gcc -c -Os -pipe -mcpu=cortex-a53 -fno-caller-saves -fno-plt -fhonour-copts -Wno-error=unused-but-set-variable -Wno-error=unused-result -I/home/voyager717/Downloads/SDK_Sourcecode/build_openwrt_new/AX3000-MT7981-Z8102AX/staging_dir/target-aarch64_cortex-a53_musl/usr/lib/libiconv-stub/include -I/home/voyager717/Downloads/SDK_Sourcecode/build_openwrt_new/AX3000-MT7981-Z8102AX/staging_dir/target-aarch64_cortex-a53_musl/usr/lib/libintl-stub/include -fmacro-prefix-map=/home/voyager717/Downloads/SDK_Sourcecode/build_openwrt_new/AX3000-MT7981-Z8102AX/build_dir/target-aarch64_cortex-a53_musl/binutils-2.35.1=binutils-2.35.1 -Wformat -Werror=format-security -fstack-protector -D_FORTIFY_SOURCE=1 -Wl,-z,now -Wl,-z,relro -DPIC -fPIC -Wno-unused-value   conftest.c >&5
configure:7117: $? = 0
configure:7117: result: yes
configure:7117: checking for string.h
configure:7117: aarch64-openwrt-linux-musl-gcc -c -Os -pipe -mcpu=cortex-a53 -fno-caller-saves -fno-plt -fhonour-copts -Wno-error=unused-but-set-variable -Wno-error=unused-result -I/home/voyager717/Downloads/SDK_Sourcecode/build_openwrt_new/AX3000-MT7981-Z8102AX/staging_dir/target-aarch64_cortex-a53_musl/usr/lib/libiconv-stub/include -I/home/voyager717/Downloads/SDK_Sourcecode/build_openwrt_new/AX3000-MT7981-Z8102AX/staging_dir/target-aarch64_cortex-a53_musl/usr/lib/libintl-stub/include -fmacro-prefix-map=/home/voyager717/Downloads/SDK_Sourcecode/build_openwrt_new/AX3000-MT7981-Z8102AX/build_dir/target-aarch64_cortex-a53_musl/binutils-2.35.1=binutils-2.35.1 -Wformat -Werror=format-security -fstack-protector -D_FORTIFY_SOURCE=1 -Wl,-z,now -Wl,-z,relro -DPIC -fPIC -Wno-unused-value   conftest.c >&5
configure:7117: $? = 0
configure:7117: result: yes
configure:7117: checking for memory.h
configure:7117: aarch64-openwrt-linux-musl-gcc -c -Os -pipe -mcpu=cortex-a53 -fno-caller-saves -fno-plt -fhonour-copts -Wno-error=unused-but-set-variable -Wno-error=unused-result -I/home/voyager717/Downloads/SDK_Sourcecode/build_openwrt_new/AX3000-MT7981-Z8102AX/staging_dir/target-aarch64_cortex-a53_musl/usr/lib/libiconv-stub/include -I/home/voyager717/Downloads/SDK_Sourcecode/build_openwrt_new/AX3000-MT7981-Z8102AX/staging_dir/target-aarch64_cortex-a53_musl/usr/lib/libintl-stub/include -fmacro-prefix-map=/home/voyager717/Downloads/SDK_Sourcecode/build_openwrt_new/AX3000-MT7981-Z8102AX/build_dir/target-aarch64_cortex-a53_musl/binutils-2.35.1=binutils-2.35.1 -Wformat -Werror=format-security -fstack-protector -D_FORTIFY_SOURCE=1 -Wl,-z,now -Wl,-z,relro -DPIC -fPIC -Wno-unused-value   conftest.c >&5
configure:7117: $? = 0
configure:7117: result: yes
configure:7117: checking for strings.h
configure:7117: aarch64-openwrt-linux-musl-gcc -c -Os -pipe -mcpu=cortex-a53 -fno-caller-saves -fno-plt -fhonour-copts -Wno-error=unused-but-set-variable -Wno-error=unused-result -I/home/voyager717/Downloads/SDK_Sourcecode/build_openwrt_new/AX3000-MT7981-Z8102AX/staging_dir/target-aarch64_cortex-a53_musl/usr/lib/libiconv-stub/include -I/home/voyager717/Downloads/SDK_Sourcecode/build_openwrt_new/AX3000-MT7981-Z8102AX/staging_dir/target-aarch64_cortex-a53_musl/usr/lib/libintl-stub/include -fmacro-prefix-map=/home/voyager717/Downloads/SDK_Sourcecode/build_openwrt_new/AX3000-MT7981-Z8102AX/build_dir/target-aarch64_cortex-a53_musl/binutils-2.35.1=binutils-2.35.1 -Wformat -Werror=format-security -fstack-protector -D_FORTIFY_SOURCE=1 -Wl,-z,now -Wl,-z,relro -DPIC -fPIC -Wno-unused-value   conftest.c >&5
configure:7117: $? = 0
configure:7117: result: yes
configure:7117: checking for inttypes.h
configure:7117: aarch64-openwrt-linux-musl-gcc -c -Os -pipe -mcpu=cortex-a53 -fno-caller-saves -fno-plt -fhonour-copts -Wno-error=unused-but-set-variable -Wno-error=unused-result -I/home/voyager717/Downloads/SDK_Sourcecode/build_openwrt_new/AX3000-MT7981-Z8102AX/staging_dir/target-aarch64_cortex-a53_musl/usr/lib/libiconv-stub/include -I/home/voyager717/Downloads/SDK_Sourcecode/build_openwrt_new/AX3000-MT7981-Z8102AX/staging_dir/target-aarch64_cortex-a53_musl/usr/lib/libintl-stub/include -fmacro-prefix-map=/home/voyager717/Downloads/SDK_Sourcecode/build_openwrt_new/AX3000-MT7981-Z8102AX/build_dir/target-aarch64_cortex-a53_musl/binutils-2.35.1=binutils-2.35.1 -Wformat -Werror=format-security -fstack-protector -D_FORTIFY_SOURCE=1 -Wl,-z,now -Wl,-z,relro -DPIC -fPIC -Wno-unused-value   conftest.c >&5
configure:7117: $? = 0
configure:7117: result: yes
configure:7117: checking for stdint.h
configure:7117: aarch64-openwrt-linux-musl-gcc -c -Os -pipe -mcpu=cortex-a53 -fno-caller-saves -fno-plt -fhonour-copts -Wno-error=unused-but-set-variable -Wno-error=unused-result -I/home/voyager717/Downloads/SDK_Sourcecode/build_openwrt_new/AX3000-MT7981-Z8102AX/staging_dir/target-aarch64_cortex-a53_musl/usr/lib/libiconv-stub/include -I/home/voyager717/Downloads/SDK_Sourcecode/build_openwrt_new/AX3000-MT7981-Z8102AX/staging_dir/target-aarch64_cortex-a53_musl/usr/lib/libintl-stub/include -fmacro-prefix-map=/home/voyager717/Downloads/SDK_Sourcecode/build_openwrt_new/AX3000-MT7981-Z8102AX/build_dir/target-aarch64_cortex-a53_musl/binutils-2.35.1=binutils-2.35.1 -Wformat -Werror=format-security -fstack-protector -D_FORTIFY_SOURCE=1 -Wl,-z,now -Wl,-z,relro -DPIC -fPIC -Wno-unused-value   conftest.c >&5
configure:7117: $? = 0
configure:7117: result: yes
configure:7117: checking for unistd.h
configure:7117: aarch64-openwrt-linux-musl-gcc -c -Os -pipe -mcpu=cortex-a53 -fno-caller-saves -fno-plt -fhonour-copts -Wno-error=unused-but-set-variable -Wno-error=unused-result -I/home/voyager717/Downloads/SDK_Sourcecode/build_openwrt_new/AX3000-MT7981-Z8102AX/staging_dir/target-aarch64_cortex-a53_musl/usr/lib/libiconv-stub/include -I/home/voyager717/Downloads/SDK_Sourcecode/build_openwrt_new/AX3000-MT7981-Z8102AX/staging_dir/target-aarch64_cortex-a53_musl/usr/lib/libintl-stub/include -fmacro-prefix-map=/home/voyager717/Downloads/SDK_Sourcecode/build_openwrt_new/AX3000-MT7981-Z8102AX/build_dir/target-aarch64_cortex-a53_musl/binutils-2.35.1=binutils-2.35.1 -Wformat -Werror=format-security -fstack-protector -D_FORTIFY_SOURCE=1 -Wl,-z,now -Wl,-z,relro -DPIC -fPIC -Wno-unused-value   conftest.c >&5
configure:7117: $? = 0
configure:7117: result: yes
configure:7131: checking for dlfcn.h
configure:7131: aarch64-openwrt-linux-musl-gcc -c -Os -pipe -mcpu=cortex-a53 -fno-caller-saves -fno-plt -fhonour-copts -Wno-error=unused-but-set-variable -Wno-error=unused-result -I/home/voyager717/Downloads/SDK_Sourcecode/build_openwrt_new/AX3000-MT7981-Z8102AX/staging_dir/target-aarch64_cortex-a53_musl/usr/lib/libiconv-stub/include -I/home/voyager717/Downloads/SDK_Sourcecode/build_openwrt_new/AX3000-MT7981-Z8102AX/staging_dir/target-aarch64_cortex-a53_musl/usr/lib/libintl-stub/include -fmacro-prefix-map=/home/voyager717/Downloads/SDK_Sourcecode/build_openwrt_new/AX3000-MT7981-Z8102AX/build_dir/target-aarch64_cortex-a53_musl/binutils-2.35.1=binutils-2.35.1 -Wformat -Werror=format-security -fstack-protector -D_FORTIFY_SOURCE=1 -Wl,-z,now -Wl,-z,relro -DPIC -fPIC -Wno-unused-value   conftest.c >&5
configure:7131: $? = 0
configure:7131: result: yes
configure:7318: checking for objdir
configure:7333: result: .libs
configure:7604: checking if aarch64-openwrt-linux-musl-gcc supports -fno-rtti -fno-exceptions
configure:7622: aarch64-openwrt-linux-musl-gcc -c -Os -pipe -mcpu=cortex-a53 -fno-caller-saves -fno-plt -fhonour-copts -Wno-error=unused-but-set-variable -Wno-error=unused-result -I/home/voyager717/Downloads/SDK_Sourcecode/build_openwrt_new/AX3000-MT7981-Z8102AX/staging_dir/target-aarch64_cortex-a53_musl/usr/lib/libiconv-stub/include -I/home/voyager717/Downloads/SDK_Sourcecode/build_openwrt_new/AX3000-MT7981-Z8102AX/staging_dir/target-aarch64_cortex-a53_musl/usr/lib/libintl-stub/include -fmacro-prefix-map=/home/voyager717/Downloads/SDK_Sourcecode/build_openwrt_new/AX3000-MT7981-Z8102AX/build_dir/target-aarch64_cortex-a53_musl/binutils-2.35.1=binutils-2.35.1 -Wformat -Werror=format-security -fstack-protector -D_FORTIFY_SOURCE=1 -Wl,-z,now -Wl,-z,relro -DPIC -fPIC -Wno-unused-value   -fno-rtti -fno-exceptions conftest.c >&5
cc1: warning: command line option '-fno-rtti' is valid for C++/ObjC++ but not for C
configure:7626: $? = 0
configure:7639: result: no
configure:7659: checking for aarch64-openwrt-linux-musl-gcc option to produce PIC
configure:7945: result: -fPIC -DPIC
configure:7957: checking if aarch64-openwrt-linux-musl-gcc PIC flag -fPIC -DPIC works
configure:7975: aarch64-openwrt-linux-musl-gcc -c -Os -pipe -mcpu=cortex-a53 -fno-caller-saves -fno-plt -fhonour-copts -Wno-error=unused-but-set-variable -Wno-error=unused-result -I/home/voyager717/Downloads/SDK_Sourcecode/build_openwrt_new/AX3000-MT7981-Z8102AX/staging_dir/target-aarch64_cortex-a53_musl/usr/lib/libiconv-stub/include -I/home/voyager717/Downloads/SDK_Sourcecode/build_openwrt_new/AX3000-MT7981-Z8102AX/staging_dir/target-aarch64_cortex-a53_musl/usr/lib/libintl-stub/include -fmacro-prefix-map=/home/voyager717/Downloads/SDK_Sourcecode/build_openwrt_new/AX3000-MT7981-Z8102AX/build_dir/target-aarch64_cortex-a53_musl/binutils-2.35.1=binutils-2.35.1 -Wformat -Werror=format-security -fstack-protector -D_FORTIFY_SOURCE=1 -Wl,-z,now -Wl,-z,relro -DPIC -fPIC -Wno-unused-value   -fPIC -DPIC -DPIC conftest.c >&5
configure:7979: $? = 0
configure:7992: result: yes
configure:8016: checking if aarch64-openwrt-linux-musl-gcc static flag -static works
configure:8044: result: yes
configure:8059: checking if aarch64-openwrt-linux-musl-gcc supports -c -o file.o
configure:8080: aarch64-openwrt-linux-musl-gcc -c -Os -pipe -mcpu=cortex-a53 -fno-caller-saves -fno-plt -fhonour-copts -Wno-error=unused-but-set-variable -Wno-error=unused-result -I/home/voyager717/Downloads/SDK_Sourcecode/build_openwrt_new/AX3000-MT7981-Z8102AX/staging_dir/target-aarch64_cortex-a53_musl/usr/lib/libiconv-stub/include -I/home/voyager717/Downloads/SDK_Sourcecode/build_openwrt_new/AX3000-MT7981-Z8102AX/staging_dir/target-aarch64_cortex-a53_musl/usr/lib/libintl-stub/include -fmacro-prefix-map=/home/voyager717/Downloads/SDK_Sourcecode/build_openwrt_new/AX3000-MT7981-Z8102AX/build_dir/target-aarch64_cortex-a53_musl/binutils-2.35.1=binutils-2.35.1 -Wformat -Werror=format-security -fstack-protector -D_FORTIFY_SOURCE=1 -Wl,-z,now -Wl,-z,relro -DPIC -fPIC -Wno-unused-value   -o out/conftest2.o conftest.c >&5
configure:8084: $? = 0
configure:8106: result: yes
configure:8114: checking if aarch64-openwrt-linux-musl-gcc supports -c -o file.o
configure:8161: result: yes
configure:8194: checking whether the aarch64-openwrt-linux-musl-gcc linker (aarch64-openwrt-linux-musl-ld) supports shared libraries
configure:9274: result: yes
configure:9311: checking whether -lc should be explicitly linked in
configure:9319: aarch64-openwrt-linux-musl-gcc -c -Os -pipe -mcpu=cortex-a53 -fno-caller-saves -fno-plt -fhonour-copts -Wno-error=unused-but-set-variable -Wno-error=unused-result -I/home/voyager717/Downloads/SDK_Sourcecode/build_openwrt_new/AX3000-MT7981-Z8102AX/staging_dir/target-aarch64_cortex-a53_musl/usr/lib/libiconv-stub/include -I/home/voyager717/Downloads/SDK_Sourcecode/build_openwrt_new/AX3000-MT7981-Z8102AX/staging_dir/target-aarch64_cortex-a53_musl/usr/lib/libintl-stub/include -fmacro-prefix-map=/home/voyager717/Downloads/SDK_Sourcecode/build_openwrt_new/AX3000-MT7981-Z8102AX/build_dir/target-aarch64_cortex-a53_musl/binutils-2.35.1=binutils-2.35.1 -Wformat -Werror=format-security -fstack-protector -D_FORTIFY_SOURCE=1 -Wl,-z,now -Wl,-z,relro -DPIC -fPIC -Wno-unused-value   conftest.c >&5
configure:9322: $? = 0
configure:9337: aarch64-openwrt-linux-musl-gcc -shared  -fPIC -DPIC conftest.o  -v -Wl,-soname -Wl,conftest -o conftest 2\>\&1 \| /home/voyager717/Downloads/SDK_Sourcecode/build_openwrt_new/AX3000-MT7981-Z8102AX/staging_dir/host/bin/grep  -lc  \>/dev/null 2\>\&1
configure:9340: $? = 0
configure:9354: result: no
configure:9519: checking dynamic linker characteristics
configure:9973: aarch64-openwrt-linux-musl-gcc -o conftest -Os -pipe -mcpu=cortex-a53 -fno-caller-saves -fno-plt -fhonour-copts -Wno-error=unused-but-set-variable -Wno-error=unused-result -I/home/voyager717/Downloads/SDK_Sourcecode/build_openwrt_new/AX3000-MT7981-Z8102AX/staging_dir/target-aarch64_cortex-a53_musl/usr/lib/libiconv-stub/include -I/home/voyager717/Downloads/SDK_Sourcecode/build_openwrt_new/AX3000-MT7981-Z8102AX/staging_dir/target-aarch64_cortex-a53_musl/usr/lib/libintl-stub/include -fmacro-prefix-map=/home/voyager717/Downloads/SDK_Sourcecode/build_openwrt_new/AX3000-MT7981-Z8102AX/build_dir/target-aarch64_cortex-a53_musl/binutils-2.35.1=binutils-2.35.1 -Wformat -Werror=format-security -fstack-protector -D_FORTIFY_SOURCE=1 -Wl,-z,now -Wl,-z,relro -DPIC -fPIC -Wno-unused-value    -L/home/voyager717/Downloads/SDK_Sourcecode/build_openwrt_new/AX3000-MT7981-Z8102AX/staging_dir/toolchain-aarch64_cortex-a53_gcc-8.4.0_musl/usr/lib -L/home/voyager717/Downloads/SDK_Sourcecode/build_openwrt_new/AX3000-MT7981-Z8102AX/staging_dir/toolchain-aarch64_cortex-a53_gcc-8.4.0_musl/lib -L/home/voyager717/Downloads/SDK_Sourcecode/build_openwrt_new/AX3000-MT7981-Z8102AX/staging_dir/target-aarch64_cortex-a53_musl/usr/lib/libiconv-stub/lib -Wl,-rpath-link=/home/voyager717/Downloads/SDK_Sourcecode/build_openwrt_new/AX3000-MT7981-Z8102AX/staging_dir/target-aarch64_cortex-a53_musl/usr/lib/libiconv-stub/lib -L/home/voyager717/Downloads/SDK_Sourcecode/build_openwrt_new/AX3000-MT7981-Z8102AX/staging_dir/target-aarch64_cortex-a53_musl/usr/lib/libintl-stub/lib -Wl,-rpath-link=/home/voyager717/Downloads/SDK_Sourcecode/build_openwrt_new/AX3000-MT7981-Z8102AX/staging_dir/target-aarch64_cortex-a53_musl/usr/lib/libintl-stub/lib -znow -zrelro   -Wl,-rpath -Wl,/foo conftest.c  >&5
configure:9973: $? = 0
configure:10195: result: GNU/Linux ld.so
configure:10302: checking how to hardcode library paths into programs
configure:10327: result: immediate
configure:10882: checking whether stripping libraries is possible
configure:10887: result: yes
configure:10922: checking if libtool supports shared libraries
configure:10924: result: yes
configure:10927: checking whether to build shared libraries
configure:10948: result: yes
configure:10951: checking whether to build static libraries
configure:10955: result: yes
configure:10998: checking how to run the C preprocessor
configure:11068: result: aarch64-openwrt-linux-musl-gcc -E
configure:11088: aarch64-openwrt-linux-musl-gcc -E  conftest.c
configure:11088: $? = 0
configure:11102: aarch64-openwrt-linux-musl-gcc -E  conftest.c
conftest.c:23:10: fatal error: ac_nonexistent.h: No such file or directory
 #include <ac_nonexistent.h>
          ^~~~~~~~~~~~~~~~~~
compilation terminated.
configure:11102: $? = 1
configure: failed program was:
| /* confdefs.h */
| #define PACKAGE_NAME "zlib"
| #define PACKAGE_TARNAME "zlib"
| #define PACKAGE_VERSION "1.1.4"
| #define PACKAGE_STRING "zlib 1.1.4"
| #define PACKAGE_BUGREPORT ""
| #define PACKAGE_URL ""
| #define PACKAGE "zlib"
| #define VERSION "1.1.4"
| #define STDC_HEADERS 1
| #define HAVE_SYS_TYPES_H 1
| #define HAVE_SYS_STAT_H 1
| #define HAVE_STDLIB_H 1
| #define HAVE_STRING_H 1
| #define HAVE_MEMORY_H 1
| #define HAVE_STRINGS_H 1
| #define HAVE_INTTYPES_H 1
| #define HAVE_STDINT_H 1
| #define HAVE_UNISTD_H 1
| #define HAVE_DLFCN_H 1
| #define LT_OBJDIR ".libs/"
| /* end confdefs.h.  */
| #include <ac_nonexistent.h>
configure:11158: checking for stdlib.h
configure:11158: result: yes
configure:11158: checking for unistd.h
configure:11158: result: yes
configure:11158: checking for sys/param.h
configure:11158: aarch64-openwrt-linux-musl-gcc -c -Os -pipe -mcpu=cortex-a53 -fno-caller-saves -fno-plt -fhonour-copts -Wno-error=unused-but-set-variable -Wno-error=unused-result -I/home/voyager717/Downloads/SDK_Sourcecode/build_openwrt_new/AX3000-MT7981-Z8102AX/staging_dir/target-aarch64_cortex-a53_musl/usr/lib/libiconv-stub/include -I/home/voyager717/Downloads/SDK_Sourcecode/build_openwrt_new/AX3000-MT7981-Z8102AX/staging_dir/target-aarch64_cortex-a53_musl/usr/lib/libintl-stub/include -fmacro-prefix-map=/home/voyager717/Downloads/SDK_Sourcecode/build_openwrt_new/AX3000-MT7981-Z8102AX/build_dir/target-aarch64_cortex-a53_musl/binutils-2.35.1=binutils-2.35.1 -Wformat -Werror=format-security -fstack-protector -D_FORTIFY_SOURCE=1 -Wl,-z,now -Wl,-z,relro -DPIC -fPIC -Wno-unused-value   conftest.c >&5
configure:11158: $? = 0
configure:11158: result: yes
configure:11178: checking for getpagesize
configure:11178: aarch64-openwrt-linux-musl-gcc -o conftest -Os -pipe -mcpu=cortex-a53 -fno-caller-saves -fno-plt -fhonour-copts -Wno-error=unused-but-set-variable -Wno-error=unused-result -I/home/voyager717/Downloads/SDK_Sourcecode/build_openwrt_new/AX3000-MT7981-Z8102AX/staging_dir/target-aarch64_cortex-a53_musl/usr/lib/libiconv-stub/include -I/home/voyager717/Downloads/SDK_Sourcecode/build_openwrt_new/AX3000-MT7981-Z8102AX/staging_dir/target-aarch64_cortex-a53_musl/usr/lib/libintl-stub/include -fmacro-prefix-map=/home/voyager717/Downloads/SDK_Sourcecode/build_openwrt_new/AX3000-MT7981-Z8102AX/build_dir/target-aarch64_cortex-a53_musl/binutils-2.35.1=binutils-2.35.1 -Wformat -Werror=format-security -fstack-protector -D_FORTIFY_SOURCE=1 -Wl,-z,now -Wl,-z,relro -DPIC -fPIC -Wno-unused-value    -L/home/voyager717/Downloads/SDK_Sourcecode/build_openwrt_new/AX3000-MT7981-Z8102AX/staging_dir/toolchain-aarch64_cortex-a53_gcc-8.4.0_musl/usr/lib -L/home/voyager717/Downloads/SDK_Sourcecode/build_openwrt_new/AX3000-MT7981-Z8102AX/staging_dir/toolchain-aarch64_cortex-a53_gcc-8.4.0_musl/lib -L/home/voyager717/Downloads/SDK_Sourcecode/build_openwrt_new/AX3000-MT7981-Z8102AX/staging_dir/target-aarch64_cortex-a53_musl/usr/lib/libiconv-stub/lib -Wl,-rpath-link=/home/voyager717/Downloads/SDK_Sourcecode/build_openwrt_new/AX3000-MT7981-Z8102AX/staging_dir/target-aarch64_cortex-a53_musl/usr/lib/libiconv-stub/lib -L/home/voyager717/Downloads/SDK_Sourcecode/build_openwrt_new/AX3000-MT7981-Z8102AX/staging_dir/target-aarch64_cortex-a53_musl/usr/lib/libintl-stub/lib -Wl,-rpath-link=/home/voyager717/Downloads/SDK_Sourcecode/build_openwrt_new/AX3000-MT7981-Z8102AX/staging_dir/target-aarch64_cortex-a53_musl/usr/lib/libintl-stub/lib -znow -zrelro   conftest.c  >&5
configure:11178: $? = 0
configure:11178: result: yes
configure:11187: checking for working mmap
configure:11344: result: no
configure:11357: checking for memcpy
configure:11357: aarch64-openwrt-linux-musl-gcc -o conftest -Os -pipe -mcpu=cortex-a53 -fno-caller-saves -fno-plt -fhonour-copts -Wno-error=unused-but-set-variable -Wno-error=unused-result -I/home/voyager717/Downloads/SDK_Sourcecode/build_openwrt_new/AX3000-MT7981-Z8102AX/staging_dir/target-aarch64_cortex-a53_musl/usr/lib/libiconv-stub/include -I/home/voyager717/Downloads/SDK_Sourcecode/build_openwrt_new/AX3000-MT7981-Z8102AX/staging_dir/target-aarch64_cortex-a53_musl/usr/lib/libintl-stub/include -fmacro-prefix-map=/home/voyager717/Downloads/SDK_Sourcecode/build_openwrt_new/AX3000-MT7981-Z8102AX/build_dir/target-aarch64_cortex-a53_musl/binutils-2.35.1=binutils-2.35.1 -Wformat -Werror=format-security -fstack-protector -D_FORTIFY_SOURCE=1 -Wl,-z,now -Wl,-z,relro -DPIC -fPIC -Wno-unused-value    -L/home/voyager717/Downloads/SDK_Sourcecode/build_openwrt_new/AX3000-MT7981-Z8102AX/staging_dir/toolchain-aarch64_cortex-a53_gcc-8.4.0_musl/usr/lib -L/home/voyager717/Downloads/SDK_Sourcecode/build_openwrt_new/AX3000-MT7981-Z8102AX/staging_dir/toolchain-aarch64_cortex-a53_gcc-8.4.0_musl/lib -L/home/voyager717/Downloads/SDK_Sourcecode/build_openwrt_new/AX3000-MT7981-Z8102AX/staging_dir/target-aarch64_cortex-a53_musl/usr/lib/libiconv-stub/lib -Wl,-rpath-link=/home/voyager717/Downloads/SDK_Sourcecode/build_openwrt_new/AX3000-MT7981-Z8102AX/staging_dir/target-aarch64_cortex-a53_musl/usr/lib/libiconv-stub/lib -L/home/voyager717/Downloads/SDK_Sourcecode/build_openwrt_new/AX3000-MT7981-Z8102AX/staging_dir/target-aarch64_cortex-a53_musl/usr/lib/libintl-stub/lib -Wl,-rpath-link=/home/voyager717/Downloads/SDK_Sourcecode/build_openwrt_new/AX3000-MT7981-Z8102AX/staging_dir/target-aarch64_cortex-a53_musl/usr/lib/libintl-stub/lib -znow -zrelro   conftest.c  >&5
conftest.c:50:6: warning: conflicting types for built-in function 'memcpy' [-Wbuiltin-declaration-mismatch]
 char memcpy ();
      ^~~~~~
configure:11357: $? = 0
configure:11357: result: yes
configure:11357: checking for strerror
configure:11357: result: yes
configure:11422: checking for unistd.h
configure:11422: result: yes
configure:11536: updating cache ./config.cache
configure:11616: checking that generated files are newer than configure
configure:11622: result: done
configure:11653: creating ./config.status

## ---------------------- ##
## Running config.status. ##
## ---------------------- ##

This file was extended by zlib config.status 1.1.4, which was
generated by GNU Autoconf 2.69.  Invocation command line was

  CONFIG_FILES    = 
  CONFIG_HEADERS  = 
  CONFIG_LINKS    = 
  CONFIG_COMMANDS = 
  $ ./config.status 

on it-labs13

config.status:1039: creating Makefile
config.status:1211: executing depfiles commands
config.status:1211: executing libtool commands

## ---------------- ##
## Cache variables. ##
## ---------------- ##

ac_cv_build=x86_64-pc-linux-gnu
ac_cv_c_bigendian=no
ac_cv_c_compiler_gnu=yes
ac_cv_c_gettext_without_libintl=yes
ac_cv_c_littleendian=yes
ac_cv_c_long_double=no
ac_cv_conv_longlong_to_float=yes
ac_cv_env_CPPFLAGS_set=
ac_cv_env_CPPFLAGS_value=
ac_cv_env_CPP_set=
ac_cv_env_CPP_value=
ac_cv_env_build_alias_set=set
ac_cv_env_build_alias_value=x86_64-pc-linux-gnu
ac_cv_env_host_alias_set=set
ac_cv_env_host_alias_value=aarch64-openwrt-linux-musl
ac_cv_env_target_alias_set=set
ac_cv_env_target_alias_value=aarch64-openwrt-linux-musl
ac_cv_file__dev_zero=yes
ac_cv_func___adjtimex=yes
ac_cv_func___va_copy=no
ac_cv_func__exit=yes
ac_cv_func_bcmp=yes
ac_cv_func_bcopy=yes
ac_cv_func_bzero=yes
ac_cv_func_cimag=yes
ac_cv_func_creal=yes
ac_cv_func_fchmod=yes
ac_cv_func_getaddrinfo=yes
ac_cv_func_getcwd=yes
ac_cv_func_getdomainname=yes
ac_cv_func_getpagesize=yes
ac_cv_func_getpgrp_void=yes
ac_cv_func_getpwuid_r=yes
ac_cv_func_gettimeofday=yes
ac_cv_func_index=yes
ac_cv_func_lstat=yes
ac_cv_func_lstat_dereferences_slashed_symlink=yes
ac_cv_func_lstat_empty_string_bug=no
ac_cv_func_malloc_0_nonnull=yes
ac_cv_func_malloc_works=yes
ac_cv_func_memcmp_clean=yes
ac_cv_func_memcmp_working=yes
ac_cv_func_memcpy=yes
ac_cv_func_mmap_fixed_mapped=no
ac_cv_func_posix_getgrgid_r=yes
ac_cv_func_posix_getpwuid_r=yes
ac_cv_func_psignal=yes
ac_cv_func_pthread_key_delete=yes
ac_cv_func_realloc_0_nonnull=yes
ac_cv_func_realloc_works=yes
ac_cv_func_rename=yes
ac_cv_func_rindex=yes
ac_cv_func_setgrent_void=yes
ac_cv_func_setlocale=yes
ac_cv_func_setpgrp_void=yes
ac_cv_func_setresuid=no
ac_cv_func_setvbuf_reversed=no
ac_cv_func_stat_empty_string_bug=no
ac_cv_func_stat_ignores_trailing_slash=no
ac_cv_func_strerror=yes
ac_cv_func_strftime=yes
ac_cv_func_utimes=yes
ac_cv_func_va_copy=no
ac_cv_func_vsnprintf=yes
ac_cv_have_accrights_in_msghdr=no
ac_cv_have_broken_snprintf=no
ac_cv_have_control_in_msghdr=yes
ac_cv_have_decl_sys_siglist=no
ac_cv_have_openpty_ctty_bug=yes
ac_cv_have_space_d_name_in_struct_dirent=yes
ac_cv_header_dlfcn_h=yes
ac_cv_header_inttypes_h=yes
ac_cv_header_memory_h=yes
ac_cv_header_netinet_sctp_h=no
ac_cv_header_netinet_sctp_uio_h=no
ac_cv_header_stdc=yes
ac_cv_header_stdint_h=yes
ac_cv_header_stdlib_h=yes
ac_cv_header_string_h=yes
ac_cv_header_strings_h=yes
ac_cv_header_sys_param_h=yes
ac_cv_header_sys_stat_h=yes
ac_cv_header_sys_types_h=yes
ac_cv_header_unistd_h=yes
ac_cv_host=aarch64-openwrt-linux-musl
ac_cv_int64_t=yes
ac_cv_lbl_unaligned_fail=no
ac_cv_linux_kernel_pppoe=yes
ac_cv_linux_vers=2
ac_cv_objext=o
ac_cv_pack_bitfields_reversed=yes
ac_cv_path_EGREP='/home/voyager717/Downloads/SDK_Sourcecode/build_openwrt_new/AX3000-MT7981-Z8102AX/staging_dir/host/bin/grep -E'
ac_cv_path_FGREP='/home/voyager717/Downloads/SDK_Sourcecode/build_openwrt_new/AX3000-MT7981-Z8102AX/staging_dir/host/bin/grep -F'
ac_cv_path_GREP=/home/voyager717/Downloads/SDK_Sourcecode/build_openwrt_new/AX3000-MT7981-Z8102AX/staging_dir/host/bin/grep
ac_cv_path_LDCONFIG=
ac_cv_path_SED=/home/voyager717/Downloads/SDK_Sourcecode/build_openwrt_new/AX3000-MT7981-Z8102AX/staging_dir/host/bin/sed
ac_cv_path_mkdir=/usr/bin/mkdir
ac_cv_prog_AR=aarch64-openwrt-linux-musl-gcc-ar
ac_cv_prog_AWK=gawk
ac_cv_prog_CC=aarch64-openwrt-linux-musl-gcc
ac_cv_prog_CPP='aarch64-openwrt-linux-musl-gcc -E'
ac_cv_prog_OBJDUMP=aarch64-openwrt-linux-musl-objdump
ac_cv_prog_RANLIB=aarch64-openwrt-linux-musl-gcc-ranlib
ac_cv_prog_STRIP=aarch64-openwrt-linux-musl-strip
ac_cv_prog_cc_c89=
ac_cv_prog_cc_g=yes
ac_cv_prog_make_make_set=yes
ac_cv_regexec_segfault_emptystr=no
ac_cv_sctp=no
ac_cv_sizeof___int64=8
ac_cv_sizeof_char=1
ac_cv_sizeof_int16_t=2
ac_cv_sizeof_int32_t=4
ac_cv_sizeof_int64_t=8
ac_cv_sizeof_int=4
ac_cv_sizeof_long=8
ac_cv_sizeof_long_int=8
ac_cv_sizeof_long_long=8
ac_cv_sizeof_off_t=8
ac_cv_sizeof_short=2
ac_cv_sizeof_short_int=2
ac_cv_sizeof_size_t=8
ac_cv_sizeof_ssize_t=8
ac_cv_sizeof_u_int16_t=2
ac_cv_sizeof_u_int32_t=4
ac_cv_sizeof_u_int64_t=8
ac_cv_sizeof_uint16_t=2
ac_cv_sizeof_uint32_t=4
ac_cv_sizeof_uint64_t=8
ac_cv_sizeof_unsigned_int=4
ac_cv_sizeof_unsigned_long=8
ac_cv_sizeof_unsigned_long_long=8
ac_cv_sizeof_unsigned_short=2
ac_cv_sizeof_void_p=8
ac_cv_sys_restartable_syscalls=yes
ac_cv_target=aarch64-openwrt-linux-musl
ac_cv_time_r_type=POSIX
ac_cv_type_suseconds_t=yes
ac_cv_uchar=no
ac_cv_uint64_t=yes
ac_cv_uint=yes
ac_cv_ulong=yes
ac_cv_ushort=yes
ac_cv_va_copy=C99
ac_cv_va_val_copy=yes
am_cv_CC_dependencies_compiler_type=gcc3
am_cv_make_support_nested_variables=yes
am_cv_prog_cc_c_o=yes
as_cv_unaligned_access=yes
lt_cv_archive_cmds_need_lc=no
lt_cv_deplibs_check_method=pass_all
lt_cv_file_magic_cmd='$MAGIC_CMD'
lt_cv_file_magic_test_file=
lt_cv_ld_reload_flag=-r
lt_cv_nm_interface='BSD nm'
lt_cv_objdir=.libs
lt_cv_path_LD=aarch64-openwrt-linux-musl-ld
lt_cv_path_NM=aarch64-openwrt-linux-musl-gcc-nm
lt_cv_prog_compiler_c_o=yes
lt_cv_prog_compiler_pic_works=yes
lt_cv_prog_compiler_rtti_exceptions=no
lt_cv_prog_compiler_static_works=yes
lt_cv_prog_gnu_ld=yes
lt_cv_shlibpath_overrides_runpath=no
lt_cv_sys_global_symbol_pipe='sed -n -e '\''s/^.*[	 ]\([ABCDGIRSTW][ABCDGIRSTW]*\)[	 ][	 ]*\([_A-Za-z][_A-Za-z0-9]*\)$/\1 \2 \2/p'\'''
lt_cv_sys_global_symbol_to_c_name_address='sed -n -e '\''s/^: \([^ ]*\) $/  {\"\1\", (void *) 0},/p'\'' -e '\''s/^[ABCDGIRSTW]* \([^ ]*\) \([^ ]*\)$/  {"\2", (void *) \&\2},/p'\'''
lt_cv_sys_global_symbol_to_c_name_address_lib_prefix='sed -n -e '\''s/^: \([^ ]*\) $/  {\"\1\", (void *) 0},/p'\'' -e '\''s/^[ABCDGIRSTW]* \([^ ]*\) \(lib[^ ]*\)$/  {"\2", (void *) \&\2},/p'\'' -e '\''s/^[ABCDGIRSTW]* \([^ ]*\) \([^ ]*\)$/  {"lib\2", (void *) \&\2},/p'\'''
lt_cv_sys_global_symbol_to_cdecl='sed -n -e '\''s/^T .* \(.*\)$/extern int \1();/p'\'' -e '\''s/^[ABCDGIRSTW]* .* \(.*\)$/extern char \1;/p'\'''
lt_cv_sys_max_cmd_len=1572864

## ----------------- ##
## Output variables. ##
## ----------------- ##

ACLOCAL='${SHELL} /home/voyager717/Downloads/SDK_Sourcecode/build_openwrt_new/AX3000-MT7981-Z8102AX/build_dir/target-aarch64_cortex-a53_musl/binutils-2.35.1/missing aclocal-1.15'
AMDEPBACKSLASH='\'
AMDEP_FALSE='#'
AMDEP_TRUE=''
AMTAR='$${TAR-tar}'
AM_BACKSLASH='\'
AM_DEFAULT_V='$(AM_DEFAULT_VERBOSITY)'
AM_DEFAULT_VERBOSITY='1'
AM_V='$(V)'
AR='aarch64-openwrt-linux-musl-gcc-ar'
AUTOCONF='${SHELL} /home/voyager717/Downloads/SDK_Sourcecode/build_openwrt_new/AX3000-MT7981-Z8102AX/build_dir/target-aarch64_cortex-a53_musl/binutils-2.35.1/missing autoconf'
AUTOHEADER='${SHELL} /home/voyager717/Downloads/SDK_Sourcecode/build_openwrt_new/AX3000-MT7981-Z8102AX/build_dir/target-aarch64_cortex-a53_musl/binutils-2.35.1/missing autoheader'
AUTOMAKE='${SHELL} /home/voyager717/Downloads/SDK_Sourcecode/build_openwrt_new/AX3000-MT7981-Z8102AX/build_dir/target-aarch64_cortex-a53_musl/binutils-2.35.1/missing automake-1.15'
AWK='gawk'
CC='aarch64-openwrt-linux-musl-gcc'
CCDEPMODE='depmode=gcc3'
CFLAGS='-Os -pipe -mcpu=cortex-a53 -fno-caller-saves -fno-plt -fhonour-copts -Wno-error=unused-but-set-variable -Wno-error=unused-result -I/home/voyager717/Downloads/SDK_Sourcecode/build_openwrt_new/AX3000-MT7981-Z8102AX/staging_dir/target-aarch64_cortex-a53_musl/usr/lib/libiconv-stub/include -I/home/voyager717/Downloads/SDK_Sourcecode/build_openwrt_new/AX3000-MT7981-Z8102AX/staging_dir/target-aarch64_cortex-a53_musl/usr/lib/libintl-stub/include -fmacro-prefix-map=/home/voyager717/Downloads/SDK_Sourcecode/build_openwrt_new/AX3000-MT7981-Z8102AX/build_dir/target-aarch64_cortex-a53_musl/binutils-2.35.1=binutils-2.35.1 -Wformat -Werror=format-security -fstack-protector -D_FORTIFY_SOURCE=1 -Wl,-z,now -Wl,-z,relro -DPIC -fPIC -Wno-unused-value '
COMPPATH='.'
CPP='aarch64-openwrt-linux-musl-gcc -E'
CPPFLAGS=''
CYGPATH_W='echo'
DEFS='-DPACKAGE_NAME=\"zlib\" -DPACKAGE_TARNAME=\"zlib\" -DPACKAGE_VERSION=\"1.1.4\" -DPACKAGE_STRING=\"zlib\ 1.1.4\" -DPACKAGE_BUGREPORT=\"\" -DPACKAGE_URL=\"\" -DPACKAGE=\"zlib\" -DVERSION=\"1.1.4\" -DSTDC_HEADERS=1 -DHAVE_SYS_TYPES_H=1 -DHAVE_SYS_STAT_H=1 -DHAVE_STDLIB_H=1 -DHAVE_STRING_H=1 -DHAVE_MEMORY_H=1 -DHAVE_STRINGS_H=1 -DHAVE_INTTYPES_H=1 -DHAVE_STDINT_H=1 -DHAVE_UNISTD_H=1 -DHAVE_DLFCN_H=1 -DLT_OBJDIR=\".libs/\" -DHAVE_STDLIB_H=1 -DHAVE_UNISTD_H=1 -DHAVE_SYS_PARAM_H=1 -DHAVE_GETPAGESIZE=1 -DHAVE_MEMCPY=1 -DHAVE_STRERROR=1 -DHAVE_UNISTD_H=1'
DEPDIR='.deps'
DSYMUTIL=''
DUMPBIN=''
ECHO_C=''
ECHO_N='-n'
ECHO_T=''
EGREP='/home/voyager717/Downloads/SDK_Sourcecode/build_openwrt_new/AX3000-MT7981-Z8102AX/staging_dir/host/bin/grep -E'
EXEEXT=''
FGREP='/home/voyager717/Downloads/SDK_Sourcecode/build_openwrt_new/AX3000-MT7981-Z8102AX/staging_dir/host/bin/grep -F'
GREP='/home/voyager717/Downloads/SDK_Sourcecode/build_openwrt_new/AX3000-MT7981-Z8102AX/staging_dir/host/bin/grep'
INSTALL_DATA='/usr/bin/install -c -m 644'
INSTALL_PROGRAM='/usr/bin/install -c'
INSTALL_SCRIPT='/usr/bin/install -c'
INSTALL_STRIP_PROGRAM='$(install_sh) -c -s'
LD='aarch64-openwrt-linux-musl-ld'
LDFLAGS=' -L/home/voyager717/Downloads/SDK_Sourcecode/build_openwrt_new/AX3000-MT7981-Z8102AX/staging_dir/toolchain-aarch64_cortex-a53_gcc-8.4.0_musl/usr/lib -L/home/voyager717/Downloads/SDK_Sourcecode/build_openwrt_new/AX3000-MT7981-Z8102AX/staging_dir/toolchain-aarch64_cortex-a53_gcc-8.4.0_musl/lib -L/home/voyager717/Downloads/SDK_Sourcecode/build_openwrt_new/AX3000-MT7981-Z8102AX/staging_dir/target-aarch64_cortex-a53_musl/usr/lib/libiconv-stub/lib -Wl,-rpath-link=/home/voyager717/Downloads/SDK_Sourcecode/build_openwrt_new/AX3000-MT7981-Z8102AX/staging_dir/target-aarch64_cortex-a53_musl/usr/lib/libiconv-stub/lib -L/home/voyager717/Downloads/SDK_Sourcecode/build_openwrt_new/AX3000-MT7981-Z8102AX/staging_dir/target-aarch64_cortex-a53_musl/usr/lib/libintl-stub/lib -Wl,-rpath-link=/home/voyager717/Downloads/SDK_Sourcecode/build_openwrt_new/AX3000-MT7981-Z8102AX/staging_dir/target-aarch64_cortex-a53_musl/usr/lib/libintl-stub/lib -znow -zrelro  '
LIBOBJS=''
LIBS=''
LIBTOOL='$(SHELL) $(top_builddir)/libtool'
LIPO=''
LN_S='ln -s'
LTLIBOBJS=''
MAINT='#'
MAINTAINER_MODE_FALSE=''
MAINTAINER_MODE_TRUE='#'
MAKEINFO='/home/voyager717/Downloads/SDK_Sourcecode/build_openwrt_new/AX3000-MT7981-Z8102AX/build_dir/target-aarch64_cortex-a53_musl/binutils-2.35.1/missing makeinfo --split-size=5000000'
MKDIR_P='/usr/bin/mkdir -p'
NM='aarch64-openwrt-linux-musl-gcc-nm'
NMEDIT=''
OBJDUMP='aarch64-openwrt-linux-musl-objdump'
OBJEXT='o'
OTOOL64=''
OTOOL=''
PACKAGE='zlib'
PACKAGE_BUGREPORT=''
PACKAGE_NAME='zlib'
PACKAGE_STRING='zlib 1.1.4'
PACKAGE_TARNAME='zlib'
PACKAGE_URL=''
PACKAGE_VERSION='1.1.4'
PATH_SEPARATOR=':'
PICFLAG='-fPIC'
RANLIB='aarch64-openwrt-linux-musl-gcc-ranlib'
SED='/home/voyager717/Downloads/SDK_Sourcecode/build_openwrt_new/AX3000-MT7981-Z8102AX/staging_dir/host/bin/sed'
SET_MAKE=''
SHELL='/bin/bash'
STRIP='aarch64-openwrt-linux-musl-strip'
TARGET_LIBRARY_FALSE=''
TARGET_LIBRARY_TRUE='#'
VERSION='1.1.4'
ac_ct_CC=''
ac_ct_DUMPBIN=''
am__EXEEXT_FALSE=''
am__EXEEXT_TRUE='#'
am__fastdepCC_FALSE='#'
am__fastdepCC_TRUE=''
am__include='include'
am__isrc=''
am__leading_dot='.'
am__nodep='_no'
am__quote=''
am__tar='$${TAR-tar} chof - "$$tardir"'
am__untar='$${TAR-tar} xf -'
bindir='/usr/bin'
build='x86_64-pc-linux-gnu'
build_alias='x86_64-pc-linux-gnu'
build_cpu='x86_64'
build_os='linux-gnu'
build_vendor='pc'
datadir='/usr/share'
datarootdir='${prefix}/share'
docdir='${datarootdir}/doc/${PACKAGE_TARNAME}'
dvidir='${docdir}'
exec_prefix='/usr'
host='aarch64-openwrt-linux-musl'
host_alias='aarch64-openwrt-linux-musl'
host_cpu='aarch64'
host_os='linux-musl'
host_vendor='openwrt'
htmldir='${docdir}'
includedir='${prefix}/include'
infodir='/usr/info'
install_sh='${SHELL} /home/voyager717/Downloads/SDK_Sourcecode/build_openwrt_new/AX3000-MT7981-Z8102AX/build_dir/target-aarch64_cortex-a53_musl/binutils-2.35.1/install-sh'
libdir='${exec_prefix}/lib'
libexecdir='/usr/lib'
localedir='${datarootdir}/locale'
localstatedir='/var'
mandir='/usr/man'
mkdir_p='$(MKDIR_P)'
mkinstalldirs='/home/voyager717/Downloads/SDK_Sourcecode/build_openwrt_new/AX3000-MT7981-Z8102AX/build_dir/target-aarch64_cortex-a53_musl/binutils-2.35.1/mkinstalldirs'
multi_basedir=''
oldincludedir='/usr/include'
pdfdir='${docdir}'
prefix='/usr'
program_transform_name='s&$$&&;s&^&&'
psdir='${docdir}'
sbindir='/usr/sbin'
sharedstatedir='${prefix}/com'
sysconfdir='/etc'
target='aarch64-openwrt-linux-musl'
target_alias='aarch64-openwrt-linux-musl'
target_all='libzgcj.la'
target_cpu='aarch64'
target_os='linux-musl'
target_vendor='openwrt'
toolexecdir='$(libdir)/gcc-lib/$(target_alias)'
toolexeclibdir='$(libdir)'

## ----------- ##
## confdefs.h. ##
## ----------- ##

/* confdefs.h */
#define PACKAGE_NAME "zlib"
#define PACKAGE_TARNAME "zlib"
#define PACKAGE_VERSION "1.1.4"
#define PACKAGE_STRING "zlib 1.1.4"
#define PACKAGE_BUGREPORT ""
#define PACKAGE_URL ""
#define PACKAGE "zlib"
#define VERSION "1.1.4"
#define STDC_HEADERS 1
#define HAVE_SYS_TYPES_H 1
#define HAVE_SYS_STAT_H 1
#define HAVE_STDLIB_H 1
#define HAVE_STRING_H 1
#define HAVE_MEMORY_H 1
#define HAVE_STRINGS_H 1
#define HAVE_INTTYPES_H 1
#define HAVE_STDINT_H 1
#define HAVE_UNISTD_H 1
#define HAVE_DLFCN_H 1
#define LT_OBJDIR ".libs/"
#define HAVE_STDLIB_H 1
#define HAVE_UNISTD_H 1
#define HAVE_SYS_PARAM_H 1
#define HAVE_GETPAGESIZE 1
#define HAVE_MEMCPY 1
#define HAVE_STRERROR 1
#define HAVE_UNISTD_H 1

configure: exit 0
