This file contains any messages produced by compilers while
running configure, to aid debugging if configure makes a mistake.

It was created by configure, which was
generated by GNU Autoconf 2.69.  Invocation command line was

  $ ./configure --target=x86_64-pc-linux-gnu --host=x86_64-pc-linux-gnu --build=x86_64-pc-linux-gnu --program-prefix= --program-suffix= --prefix=/home/voyager717/Downloads/SDK_Sourcecode/build_openwrt_new/AX3000-MT7981-Z8102AX/staging_dir/host --exec-prefix=/home/voyager717/Downloads/SDK_Sourcecode/build_openwrt_new/AX3000-MT7981-Z8102AX/staging_dir/host --sysconfdir=/home/voyager717/Downloads/SDK_Sourcecode/build_openwrt_new/AX3000-MT7981-Z8102AX/staging_dir/host/etc --localstatedir=/home/voyager717/Downloads/SDK_Sourcecode/build_openwrt_new/AX3000-MT7981-Z8102AX/staging_dir/host/var --sbindir=/home/voyager717/Downloads/SDK_Sourcecode/build_openwrt_new/AX3000-MT7981-Z8102AX/staging_dir/host/bin --disable-shared --enable-elf64

## --------- ##
## Platform. ##
## --------- ##

hostname = it-labs13
uname -m = x86_64
uname -r = 6.8.0-54-generic
uname -s = Linux
uname -v = #56-Ubuntu SMP PREEMPT_DYNAMIC Sat Feb  8 00:37:57 UTC 2025

/usr/bin/uname -p = x86_64
/bin/uname -X     = unknown

/bin/arch              = x86_64
/usr/bin/arch -k       = unknown
/usr/convex/getsysinfo = unknown
/usr/bin/hostinfo      = unknown
/bin/machine           = unknown
/usr/bin/oslevel       = unknown
/bin/universe          = unknown

PATH: /home/voyager717/Downloads/SDK_Sourcecode/build_openwrt_new/AX3000-MT7981-Z8102AX/staging_dir/toolchain-aarch64_cortex-a53_gcc-8.4.0_musl/bin
PATH: /home/voyager717/Downloads/SDK_Sourcecode/build_openwrt_new/AX3000-MT7981-Z8102AX/staging_dir/toolchain-aarch64_cortex-a53_gcc-8.4.0_musl/bin
PATH: /home/voyager717/Downloads/SDK_Sourcecode/build_openwrt_new/AX3000-MT7981-Z8102AX/staging_dir/host/bin
PATH: /home/voyager717/Downloads/SDK_Sourcecode/build_openwrt_new/AX3000-MT7981-Z8102AX/staging_dir/toolchain-aarch64_cortex-a53_gcc-8.4.0_musl/bin
PATH: /home/voyager717/Downloads/SDK_Sourcecode/build_openwrt_new/AX3000-MT7981-Z8102AX/staging_dir/host/bin
PATH: /home/voyager717/Downloads/SDK_Sourcecode/build_openwrt_new/AX3000-MT7981-Z8102AX/staging_dir/host/bin
PATH: /home/voyager717/Downloads/SDK_Sourcecode/wetransfer_mt7981-spim-nand-rfb-z8102ax-1-dts_2025-02-12_0126/openwrt/staging_dir/toolchain-aarch64_cortex-a53_gcc-13.3.0_musl/bin
PATH: /usr/local/sbin
PATH: /usr/local/bin
PATH: /usr/sbin
PATH: /usr/bin
PATH: /sbin
PATH: /bin
PATH: /usr/games
PATH: /usr/local/games
PATH: /snap/bin
PATH: /snap/bin


## ----------- ##
## Core tests. ##
## ----------- ##

configure:2424: checking whether make sets $(MAKE)
configure:2446: result: yes
configure:2463: checking for x86_64-pc-linux-gnu-gcc
configure:2493: result: no
configure:2503: checking for gcc
configure:2519: found /home/voyager717/Downloads/SDK_Sourcecode/build_openwrt_new/AX3000-MT7981-Z8102AX/staging_dir/host/bin/gcc
configure:2530: result: gcc
configure:2759: checking for C compiler version
configure:2768: gcc --version >&5
gcc (Ubuntu 13.3.0-6ubuntu2~24.04) 13.3.0
Copyright (C) 2023 Free Software Foundation, Inc.
This is free software; see the source for copying conditions.  There is NO
warranty; not even for MERCHANTABILITY or FITNESS FOR A PARTICULAR PURPOSE.

configure:2779: $? = 0
configure:2768: gcc -v >&5
Using built-in specs.
COLLECT_GCC=gcc
COLLECT_LTO_WRAPPER=/usr/libexec/gcc/x86_64-linux-gnu/13/lto-wrapper
OFFLOAD_TARGET_NAMES=nvptx-none:amdgcn-amdhsa
OFFLOAD_TARGET_DEFAULT=1
Target: x86_64-linux-gnu
Configured with: ../src/configure -v --with-pkgversion='Ubuntu 13.3.0-6ubuntu2~24.04' --with-bugurl=file:///usr/share/doc/gcc-13/README.Bugs --enable-languages=c,ada,c++,go,d,fortran,objc,obj-c++,m2 --prefix=/usr --with-gcc-major-version-only --program-suffix=-13 --program-prefix=x86_64-linux-gnu- --enable-shared --enable-linker-build-id --libexecdir=/usr/libexec --without-included-gettext --enable-threads=posix --libdir=/usr/lib --enable-nls --enable-bootstrap --enable-clocale=gnu --enable-libstdcxx-debug --enable-libstdcxx-time=yes --with-default-libstdcxx-abi=new --enable-libstdcxx-backtrace --enable-gnu-unique-object --disable-vtable-verify --enable-plugin --enable-default-pie --with-system-zlib --enable-libphobos-checking=release --with-target-system-zlib=auto --enable-objc-gc=auto --enable-multiarch --disable-werror --enable-cet --with-arch-32=i686 --with-abi=m64 --with-multilib-list=m32,m64,mx32 --enable-multilib --with-tune=generic --enable-offload-targets=nvptx-none=/build/gcc-13-fG75Ri/gcc-13-13.3.0/debian/tmp-nvptx/usr,amdgcn-amdhsa=/build/gcc-13-fG75Ri/gcc-13-13.3.0/debian/tmp-gcn/usr --enable-offload-defaulted --without-cuda-driver --enable-checking=release --build=x86_64-linux-gnu --host=x86_64-linux-gnu --target=x86_64-linux-gnu --with-build-config=bootstrap-lto-lean --enable-link-serialization=2
Thread model: posix
Supported LTO compression algorithms: zlib zstd
gcc version 13.3.0 (Ubuntu 13.3.0-6ubuntu2~24.04) 
... rest of stderr output deleted ...
configure:2779: $? = 0
configure:2768: gcc -V >&5
gcc: error: unrecognized command-line option '-V'
gcc: fatal error: no input files
compilation terminated.
configure:2779: $? = 1
configure:2768: gcc -qversion >&5
gcc: error: unrecognized command-line option '-qversion'; did you mean '--version'?
gcc: fatal error: no input files
compilation terminated.
configure:2779: $? = 1
configure:2799: checking whether the C compiler works
configure:2821: gcc    conftest.c  >&5
configure:2825: $? = 0
configure:2873: result: yes
configure:2876: checking for C compiler default output file name
configure:2878: result: a.out
configure:2884: checking for suffix of executables
configure:2891: gcc -o conftest    conftest.c  >&5
configure:2895: $? = 0
configure:2917: result: 
configure:2939: checking whether we are cross compiling
configure:2947: gcc -o conftest    conftest.c  >&5
configure:2951: $? = 0
configure:2958: ./conftest
configure:2962: $? = 0
configure:2977: result: no
configure:2982: checking for suffix of object files
configure:3004: gcc -c   conftest.c >&5
configure:3008: $? = 0
configure:3029: result: o
configure:3033: checking whether we are using the GNU C compiler
configure:3052: gcc -c   conftest.c >&5
configure:3052: $? = 0
configure:3061: result: yes
configure:3070: checking whether gcc accepts -g
configure:3090: gcc -c -g  conftest.c >&5
configure:3090: $? = 0
configure:3131: result: yes
configure:3148: checking for gcc option to accept ISO C89
configure:3211: gcc  -c   conftest.c >&5
configure:3211: $? = 0
configure:3224: result: none needed
configure:3249: checking how to run the C preprocessor
configure:3280: gcc -E  conftest.c
configure:3280: $? = 0
configure:3294: gcc -E  conftest.c
conftest.c:9:10: fatal error: ac_nonexistent.h: No such file or directory
    9 | #include <ac_nonexistent.h>
      |          ^~~~~~~~~~~~~~~~~~
compilation terminated.
configure:3294: $? = 1
configure: failed program was:
| /* confdefs.h */
| #define PACKAGE_NAME ""
| #define PACKAGE_TARNAME ""
| #define PACKAGE_VERSION ""
| #define PACKAGE_STRING ""
| #define PACKAGE_BUGREPORT ""
| #define PACKAGE_URL ""
| /* end confdefs.h.  */
| #include <ac_nonexistent.h>
configure:3319: result: gcc -E
configure:3339: gcc -E  conftest.c
configure:3339: $? = 0
configure:3353: gcc -E  conftest.c
conftest.c:9:10: fatal error: ac_nonexistent.h: No such file or directory
    9 | #include <ac_nonexistent.h>
      |          ^~~~~~~~~~~~~~~~~~
compilation terminated.
configure:3353: $? = 1
configure: failed program was:
| /* confdefs.h */
| #define PACKAGE_NAME ""
| #define PACKAGE_TARNAME ""
| #define PACKAGE_VERSION ""
| #define PACKAGE_STRING ""
| #define PACKAGE_BUGREPORT ""
| #define PACKAGE_URL ""
| /* end confdefs.h.  */
| #include <ac_nonexistent.h>
configure:3424: checking for a BSD-compatible install
configure:3492: result: /usr/bin/install -c
configure:3506: checking for x86_64-pc-linux-gnu-ranlib
configure:3536: result: no
configure:3546: checking for ranlib
configure:3562: found /usr/bin/ranlib
configure:3573: result: ranlib
configure:3595: checking whether ln -s works
configure:3599: result: yes
configure:3610: checking for grep that handles long lines and -e
configure:3668: result: /home/voyager717/Downloads/SDK_Sourcecode/build_openwrt_new/AX3000-MT7981-Z8102AX/staging_dir/host/bin/grep
configure:3673: checking for egrep
configure:3735: result: /home/voyager717/Downloads/SDK_Sourcecode/build_openwrt_new/AX3000-MT7981-Z8102AX/staging_dir/host/bin/grep -E
configure:3740: checking for ANSI C header files
configure:3760: gcc -c   conftest.c >&5
configure:3760: $? = 0
configure:3833: gcc -o conftest    conftest.c  >&5
configure:3833: $? = 0
configure:3833: ./conftest
configure:3833: $? = 0
configure:3844: result: yes
configure:3857: checking for sys/types.h
configure:3857: gcc -c   conftest.c >&5
configure:3857: $? = 0
configure:3857: result: yes
configure:3857: checking for sys/stat.h
configure:3857: gcc -c   conftest.c >&5
configure:3857: $? = 0
configure:3857: result: yes
configure:3857: checking for stdlib.h
configure:3857: gcc -c   conftest.c >&5
configure:3857: $? = 0
configure:3857: result: yes
configure:3857: checking for string.h
configure:3857: gcc -c   conftest.c >&5
configure:3857: $? = 0
configure:3857: result: yes
configure:3857: checking for memory.h
configure:3857: gcc -c   conftest.c >&5
configure:3857: $? = 0
configure:3857: result: yes
configure:3857: checking for strings.h
configure:3857: gcc -c   conftest.c >&5
configure:3857: $? = 0
configure:3857: result: yes
configure:3857: checking for inttypes.h
configure:3857: gcc -c   conftest.c >&5
configure:3857: $? = 0
configure:3857: result: yes
configure:3857: checking for stdint.h
configure:3857: gcc -c   conftest.c >&5
configure:3857: $? = 0
configure:3857: result: yes
configure:3857: checking for unistd.h
configure:3857: gcc -c   conftest.c >&5
configure:3857: $? = 0
configure:3857: result: yes
configure:3872: checking for unistd.h
configure:3872: result: yes
configure:3872: checking for stdint.h
configure:3872: result: yes
configure:3872: checking fcntl.h usability
configure:3872: gcc -c   conftest.c >&5
configure:3872: $? = 0
configure:3872: result: yes
configure:3872: checking fcntl.h presence
configure:3872: gcc -E  conftest.c
configure:3872: $? = 0
configure:3872: result: yes
configure:3872: checking for fcntl.h
configure:3872: result: yes
configure:3885: checking elf.h usability
configure:3885: gcc -c   conftest.c >&5
configure:3885: $? = 0
configure:3885: result: yes
configure:3885: checking elf.h presence
configure:3885: gcc -E  conftest.c
configure:3885: $? = 0
configure:3885: result: yes
configure:3885: checking for elf.h
configure:3885: result: yes
configure:3885: checking sys/elf.h usability
configure:3885: gcc -c   conftest.c >&5
In file included from conftest.c:56:
/usr/include/x86_64-linux-gnu/sys/elf.h:22:3: error: #error This header is unsupported on x86-64.
   22 | # error This header is unsupported on x86-64.
      |   ^~~~~
configure:3885: $? = 1
configure: failed program was:
| /* confdefs.h */
| #define PACKAGE_NAME ""
| #define PACKAGE_TARNAME ""
| #define PACKAGE_VERSION ""
| #define PACKAGE_STRING ""
| #define PACKAGE_BUGREPORT ""
| #define PACKAGE_URL ""
| #define STDC_HEADERS 1
| #define HAVE_SYS_TYPES_H 1
| #define HAVE_SYS_STAT_H 1
| #define HAVE_STDLIB_H 1
| #define HAVE_STRING_H 1
| #define HAVE_MEMORY_H 1
| #define HAVE_STRINGS_H 1
| #define HAVE_INTTYPES_H 1
| #define HAVE_STDINT_H 1
| #define HAVE_UNISTD_H 1
| #define HAVE_UNISTD_H 1
| #define HAVE_STDINT_H 1
| #define HAVE_FCNTL_H 1
| #define HAVE_ELF_H 1
| /* end confdefs.h.  */
| #include <stdio.h>
| #ifdef HAVE_SYS_TYPES_H
| # include <sys/types.h>
| #endif
| #ifdef HAVE_SYS_STAT_H
| # include <sys/stat.h>
| #endif
| #ifdef STDC_HEADERS
| # include <stdlib.h>
| # include <stddef.h>
| #else
| # ifdef HAVE_STDLIB_H
| #  include <stdlib.h>
| # endif
| #endif
| #ifdef HAVE_STRING_H
| # if !defined STDC_HEADERS && defined HAVE_MEMORY_H
| #  include <memory.h>
| # endif
| # include <string.h>
| #endif
| #ifdef HAVE_STRINGS_H
| # include <strings.h>
| #endif
| #ifdef HAVE_INTTYPES_H
| # include <inttypes.h>
| #endif
| #ifdef HAVE_STDINT_H
| # include <stdint.h>
| #endif
| #ifdef HAVE_UNISTD_H
| # include <unistd.h>
| #endif
| #include <sys/elf.h>
configure:3885: result: no
configure:3885: checking sys/elf.h presence
configure:3885: gcc -E  conftest.c
In file included from conftest.c:23:
/usr/include/x86_64-linux-gnu/sys/elf.h:22:3: error: #error This header is unsupported on x86-64.
   22 | # error This header is unsupported on x86-64.
      |   ^~~~~
configure:3885: $? = 1
configure: failed program was:
| /* confdefs.h */
| #define PACKAGE_NAME ""
| #define PACKAGE_TARNAME ""
| #define PACKAGE_VERSION ""
| #define PACKAGE_STRING ""
| #define PACKAGE_BUGREPORT ""
| #define PACKAGE_URL ""
| #define STDC_HEADERS 1
| #define HAVE_SYS_TYPES_H 1
| #define HAVE_SYS_STAT_H 1
| #define HAVE_STDLIB_H 1
| #define HAVE_STRING_H 1
| #define HAVE_MEMORY_H 1
| #define HAVE_STRINGS_H 1
| #define HAVE_INTTYPES_H 1
| #define HAVE_STDINT_H 1
| #define HAVE_UNISTD_H 1
| #define HAVE_UNISTD_H 1
| #define HAVE_STDINT_H 1
| #define HAVE_FCNTL_H 1
| #define HAVE_ELF_H 1
| /* end confdefs.h.  */
| #include <sys/elf.h>
configure:3885: result: no
configure:3885: checking for sys/elf.h
configure:3885: result: no
configure:3885: checking link.h usability
configure:3885: gcc -c   conftest.c >&5
configure:3885: $? = 0
configure:3885: result: yes
configure:3885: checking link.h presence
configure:3885: gcc -E  conftest.c
configure:3885: $? = 0
configure:3885: result: yes
configure:3885: checking for link.h
configure:3885: result: yes
configure:3885: checking sys/link.h usability
configure:3885: gcc -c   conftest.c >&5
conftest.c:57:10: fatal error: sys/link.h: No such file or directory
   57 | #include <sys/link.h>
      |          ^~~~~~~~~~~~
compilation terminated.
configure:3885: $? = 1
configure: failed program was:
| /* confdefs.h */
| #define PACKAGE_NAME ""
| #define PACKAGE_TARNAME ""
| #define PACKAGE_VERSION ""
| #define PACKAGE_STRING ""
| #define PACKAGE_BUGREPORT ""
| #define PACKAGE_URL ""
| #define STDC_HEADERS 1
| #define HAVE_SYS_TYPES_H 1
| #define HAVE_SYS_STAT_H 1
| #define HAVE_STDLIB_H 1
| #define HAVE_STRING_H 1
| #define HAVE_MEMORY_H 1
| #define HAVE_STRINGS_H 1
| #define HAVE_INTTYPES_H 1
| #define HAVE_STDINT_H 1
| #define HAVE_UNISTD_H 1
| #define HAVE_UNISTD_H 1
| #define HAVE_STDINT_H 1
| #define HAVE_FCNTL_H 1
| #define HAVE_ELF_H 1
| #define HAVE_LINK_H 1
| /* end confdefs.h.  */
| #include <stdio.h>
| #ifdef HAVE_SYS_TYPES_H
| # include <sys/types.h>
| #endif
| #ifdef HAVE_SYS_STAT_H
| # include <sys/stat.h>
| #endif
| #ifdef STDC_HEADERS
| # include <stdlib.h>
| # include <stddef.h>
| #else
| # ifdef HAVE_STDLIB_H
| #  include <stdlib.h>
| # endif
| #endif
| #ifdef HAVE_STRING_H
| # if !defined STDC_HEADERS && defined HAVE_MEMORY_H
| #  include <memory.h>
| # endif
| # include <string.h>
| #endif
| #ifdef HAVE_STRINGS_H
| # include <strings.h>
| #endif
| #ifdef HAVE_INTTYPES_H
| # include <inttypes.h>
| #endif
| #ifdef HAVE_STDINT_H
| # include <stdint.h>
| #endif
| #ifdef HAVE_UNISTD_H
| # include <unistd.h>
| #endif
| #include <sys/link.h>
configure:3885: result: no
configure:3885: checking sys/link.h presence
configure:3885: gcc -E  conftest.c
conftest.c:24:10: fatal error: sys/link.h: No such file or directory
   24 | #include <sys/link.h>
      |          ^~~~~~~~~~~~
compilation terminated.
configure:3885: $? = 1
configure: failed program was:
| /* confdefs.h */
| #define PACKAGE_NAME ""
| #define PACKAGE_TARNAME ""
| #define PACKAGE_VERSION ""
| #define PACKAGE_STRING ""
| #define PACKAGE_BUGREPORT ""
| #define PACKAGE_URL ""
| #define STDC_HEADERS 1
| #define HAVE_SYS_TYPES_H 1
| #define HAVE_SYS_STAT_H 1
| #define HAVE_STDLIB_H 1
| #define HAVE_STRING_H 1
| #define HAVE_MEMORY_H 1
| #define HAVE_STRINGS_H 1
| #define HAVE_INTTYPES_H 1
| #define HAVE_STDINT_H 1
| #define HAVE_UNISTD_H 1
| #define HAVE_UNISTD_H 1
| #define HAVE_STDINT_H 1
| #define HAVE_FCNTL_H 1
| #define HAVE_ELF_H 1
| #define HAVE_LINK_H 1
| /* end confdefs.h.  */
| #include <sys/link.h>
configure:3885: result: no
configure:3885: checking for sys/link.h
configure:3885: result: no
configure:3895: checking if gcc can compile elf.h
configure:3916: gcc -c   conftest.c >&5
configure:3916: $? = 0
configure:3924: result: yes
configure:3941: checking ar.h usability
configure:3941: gcc -c   conftest.c >&5
configure:3941: $? = 0
configure:3941: result: yes
configure:3941: checking ar.h presence
configure:3941: gcc -E  conftest.c
configure:3941: $? = 0
configure:3941: result: yes
configure:3941: checking for ar.h
configure:3941: result: yes
configure:3941: checking libelf.h usability
configure:3941: gcc -c   conftest.c >&5
configure:3941: $? = 0
configure:3941: result: yes
configure:3941: checking libelf.h presence
configure:3941: gcc -E  conftest.c
configure:3941: $? = 0
configure:3941: result: yes
configure:3941: checking for libelf.h
configure:3941: result: yes
configure:3941: checking nlist.h usability
configure:3941: gcc -c   conftest.c >&5
configure:3941: $? = 0
configure:3941: result: yes
configure:3941: checking nlist.h presence
configure:3941: gcc -E  conftest.c
configure:3941: $? = 0
configure:3941: result: yes
configure:3941: checking for nlist.h
configure:3941: result: yes
configure:3941: checking gelf.h usability
configure:3941: gcc -c   conftest.c >&5
configure:3941: $? = 0
configure:3941: result: yes
configure:3941: checking gelf.h presence
configure:3941: gcc -E  conftest.c
configure:3941: $? = 0
configure:3941: result: yes
configure:3941: checking for gelf.h
configure:3941: result: yes
configure:3951: checking whether to install <libelf.h>, <nlist.h> and <gelf.h>
configure:3963: result: no
configure:3967: checking for an ANSI C-conforming const
configure:4033: gcc -c   conftest.c >&5
configure:4033: $? = 0
configure:4040: result: yes
configure:4048: checking for off_t
configure:4048: gcc -c   conftest.c >&5
configure:4048: $? = 0
configure:4048: gcc -c   conftest.c >&5
conftest.c: In function 'main':
conftest.c:65:20: error: expected expression before ')' token
   65 | if (sizeof ((off_t)))
      |                    ^
configure:4048: $? = 1
configure: failed program was:
| /* confdefs.h */
| #define PACKAGE_NAME ""
| #define PACKAGE_TARNAME ""
| #define PACKAGE_VERSION ""
| #define PACKAGE_STRING ""
| #define PACKAGE_BUGREPORT ""
| #define PACKAGE_URL ""
| #define STDC_HEADERS 1
| #define HAVE_SYS_TYPES_H 1
| #define HAVE_SYS_STAT_H 1
| #define HAVE_STDLIB_H 1
| #define HAVE_STRING_H 1
| #define HAVE_MEMORY_H 1
| #define HAVE_STRINGS_H 1
| #define HAVE_INTTYPES_H 1
| #define HAVE_STDINT_H 1
| #define HAVE_UNISTD_H 1
| #define HAVE_UNISTD_H 1
| #define HAVE_STDINT_H 1
| #define HAVE_FCNTL_H 1
| #define HAVE_ELF_H 1
| #define HAVE_LINK_H 1
| #define __LIBELF_HEADER_ELF_H <elf.h>
| #define HAVE_AR_H 1
| #define HAVE_LIBELF_H 1
| #define HAVE_NLIST_H 1
| #define HAVE_GELF_H 1
| /* end confdefs.h.  */
| #include <stdio.h>
| #ifdef HAVE_SYS_TYPES_H
| # include <sys/types.h>
| #endif
| #ifdef HAVE_SYS_STAT_H
| # include <sys/stat.h>
| #endif
| #ifdef STDC_HEADERS
| # include <stdlib.h>
| # include <stddef.h>
| #else
| # ifdef HAVE_STDLIB_H
| #  include <stdlib.h>
| # endif
| #endif
| #ifdef HAVE_STRING_H
| # if !defined STDC_HEADERS && defined HAVE_MEMORY_H
| #  include <memory.h>
| # endif
| # include <string.h>
| #endif
| #ifdef HAVE_STRINGS_H
| # include <strings.h>
| #endif
| #ifdef HAVE_INTTYPES_H
| # include <inttypes.h>
| #endif
| #ifdef HAVE_STDINT_H
| # include <stdint.h>
| #endif
| #ifdef HAVE_UNISTD_H
| # include <unistd.h>
| #endif
| int
| main ()
| {
| if (sizeof ((off_t)))
| 	    return 0;
|   ;
|   return 0;
| }
configure:4048: result: yes
configure:4059: checking for size_t
configure:4059: gcc -c   conftest.c >&5
configure:4059: $? = 0
configure:4059: gcc -c   conftest.c >&5
conftest.c: In function 'main':
conftest.c:65:21: error: expected expression before ')' token
   65 | if (sizeof ((size_t)))
      |                     ^
configure:4059: $? = 1
configure: failed program was:
| /* confdefs.h */
| #define PACKAGE_NAME ""
| #define PACKAGE_TARNAME ""
| #define PACKAGE_VERSION ""
| #define PACKAGE_STRING ""
| #define PACKAGE_BUGREPORT ""
| #define PACKAGE_URL ""
| #define STDC_HEADERS 1
| #define HAVE_SYS_TYPES_H 1
| #define HAVE_SYS_STAT_H 1
| #define HAVE_STDLIB_H 1
| #define HAVE_STRING_H 1
| #define HAVE_MEMORY_H 1
| #define HAVE_STRINGS_H 1
| #define HAVE_INTTYPES_H 1
| #define HAVE_STDINT_H 1
| #define HAVE_UNISTD_H 1
| #define HAVE_UNISTD_H 1
| #define HAVE_STDINT_H 1
| #define HAVE_FCNTL_H 1
| #define HAVE_ELF_H 1
| #define HAVE_LINK_H 1
| #define __LIBELF_HEADER_ELF_H <elf.h>
| #define HAVE_AR_H 1
| #define HAVE_LIBELF_H 1
| #define HAVE_NLIST_H 1
| #define HAVE_GELF_H 1
| /* end confdefs.h.  */
| #include <stdio.h>
| #ifdef HAVE_SYS_TYPES_H
| # include <sys/types.h>
| #endif
| #ifdef HAVE_SYS_STAT_H
| # include <sys/stat.h>
| #endif
| #ifdef STDC_HEADERS
| # include <stdlib.h>
| # include <stddef.h>
| #else
| # ifdef HAVE_STDLIB_H
| #  include <stdlib.h>
| # endif
| #endif
| #ifdef HAVE_STRING_H
| # if !defined STDC_HEADERS && defined HAVE_MEMORY_H
| #  include <memory.h>
| # endif
| # include <string.h>
| #endif
| #ifdef HAVE_STRINGS_H
| # include <strings.h>
| #endif
| #ifdef HAVE_INTTYPES_H
| # include <inttypes.h>
| #endif
| #ifdef HAVE_STDINT_H
| # include <stdint.h>
| #endif
| #ifdef HAVE_UNISTD_H
| # include <unistd.h>
| #endif
| int
| main ()
| {
| if (sizeof ((size_t)))
| 	    return 0;
|   ;
|   return 0;
| }
configure:4059: result: yes
configure:4075: checking size of short
configure:4080: gcc -o conftest    conftest.c  >&5
configure:4080: $? = 0
configure:4080: ./conftest
configure:4080: $? = 0
configure:4094: result: 2
configure:4108: checking size of int
configure:4113: gcc -o conftest    conftest.c  >&5
configure:4113: $? = 0
configure:4113: ./conftest
configure:4113: $? = 0
configure:4127: result: 4
configure:4141: checking size of long
configure:4146: gcc -o conftest    conftest.c  >&5
configure:4146: $? = 0
configure:4146: ./conftest
configure:4146: $? = 0
configure:4160: result: 8
configure:4174: checking size of long long
configure:4179: gcc -o conftest    conftest.c  >&5
configure:4179: $? = 0
configure:4179: ./conftest
configure:4179: $? = 0
configure:4193: result: 8
configure:4208: checking size of __int64
configure:4213: gcc -o conftest    conftest.c  >&5
conftest.c: In function 'longval':
conftest.c:66:57: error: '__int64' undeclared (first use in this function); did you mean '__int64_t'?
   66 | static long int longval () { return (long int) (sizeof (__int64)); }
      |                                                         ^~~~~~~
      |                                                         __int64_t
conftest.c:66:57: note: each undeclared identifier is reported only once for each function it appears in
conftest.c: In function 'ulongval':
conftest.c:67:67: error: '__int64' undeclared (first use in this function); did you mean '__int64_t'?
   67 | static unsigned long int ulongval () { return (long int) (sizeof (__int64)); }
      |                                                                   ^~~~~~~
      |                                                                   __int64_t
conftest.c: In function 'main':
conftest.c:77:28: error: '__int64' undeclared (first use in this function); did you mean '__int64_t'?
   77 |   if (((long int) (sizeof (__int64))) < 0)
      |                            ^~~~~~~
      |                            __int64_t
configure:4213: $? = 1
configure: program exited with status 1
configure: failed program was:
| /* confdefs.h */
| #define PACKAGE_NAME ""
| #define PACKAGE_TARNAME ""
| #define PACKAGE_VERSION ""
| #define PACKAGE_STRING ""
| #define PACKAGE_BUGREPORT ""
| #define PACKAGE_URL ""
| #define STDC_HEADERS 1
| #define HAVE_SYS_TYPES_H 1
| #define HAVE_SYS_STAT_H 1
| #define HAVE_STDLIB_H 1
| #define HAVE_STRING_H 1
| #define HAVE_MEMORY_H 1
| #define HAVE_STRINGS_H 1
| #define HAVE_INTTYPES_H 1
| #define HAVE_STDINT_H 1
| #define HAVE_UNISTD_H 1
| #define HAVE_UNISTD_H 1
| #define HAVE_STDINT_H 1
| #define HAVE_FCNTL_H 1
| #define HAVE_ELF_H 1
| #define HAVE_LINK_H 1
| #define __LIBELF_HEADER_ELF_H <elf.h>
| #define HAVE_AR_H 1
| #define HAVE_LIBELF_H 1
| #define HAVE_NLIST_H 1
| #define HAVE_GELF_H 1
| #define SIZEOF_SHORT 2
| #define SIZEOF_INT 4
| #define SIZEOF_LONG 8
| #define SIZEOF_LONG_LONG 8
| /* end confdefs.h.  */
| #include <stdio.h>
| #ifdef HAVE_SYS_TYPES_H
| # include <sys/types.h>
| #endif
| #ifdef HAVE_SYS_STAT_H
| # include <sys/stat.h>
| #endif
| #ifdef STDC_HEADERS
| # include <stdlib.h>
| # include <stddef.h>
| #else
| # ifdef HAVE_STDLIB_H
| #  include <stdlib.h>
| # endif
| #endif
| #ifdef HAVE_STRING_H
| # if !defined STDC_HEADERS && defined HAVE_MEMORY_H
| #  include <memory.h>
| # endif
| # include <string.h>
| #endif
| #ifdef HAVE_STRINGS_H
| # include <strings.h>
| #endif
| #ifdef HAVE_INTTYPES_H
| # include <inttypes.h>
| #endif
| #ifdef HAVE_STDINT_H
| # include <stdint.h>
| #endif
| #ifdef HAVE_UNISTD_H
| # include <unistd.h>
| #endif
| static long int longval () { return (long int) (sizeof (__int64)); }
| static unsigned long int ulongval () { return (long int) (sizeof (__int64)); }
| #include <stdio.h>
| #include <stdlib.h>
| int
| main ()
| {
| 
|   FILE *f = fopen ("conftest.val", "w");
|   if (! f)
|     return 1;
|   if (((long int) (sizeof (__int64))) < 0)
|     {
|       long int i = longval ();
|       if (i != ((long int) (sizeof (__int64))))
| 	return 1;
|       fprintf (f, "%ld", i);
|     }
|   else
|     {
|       unsigned long int i = ulongval ();
|       if (i != ((long int) (sizeof (__int64))))
| 	return 1;
|       fprintf (f, "%lu", i);
|     }
|   /* Do not output a trailing newline, as this causes \r\n confusion
|      on some platforms.  */
|   return ferror (f) || fclose (f) != 0;
| 
|   ;
|   return 0;
| }
configure:4227: result: 0
configure:4243: checking for struct Elf32_Dyn
configure:4260: gcc -c   conftest.c >&5
configure:4260: $? = 0
configure:4299: result: yes
configure:4312: checking for struct nlist in elf.h
configure:4329: gcc -c   conftest.c >&5
conftest.c: In function 'main':
conftest.c:38:14: error: storage size of 'nl' isn't known
   38 | struct nlist nl
      |              ^~
configure:4329: $? = 1
configure: failed program was:
| /* confdefs.h */
| #define PACKAGE_NAME ""
| #define PACKAGE_TARNAME ""
| #define PACKAGE_VERSION ""
| #define PACKAGE_STRING ""
| #define PACKAGE_BUGREPORT ""
| #define PACKAGE_URL ""
| #define STDC_HEADERS 1
| #define HAVE_SYS_TYPES_H 1
| #define HAVE_SYS_STAT_H 1
| #define HAVE_STDLIB_H 1
| #define HAVE_STRING_H 1
| #define HAVE_MEMORY_H 1
| #define HAVE_STRINGS_H 1
| #define HAVE_INTTYPES_H 1
| #define HAVE_STDINT_H 1
| #define HAVE_UNISTD_H 1
| #define HAVE_UNISTD_H 1
| #define HAVE_STDINT_H 1
| #define HAVE_FCNTL_H 1
| #define HAVE_ELF_H 1
| #define HAVE_LINK_H 1
| #define __LIBELF_HEADER_ELF_H <elf.h>
| #define HAVE_AR_H 1
| #define HAVE_LIBELF_H 1
| #define HAVE_NLIST_H 1
| #define HAVE_GELF_H 1
| #define SIZEOF_SHORT 2
| #define SIZEOF_INT 4
| #define SIZEOF_LONG 8
| #define SIZEOF_LONG_LONG 8
| #define SIZEOF___INT64 0
| /* end confdefs.h.  */
| #include __LIBELF_HEADER_ELF_H
| int
| main ()
| {
| struct nlist nl
|   ;
|   return 0;
| }
configure:4336: result: no
configure:4344: checking for struct Elf64_Ehdr
configure:4360: gcc -c   conftest.c >&5
configure:4360: $? = 0
configure:4367: result: yes
configure:4371: checking for Elf64_Addr
configure:4387: gcc -c   conftest.c >&5
configure:4387: $? = 0
configure:4394: result: yes
configure:4398: checking for struct Elf64_Rel
configure:4414: gcc -c   conftest.c >&5
configure:4414: $? = 0
configure:4437: result: yes
configure:4458: checking for Elf32_Verdef
configure:4482: gcc -c   conftest.c >&5
configure:4482: $? = 0
configure:4489: result: yes
configure:4492: checking for Elf64_Verdef
configure:4516: gcc -c   conftest.c >&5
configure:4516: $? = 0
configure:4523: result: yes
configure:4526: checking for SHT_SUNW_verdef
configure:4542: gcc -c   conftest.c >&5
conftest.c: In function 'main':
conftest.c:38:16: error: 'SHT_SUNW_verdef' undeclared (first use in this function); did you mean 'SHT_GNU_verdef'?
   38 | Elf32_Word x = SHT_SUNW_verdef + SHT_SUNW_verneed + SHT_SUNW_versym
      |                ^~~~~~~~~~~~~~~
      |                SHT_GNU_verdef
conftest.c:38:16: note: each undeclared identifier is reported only once for each function it appears in
conftest.c:38:34: error: 'SHT_SUNW_verneed' undeclared (first use in this function); did you mean 'SHT_GNU_verneed'?
   38 | Elf32_Word x = SHT_SUNW_verdef + SHT_SUNW_verneed + SHT_SUNW_versym
      |                                  ^~~~~~~~~~~~~~~~
      |                                  SHT_GNU_verneed
conftest.c:38:53: error: 'SHT_SUNW_versym' undeclared (first use in this function); did you mean 'SHT_GNU_versym'?
   38 | Elf32_Word x = SHT_SUNW_verdef + SHT_SUNW_verneed + SHT_SUNW_versym
      |                                                     ^~~~~~~~~~~~~~~
      |                                                     SHT_GNU_versym
configure:4542: $? = 1
configure: failed program was:
| /* confdefs.h */
| #define PACKAGE_NAME ""
| #define PACKAGE_TARNAME ""
| #define PACKAGE_VERSION ""
| #define PACKAGE_STRING ""
| #define PACKAGE_BUGREPORT ""
| #define PACKAGE_URL ""
| #define STDC_HEADERS 1
| #define HAVE_SYS_TYPES_H 1
| #define HAVE_SYS_STAT_H 1
| #define HAVE_STDLIB_H 1
| #define HAVE_STRING_H 1
| #define HAVE_MEMORY_H 1
| #define HAVE_STRINGS_H 1
| #define HAVE_INTTYPES_H 1
| #define HAVE_STDINT_H 1
| #define HAVE_UNISTD_H 1
| #define HAVE_UNISTD_H 1
| #define HAVE_STDINT_H 1
| #define HAVE_FCNTL_H 1
| #define HAVE_ELF_H 1
| #define HAVE_LINK_H 1
| #define __LIBELF_HEADER_ELF_H <elf.h>
| #define HAVE_AR_H 1
| #define HAVE_LIBELF_H 1
| #define HAVE_NLIST_H 1
| #define HAVE_GELF_H 1
| #define SIZEOF_SHORT 2
| #define SIZEOF_INT 4
| #define SIZEOF_LONG 8
| #define SIZEOF_LONG_LONG 8
| #define SIZEOF___INT64 0
| /* end confdefs.h.  */
| #include __LIBELF_HEADER_ELF_H
| int
| main ()
| {
| Elf32_Word x = SHT_SUNW_verdef + SHT_SUNW_verneed + SHT_SUNW_versym
|   ;
|   return 0;
| }
configure:4549: result: no
configure:4552: checking for SHT_GNU_verdef
configure:4568: gcc -c   conftest.c >&5
conftest.c: In function 'main':
conftest.c:38:31: warning: integer overflow in expression of type 'int' results in '-536870917' [-Woverflow]
   38 | Elf32_Word x = SHT_GNU_verdef + SHT_GNU_verneed + SHT_GNU_versym
      |                               ^
configure:4568: $? = 0
configure:4575: result: yes
configure:4588: checking for 64-bit integer
configure:4604: result: long
configure:4619: checking for 32-bit integer
configure:4633: result: int
configure:4648: checking for 16-bit integer
configure:4662: result: short
configure:4683: checking for stdlib.h
configure:4683: result: yes
configure:4683: checking for unistd.h
configure:4683: result: yes
configure:4683: checking for sys/param.h
configure:4683: gcc -c   conftest.c >&5
configure:4683: $? = 0
configure:4683: result: yes
configure:4703: checking for getpagesize
configure:4703: gcc -o conftest    conftest.c  >&5
configure:4703: $? = 0
configure:4703: result: yes
configure:4712: checking for working mmap
configure:4859: gcc -o conftest    conftest.c  >&5
configure:4859: $? = 0
configure:4859: ./conftest
configure:4859: $? = 0
configure:4869: result: yes
configure:4881: checking for ftruncate
configure:4881: gcc -o conftest    conftest.c  >&5
configure:4881: $? = 0
configure:4881: result: yes
configure:4881: checking for memcmp
configure:4881: gcc -o conftest    conftest.c  >&5
conftest.c:69:6: warning: conflicting types for built-in function 'memcmp'; expected 'int(const void *, const void *, long unsigned int)' [-Wbuiltin-declaration-mismatch]
   69 | char memcmp ();
      |      ^~~~~~
conftest.c:57:1: note: 'memcmp' is declared in header '<string.h>'
   56 | # include <limits.h>
   57 | #else
configure:4881: $? = 0
configure:4881: result: yes
configure:4881: checking for memcpy
configure:4881: gcc -o conftest    conftest.c  >&5
conftest.c:70:6: warning: conflicting types for built-in function 'memcpy'; expected 'void *(void *, const void *, long unsigned int)' [-Wbuiltin-declaration-mismatch]
   70 | char memcpy ();
      |      ^~~~~~
conftest.c:58:1: note: 'memcpy' is declared in header '<string.h>'
   57 | # include <limits.h>
   58 | #else
configure:4881: $? = 0
configure:4881: result: yes
configure:4881: checking for memmove
configure:4881: gcc -o conftest    conftest.c  >&5
conftest.c:71:6: warning: conflicting types for built-in function 'memmove'; expected 'void *(void *, const void *, long unsigned int)' [-Wbuiltin-declaration-mismatch]
   71 | char memmove ();
      |      ^~~~~~~
conftest.c:59:1: note: 'memmove' is declared in header '<string.h>'
   58 | # include <limits.h>
   59 | #else
configure:4881: $? = 0
configure:4881: result: yes
configure:4890: checking for memset
configure:4890: gcc -o conftest    conftest.c  >&5
conftest.c:72:6: warning: conflicting types for built-in function 'memset'; expected 'void *(void *, int,  long unsigned int)' [-Wbuiltin-declaration-mismatch]
   72 | char memset ();
      |      ^~~~~~
conftest.c:60:1: note: 'memset' is declared in header '<string.h>'
   59 | # include <limits.h>
   60 | #else
configure:4890: $? = 0
configure:4890: result: yes
configure:4909: checking whether overlapping arrays are copied correctly
configure:4934: gcc -o conftest    conftest.c  >&5
conftest.c:59:1: warning: return type defaults to 'int' [-Wimplicit-int]
   59 | main() {
      | ^~~~
conftest.c: In function 'main':
conftest.c:61:25: warning: 'memmove' argument 3 type is 'int' where 'long unsigned int' is expected in a call to built-in function declared without prototype [-Wbuiltin-declaration-mismatch]
   61 |   memmove(buf + 1, buf, 9);
      |                         ^
conftest.c:53:14: note: built-in 'memmove' declared here
   53 | extern void *memmove();
      |              ^~~~~~~
conftest.c:62:34: warning: implicit declaration of function 'exit' [-Wimplicit-function-declaration]
   62 |   if (strcmp(buf, "0012345678")) exit(1);
      |                                  ^~~~
conftest.c:52:1: note: include '<stdlib.h>' or provide a declaration of 'exit'
   51 | #include "confdefs.h"
  +++ |+#include <stdlib.h>
   52 | #if HAVE_MEMMOVE
conftest.c:62:34: warning: incompatible implicit declaration of built-in function 'exit' [-Wbuiltin-declaration-mismatch]
   62 |   if (strcmp(buf, "0012345678")) exit(1);
      |                                  ^~~~
conftest.c:62:34: note: include '<stdlib.h>' or provide a declaration of 'exit'
conftest.c:63:3: warning: incompatible implicit declaration of built-in function 'exit' [-Wbuiltin-declaration-mismatch]
   63 |   exit(0);
      |   ^~~~
conftest.c:63:3: note: include '<stdlib.h>' or provide a declaration of 'exit'
configure:4934: $? = 0
configure:4934: ./conftest
configure:4934: $? = 0
configure:4944: result: yes
configure:4951: checking the coffee machine
configure:4958: result: empty - operator may not work as expected
configure:4961: checking whether 64-bit ELF support is sufficient
configure:4963: result: yes
configure:4965: checking whether to include 64-bit support
configure:4978: result: yes
configure:4985: checking whether versioning support is sufficient
configure:5000: result: yes
configure:5002: checking whether to include versioning support
configure:5015: result: yes
configure:5038: checking whether NLS is requested
configure:5047: result: yes
configure:5055: checking for dgettext
configure:5072: gcc -o conftest    conftest.c  >&5
configure:5072: $? = 0
configure:5081: result: yes
configure:5086: checking for msgfmt
configure:5104: found /usr/bin/msgfmt
configure:5117: result: /usr/bin/msgfmt
configure:5128: checking for gmsgfmt
configure:5159: result: /usr/bin/msgfmt
configure:5169: checking for xgettext
configure:5187: found /usr/bin/xgettext
configure:5200: result: /usr/bin/xgettext
configure:5210: checking for msgmerge
configure:5228: found /usr/bin/msgmerge
configure:5241: result: /usr/bin/msgmerge
configure:5249: checking for GNU gettext
configure:5266: gcc -o conftest    conftest.c  >&5
configure:5266: $? = 0
configure:5275: result: yes
configure:5278: checking for losing catgets-based GNU gettext
configure:5295: gcc -o conftest    conftest.c  >&5
/usr/bin/ld: /home/voyager717/Downloads/SDK_Sourcecode/build_openwrt_new/AX3000-MT7981-Z8102AX/tmp/ccsIVILz.o: warning: relocation against `_msg_tbl_length' in read-only section `.text'
/usr/bin/ld: /home/voyager717/Downloads/SDK_Sourcecode/build_openwrt_new/AX3000-MT7981-Z8102AX/tmp/ccsIVILz.o: in function `main':
conftest.c:(.text+0xa): undefined reference to `_msg_tbl_length'
/usr/bin/ld: warning: creating DT_TEXTREL in a PIE
collect2: error: ld returned 1 exit status
configure:5295: $? = 1
configure: failed program was:
| /* confdefs.h */
| #define PACKAGE_NAME ""
| #define PACKAGE_TARNAME ""
| #define PACKAGE_VERSION ""
| #define PACKAGE_STRING ""
| #define PACKAGE_BUGREPORT ""
| #define PACKAGE_URL ""
| #define STDC_HEADERS 1
| #define HAVE_SYS_TYPES_H 1
| #define HAVE_SYS_STAT_H 1
| #define HAVE_STDLIB_H 1
| #define HAVE_STRING_H 1
| #define HAVE_MEMORY_H 1
| #define HAVE_STRINGS_H 1
| #define HAVE_INTTYPES_H 1
| #define HAVE_STDINT_H 1
| #define HAVE_UNISTD_H 1
| #define HAVE_UNISTD_H 1
| #define HAVE_STDINT_H 1
| #define HAVE_FCNTL_H 1
| #define HAVE_ELF_H 1
| #define HAVE_LINK_H 1
| #define __LIBELF_HEADER_ELF_H <elf.h>
| #define HAVE_AR_H 1
| #define HAVE_LIBELF_H 1
| #define HAVE_NLIST_H 1
| #define HAVE_GELF_H 1
| #define SIZEOF_SHORT 2
| #define SIZEOF_INT 4
| #define SIZEOF_LONG 8
| #define SIZEOF_LONG_LONG 8
| #define SIZEOF___INT64 0
| #define __libelf_i64_t long
| #define __libelf_u64_t unsigned long
| #define __libelf_i32_t int
| #define __libelf_u32_t unsigned int
| #define __libelf_i16_t short
| #define __libelf_u16_t unsigned short
| #define HAVE_STDLIB_H 1
| #define HAVE_UNISTD_H 1
| #define HAVE_SYS_PARAM_H 1
| #define HAVE_GETPAGESIZE 1
| #define HAVE_MMAP 1
| #define HAVE_FTRUNCATE 1
| #define HAVE_MEMCMP 1
| #define HAVE_MEMCPY 1
| #define HAVE_MEMMOVE 1
| #define HAVE_MEMSET 1
| #define HAVE_MEMSET 1
| #define __LIBELF64 1
| #define __LIBELF_GNU_SYMBOL_VERSIONS 1
| #define __LIBELF_SYMBOL_VERSIONS 1
| /* end confdefs.h.  */
| 
| int
| main ()
| {
| extern int _msg_tbl_length; return _msg_tbl_length
|   ;
|   return 0;
| }
configure:5304: result: no
configure:5312: checking for pure GNU gettext
configure:5329: gcc -o conftest    conftest.c  >&5
conftest.c: In function 'main':
conftest.c:58:12: warning: conflicting types for built-in function 'gettext'; expected 'char *(const char *)' [-Wbuiltin-declaration-mismatch]
   58 | extern int gettext(); return gettext()
      |            ^~~~~~~
configure:5329: $? = 0
configure:5338: result: yes
configure:5537: checking for catalogs to be installed
configure:5548: result: de 
configure:5556: checking for gettext in -lintl
configure:5581: gcc -o conftest    conftest.c -lintl   >&5
conftest.c:62:6: warning: conflicting types for built-in function 'gettext'; expected 'char *(const char *)' [-Wbuiltin-declaration-mismatch]
   62 | char gettext ();
      |      ^~~~~~~
/usr/bin/ld: cannot find -lintl: No such file or directory
collect2: error: ld returned 1 exit status
configure:5581: $? = 1
configure: failed program was:
| /* confdefs.h */
| #define PACKAGE_NAME ""
| #define PACKAGE_TARNAME ""
| #define PACKAGE_VERSION ""
| #define PACKAGE_STRING ""
| #define PACKAGE_BUGREPORT ""
| #define PACKAGE_URL ""
| #define STDC_HEADERS 1
| #define HAVE_SYS_TYPES_H 1
| #define HAVE_SYS_STAT_H 1
| #define HAVE_STDLIB_H 1
| #define HAVE_STRING_H 1
| #define HAVE_MEMORY_H 1
| #define HAVE_STRINGS_H 1
| #define HAVE_INTTYPES_H 1
| #define HAVE_STDINT_H 1
| #define HAVE_UNISTD_H 1
| #define HAVE_UNISTD_H 1
| #define HAVE_STDINT_H 1
| #define HAVE_FCNTL_H 1
| #define HAVE_ELF_H 1
| #define HAVE_LINK_H 1
| #define __LIBELF_HEADER_ELF_H <elf.h>
| #define HAVE_AR_H 1
| #define HAVE_LIBELF_H 1
| #define HAVE_NLIST_H 1
| #define HAVE_GELF_H 1
| #define SIZEOF_SHORT 2
| #define SIZEOF_INT 4
| #define SIZEOF_LONG 8
| #define SIZEOF_LONG_LONG 8
| #define SIZEOF___INT64 0
| #define __libelf_i64_t long
| #define __libelf_u64_t unsigned long
| #define __libelf_i32_t int
| #define __libelf_u32_t unsigned int
| #define __libelf_i16_t short
| #define __libelf_u16_t unsigned short
| #define HAVE_STDLIB_H 1
| #define HAVE_UNISTD_H 1
| #define HAVE_SYS_PARAM_H 1
| #define HAVE_GETPAGESIZE 1
| #define HAVE_MMAP 1
| #define HAVE_FTRUNCATE 1
| #define HAVE_MEMCMP 1
| #define HAVE_MEMCPY 1
| #define HAVE_MEMMOVE 1
| #define HAVE_MEMSET 1
| #define HAVE_MEMSET 1
| #define __LIBELF64 1
| #define __LIBELF_GNU_SYMBOL_VERSIONS 1
| #define __LIBELF_SYMBOL_VERSIONS 1
| #define HAVE_DGETTEXT 1
| /* end confdefs.h.  */
| 
| /* Override any GCC internal prototype to avoid an error.
|    Use char because int might match the return type of a GCC
|    builtin and then its argument prototype would still apply.  */
| #ifdef __cplusplus
| extern "C"
| #endif
| char gettext ();
| int
| main ()
| {
| return gettext ();
|   ;
|   return 0;
| }
configure:5590: result: no
configure:5602: checking build system type
configure:5616: result: x86_64-pc-linux-gnu
configure:5636: checking host system type
configure:5649: result: x86_64-pc-linux-gnu
configure:5678: checking whether to build a shared library
configure:5687: result: no
configure:6074: creating ./config.status

## ---------------------- ##
## Running config.status. ##
## ---------------------- ##

This file was extended by config.status, which was
generated by GNU Autoconf 2.69.  Invocation command line was

  CONFIG_FILES    = 
  CONFIG_HEADERS  = 
  CONFIG_LINKS    = 
  CONFIG_COMMANDS = 
  $ ./config.status 

on it-labs13

config.status:: creating Makefile
config.status:: creating lib/Makefile
config.status:: creating po/Makefile
config.status:: WARNING:  'po/Makefile.in' seems to ignore the --datarootdir setting
config.status:: creating libelf.pc
config.status:: creating config.h
config.status:: creating lib/sys_elf.h
config.status:: executing default commands

## ---------------- ##
## Cache variables. ##
## ---------------- ##

ac_cv_build=x86_64-pc-linux-gnu
ac_cv_c_compiler_gnu=yes
ac_cv_c_const=yes
ac_cv_env_CC_set=
ac_cv_env_CC_value=
ac_cv_env_CFLAGS_set=set
ac_cv_env_CFLAGS_value=
ac_cv_env_CPPFLAGS_set=
ac_cv_env_CPPFLAGS_value=
ac_cv_env_CPP_set=
ac_cv_env_CPP_value=
ac_cv_env_LDFLAGS_set=set
ac_cv_env_LDFLAGS_value=
ac_cv_env_LIBS_set=
ac_cv_env_LIBS_value=
ac_cv_env_build_alias_set=set
ac_cv_env_build_alias_value=x86_64-pc-linux-gnu
ac_cv_env_host_alias_set=set
ac_cv_env_host_alias_value=x86_64-pc-linux-gnu
ac_cv_env_target_alias_set=set
ac_cv_env_target_alias_value=x86_64-pc-linux-gnu
ac_cv_func_ftruncate=yes
ac_cv_func_getpagesize=yes
ac_cv_func_memcmp=yes
ac_cv_func_memcpy=yes
ac_cv_func_memmove=yes
ac_cv_func_memset=yes
ac_cv_func_mmap_fixed_mapped=yes
ac_cv_header_ar_h=yes
ac_cv_header_elf_h=yes
ac_cv_header_fcntl_h=yes
ac_cv_header_gelf_h=yes
ac_cv_header_inttypes_h=yes
ac_cv_header_libelf_h=yes
ac_cv_header_link_h=yes
ac_cv_header_memory_h=yes
ac_cv_header_nlist_h=yes
ac_cv_header_stdc=yes
ac_cv_header_stdint_h=yes
ac_cv_header_stdlib_h=yes
ac_cv_header_string_h=yes
ac_cv_header_strings_h=yes
ac_cv_header_sys_elf_h=no
ac_cv_header_sys_link_h=no
ac_cv_header_sys_param_h=yes
ac_cv_header_sys_stat_h=yes
ac_cv_header_sys_types_h=yes
ac_cv_header_unistd_h=yes
ac_cv_host=x86_64-pc-linux-gnu
ac_cv_lib_intl_gettext=no
ac_cv_objext=o
ac_cv_path_EGREP='/home/voyager717/Downloads/SDK_Sourcecode/build_openwrt_new/AX3000-MT7981-Z8102AX/staging_dir/host/bin/grep -E'
ac_cv_path_GMSGFMT=/usr/bin/msgfmt
ac_cv_path_GREP=/home/voyager717/Downloads/SDK_Sourcecode/build_openwrt_new/AX3000-MT7981-Z8102AX/staging_dir/host/bin/grep
ac_cv_path_MSGFMT=/usr/bin/msgfmt
ac_cv_path_MSGMERGE=/usr/bin/msgmerge
ac_cv_path_XGETTEXT=/usr/bin/xgettext
ac_cv_path_install='/usr/bin/install -c'
ac_cv_prog_CPP='gcc -E'
ac_cv_prog_ac_ct_CC=gcc
ac_cv_prog_ac_ct_RANLIB=ranlib
ac_cv_prog_cc_c89=
ac_cv_prog_cc_g=yes
ac_cv_prog_make_make_set=yes
ac_cv_sizeof___int64=0
ac_cv_sizeof_int=4
ac_cv_sizeof_long=8
ac_cv_sizeof_long_long=8
ac_cv_sizeof_short=2
ac_cv_type_off_t=yes
ac_cv_type_size_t=yes
libelf_cv_elf_h_works=yes
libelf_cv_gnu_verdef=yes
libelf_cv_int16=short
libelf_cv_int32=int
libelf_cv_int64=long
libelf_cv_struct_elf32_dyn=yes
libelf_cv_struct_elf64_ehdr=yes
libelf_cv_struct_elf64_rel=yes
libelf_cv_struct_nlist=no
libelf_cv_sun_verdef=no
libelf_cv_type_elf64_addr=yes
libelf_cv_verdef32=yes
libelf_cv_verdef64=yes
libelf_cv_working_memmove=yes
mr_cv_catgets_based_gettext=no
mr_cv_coffee_machine='empty - operator may not work as expected'
mr_cv_func_dgettext=yes
mr_cv_gnu_gettext=yes
mr_cv_pure_gnu_gettext=yes

## ----------------- ##
## Output variables. ##
## ----------------- ##

CATALOGS=' de.gmo'
CATOBJEXT='.gmo'
CC='gcc'
CFLAGS=''
CPP='gcc -E'
CPPFLAGS=''
DEFS='-DHAVE_CONFIG_H'
DEPSHLIBS=''
DO_COMPAT='no'
DO_SHLIB='no'
ECHO_C=''
ECHO_N='-n'
ECHO_T=''
EGREP='/home/voyager717/Downloads/SDK_Sourcecode/build_openwrt_new/AX3000-MT7981-Z8102AX/staging_dir/host/bin/grep -E'
EXEEXT=''
GENCAT=''
GMOFILES=' de.gmo'
GMSGFMT='/usr/bin/msgfmt'
GREP='/home/voyager717/Downloads/SDK_Sourcecode/build_openwrt_new/AX3000-MT7981-Z8102AX/staging_dir/host/bin/grep'
INSTALL_DATA='${INSTALL} -m 644'
INSTALL_PROGRAM='${INSTALL}'
INSTALL_SCRIPT='${INSTALL}'
INSTALL_SHLIB=''
INSTOBJEXT='.mo'
LD=''
LDFLAGS=''
LIBINTL=''
LIBOBJS=''
LIBS=''
LINK_SHLIB=''
LN_S='ln -s'
LTLIBOBJS=''
MAINT='maintainer-only-'
MAJOR='0'
MSGFILES=' de.msg'
MSGFMT='/usr/bin/msgfmt'
MSGMERGE='/usr/bin/msgmerge'
OBJEXT='o'
PACKAGE='libelf'
PACKAGE_BUGREPORT=''
PACKAGE_NAME=''
PACKAGE_STRING=''
PACKAGE_TARNAME=''
PACKAGE_URL=''
PACKAGE_VERSION=''
PATH_SEPARATOR=':'
PICFLAGS=''
POFILES=' de.po'
POSUB='po'
RANLIB='ranlib'
SET_MAKE=''
SHELL='/bin/sh'
SHLIB_SFX=''
SHLINK_SFX=''
SONAME_SFX=''
VERSION='0.8.13'
XGETTEXT='/usr/bin/xgettext'
ac_ct_CC='gcc'
bindir='${exec_prefix}/bin'
build='x86_64-pc-linux-gnu'
build_alias='x86_64-pc-linux-gnu'
build_cpu='x86_64'
build_os='linux-gnu'
build_vendor='pc'
datadir='${datarootdir}'
datarootdir='${prefix}/share'
docdir='${datarootdir}/doc/${PACKAGE}'
dvidir='${docdir}'
exec_prefix='/home/voyager717/Downloads/SDK_Sourcecode/build_openwrt_new/AX3000-MT7981-Z8102AX/staging_dir/host'
host='x86_64-pc-linux-gnu'
host_alias='x86_64-pc-linux-gnu'
host_cpu='x86_64'
host_os='linux-gnu'
host_vendor='pc'
htmldir='${docdir}'
includedir='${prefix}/include'
infodir='${datarootdir}/info'
libdir='${exec_prefix}/lib'
libexecdir='${exec_prefix}/libexec'
localedir='$(prefix)/share/locale'
localstatedir='/home/voyager717/Downloads/SDK_Sourcecode/build_openwrt_new/AX3000-MT7981-Z8102AX/staging_dir/host/var'
mandir='${datarootdir}/man'
oldincludedir='/usr/include'
pdfdir='${docdir}'
prefix='/home/voyager717/Downloads/SDK_Sourcecode/build_openwrt_new/AX3000-MT7981-Z8102AX/staging_dir/host'
program_transform_name='s,x,x,'
psdir='${docdir}'
sbindir='/home/voyager717/Downloads/SDK_Sourcecode/build_openwrt_new/AX3000-MT7981-Z8102AX/staging_dir/host/bin'
sharedstatedir='${prefix}/com'
sysconfdir='/home/voyager717/Downloads/SDK_Sourcecode/build_openwrt_new/AX3000-MT7981-Z8102AX/staging_dir/host/etc'
target_alias='x86_64-pc-linux-gnu'

## ----------- ##
## confdefs.h. ##
## ----------- ##

/* confdefs.h */
#define PACKAGE_NAME ""
#define PACKAGE_TARNAME ""
#define PACKAGE_VERSION ""
#define PACKAGE_STRING ""
#define PACKAGE_BUGREPORT ""
#define PACKAGE_URL ""
#define STDC_HEADERS 1
#define HAVE_SYS_TYPES_H 1
#define HAVE_SYS_STAT_H 1
#define HAVE_STDLIB_H 1
#define HAVE_STRING_H 1
#define HAVE_MEMORY_H 1
#define HAVE_STRINGS_H 1
#define HAVE_INTTYPES_H 1
#define HAVE_STDINT_H 1
#define HAVE_UNISTD_H 1
#define HAVE_UNISTD_H 1
#define HAVE_STDINT_H 1
#define HAVE_FCNTL_H 1
#define HAVE_ELF_H 1
#define HAVE_LINK_H 1
#define __LIBELF_HEADER_ELF_H <elf.h>
#define HAVE_AR_H 1
#define HAVE_LIBELF_H 1
#define HAVE_NLIST_H 1
#define HAVE_GELF_H 1
#define SIZEOF_SHORT 2
#define SIZEOF_INT 4
#define SIZEOF_LONG 8
#define SIZEOF_LONG_LONG 8
#define SIZEOF___INT64 0
#define __libelf_i64_t long
#define __libelf_u64_t unsigned long
#define __libelf_i32_t int
#define __libelf_u32_t unsigned int
#define __libelf_i16_t short
#define __libelf_u16_t unsigned short
#define HAVE_STDLIB_H 1
#define HAVE_UNISTD_H 1
#define HAVE_SYS_PARAM_H 1
#define HAVE_GETPAGESIZE 1
#define HAVE_MMAP 1
#define HAVE_FTRUNCATE 1
#define HAVE_MEMCMP 1
#define HAVE_MEMCPY 1
#define HAVE_MEMMOVE 1
#define HAVE_MEMSET 1
#define HAVE_MEMSET 1
#define __LIBELF64 1
#define __LIBELF_GNU_SYMBOL_VERSIONS 1
#define __LIBELF_SYMBOL_VERSIONS 1
#define HAVE_DGETTEXT 1
#define ENABLE_SANITY_CHECKS 1

configure: exit 0
