This file contains any messages produced by compilers while
running configure, to aid debugging if configure makes a mistake.

It was created by fixincludes configure  , which was
generated by GNU Autoconf 2.64.  Invocation command line was

  $ /home/voyager717/Downloads/SDK_Sourcecode/build_openwrt_new/AX3000-MT7981-Z8102AX/build_dir/toolchain-aarch64_cortex-a53_gcc-8.4.0_musl/gcc-8.4.0/fixincludes/configure --srcdir=/home/voyager717/Downloads/SDK_Sourcecode/build_openwrt_new/AX3000-MT7981-Z8102AX/build_dir/toolchain-aarch64_cortex-a53_gcc-8.4.0_musl/gcc-8.4.0/fixincludes --cache-file=./config.cache --with-bugurl=http://bugs.openwrt.org/ --with-pkgversion=OpenWrt GCC 8.4.0 r0- --prefix=/home/voyager717/Downloads/SDK_Sourcecode/build_openwrt_new/AX3000-MT7981-Z8102AX/staging_dir/toolchain-aarch64_cortex-a53_gcc-8.4.0_musl --with-gnu-ld --enable-target-optspace --disable-libgomp --disable-libmudflap --disable-multilib --disable-libmpx --disable-nls --disable-libssp --without-isl --without-cloog --with-host-libstdcxx=-lstdc++ --with-gmp=/home/voyager717/Downloads/SDK_Sourcecode/build_openwrt_new/AX3000-MT7981-Z8102AX/staging_dir/host --with-mpfr=/home/voyager717/Downloads/SDK_Sourcecode/build_openwrt_new/AX3000-MT7981-Z8102AX/staging_dir/host --with-mpc=/home/voyager717/Downloads/SDK_Sourcecode/build_openwrt_new/AX3000-MT7981-Z8102AX/staging_dir/host --disable-decimal-float --with-diagnostics-color=auto-if-env --enable-__cxa_atexit --disable-libstdcxx-dual-abi --with-default-libstdcxx-abi=new --with-newlib --with-sysroot=/home/voyager717/Downloads/SDK_Sourcecode/build_openwrt_new/AX3000-MT7981-Z8102AX/staging_dir/toolchain-aarch64_cortex-a53_gcc-8.4.0_musl --disable-shared --disable-threads --enable-languages=c,lto --program-transform-name=s&^&aarch64-openwrt-linux-musl-& --disable-option-checking --with-build-subdir=build-x86_64-pc-linux-gnu --build=x86_64-pc-linux-gnu --host=x86_64-pc-linux-gnu --target=aarch64-openwrt-linux-musl

## --------- ##
## Platform. ##
## --------- ##

hostname = it-labs13
uname -m = x86_64
uname -r = 6.8.0-54-generic
uname -s = Linux
uname -v = #56-Ubuntu SMP PREEMPT_DYNAMIC Sat Feb  8 00:37:57 UTC 2025

/usr/bin/uname -p = x86_64
/bin/uname -X     = unknown

/bin/arch              = x86_64
/usr/bin/arch -k       = unknown
/usr/convex/getsysinfo = unknown
/usr/bin/hostinfo      = unknown
/bin/machine           = unknown
/usr/bin/oslevel       = unknown
/bin/universe          = unknown

PATH: /home/voyager717/Downloads/SDK_Sourcecode/build_openwrt_new/AX3000-MT7981-Z8102AX/staging_dir/toolchain-aarch64_cortex-a53_gcc-8.4.0_musl/bin
PATH: /home/voyager717/Downloads/SDK_Sourcecode/build_openwrt_new/AX3000-MT7981-Z8102AX/staging_dir/toolchain-aarch64_cortex-a53_gcc-8.4.0_musl/bin
PATH: /home/voyager717/Downloads/SDK_Sourcecode/build_openwrt_new/AX3000-MT7981-Z8102AX/staging_dir/host/bin
PATH: /home/voyager717/Downloads/SDK_Sourcecode/build_openwrt_new/AX3000-MT7981-Z8102AX/staging_dir/toolchain-aarch64_cortex-a53_gcc-8.4.0_musl/bin
PATH: /home/voyager717/Downloads/SDK_Sourcecode/build_openwrt_new/AX3000-MT7981-Z8102AX/staging_dir/host/bin
PATH: /home/voyager717/Downloads/SDK_Sourcecode/build_openwrt_new/AX3000-MT7981-Z8102AX/staging_dir/host/bin
PATH: /home/voyager717/Downloads/SDK_Sourcecode/wetransfer_mt7981-spim-nand-rfb-z8102ax-1-dts_2025-02-12_0126/openwrt/staging_dir/toolchain-aarch64_cortex-a53_gcc-13.3.0_musl/bin
PATH: /usr/local/sbin
PATH: /usr/local/bin
PATH: /usr/sbin
PATH: /usr/bin
PATH: /sbin
PATH: /bin
PATH: /usr/games
PATH: /usr/local/games
PATH: /snap/bin
PATH: /snap/bin


## ----------- ##
## Core tests. ##
## ----------- ##

configure:2066: creating cache ./config.cache
configure:3163: checking build system type
configure:3177: result: x86_64-pc-linux-gnu
configure:3197: checking host system type
configure:3210: result: x86_64-pc-linux-gnu
configure:3230: checking target system type
configure:3243: result: aarch64-openwrt-linux-musl
configure:3278: checking for x86_64-pc-linux-gnu-gcc
configure:3305: result: gcc
configure:3574: checking for C compiler version
configure:3583: gcc --version >&5
gcc (Ubuntu 13.3.0-6ubuntu2~24.04) 13.3.0
Copyright (C) 2023 Free Software Foundation, Inc.
This is free software; see the source for copying conditions.  There is NO
warranty; not even for MERCHANTABILITY or FITNESS FOR A PARTICULAR PURPOSE.

configure:3594: $? = 0
configure:3583: gcc -v >&5
Using built-in specs.
COLLECT_GCC=gcc
COLLECT_LTO_WRAPPER=/usr/libexec/gcc/x86_64-linux-gnu/13/lto-wrapper
OFFLOAD_TARGET_NAMES=nvptx-none:amdgcn-amdhsa
OFFLOAD_TARGET_DEFAULT=1
Target: x86_64-linux-gnu
Configured with: ../src/configure -v --with-pkgversion='Ubuntu 13.3.0-6ubuntu2~24.04' --with-bugurl=file:///usr/share/doc/gcc-13/README.Bugs --enable-languages=c,ada,c++,go,d,fortran,objc,obj-c++,m2 --prefix=/usr --with-gcc-major-version-only --program-suffix=-13 --program-prefix=x86_64-linux-gnu- --enable-shared --enable-linker-build-id --libexecdir=/usr/libexec --without-included-gettext --enable-threads=posix --libdir=/usr/lib --enable-nls --enable-bootstrap --enable-clocale=gnu --enable-libstdcxx-debug --enable-libstdcxx-time=yes --with-default-libstdcxx-abi=new --enable-libstdcxx-backtrace --enable-gnu-unique-object --disable-vtable-verify --enable-plugin --enable-default-pie --with-system-zlib --enable-libphobos-checking=release --with-target-system-zlib=auto --enable-objc-gc=auto --enable-multiarch --disable-werror --enable-cet --with-arch-32=i686 --with-abi=m64 --with-multilib-list=m32,m64,mx32 --enable-multilib --with-tune=generic --enable-offload-targets=nvptx-none=/build/gcc-13-fG75Ri/gcc-13-13.3.0/debian/tmp-nvptx/usr,amdgcn-amdhsa=/build/gcc-13-fG75Ri/gcc-13-13.3.0/debian/tmp-gcn/usr --enable-offload-defaulted --without-cuda-driver --enable-checking=release --build=x86_64-linux-gnu --host=x86_64-linux-gnu --target=x86_64-linux-gnu --with-build-config=bootstrap-lto-lean --enable-link-serialization=2
Thread model: posix
Supported LTO compression algorithms: zlib zstd
gcc version 13.3.0 (Ubuntu 13.3.0-6ubuntu2~24.04) 
... rest of stderr output deleted ...
configure:3594: $? = 0
configure:3583: gcc -V >&5
gcc: error: unrecognized command-line option '-V'
gcc: fatal error: no input files
compilation terminated.
configure:3594: $? = 1
configure:3583: gcc -qversion >&5
gcc: error: unrecognized command-line option '-qversion'; did you mean '--version'?
gcc: fatal error: no input files
compilation terminated.
configure:3594: $? = 1
configure:3614: checking for C compiler default output file name
configure:3636: gcc    conftest.c  >&5
configure:3640: $? = 0
configure:3677: result: a.out
configure:3693: checking whether the C compiler works
configure:3702: ./a.out
configure:3706: $? = 0
configure:3721: result: yes
configure:3728: checking whether we are cross compiling
configure:3730: result: no
configure:3733: checking for suffix of executables
configure:3740: gcc -o conftest    conftest.c  >&5
configure:3744: $? = 0
configure:3766: result: 
configure:3772: checking for suffix of object files
configure:3794: gcc -c   conftest.c >&5
configure:3798: $? = 0
configure:3819: result: o
configure:3823: checking whether we are using the GNU C compiler
configure:3842: gcc -c   conftest.c >&5
configure:3842: $? = 0
configure:3851: result: yes
configure:3860: checking whether gcc accepts -g
configure:3880: gcc -c -g  conftest.c >&5
configure:3880: $? = 0
configure:3921: result: yes
configure:3938: checking for gcc option to accept ISO C89
configure:4002: gcc  -c   conftest.c >&5
configure:4002: $? = 0
configure:4015: result: none needed
configure:4041: checking how to run the C preprocessor
configure:4072: gcc -E  conftest.c
configure:4072: $? = 0
configure:4086: gcc -E  conftest.c
conftest.c:9:10: fatal error: ac_nonexistent.h: No such file or directory
    9 | #include <ac_nonexistent.h>
      |          ^~~~~~~~~~~~~~~~~~
compilation terminated.
configure:4086: $? = 1
configure: failed program was:
| /* confdefs.h */
| #define PACKAGE_NAME "fixincludes"
| #define PACKAGE_TARNAME "fixincludes"
| #define PACKAGE_VERSION " "
| #define PACKAGE_STRING "fixincludes  "
| #define PACKAGE_BUGREPORT ""
| #define PACKAGE_URL ""
| /* end confdefs.h.  */
| #include <ac_nonexistent.h>
configure:4111: result: gcc -E
configure:4131: gcc -E  conftest.c
configure:4131: $? = 0
configure:4145: gcc -E  conftest.c
conftest.c:9:10: fatal error: ac_nonexistent.h: No such file or directory
    9 | #include <ac_nonexistent.h>
      |          ^~~~~~~~~~~~~~~~~~
compilation terminated.
configure:4145: $? = 1
configure: failed program was:
| /* confdefs.h */
| #define PACKAGE_NAME "fixincludes"
| #define PACKAGE_TARNAME "fixincludes"
| #define PACKAGE_VERSION " "
| #define PACKAGE_STRING "fixincludes  "
| #define PACKAGE_BUGREPORT ""
| #define PACKAGE_URL ""
| /* end confdefs.h.  */
| #include <ac_nonexistent.h>
configure:4174: checking for grep that handles long lines and -e
configure:4232: result: /home/voyager717/Downloads/SDK_Sourcecode/build_openwrt_new/AX3000-MT7981-Z8102AX/staging_dir/host/bin/grep
configure:4237: checking for egrep
configure:4299: result: /home/voyager717/Downloads/SDK_Sourcecode/build_openwrt_new/AX3000-MT7981-Z8102AX/staging_dir/host/bin/grep -E
configure:4304: checking for ANSI C header files
configure:4324: gcc -c   conftest.c >&5
configure:4324: $? = 0
configure:4397: gcc -o conftest    conftest.c  >&5
configure:4397: $? = 0
configure:4397: ./conftest
configure:4397: $? = 0
configure:4408: result: yes
configure:4421: checking for sys/types.h
configure:4421: gcc -c   conftest.c >&5
configure:4421: $? = 0
configure:4421: result: yes
configure:4421: checking for sys/stat.h
configure:4421: gcc -c   conftest.c >&5
configure:4421: $? = 0
configure:4421: result: yes
configure:4421: checking for stdlib.h
configure:4421: gcc -c   conftest.c >&5
configure:4421: $? = 0
configure:4421: result: yes
configure:4421: checking for string.h
configure:4421: gcc -c   conftest.c >&5
configure:4421: $? = 0
configure:4421: result: yes
configure:4421: checking for memory.h
configure:4421: gcc -c   conftest.c >&5
configure:4421: $? = 0
configure:4421: result: yes
configure:4421: checking for strings.h
configure:4421: gcc -c   conftest.c >&5
configure:4421: $? = 0
configure:4421: result: yes
configure:4421: checking for inttypes.h
configure:4421: gcc -c   conftest.c >&5
configure:4421: $? = 0
configure:4421: result: yes
configure:4421: checking for stdint.h
configure:4421: gcc -c   conftest.c >&5
configure:4421: $? = 0
configure:4421: result: yes
configure:4421: checking for unistd.h
configure:4421: gcc -c   conftest.c >&5
configure:4421: $? = 0
configure:4421: result: yes
configure:4435: checking minix/config.h usability
configure:4435: gcc -c   conftest.c >&5
conftest.c:52:10: fatal error: minix/config.h: No such file or directory
   52 | #include <minix/config.h>
      |          ^~~~~~~~~~~~~~~~
compilation terminated.
configure:4435: $? = 1
configure: failed program was:
| /* confdefs.h */
| #define PACKAGE_NAME "fixincludes"
| #define PACKAGE_TARNAME "fixincludes"
| #define PACKAGE_VERSION " "
| #define PACKAGE_STRING "fixincludes  "
| #define PACKAGE_BUGREPORT ""
| #define PACKAGE_URL ""
| #define STDC_HEADERS 1
| #define HAVE_SYS_TYPES_H 1
| #define HAVE_SYS_STAT_H 1
| #define HAVE_STDLIB_H 1
| #define HAVE_STRING_H 1
| #define HAVE_MEMORY_H 1
| #define HAVE_STRINGS_H 1
| #define HAVE_INTTYPES_H 1
| #define HAVE_STDINT_H 1
| #define HAVE_UNISTD_H 1
| /* end confdefs.h.  */
| #include <stdio.h>
| #ifdef HAVE_SYS_TYPES_H
| # include <sys/types.h>
| #endif
| #ifdef HAVE_SYS_STAT_H
| # include <sys/stat.h>
| #endif
| #ifdef STDC_HEADERS
| # include <stdlib.h>
| # include <stddef.h>
| #else
| # ifdef HAVE_STDLIB_H
| #  include <stdlib.h>
| # endif
| #endif
| #ifdef HAVE_STRING_H
| # if !defined STDC_HEADERS && defined HAVE_MEMORY_H
| #  include <memory.h>
| # endif
| # include <string.h>
| #endif
| #ifdef HAVE_STRINGS_H
| # include <strings.h>
| #endif
| #ifdef HAVE_INTTYPES_H
| # include <inttypes.h>
| #endif
| #ifdef HAVE_STDINT_H
| # include <stdint.h>
| #endif
| #ifdef HAVE_UNISTD_H
| # include <unistd.h>
| #endif
| #include <minix/config.h>
configure:4435: result: no
configure:4435: checking minix/config.h presence
configure:4435: gcc -E  conftest.c
conftest.c:19:10: fatal error: minix/config.h: No such file or directory
   19 | #include <minix/config.h>
      |          ^~~~~~~~~~~~~~~~
compilation terminated.
configure:4435: $? = 1
configure: failed program was:
| /* confdefs.h */
| #define PACKAGE_NAME "fixincludes"
| #define PACKAGE_TARNAME "fixincludes"
| #define PACKAGE_VERSION " "
| #define PACKAGE_STRING "fixincludes  "
| #define PACKAGE_BUGREPORT ""
| #define PACKAGE_URL ""
| #define STDC_HEADERS 1
| #define HAVE_SYS_TYPES_H 1
| #define HAVE_SYS_STAT_H 1
| #define HAVE_STDLIB_H 1
| #define HAVE_STRING_H 1
| #define HAVE_MEMORY_H 1
| #define HAVE_STRINGS_H 1
| #define HAVE_INTTYPES_H 1
| #define HAVE_STDINT_H 1
| #define HAVE_UNISTD_H 1
| /* end confdefs.h.  */
| #include <minix/config.h>
configure:4435: result: no
configure:4435: checking for minix/config.h
configure:4435: result: no
configure:4456: checking whether it is safe to define __EXTENSIONS__
configure:4474: gcc -c   conftest.c >&5
configure:4474: $? = 0
configure:4481: result: yes
configure:4495: checking for a sed that does not truncate output
configure:4559: result: /home/voyager717/Downloads/SDK_Sourcecode/build_openwrt_new/AX3000-MT7981-Z8102AX/staging_dir/host/bin/sed
configure:4587: checking whether gcc supports -W
configure:4604: gcc -c -W  conftest.c >&5
configure:4604: $? = 0
configure:4613: result: yes
configure:4587: checking whether gcc supports -Wall
configure:4604: gcc -c -Wall  conftest.c >&5
configure:4604: $? = 0
configure:4613: result: yes
configure:4587: checking whether gcc supports -Wwrite-strings
configure:4604: gcc -c -Wwrite-strings  conftest.c >&5
configure:4604: $? = 0
configure:4613: result: yes
configure:4587: checking whether gcc supports -Wstrict-prototypes
configure:4604: gcc -c -Wstrict-prototypes  conftest.c >&5
conftest.c:26:1: warning: function declaration isn't a prototype [-Wstrict-prototypes]
   26 | main ()
      | ^~~~
configure:4604: $? = 0
configure:4613: result: yes
configure:4587: checking whether gcc supports -Wmissing-prototypes
configure:4604: gcc -c -Wmissing-prototypes  conftest.c >&5
configure:4604: $? = 0
configure:4613: result: yes
configure:4587: checking whether gcc supports -Wold-style-definition
configure:4604: gcc -c -Wold-style-definition  conftest.c >&5
conftest.c: In function 'main':
conftest.c:26:1: warning: old-style function definition [-Wold-style-definition]
   26 | main ()
      | ^~~~
configure:4604: $? = 0
configure:4613: result: yes
configure:4587: checking whether gcc supports -Wmissing-format-attribute
configure:4604: gcc -c -Wmissing-format-attribute  conftest.c >&5
configure:4604: $? = 0
configure:4613: result: yes
configure:4587: checking whether gcc supports -Woverlength-strings
configure:4604: gcc -c -Woverlength-strings  conftest.c >&5
configure:4604: $? = 0
configure:4613: result: yes
configure:4637: checking whether gcc supports -pedantic -Wlong-long
configure:4655: gcc -c -pedantic -Wlong-long  conftest.c >&5
configure:4655: $? = 0
configure:4663: result: yes
configure:4795: checking for ANSI C header files
configure:4899: result: yes
configure:4911: checking stddef.h usability
configure:4911: gcc -c   conftest.c >&5
configure:4911: $? = 0
configure:4911: result: yes
configure:4911: checking stddef.h presence
configure:4911: gcc -E  conftest.c
configure:4911: $? = 0
configure:4911: result: yes
configure:4911: checking for stddef.h
configure:4911: result: yes
configure:4911: checking for stdlib.h
configure:4911: result: yes
configure:4911: checking for strings.h
configure:4911: result: yes
configure:4911: checking for unistd.h
configure:4911: result: yes
configure:4911: checking fcntl.h usability
configure:4911: gcc -c   conftest.c >&5
configure:4911: $? = 0
configure:4911: result: yes
configure:4911: checking fcntl.h presence
configure:4911: gcc -E  conftest.c
configure:4911: $? = 0
configure:4911: result: yes
configure:4911: checking for fcntl.h
configure:4911: result: yes
configure:4911: checking sys/file.h usability
configure:4911: gcc -c   conftest.c >&5
configure:4911: $? = 0
configure:4911: result: yes
configure:4911: checking sys/file.h presence
configure:4911: gcc -E  conftest.c
configure:4911: $? = 0
configure:4911: result: yes
configure:4911: checking for sys/file.h
configure:4911: result: yes
configure:4911: checking for sys/stat.h
configure:4911: result: yes
configure:4926: checking for clearerr_unlocked
configure:4926: gcc -o conftest    conftest.c  >&5
configure:4926: $? = 0
configure:4926: result: yes
configure:4926: checking for feof_unlocked
configure:4926: gcc -o conftest    conftest.c  >&5
configure:4926: $? = 0
configure:4926: result: yes
configure:4926: checking for ferror_unlocked
configure:4926: gcc -o conftest    conftest.c  >&5
configure:4926: $? = 0
configure:4926: result: yes
configure:4926: checking for fflush_unlocked
configure:4926: gcc -o conftest    conftest.c  >&5
configure:4926: $? = 0
configure:4926: result: yes
configure:4926: checking for fgetc_unlocked
configure:4926: gcc -o conftest    conftest.c  >&5
configure:4926: $? = 0
configure:4926: result: yes
configure:4926: checking for fgets_unlocked
configure:4926: gcc -o conftest    conftest.c  >&5
configure:4926: $? = 0
configure:4926: result: yes
configure:4926: checking for fileno_unlocked
configure:4926: gcc -o conftest    conftest.c  >&5
configure:4926: $? = 0
configure:4926: result: yes
configure:4926: checking for fprintf_unlocked
configure:4926: gcc -o conftest    conftest.c  >&5
conftest.c:63:6: warning: conflicting types for built-in function 'fprintf_unlocked'; expected 'int(void *, const char *, ...)' [-Wbuiltin-declaration-mismatch]
   63 | char fprintf_unlocked ();
      |      ^~~~~~~~~~~~~~~~
/usr/bin/ld: /home/voyager717/Downloads/SDK_Sourcecode/build_openwrt_new/AX3000-MT7981-Z8102AX/tmp/ccnFTOzb.o: in function `main':
conftest.c:(.text+0xe): undefined reference to `fprintf_unlocked'
collect2: error: ld returned 1 exit status
configure:4926: $? = 1
configure: failed program was:
| /* confdefs.h */
| #define PACKAGE_NAME "fixincludes"
| #define PACKAGE_TARNAME "fixincludes"
| #define PACKAGE_VERSION " "
| #define PACKAGE_STRING "fixincludes  "
| #define PACKAGE_BUGREPORT ""
| #define PACKAGE_URL ""
| #define STDC_HEADERS 1
| #define HAVE_SYS_TYPES_H 1
| #define HAVE_SYS_STAT_H 1
| #define HAVE_STDLIB_H 1
| #define HAVE_STRING_H 1
| #define HAVE_MEMORY_H 1
| #define HAVE_STRINGS_H 1
| #define HAVE_INTTYPES_H 1
| #define HAVE_STDINT_H 1
| #define HAVE_UNISTD_H 1
| #define __EXTENSIONS__ 1
| #define _ALL_SOURCE 1
| #define _GNU_SOURCE 1
| #define _POSIX_PTHREAD_SEMANTICS 1
| #define _TANDEM_SOURCE 1
| #define EXE_EXT ""
| #define STDC_HEADERS 1
| #define HAVE_STDDEF_H 1
| #define HAVE_STDLIB_H 1
| #define HAVE_STRINGS_H 1
| #define HAVE_UNISTD_H 1
| #define HAVE_FCNTL_H 1
| #define HAVE_SYS_FILE_H 1
| #define HAVE_SYS_STAT_H 1
| #define HAVE_CLEARERR_UNLOCKED 1
| #define HAVE_FEOF_UNLOCKED 1
| #define HAVE_FERROR_UNLOCKED 1
| #define HAVE_FFLUSH_UNLOCKED 1
| #define HAVE_FGETC_UNLOCKED 1
| #define HAVE_FGETS_UNLOCKED 1
| #define HAVE_FILENO_UNLOCKED 1
| /* end confdefs.h.  */
| /* Define fprintf_unlocked to an innocuous variant, in case <limits.h> declares fprintf_unlocked.
|    For example, HP-UX 11i <limits.h> declares gettimeofday.  */
| #define fprintf_unlocked innocuous_fprintf_unlocked
| 
| /* System header to define __stub macros and hopefully few prototypes,
|     which can conflict with char fprintf_unlocked (); below.
|     Prefer <limits.h> to <assert.h> if __STDC__ is defined, since
|     <limits.h> exists even on freestanding compilers.  */
| 
| #ifdef __STDC__
| # include <limits.h>
| #else
| # include <assert.h>
| #endif
| 
| #undef fprintf_unlocked
| 
| /* Override any GCC internal prototype to avoid an error.
|    Use char because int might match the return type of a GCC
|    builtin and then its argument prototype would still apply.  */
| #ifdef __cplusplus
| extern "C"
| #endif
| char fprintf_unlocked ();
| /* The GNU C library defines this for functions which it implements
|     to always fail with ENOSYS.  Some functions are actually named
|     something starting with __ and the normal name is an alias.  */
| #if defined __stub_fprintf_unlocked || defined __stub___fprintf_unlocked
| choke me
| #endif
| 
| int
| main ()
| {
| return fprintf_unlocked ();
|   ;
|   return 0;
| }
configure:4926: result: no
configure:4926: checking for fputc_unlocked
configure:4926: gcc -o conftest    conftest.c  >&5
conftest.c:63:6: warning: conflicting types for built-in function 'fputc_unlocked'; expected 'int(int,  void *)' [-Wbuiltin-declaration-mismatch]
   63 | char fputc_unlocked ();
      |      ^~~~~~~~~~~~~~
configure:4926: $? = 0
configure:4926: result: yes
configure:4926: checking for fputs_unlocked
configure:4926: gcc -o conftest    conftest.c  >&5
conftest.c:64:6: warning: conflicting types for built-in function 'fputs_unlocked'; expected 'int(const char *, void *)' [-Wbuiltin-declaration-mismatch]
   64 | char fputs_unlocked ();
      |      ^~~~~~~~~~~~~~
configure:4926: $? = 0
configure:4926: result: yes
configure:4926: checking for fread_unlocked
configure:4926: gcc -o conftest    conftest.c  >&5
configure:4926: $? = 0
configure:4926: result: yes
configure:4926: checking for fwrite_unlocked
configure:4926: gcc -o conftest    conftest.c  >&5
conftest.c:66:6: warning: conflicting types for built-in function 'fwrite_unlocked'; expected 'long unsigned int(const void *, long unsigned int,  long unsigned int,  void *)' [-Wbuiltin-declaration-mismatch]
   66 | char fwrite_unlocked ();
      |      ^~~~~~~~~~~~~~~
configure:4926: $? = 0
configure:4926: result: yes
configure:4926: checking for getchar_unlocked
configure:4926: gcc -o conftest    conftest.c  >&5
configure:4926: $? = 0
configure:4926: result: yes
configure:4926: checking for getc_unlocked
configure:4926: gcc -o conftest    conftest.c  >&5
configure:4926: $? = 0
configure:4926: result: yes
configure:4926: checking for putchar_unlocked
configure:4926: gcc -o conftest    conftest.c  >&5
conftest.c:69:6: warning: conflicting types for built-in function 'putchar_unlocked'; expected 'int(int)' [-Wbuiltin-declaration-mismatch]
   69 | char putchar_unlocked ();
      |      ^~~~~~~~~~~~~~~~
configure:4926: $? = 0
configure:4926: result: yes
configure:4926: checking for putc_unlocked
configure:4926: gcc -o conftest    conftest.c  >&5
conftest.c:70:6: warning: conflicting types for built-in function 'putc_unlocked'; expected 'int(int,  void *)' [-Wbuiltin-declaration-mismatch]
   70 | char putc_unlocked ();
      |      ^~~~~~~~~~~~~
configure:4926: $? = 0
configure:4926: result: yes
configure:4936: checking whether abort is declared
configure:4936: gcc -c   conftest.c >&5
configure:4936: $? = 0
configure:4936: result: yes
configure:4946: checking whether asprintf is declared
configure:4946: gcc -c   conftest.c >&5
configure:4946: $? = 0
configure:4946: result: yes
configure:4956: checking whether basename is declared
configure:4956: gcc -c   conftest.c >&5
configure:4956: $? = 0
configure:4956: result: yes
configure:4966: checking whether errno is declared
configure:4966: gcc -c   conftest.c >&5
conftest.c: In function 'main':
conftest.c:91:10: error: 'errno' undeclared (first use in this function)
   91 |   (void) errno;
      |          ^~~~~
conftest.c:83:1: note: 'errno' is defined in header '<errno.h>'; did you forget to '#include <errno.h>'?
   82 | # include <unistd.h>
   83 | #endif
conftest.c:91:10: note: each undeclared identifier is reported only once for each function it appears in
   91 |   (void) errno;
      |          ^~~~~
configure:4966: $? = 1
configure: failed program was:
| /* confdefs.h */
| #define PACKAGE_NAME "fixincludes"
| #define PACKAGE_TARNAME "fixincludes"
| #define PACKAGE_VERSION " "
| #define PACKAGE_STRING "fixincludes  "
| #define PACKAGE_BUGREPORT ""
| #define PACKAGE_URL ""
| #define STDC_HEADERS 1
| #define HAVE_SYS_TYPES_H 1
| #define HAVE_SYS_STAT_H 1
| #define HAVE_STDLIB_H 1
| #define HAVE_STRING_H 1
| #define HAVE_MEMORY_H 1
| #define HAVE_STRINGS_H 1
| #define HAVE_INTTYPES_H 1
| #define HAVE_STDINT_H 1
| #define HAVE_UNISTD_H 1
| #define __EXTENSIONS__ 1
| #define _ALL_SOURCE 1
| #define _GNU_SOURCE 1
| #define _POSIX_PTHREAD_SEMANTICS 1
| #define _TANDEM_SOURCE 1
| #define EXE_EXT ""
| #define STDC_HEADERS 1
| #define HAVE_STDDEF_H 1
| #define HAVE_STDLIB_H 1
| #define HAVE_STRINGS_H 1
| #define HAVE_UNISTD_H 1
| #define HAVE_FCNTL_H 1
| #define HAVE_SYS_FILE_H 1
| #define HAVE_SYS_STAT_H 1
| #define HAVE_CLEARERR_UNLOCKED 1
| #define HAVE_FEOF_UNLOCKED 1
| #define HAVE_FERROR_UNLOCKED 1
| #define HAVE_FFLUSH_UNLOCKED 1
| #define HAVE_FGETC_UNLOCKED 1
| #define HAVE_FGETS_UNLOCKED 1
| #define HAVE_FILENO_UNLOCKED 1
| #define HAVE_FPUTC_UNLOCKED 1
| #define HAVE_FPUTS_UNLOCKED 1
| #define HAVE_FREAD_UNLOCKED 1
| #define HAVE_FWRITE_UNLOCKED 1
| #define HAVE_GETCHAR_UNLOCKED 1
| #define HAVE_GETC_UNLOCKED 1
| #define HAVE_PUTCHAR_UNLOCKED 1
| #define HAVE_PUTC_UNLOCKED 1
| #define HAVE_DECL_ABORT 1
| #define HAVE_DECL_ASPRINTF 1
| #define HAVE_DECL_BASENAME 1
| /* end confdefs.h.  */
| #include <stdio.h>
| #ifdef HAVE_SYS_TYPES_H
| # include <sys/types.h>
| #endif
| #ifdef HAVE_SYS_STAT_H
| # include <sys/stat.h>
| #endif
| #ifdef STDC_HEADERS
| # include <stdlib.h>
| # include <stddef.h>
| #else
| # ifdef HAVE_STDLIB_H
| #  include <stdlib.h>
| # endif
| #endif
| #ifdef HAVE_STRING_H
| # if !defined STDC_HEADERS && defined HAVE_MEMORY_H
| #  include <memory.h>
| # endif
| # include <string.h>
| #endif
| #ifdef HAVE_STRINGS_H
| # include <strings.h>
| #endif
| #ifdef HAVE_INTTYPES_H
| # include <inttypes.h>
| #endif
| #ifdef HAVE_STDINT_H
| # include <stdint.h>
| #endif
| #ifdef HAVE_UNISTD_H
| # include <unistd.h>
| #endif
| int
| main ()
| {
| #ifndef errno
| #ifdef __cplusplus
|   (void) errno;
| #else
|   (void) errno;
| #endif
| #endif
| 
|   ;
|   return 0;
| }
configure:4966: result: no
configure:4976: checking whether vasprintf is declared
configure:4976: gcc -c   conftest.c >&5
configure:4976: $? = 0
configure:4976: result: yes
configure:4987: checking whether clearerr_unlocked is declared
configure:4987: gcc -c   conftest.c >&5
configure:4987: $? = 0
configure:4987: result: yes
configure:4997: checking whether feof_unlocked is declared
configure:4997: gcc -c   conftest.c >&5
configure:4997: $? = 0
configure:4997: result: yes
configure:5007: checking whether ferror_unlocked is declared
configure:5007: gcc -c   conftest.c >&5
configure:5007: $? = 0
configure:5007: result: yes
configure:5017: checking whether fflush_unlocked is declared
configure:5017: gcc -c   conftest.c >&5
configure:5017: $? = 0
configure:5017: result: yes
configure:5027: checking whether fgetc_unlocked is declared
configure:5027: gcc -c   conftest.c >&5
configure:5027: $? = 0
configure:5027: result: yes
configure:5037: checking whether fgets_unlocked is declared
configure:5037: gcc -c   conftest.c >&5
configure:5037: $? = 0
configure:5037: result: yes
configure:5047: checking whether fileno_unlocked is declared
configure:5047: gcc -c   conftest.c >&5
configure:5047: $? = 0
configure:5047: result: yes
configure:5057: checking whether fprintf_unlocked is declared
configure:5057: gcc -c   conftest.c >&5
conftest.c: In function 'main':
conftest.c:100:10: error: 'fprintf_unlocked' undeclared (first use in this function); did you mean 'fwrite_unlocked'?
  100 |   (void) fprintf_unlocked;
      |          ^~~~~~~~~~~~~~~~
      |          fwrite_unlocked
conftest.c:100:10: note: each undeclared identifier is reported only once for each function it appears in
configure:5057: $? = 1
configure: failed program was:
| /* confdefs.h */
| #define PACKAGE_NAME "fixincludes"
| #define PACKAGE_TARNAME "fixincludes"
| #define PACKAGE_VERSION " "
| #define PACKAGE_STRING "fixincludes  "
| #define PACKAGE_BUGREPORT ""
| #define PACKAGE_URL ""
| #define STDC_HEADERS 1
| #define HAVE_SYS_TYPES_H 1
| #define HAVE_SYS_STAT_H 1
| #define HAVE_STDLIB_H 1
| #define HAVE_STRING_H 1
| #define HAVE_MEMORY_H 1
| #define HAVE_STRINGS_H 1
| #define HAVE_INTTYPES_H 1
| #define HAVE_STDINT_H 1
| #define HAVE_UNISTD_H 1
| #define __EXTENSIONS__ 1
| #define _ALL_SOURCE 1
| #define _GNU_SOURCE 1
| #define _POSIX_PTHREAD_SEMANTICS 1
| #define _TANDEM_SOURCE 1
| #define EXE_EXT ""
| #define STDC_HEADERS 1
| #define HAVE_STDDEF_H 1
| #define HAVE_STDLIB_H 1
| #define HAVE_STRINGS_H 1
| #define HAVE_UNISTD_H 1
| #define HAVE_FCNTL_H 1
| #define HAVE_SYS_FILE_H 1
| #define HAVE_SYS_STAT_H 1
| #define HAVE_CLEARERR_UNLOCKED 1
| #define HAVE_FEOF_UNLOCKED 1
| #define HAVE_FERROR_UNLOCKED 1
| #define HAVE_FFLUSH_UNLOCKED 1
| #define HAVE_FGETC_UNLOCKED 1
| #define HAVE_FGETS_UNLOCKED 1
| #define HAVE_FILENO_UNLOCKED 1
| #define HAVE_FPUTC_UNLOCKED 1
| #define HAVE_FPUTS_UNLOCKED 1
| #define HAVE_FREAD_UNLOCKED 1
| #define HAVE_FWRITE_UNLOCKED 1
| #define HAVE_GETCHAR_UNLOCKED 1
| #define HAVE_GETC_UNLOCKED 1
| #define HAVE_PUTCHAR_UNLOCKED 1
| #define HAVE_PUTC_UNLOCKED 1
| #define HAVE_DECL_ABORT 1
| #define HAVE_DECL_ASPRINTF 1
| #define HAVE_DECL_BASENAME 1
| #define HAVE_DECL_ERRNO 0
| #define HAVE_DECL_VASPRINTF 1
| #define HAVE_DECL_CLEARERR_UNLOCKED 1
| #define HAVE_DECL_FEOF_UNLOCKED 1
| #define HAVE_DECL_FERROR_UNLOCKED 1
| #define HAVE_DECL_FFLUSH_UNLOCKED 1
| #define HAVE_DECL_FGETC_UNLOCKED 1
| #define HAVE_DECL_FGETS_UNLOCKED 1
| #define HAVE_DECL_FILENO_UNLOCKED 1
| /* end confdefs.h.  */
| #include <stdio.h>
| #ifdef HAVE_SYS_TYPES_H
| # include <sys/types.h>
| #endif
| #ifdef HAVE_SYS_STAT_H
| # include <sys/stat.h>
| #endif
| #ifdef STDC_HEADERS
| # include <stdlib.h>
| # include <stddef.h>
| #else
| # ifdef HAVE_STDLIB_H
| #  include <stdlib.h>
| # endif
| #endif
| #ifdef HAVE_STRING_H
| # if !defined STDC_HEADERS && defined HAVE_MEMORY_H
| #  include <memory.h>
| # endif
| # include <string.h>
| #endif
| #ifdef HAVE_STRINGS_H
| # include <strings.h>
| #endif
| #ifdef HAVE_INTTYPES_H
| # include <inttypes.h>
| #endif
| #ifdef HAVE_STDINT_H
| # include <stdint.h>
| #endif
| #ifdef HAVE_UNISTD_H
| # include <unistd.h>
| #endif
| int
| main ()
| {
| #ifndef fprintf_unlocked
| #ifdef __cplusplus
|   (void) fprintf_unlocked;
| #else
|   (void) fprintf_unlocked;
| #endif
| #endif
| 
|   ;
|   return 0;
| }
configure:5057: result: no
configure:5067: checking whether fputc_unlocked is declared
configure:5067: gcc -c   conftest.c >&5
configure:5067: $? = 0
configure:5067: result: yes
configure:5077: checking whether fputs_unlocked is declared
configure:5077: gcc -c   conftest.c >&5
configure:5077: $? = 0
configure:5077: result: yes
configure:5087: checking whether fread_unlocked is declared
configure:5087: gcc -c   conftest.c >&5
configure:5087: $? = 0
configure:5087: result: yes
configure:5097: checking whether fwrite_unlocked is declared
configure:5097: gcc -c   conftest.c >&5
configure:5097: $? = 0
configure:5097: result: yes
configure:5107: checking whether getchar_unlocked is declared
configure:5107: gcc -c   conftest.c >&5
configure:5107: $? = 0
configure:5107: result: yes
configure:5117: checking whether getc_unlocked is declared
configure:5117: gcc -c   conftest.c >&5
configure:5117: $? = 0
configure:5117: result: yes
configure:5127: checking whether putchar_unlocked is declared
configure:5127: gcc -c   conftest.c >&5
configure:5127: $? = 0
configure:5127: result: yes
configure:5137: checking whether putc_unlocked is declared
configure:5137: gcc -c   conftest.c >&5
configure:5137: $? = 0
configure:5137: result: yes
configure:5150: checking for an ANSI C-conforming const
configure:5215: gcc -c   conftest.c >&5
configure:5215: $? = 0
configure:5222: result: yes
configure:5233: checking sys/mman.h usability
configure:5233: gcc -c   conftest.c >&5
configure:5233: $? = 0
configure:5233: result: yes
configure:5233: checking sys/mman.h presence
configure:5233: gcc -E  conftest.c
configure:5233: $? = 0
configure:5233: result: yes
configure:5233: checking for sys/mman.h
configure:5233: result: yes
configure:5241: checking for mmap
configure:5241: gcc -o conftest    conftest.c  >&5
configure:5241: $? = 0
configure:5241: result: yes
configure:5254: checking whether read-only mmap of a plain file works
configure:5271: result: yes
configure:5273: checking whether mmap from /dev/zero works
configure:5295: result: yes
configure:5299: checking for MAP_ANON(YMOUS)
configure:5322: gcc -c   conftest.c >&5
configure:5322: $? = 0
configure:5329: result: yes
configure:5335: checking whether mmap with MAP_ANON(YMOUS) works
configure:5352: result: yes
configure:5374: checking whether to enable maintainer-specific portions of Makefiles
configure:5383: result: no
configure:5473: updating cache ./config.cache
configure:5510: creating ./config.status

## ---------------------- ##
## Running config.status. ##
## ---------------------- ##

This file was extended by fixincludes config.status  , which was
generated by GNU Autoconf 2.64.  Invocation command line was

  CONFIG_FILES    = 
  CONFIG_HEADERS  = 
  CONFIG_LINKS    = 
  CONFIG_COMMANDS = 
  $ ./config.status 

on it-labs13

config.status:871: creating Makefile
config.status:871: creating mkheaders.almost
config.status:871: creating config.h

## ---------------- ##
## Cache variables. ##
## ---------------- ##

ac_cv_build=x86_64-pc-linux-gnu
ac_cv_c_compiler_gnu=yes
ac_cv_c_const=yes
ac_cv_env_CC_set=set
ac_cv_env_CC_value=gcc
ac_cv_env_CFLAGS_set=set
ac_cv_env_CFLAGS_value=
ac_cv_env_CPPFLAGS_set=
ac_cv_env_CPPFLAGS_value=
ac_cv_env_CPP_set=
ac_cv_env_CPP_value=
ac_cv_env_LDFLAGS_set=set
ac_cv_env_LDFLAGS_value=
ac_cv_env_LIBS_set=
ac_cv_env_LIBS_value=
ac_cv_env_build_alias_set=set
ac_cv_env_build_alias_value=x86_64-pc-linux-gnu
ac_cv_env_host_alias_set=set
ac_cv_env_host_alias_value=x86_64-pc-linux-gnu
ac_cv_env_target_alias_set=set
ac_cv_env_target_alias_value=aarch64-openwrt-linux-musl
ac_cv_func_clearerr_unlocked=yes
ac_cv_func_feof_unlocked=yes
ac_cv_func_ferror_unlocked=yes
ac_cv_func_fflush_unlocked=yes
ac_cv_func_fgetc_unlocked=yes
ac_cv_func_fgets_unlocked=yes
ac_cv_func_fileno_unlocked=yes
ac_cv_func_fprintf_unlocked=no
ac_cv_func_fputc_unlocked=yes
ac_cv_func_fputs_unlocked=yes
ac_cv_func_fread_unlocked=yes
ac_cv_func_fwrite_unlocked=yes
ac_cv_func_getc_unlocked=yes
ac_cv_func_getchar_unlocked=yes
ac_cv_func_mmap=yes
ac_cv_func_putc_unlocked=yes
ac_cv_func_putchar_unlocked=yes
ac_cv_have_decl_abort=yes
ac_cv_have_decl_asprintf=yes
ac_cv_have_decl_basename_char_p_=yes
ac_cv_have_decl_clearerr_unlocked=yes
ac_cv_have_decl_errno=no
ac_cv_have_decl_feof_unlocked=yes
ac_cv_have_decl_ferror_unlocked=yes
ac_cv_have_decl_fflush_unlocked=yes
ac_cv_have_decl_fgetc_unlocked=yes
ac_cv_have_decl_fgets_unlocked=yes
ac_cv_have_decl_fileno_unlocked=yes
ac_cv_have_decl_fprintf_unlocked=no
ac_cv_have_decl_fputc_unlocked=yes
ac_cv_have_decl_fputs_unlocked=yes
ac_cv_have_decl_fread_unlocked=yes
ac_cv_have_decl_fwrite_unlocked=yes
ac_cv_have_decl_getc_unlocked=yes
ac_cv_have_decl_getchar_unlocked=yes
ac_cv_have_decl_putc_unlocked=yes
ac_cv_have_decl_putchar_unlocked=yes
ac_cv_have_decl_vasprintf=yes
ac_cv_header_fcntl_h=yes
ac_cv_header_inttypes_h=yes
ac_cv_header_memory_h=yes
ac_cv_header_minix_config_h=no
ac_cv_header_stdc=yes
ac_cv_header_stddef_h=yes
ac_cv_header_stdint_h=yes
ac_cv_header_stdlib_h=yes
ac_cv_header_string_h=yes
ac_cv_header_strings_h=yes
ac_cv_header_sys_file_h=yes
ac_cv_header_sys_mman_h=yes
ac_cv_header_sys_stat_h=yes
ac_cv_header_sys_types_h=yes
ac_cv_header_unistd_h=yes
ac_cv_host=x86_64-pc-linux-gnu
ac_cv_objext=o
ac_cv_path_EGREP='/home/voyager717/Downloads/SDK_Sourcecode/build_openwrt_new/AX3000-MT7981-Z8102AX/staging_dir/host/bin/grep -E'
ac_cv_path_GREP=/home/voyager717/Downloads/SDK_Sourcecode/build_openwrt_new/AX3000-MT7981-Z8102AX/staging_dir/host/bin/grep
ac_cv_path_SED=/home/voyager717/Downloads/SDK_Sourcecode/build_openwrt_new/AX3000-MT7981-Z8102AX/staging_dir/host/bin/sed
ac_cv_prog_CC=gcc
ac_cv_prog_CPP='gcc -E'
ac_cv_prog_cc_c89=
ac_cv_prog_cc_g=yes
ac_cv_safe_to_define___extensions__=yes
ac_cv_target=aarch64-openwrt-linux-musl
acx_cv_prog_cc_pedantic__Wlong_long=yes
acx_cv_prog_cc_warning__W=yes
acx_cv_prog_cc_warning__Wall=yes
acx_cv_prog_cc_warning__Wmissing_format_attribute=yes
acx_cv_prog_cc_warning__Wmissing_prototypes=yes
acx_cv_prog_cc_warning__Wold_style_definition=yes
acx_cv_prog_cc_warning__Woverlength_strings=yes
acx_cv_prog_cc_warning__Wstrict_prototypes=yes
acx_cv_prog_cc_warning__Wwrite_strings=yes
gcc_cv_decl_map_anon=yes
gcc_cv_func_mmap_anon=yes
gcc_cv_func_mmap_dev_zero=yes
gcc_cv_func_mmap_file=yes
libgcc_cv_fixed_point=no

## ----------------- ##
## Output variables. ##
## ----------------- ##

CC='gcc'
CFLAGS=''
CPP='gcc -E'
CPPFLAGS=''
DEFS='-DHAVE_CONFIG_H'
ECHO_C=''
ECHO_N='-n'
ECHO_T=''
EGREP='/home/voyager717/Downloads/SDK_Sourcecode/build_openwrt_new/AX3000-MT7981-Z8102AX/staging_dir/host/bin/grep -E'
EXEEXT=''
GREP='/home/voyager717/Downloads/SDK_Sourcecode/build_openwrt_new/AX3000-MT7981-Z8102AX/staging_dir/host/bin/grep'
LDFLAGS=''
LIBOBJS=''
LIBS=''
LTLIBOBJS=''
MAINT='#'
OBJEXT='o'
PACKAGE_BUGREPORT=''
PACKAGE_NAME='fixincludes'
PACKAGE_STRING='fixincludes  '
PACKAGE_TARNAME='fixincludes'
PACKAGE_URL=''
PACKAGE_VERSION=' '
PATH_SEPARATOR=':'
SED='/home/voyager717/Downloads/SDK_Sourcecode/build_openwrt_new/AX3000-MT7981-Z8102AX/staging_dir/host/bin/sed'
SHELL='/bin/bash'
TARGET='oneprocess'
WARN_CFLAGS='-W -Wall -Wwrite-strings -Wstrict-prototypes -Wmissing-prototypes -Wold-style-definition -Wmissing-format-attribute -Wno-overlength-strings'
WARN_PEDANTIC='-pedantic -Wno-long-long'
WERROR=''
ac_ct_CC=''
bindir='${exec_prefix}/bin'
build='x86_64-pc-linux-gnu'
build_alias='x86_64-pc-linux-gnu'
build_cpu='x86_64'
build_os='linux-gnu'
build_vendor='pc'
datadir='${datarootdir}'
datarootdir='${prefix}/share'
docdir='${datarootdir}/doc/${PACKAGE_TARNAME}'
dvidir='${docdir}'
exec_prefix='${prefix}'
get_gcc_base_ver='cat'
host='x86_64-pc-linux-gnu'
host_alias='x86_64-pc-linux-gnu'
host_cpu='x86_64'
host_os='linux-gnu'
host_vendor='pc'
htmldir='${docdir}'
includedir='${prefix}/include'
infodir='${datarootdir}/info'
libdir='${exec_prefix}/lib'
libexecdir='${exec_prefix}/libexec'
localedir='${datarootdir}/locale'
localstatedir='${prefix}/var'
mandir='${datarootdir}/man'
oldincludedir='/usr/include'
pdfdir='${docdir}'
prefix='/home/voyager717/Downloads/SDK_Sourcecode/build_openwrt_new/AX3000-MT7981-Z8102AX/staging_dir/toolchain-aarch64_cortex-a53_gcc-8.4.0_musl'
program_transform_name='s&^&aarch64-openwrt-linux-musl-&'
psdir='${docdir}'
sbindir='${exec_prefix}/sbin'
sharedstatedir='${prefix}/com'
sysconfdir='${prefix}/etc'
target='aarch64-openwrt-linux-musl'
target_alias='aarch64-openwrt-linux-musl'
target_cpu='aarch64'
target_noncanonical='aarch64-openwrt-linux-musl'
target_os='linux-musl'
target_vendor='openwrt'

## ----------- ##
## confdefs.h. ##
## ----------- ##

/* confdefs.h */
#define PACKAGE_NAME "fixincludes"
#define PACKAGE_TARNAME "fixincludes"
#define PACKAGE_VERSION " "
#define PACKAGE_STRING "fixincludes  "
#define PACKAGE_BUGREPORT ""
#define PACKAGE_URL ""
#define STDC_HEADERS 1
#define HAVE_SYS_TYPES_H 1
#define HAVE_SYS_STAT_H 1
#define HAVE_STDLIB_H 1
#define HAVE_STRING_H 1
#define HAVE_MEMORY_H 1
#define HAVE_STRINGS_H 1
#define HAVE_INTTYPES_H 1
#define HAVE_STDINT_H 1
#define HAVE_UNISTD_H 1
#define __EXTENSIONS__ 1
#define _ALL_SOURCE 1
#define _GNU_SOURCE 1
#define _POSIX_PTHREAD_SEMANTICS 1
#define _TANDEM_SOURCE 1
#define EXE_EXT ""
#define STDC_HEADERS 1
#define HAVE_STDDEF_H 1
#define HAVE_STDLIB_H 1
#define HAVE_STRINGS_H 1
#define HAVE_UNISTD_H 1
#define HAVE_FCNTL_H 1
#define HAVE_SYS_FILE_H 1
#define HAVE_SYS_STAT_H 1
#define HAVE_CLEARERR_UNLOCKED 1
#define HAVE_FEOF_UNLOCKED 1
#define HAVE_FERROR_UNLOCKED 1
#define HAVE_FFLUSH_UNLOCKED 1
#define HAVE_FGETC_UNLOCKED 1
#define HAVE_FGETS_UNLOCKED 1
#define HAVE_FILENO_UNLOCKED 1
#define HAVE_FPUTC_UNLOCKED 1
#define HAVE_FPUTS_UNLOCKED 1
#define HAVE_FREAD_UNLOCKED 1
#define HAVE_FWRITE_UNLOCKED 1
#define HAVE_GETCHAR_UNLOCKED 1
#define HAVE_GETC_UNLOCKED 1
#define HAVE_PUTCHAR_UNLOCKED 1
#define HAVE_PUTC_UNLOCKED 1
#define HAVE_DECL_ABORT 1
#define HAVE_DECL_ASPRINTF 1
#define HAVE_DECL_BASENAME 1
#define HAVE_DECL_ERRNO 0
#define HAVE_DECL_VASPRINTF 1
#define HAVE_DECL_CLEARERR_UNLOCKED 1
#define HAVE_DECL_FEOF_UNLOCKED 1
#define HAVE_DECL_FERROR_UNLOCKED 1
#define HAVE_DECL_FFLUSH_UNLOCKED 1
#define HAVE_DECL_FGETC_UNLOCKED 1
#define HAVE_DECL_FGETS_UNLOCKED 1
#define HAVE_DECL_FILENO_UNLOCKED 1
#define HAVE_DECL_FPRINTF_UNLOCKED 0
#define HAVE_DECL_FPUTC_UNLOCKED 1
#define HAVE_DECL_FPUTS_UNLOCKED 1
#define HAVE_DECL_FREAD_UNLOCKED 1
#define HAVE_DECL_FWRITE_UNLOCKED 1
#define HAVE_DECL_GETCHAR_UNLOCKED 1
#define HAVE_DECL_GETC_UNLOCKED 1
#define HAVE_DECL_PUTCHAR_UNLOCKED 1
#define HAVE_DECL_PUTC_UNLOCKED 1
#define HAVE_MMAP_FILE 1
#define HAVE_MMAP_DEV_ZERO 1
#define HAVE_MMAP_ANON 1
#define SED_PROGRAM "/home/voyager717/Downloads/SDK_Sourcecode/build_openwrt_new/AX3000-MT7981-Z8102AX/staging_dir/host/bin/sed"

configure: exit 0
