This file contains any messages produced by compilers while
running configure, to aid debugging if configure makes a mistake.

It was created by haserl configure 0.9.35, which was
generated by GNU Autoconf 2.69.  Invocation command line was

  $ ./configure --target=aarch64-openwrt-linux --host=aarch64-openwrt-linux --build=x86_64-pc-linux-gnu --program-prefix= --program-suffix= --prefix=/usr --exec-prefix=/usr --bindir=/usr/bin --sbindir=/usr/sbin --libexecdir=/usr/lib --sysconfdir=/etc --datadir=/usr/share --localstatedir=/var --mandir=/usr/man --infodir=/usr/info --disable-nls --disable-luashell --disable-luacshell

## --------- ##
## Platform. ##
## --------- ##

hostname = it-labs13
uname -m = x86_64
uname -r = 6.8.0-54-generic
uname -s = Linux
uname -v = #56-Ubuntu SMP PREEMPT_DYNAMIC Sat Feb  8 00:37:57 UTC 2025

/usr/bin/uname -p = x86_64
/bin/uname -X     = unknown

/bin/arch              = x86_64
/usr/bin/arch -k       = unknown
/usr/convex/getsysinfo = unknown
/usr/bin/hostinfo      = unknown
/bin/machine           = unknown
/usr/bin/oslevel       = unknown
/bin/universe          = unknown

PATH: /home/voyager717/Downloads/SDK_Sourcecode/build_openwrt_new/AX3000-MT7981-Z8102AX/staging_dir/target-aarch64_cortex-a53_musl/host/bin
PATH: /home/voyager717/Downloads/SDK_Sourcecode/build_openwrt_new/AX3000-MT7981-Z8102AX/staging_dir/hostpkg/bin
PATH: /home/voyager717/Downloads/SDK_Sourcecode/build_openwrt_new/AX3000-MT7981-Z8102AX/staging_dir/toolchain-aarch64_cortex-a53_gcc-8.4.0_musl/bin
PATH: /home/voyager717/Downloads/SDK_Sourcecode/build_openwrt_new/AX3000-MT7981-Z8102AX/staging_dir/toolchain-aarch64_cortex-a53_gcc-8.4.0_musl/bin
PATH: /home/voyager717/Downloads/SDK_Sourcecode/build_openwrt_new/AX3000-MT7981-Z8102AX/staging_dir/host/bin
PATH: /home/voyager717/Downloads/SDK_Sourcecode/build_openwrt_new/AX3000-MT7981-Z8102AX/staging_dir/toolchain-aarch64_cortex-a53_gcc-8.4.0_musl/bin
PATH: /home/voyager717/Downloads/SDK_Sourcecode/build_openwrt_new/AX3000-MT7981-Z8102AX/staging_dir/host/bin
PATH: /home/voyager717/Downloads/SDK_Sourcecode/build_openwrt_new/AX3000-MT7981-Z8102AX/staging_dir/host/bin
PATH: /home/voyager717/Downloads/SDK_Sourcecode/wetransfer_mt7981-spim-nand-rfb-z8102ax-1-dts_2025-02-12_0126/openwrt/staging_dir/toolchain-aarch64_cortex-a53_gcc-13.3.0_musl/bin
PATH: /usr/local/sbin
PATH: /usr/local/bin
PATH: /usr/sbin
PATH: /usr/bin
PATH: /sbin
PATH: /bin
PATH: /usr/games
PATH: /usr/local/games
PATH: /snap/bin
PATH: /snap/bin


## ----------- ##
## Core tests. ##
## ----------- ##

configure:2151: loading site script /home/voyager717/Downloads/SDK_Sourcecode/build_openwrt_new/AX3000-MT7981-Z8102AX/include/site/aarch64
| #!/bin/sh
| . $TOPDIR/include/site/linux
| ac_cv_c_littleendian=${ac_cv_c_littleendian=yes}
| ac_cv_c_bigendian=${ac_cv_c_bigendian=no}
| 
| ac_cv_sizeof___int64=8
| ac_cv_sizeof_char=1
| ac_cv_sizeof_int=4
| ac_cv_sizeof_int16_t=2
| ac_cv_sizeof_int32_t=4
| ac_cv_sizeof_int64_t=8
| ac_cv_sizeof_long_int=8
| ac_cv_sizeof_long_long=8
| ac_cv_sizeof_long=8
| ac_cv_sizeof_off_t=8
| ac_cv_sizeof_short_int=2
| ac_cv_sizeof_short=2
| ac_cv_sizeof_size_t=8
| ac_cv_sizeof_ssize_t=8
| ac_cv_sizeof_u_int16_t=2
| ac_cv_sizeof_u_int32_t=4
| ac_cv_sizeof_u_int64_t=8
| ac_cv_sizeof_uint16_t=2
| ac_cv_sizeof_uint32_t=4
| ac_cv_sizeof_uint64_t=8
| ac_cv_sizeof_unsigned_int=4
| ac_cv_sizeof_unsigned_long=8
| ac_cv_sizeof_unsigned_long_long=8
| ac_cv_sizeof_unsigned_short=2
| ac_cv_sizeof_void_p=8
configure:2292: checking for a BSD-compatible install
configure:2360: result: /usr/bin/install -c
configure:2371: checking whether build environment is sane
configure:2426: result: yes
configure:2485: checking for aarch64-openwrt-linux-strip
configure:2512: result: aarch64-openwrt-linux-musl-strip
configure:2577: checking for a thread-safe mkdir -p
configure:2616: result: /usr/bin/mkdir -p
configure:2623: checking for gawk
configure:2639: found /usr/bin/gawk
configure:2650: result: gawk
configure:2661: checking whether make sets $(MAKE)
configure:2683: result: yes
configure:2712: checking whether make supports nested variables
configure:2729: result: yes
configure:2865: checking for aarch64-openwrt-linux-gcc
configure:2892: result: aarch64-openwrt-linux-musl-gcc
configure:3161: checking for C compiler version
configure:3170: aarch64-openwrt-linux-musl-gcc --version >&5
aarch64-openwrt-linux-musl-gcc (OpenWrt GCC 8.4.0 r0-) 8.4.0
Copyright (C) 2018 Free Software Foundation, Inc.
This is free software; see the source for copying conditions.  There is NO
warranty; not even for MERCHANTABILITY or FITNESS FOR A PARTICULAR PURPOSE.

configure:3181: $? = 0
configure:3170: aarch64-openwrt-linux-musl-gcc -v >&5
Reading specs from /home/voyager717/Downloads/SDK_Sourcecode/build_openwrt_new/AX3000-MT7981-Z8102AX/staging_dir/toolchain-aarch64_cortex-a53_gcc-8.4.0_musl/lib/gcc/aarch64-openwrt-linux-musl/8.4.0/specs
COLLECT_GCC=aarch64-openwrt-linux-musl-gcc
COLLECT_LTO_WRAPPER=/home/voyager717/Downloads/SDK_Sourcecode/build_openwrt_new/AX3000-MT7981-Z8102AX/staging_dir/toolchain-aarch64_cortex-a53_gcc-8.4.0_musl/libexec/gcc/aarch64-openwrt-linux-musl/8.4.0/lto-wrapper
Target: aarch64-openwrt-linux-musl
Configured with: /home/voyager717/Downloads/SDK_Sourcecode/build_openwrt_new/AX3000-MT7981-Z8102AX/build_dir/toolchain-aarch64_cortex-a53_gcc-8.4.0_musl/gcc-8.4.0/configure --with-bugurl=http://bugs.openwrt.org/ --with-pkgversion='OpenWrt GCC 8.4.0 r0-' --prefix=/home/voyager717/Downloads/SDK_Sourcecode/build_openwrt_new/AX3000-MT7981-Z8102AX/staging_dir/toolchain-aarch64_cortex-a53_gcc-8.4.0_musl --build=x86_64-pc-linux-gnu --host=x86_64-pc-linux-gnu --target=aarch64-openwrt-linux-musl --with-gnu-ld --enable-target-optspace --disable-libgomp --disable-libmudflap --disable-multilib --disable-libmpx --disable-nls --disable-libssp --without-isl --without-cloog --with-host-libstdcxx=-lstdc++ --with-gmp=/home/voyager717/Downloads/SDK_Sourcecode/build_openwrt_new/AX3000-MT7981-Z8102AX/staging_dir/host --with-mpfr=/home/voyager717/Downloads/SDK_Sourcecode/build_openwrt_new/AX3000-MT7981-Z8102AX/staging_dir/host --with-mpc=/home/voyager717/Downloads/SDK_Sourcecode/build_openwrt_new/AX3000-MT7981-Z8102AX/staging_dir/host --disable-decimal-float --with-diagnostics-color=auto-if-env --enable-__cxa_atexit --disable-libstdcxx-dual-abi --with-default-libstdcxx-abi=new --with-headers=/home/voyager717/Downloads/SDK_Sourcecode/build_openwrt_new/AX3000-MT7981-Z8102AX/staging_dir/toolchain-aarch64_cortex-a53_gcc-8.4.0_musl/include --enable-languages=c,c++ --enable-shared --enable-threads --with-slibdir=/home/voyager717/Downloads/SDK_Sourcecode/build_openwrt_new/AX3000-MT7981-Z8102AX/staging_dir/toolchain-aarch64_cortex-a53_gcc-8.4.0_musl/lib --enable-lto --with-libelf=/home/voyager717/Downloads/SDK_Sourcecode/build_openwrt_new/AX3000-MT7981-Z8102AX/staging_dir/host --disable-libsanitizer
Thread model: posix
gcc version 8.4.0 (OpenWrt GCC 8.4.0 r0-) 
configure:3181: $? = 0
configure:3170: aarch64-openwrt-linux-musl-gcc -V >&5
aarch64-openwrt-linux-musl-gcc: error: unrecognized command line option '-V'
aarch64-openwrt-linux-musl-gcc: fatal error: no input files
compilation terminated.
configure:3181: $? = 1
configure:3170: aarch64-openwrt-linux-musl-gcc -qversion >&5
aarch64-openwrt-linux-musl-gcc: error: unrecognized command line option '-qversion'; did you mean '--version'?
aarch64-openwrt-linux-musl-gcc: fatal error: no input files
compilation terminated.
configure:3181: $? = 1
configure:3201: checking whether the C compiler works
configure:3223: aarch64-openwrt-linux-musl-gcc -Os -pipe -mcpu=cortex-a53 -fno-caller-saves -fno-plt -fhonour-copts -Wno-error=unused-but-set-variable -Wno-error=unused-result -fmacro-prefix-map=/home/voyager717/Downloads/SDK_Sourcecode/build_openwrt_new/AX3000-MT7981-Z8102AX/build_dir/target-aarch64_cortex-a53_musl/haserl-0.9.35=haserl-0.9.35 -Wformat -Werror=format-security -fstack-protector -D_FORTIFY_SOURCE=1 -Wl,-z,now -Wl,-z,relro  -I/home/voyager717/Downloads/SDK_Sourcecode/build_openwrt_new/AX3000-MT7981-Z8102AX/staging_dir/toolchain-aarch64_cortex-a53_gcc-8.4.0_musl/usr/include -I/home/voyager717/Downloads/SDK_Sourcecode/build_openwrt_new/AX3000-MT7981-Z8102AX/staging_dir/toolchain-aarch64_cortex-a53_gcc-8.4.0_musl/include/fortify -I/home/voyager717/Downloads/SDK_Sourcecode/build_openwrt_new/AX3000-MT7981-Z8102AX/staging_dir/toolchain-aarch64_cortex-a53_gcc-8.4.0_musl/include  -L/home/voyager717/Downloads/SDK_Sourcecode/build_openwrt_new/AX3000-MT7981-Z8102AX/staging_dir/toolchain-aarch64_cortex-a53_gcc-8.4.0_musl/usr/lib -L/home/voyager717/Downloads/SDK_Sourcecode/build_openwrt_new/AX3000-MT7981-Z8102AX/staging_dir/toolchain-aarch64_cortex-a53_gcc-8.4.0_musl/lib -znow -zrelro  conftest.c  >&5
configure:3227: $? = 0
configure:3275: result: yes
configure:3278: checking for C compiler default output file name
configure:3280: result: a.out
configure:3286: checking for suffix of executables
configure:3293: aarch64-openwrt-linux-musl-gcc -o conftest -Os -pipe -mcpu=cortex-a53 -fno-caller-saves -fno-plt -fhonour-copts -Wno-error=unused-but-set-variable -Wno-error=unused-result -fmacro-prefix-map=/home/voyager717/Downloads/SDK_Sourcecode/build_openwrt_new/AX3000-MT7981-Z8102AX/build_dir/target-aarch64_cortex-a53_musl/haserl-0.9.35=haserl-0.9.35 -Wformat -Werror=format-security -fstack-protector -D_FORTIFY_SOURCE=1 -Wl,-z,now -Wl,-z,relro  -I/home/voyager717/Downloads/SDK_Sourcecode/build_openwrt_new/AX3000-MT7981-Z8102AX/staging_dir/toolchain-aarch64_cortex-a53_gcc-8.4.0_musl/usr/include -I/home/voyager717/Downloads/SDK_Sourcecode/build_openwrt_new/AX3000-MT7981-Z8102AX/staging_dir/toolchain-aarch64_cortex-a53_gcc-8.4.0_musl/include/fortify -I/home/voyager717/Downloads/SDK_Sourcecode/build_openwrt_new/AX3000-MT7981-Z8102AX/staging_dir/toolchain-aarch64_cortex-a53_gcc-8.4.0_musl/include  -L/home/voyager717/Downloads/SDK_Sourcecode/build_openwrt_new/AX3000-MT7981-Z8102AX/staging_dir/toolchain-aarch64_cortex-a53_gcc-8.4.0_musl/usr/lib -L/home/voyager717/Downloads/SDK_Sourcecode/build_openwrt_new/AX3000-MT7981-Z8102AX/staging_dir/toolchain-aarch64_cortex-a53_gcc-8.4.0_musl/lib -znow -zrelro  conftest.c  >&5
configure:3297: $? = 0
configure:3319: result: 
configure:3341: checking whether we are cross compiling
configure:3379: result: yes
configure:3384: checking for suffix of object files
configure:3406: aarch64-openwrt-linux-musl-gcc -c -Os -pipe -mcpu=cortex-a53 -fno-caller-saves -fno-plt -fhonour-copts -Wno-error=unused-but-set-variable -Wno-error=unused-result -fmacro-prefix-map=/home/voyager717/Downloads/SDK_Sourcecode/build_openwrt_new/AX3000-MT7981-Z8102AX/build_dir/target-aarch64_cortex-a53_musl/haserl-0.9.35=haserl-0.9.35 -Wformat -Werror=format-security -fstack-protector -D_FORTIFY_SOURCE=1 -Wl,-z,now -Wl,-z,relro  -I/home/voyager717/Downloads/SDK_Sourcecode/build_openwrt_new/AX3000-MT7981-Z8102AX/staging_dir/toolchain-aarch64_cortex-a53_gcc-8.4.0_musl/usr/include -I/home/voyager717/Downloads/SDK_Sourcecode/build_openwrt_new/AX3000-MT7981-Z8102AX/staging_dir/toolchain-aarch64_cortex-a53_gcc-8.4.0_musl/include/fortify -I/home/voyager717/Downloads/SDK_Sourcecode/build_openwrt_new/AX3000-MT7981-Z8102AX/staging_dir/toolchain-aarch64_cortex-a53_gcc-8.4.0_musl/include  conftest.c >&5
configure:3410: $? = 0
configure:3431: result: o
configure:3435: checking whether we are using the GNU C compiler
configure:3454: aarch64-openwrt-linux-musl-gcc -c -Os -pipe -mcpu=cortex-a53 -fno-caller-saves -fno-plt -fhonour-copts -Wno-error=unused-but-set-variable -Wno-error=unused-result -fmacro-prefix-map=/home/voyager717/Downloads/SDK_Sourcecode/build_openwrt_new/AX3000-MT7981-Z8102AX/build_dir/target-aarch64_cortex-a53_musl/haserl-0.9.35=haserl-0.9.35 -Wformat -Werror=format-security -fstack-protector -D_FORTIFY_SOURCE=1 -Wl,-z,now -Wl,-z,relro  -I/home/voyager717/Downloads/SDK_Sourcecode/build_openwrt_new/AX3000-MT7981-Z8102AX/staging_dir/toolchain-aarch64_cortex-a53_gcc-8.4.0_musl/usr/include -I/home/voyager717/Downloads/SDK_Sourcecode/build_openwrt_new/AX3000-MT7981-Z8102AX/staging_dir/toolchain-aarch64_cortex-a53_gcc-8.4.0_musl/include/fortify -I/home/voyager717/Downloads/SDK_Sourcecode/build_openwrt_new/AX3000-MT7981-Z8102AX/staging_dir/toolchain-aarch64_cortex-a53_gcc-8.4.0_musl/include  conftest.c >&5
configure:3454: $? = 0
configure:3463: result: yes
configure:3472: checking whether aarch64-openwrt-linux-musl-gcc accepts -g
configure:3492: aarch64-openwrt-linux-musl-gcc -c -g -I/home/voyager717/Downloads/SDK_Sourcecode/build_openwrt_new/AX3000-MT7981-Z8102AX/staging_dir/toolchain-aarch64_cortex-a53_gcc-8.4.0_musl/usr/include -I/home/voyager717/Downloads/SDK_Sourcecode/build_openwrt_new/AX3000-MT7981-Z8102AX/staging_dir/toolchain-aarch64_cortex-a53_gcc-8.4.0_musl/include/fortify -I/home/voyager717/Downloads/SDK_Sourcecode/build_openwrt_new/AX3000-MT7981-Z8102AX/staging_dir/toolchain-aarch64_cortex-a53_gcc-8.4.0_musl/include  conftest.c >&5
cc1: note: someone does not honour COPTS correctly, passed 0 times
configure:3492: $? = 0
configure: failed program was:
| /* confdefs.h */
| #define PACKAGE_NAME "haserl"
| #define PACKAGE_TARNAME "haserl"
| #define PACKAGE_VERSION "0.9.35"
| #define PACKAGE_STRING "haserl 0.9.35"
| #define PACKAGE_BUGREPORT "Nathan Angelacos - nangel@users.sourceforge.net"
| #define PACKAGE_URL ""
| #define PACKAGE "haserl"
| #define VERSION "0.9.35"
| /* end confdefs.h.  */
| 
| int
| main ()
| {
| 
|   ;
|   return 0;
| }
configure:3507: aarch64-openwrt-linux-musl-gcc -c  -I/home/voyager717/Downloads/SDK_Sourcecode/build_openwrt_new/AX3000-MT7981-Z8102AX/staging_dir/toolchain-aarch64_cortex-a53_gcc-8.4.0_musl/usr/include -I/home/voyager717/Downloads/SDK_Sourcecode/build_openwrt_new/AX3000-MT7981-Z8102AX/staging_dir/toolchain-aarch64_cortex-a53_gcc-8.4.0_musl/include/fortify -I/home/voyager717/Downloads/SDK_Sourcecode/build_openwrt_new/AX3000-MT7981-Z8102AX/staging_dir/toolchain-aarch64_cortex-a53_gcc-8.4.0_musl/include  conftest.c >&5
cc1: note: someone does not honour COPTS correctly, passed 0 times
configure:3507: $? = 0
configure: failed program was:
| /* confdefs.h */
| #define PACKAGE_NAME "haserl"
| #define PACKAGE_TARNAME "haserl"
| #define PACKAGE_VERSION "0.9.35"
| #define PACKAGE_STRING "haserl 0.9.35"
| #define PACKAGE_BUGREPORT "Nathan Angelacos - nangel@users.sourceforge.net"
| #define PACKAGE_URL ""
| #define PACKAGE "haserl"
| #define VERSION "0.9.35"
| /* end confdefs.h.  */
| 
| int
| main ()
| {
| 
|   ;
|   return 0;
| }
configure:3523: aarch64-openwrt-linux-musl-gcc -c -g -I/home/voyager717/Downloads/SDK_Sourcecode/build_openwrt_new/AX3000-MT7981-Z8102AX/staging_dir/toolchain-aarch64_cortex-a53_gcc-8.4.0_musl/usr/include -I/home/voyager717/Downloads/SDK_Sourcecode/build_openwrt_new/AX3000-MT7981-Z8102AX/staging_dir/toolchain-aarch64_cortex-a53_gcc-8.4.0_musl/include/fortify -I/home/voyager717/Downloads/SDK_Sourcecode/build_openwrt_new/AX3000-MT7981-Z8102AX/staging_dir/toolchain-aarch64_cortex-a53_gcc-8.4.0_musl/include  conftest.c >&5
cc1: note: someone does not honour COPTS correctly, passed 0 times
configure:3523: $? = 0
configure:3533: result: yes
configure:3550: checking for aarch64-openwrt-linux-musl-gcc option to accept ISO C89
configure:3613: aarch64-openwrt-linux-musl-gcc  -c -Os -pipe -mcpu=cortex-a53 -fno-caller-saves -fno-plt -fhonour-copts -Wno-error=unused-but-set-variable -Wno-error=unused-result -fmacro-prefix-map=/home/voyager717/Downloads/SDK_Sourcecode/build_openwrt_new/AX3000-MT7981-Z8102AX/build_dir/target-aarch64_cortex-a53_musl/haserl-0.9.35=haserl-0.9.35 -Wformat -Werror=format-security -fstack-protector -D_FORTIFY_SOURCE=1 -Wl,-z,now -Wl,-z,relro  -I/home/voyager717/Downloads/SDK_Sourcecode/build_openwrt_new/AX3000-MT7981-Z8102AX/staging_dir/toolchain-aarch64_cortex-a53_gcc-8.4.0_musl/usr/include -I/home/voyager717/Downloads/SDK_Sourcecode/build_openwrt_new/AX3000-MT7981-Z8102AX/staging_dir/toolchain-aarch64_cortex-a53_gcc-8.4.0_musl/include/fortify -I/home/voyager717/Downloads/SDK_Sourcecode/build_openwrt_new/AX3000-MT7981-Z8102AX/staging_dir/toolchain-aarch64_cortex-a53_gcc-8.4.0_musl/include  conftest.c >&5
configure:3613: $? = 0
configure:3626: result: none needed
configure:3651: checking whether aarch64-openwrt-linux-musl-gcc understands -c and -o together
configure:3673: aarch64-openwrt-linux-musl-gcc -c conftest.c -o conftest2.o
cc1: note: someone does not honour COPTS correctly, passed 0 times
configure:3676: $? = 0
configure:3673: aarch64-openwrt-linux-musl-gcc -c conftest.c -o conftest2.o
cc1: note: someone does not honour COPTS correctly, passed 0 times
configure:3676: $? = 0
configure:3688: result: yes
configure:3716: checking for style of include used by make
configure:3744: result: GNU
configure:3770: checking dependency style of aarch64-openwrt-linux-musl-gcc
configure:3881: result: gcc3
configure:3897: checking whether ln -s works
configure:3901: result: yes
configure:3932: checking how to run the C preprocessor
configure:3963: aarch64-openwrt-linux-musl-gcc -E -I/home/voyager717/Downloads/SDK_Sourcecode/build_openwrt_new/AX3000-MT7981-Z8102AX/staging_dir/toolchain-aarch64_cortex-a53_gcc-8.4.0_musl/usr/include -I/home/voyager717/Downloads/SDK_Sourcecode/build_openwrt_new/AX3000-MT7981-Z8102AX/staging_dir/toolchain-aarch64_cortex-a53_gcc-8.4.0_musl/include/fortify -I/home/voyager717/Downloads/SDK_Sourcecode/build_openwrt_new/AX3000-MT7981-Z8102AX/staging_dir/toolchain-aarch64_cortex-a53_gcc-8.4.0_musl/include  conftest.c
configure:3963: $? = 0
configure:3977: aarch64-openwrt-linux-musl-gcc -E -I/home/voyager717/Downloads/SDK_Sourcecode/build_openwrt_new/AX3000-MT7981-Z8102AX/staging_dir/toolchain-aarch64_cortex-a53_gcc-8.4.0_musl/usr/include -I/home/voyager717/Downloads/SDK_Sourcecode/build_openwrt_new/AX3000-MT7981-Z8102AX/staging_dir/toolchain-aarch64_cortex-a53_gcc-8.4.0_musl/include/fortify -I/home/voyager717/Downloads/SDK_Sourcecode/build_openwrt_new/AX3000-MT7981-Z8102AX/staging_dir/toolchain-aarch64_cortex-a53_gcc-8.4.0_musl/include  conftest.c
conftest.c:11:10: fatal error: ac_nonexistent.h: No such file or directory
 #include <ac_nonexistent.h>
          ^~~~~~~~~~~~~~~~~~
compilation terminated.
configure:3977: $? = 1
configure: failed program was:
| /* confdefs.h */
| #define PACKAGE_NAME "haserl"
| #define PACKAGE_TARNAME "haserl"
| #define PACKAGE_VERSION "0.9.35"
| #define PACKAGE_STRING "haserl 0.9.35"
| #define PACKAGE_BUGREPORT "Nathan Angelacos - nangel@users.sourceforge.net"
| #define PACKAGE_URL ""
| #define PACKAGE "haserl"
| #define VERSION "0.9.35"
| /* end confdefs.h.  */
| #include <ac_nonexistent.h>
configure:4002: result: aarch64-openwrt-linux-musl-gcc -E
configure:4022: aarch64-openwrt-linux-musl-gcc -E -I/home/voyager717/Downloads/SDK_Sourcecode/build_openwrt_new/AX3000-MT7981-Z8102AX/staging_dir/toolchain-aarch64_cortex-a53_gcc-8.4.0_musl/usr/include -I/home/voyager717/Downloads/SDK_Sourcecode/build_openwrt_new/AX3000-MT7981-Z8102AX/staging_dir/toolchain-aarch64_cortex-a53_gcc-8.4.0_musl/include/fortify -I/home/voyager717/Downloads/SDK_Sourcecode/build_openwrt_new/AX3000-MT7981-Z8102AX/staging_dir/toolchain-aarch64_cortex-a53_gcc-8.4.0_musl/include  conftest.c
configure:4022: $? = 0
configure:4036: aarch64-openwrt-linux-musl-gcc -E -I/home/voyager717/Downloads/SDK_Sourcecode/build_openwrt_new/AX3000-MT7981-Z8102AX/staging_dir/toolchain-aarch64_cortex-a53_gcc-8.4.0_musl/usr/include -I/home/voyager717/Downloads/SDK_Sourcecode/build_openwrt_new/AX3000-MT7981-Z8102AX/staging_dir/toolchain-aarch64_cortex-a53_gcc-8.4.0_musl/include/fortify -I/home/voyager717/Downloads/SDK_Sourcecode/build_openwrt_new/AX3000-MT7981-Z8102AX/staging_dir/toolchain-aarch64_cortex-a53_gcc-8.4.0_musl/include  conftest.c
conftest.c:11:10: fatal error: ac_nonexistent.h: No such file or directory
 #include <ac_nonexistent.h>
          ^~~~~~~~~~~~~~~~~~
compilation terminated.
configure:4036: $? = 1
configure: failed program was:
| /* confdefs.h */
| #define PACKAGE_NAME "haserl"
| #define PACKAGE_TARNAME "haserl"
| #define PACKAGE_VERSION "0.9.35"
| #define PACKAGE_STRING "haserl 0.9.35"
| #define PACKAGE_BUGREPORT "Nathan Angelacos - nangel@users.sourceforge.net"
| #define PACKAGE_URL ""
| #define PACKAGE "haserl"
| #define VERSION "0.9.35"
| /* end confdefs.h.  */
| #include <ac_nonexistent.h>
configure:4065: checking for grep that handles long lines and -e
configure:4123: result: /home/voyager717/Downloads/SDK_Sourcecode/build_openwrt_new/AX3000-MT7981-Z8102AX/staging_dir/host/bin/grep
configure:4128: checking for egrep
configure:4190: result: /home/voyager717/Downloads/SDK_Sourcecode/build_openwrt_new/AX3000-MT7981-Z8102AX/staging_dir/host/bin/grep -E
configure:4195: checking for ANSI C header files
configure:4215: aarch64-openwrt-linux-musl-gcc -c -Os -pipe -mcpu=cortex-a53 -fno-caller-saves -fno-plt -fhonour-copts -Wno-error=unused-but-set-variable -Wno-error=unused-result -fmacro-prefix-map=/home/voyager717/Downloads/SDK_Sourcecode/build_openwrt_new/AX3000-MT7981-Z8102AX/build_dir/target-aarch64_cortex-a53_musl/haserl-0.9.35=haserl-0.9.35 -Wformat -Werror=format-security -fstack-protector -D_FORTIFY_SOURCE=1 -Wl,-z,now -Wl,-z,relro  -I/home/voyager717/Downloads/SDK_Sourcecode/build_openwrt_new/AX3000-MT7981-Z8102AX/staging_dir/toolchain-aarch64_cortex-a53_gcc-8.4.0_musl/usr/include -I/home/voyager717/Downloads/SDK_Sourcecode/build_openwrt_new/AX3000-MT7981-Z8102AX/staging_dir/toolchain-aarch64_cortex-a53_gcc-8.4.0_musl/include/fortify -I/home/voyager717/Downloads/SDK_Sourcecode/build_openwrt_new/AX3000-MT7981-Z8102AX/staging_dir/toolchain-aarch64_cortex-a53_gcc-8.4.0_musl/include  conftest.c >&5
configure:4215: $? = 0
configure:4299: result: yes
configure:4314: checking for sys/types.h
configure:4314: aarch64-openwrt-linux-musl-gcc -c -Os -pipe -mcpu=cortex-a53 -fno-caller-saves -fno-plt -fhonour-copts -Wno-error=unused-but-set-variable -Wno-error=unused-result -fmacro-prefix-map=/home/voyager717/Downloads/SDK_Sourcecode/build_openwrt_new/AX3000-MT7981-Z8102AX/build_dir/target-aarch64_cortex-a53_musl/haserl-0.9.35=haserl-0.9.35 -Wformat -Werror=format-security -fstack-protector -D_FORTIFY_SOURCE=1 -Wl,-z,now -Wl,-z,relro  -I/home/voyager717/Downloads/SDK_Sourcecode/build_openwrt_new/AX3000-MT7981-Z8102AX/staging_dir/toolchain-aarch64_cortex-a53_gcc-8.4.0_musl/usr/include -I/home/voyager717/Downloads/SDK_Sourcecode/build_openwrt_new/AX3000-MT7981-Z8102AX/staging_dir/toolchain-aarch64_cortex-a53_gcc-8.4.0_musl/include/fortify -I/home/voyager717/Downloads/SDK_Sourcecode/build_openwrt_new/AX3000-MT7981-Z8102AX/staging_dir/toolchain-aarch64_cortex-a53_gcc-8.4.0_musl/include  conftest.c >&5
configure:4314: $? = 0
configure:4314: result: yes
configure:4314: checking for sys/stat.h
configure:4314: aarch64-openwrt-linux-musl-gcc -c -Os -pipe -mcpu=cortex-a53 -fno-caller-saves -fno-plt -fhonour-copts -Wno-error=unused-but-set-variable -Wno-error=unused-result -fmacro-prefix-map=/home/voyager717/Downloads/SDK_Sourcecode/build_openwrt_new/AX3000-MT7981-Z8102AX/build_dir/target-aarch64_cortex-a53_musl/haserl-0.9.35=haserl-0.9.35 -Wformat -Werror=format-security -fstack-protector -D_FORTIFY_SOURCE=1 -Wl,-z,now -Wl,-z,relro  -I/home/voyager717/Downloads/SDK_Sourcecode/build_openwrt_new/AX3000-MT7981-Z8102AX/staging_dir/toolchain-aarch64_cortex-a53_gcc-8.4.0_musl/usr/include -I/home/voyager717/Downloads/SDK_Sourcecode/build_openwrt_new/AX3000-MT7981-Z8102AX/staging_dir/toolchain-aarch64_cortex-a53_gcc-8.4.0_musl/include/fortify -I/home/voyager717/Downloads/SDK_Sourcecode/build_openwrt_new/AX3000-MT7981-Z8102AX/staging_dir/toolchain-aarch64_cortex-a53_gcc-8.4.0_musl/include  conftest.c >&5
configure:4314: $? = 0
configure:4314: result: yes
configure:4314: checking for stdlib.h
configure:4314: aarch64-openwrt-linux-musl-gcc -c -Os -pipe -mcpu=cortex-a53 -fno-caller-saves -fno-plt -fhonour-copts -Wno-error=unused-but-set-variable -Wno-error=unused-result -fmacro-prefix-map=/home/voyager717/Downloads/SDK_Sourcecode/build_openwrt_new/AX3000-MT7981-Z8102AX/build_dir/target-aarch64_cortex-a53_musl/haserl-0.9.35=haserl-0.9.35 -Wformat -Werror=format-security -fstack-protector -D_FORTIFY_SOURCE=1 -Wl,-z,now -Wl,-z,relro  -I/home/voyager717/Downloads/SDK_Sourcecode/build_openwrt_new/AX3000-MT7981-Z8102AX/staging_dir/toolchain-aarch64_cortex-a53_gcc-8.4.0_musl/usr/include -I/home/voyager717/Downloads/SDK_Sourcecode/build_openwrt_new/AX3000-MT7981-Z8102AX/staging_dir/toolchain-aarch64_cortex-a53_gcc-8.4.0_musl/include/fortify -I/home/voyager717/Downloads/SDK_Sourcecode/build_openwrt_new/AX3000-MT7981-Z8102AX/staging_dir/toolchain-aarch64_cortex-a53_gcc-8.4.0_musl/include  conftest.c >&5
configure:4314: $? = 0
configure:4314: result: yes
configure:4314: checking for string.h
configure:4314: aarch64-openwrt-linux-musl-gcc -c -Os -pipe -mcpu=cortex-a53 -fno-caller-saves -fno-plt -fhonour-copts -Wno-error=unused-but-set-variable -Wno-error=unused-result -fmacro-prefix-map=/home/voyager717/Downloads/SDK_Sourcecode/build_openwrt_new/AX3000-MT7981-Z8102AX/build_dir/target-aarch64_cortex-a53_musl/haserl-0.9.35=haserl-0.9.35 -Wformat -Werror=format-security -fstack-protector -D_FORTIFY_SOURCE=1 -Wl,-z,now -Wl,-z,relro  -I/home/voyager717/Downloads/SDK_Sourcecode/build_openwrt_new/AX3000-MT7981-Z8102AX/staging_dir/toolchain-aarch64_cortex-a53_gcc-8.4.0_musl/usr/include -I/home/voyager717/Downloads/SDK_Sourcecode/build_openwrt_new/AX3000-MT7981-Z8102AX/staging_dir/toolchain-aarch64_cortex-a53_gcc-8.4.0_musl/include/fortify -I/home/voyager717/Downloads/SDK_Sourcecode/build_openwrt_new/AX3000-MT7981-Z8102AX/staging_dir/toolchain-aarch64_cortex-a53_gcc-8.4.0_musl/include  conftest.c >&5
configure:4314: $? = 0
configure:4314: result: yes
configure:4314: checking for memory.h
configure:4314: aarch64-openwrt-linux-musl-gcc -c -Os -pipe -mcpu=cortex-a53 -fno-caller-saves -fno-plt -fhonour-copts -Wno-error=unused-but-set-variable -Wno-error=unused-result -fmacro-prefix-map=/home/voyager717/Downloads/SDK_Sourcecode/build_openwrt_new/AX3000-MT7981-Z8102AX/build_dir/target-aarch64_cortex-a53_musl/haserl-0.9.35=haserl-0.9.35 -Wformat -Werror=format-security -fstack-protector -D_FORTIFY_SOURCE=1 -Wl,-z,now -Wl,-z,relro  -I/home/voyager717/Downloads/SDK_Sourcecode/build_openwrt_new/AX3000-MT7981-Z8102AX/staging_dir/toolchain-aarch64_cortex-a53_gcc-8.4.0_musl/usr/include -I/home/voyager717/Downloads/SDK_Sourcecode/build_openwrt_new/AX3000-MT7981-Z8102AX/staging_dir/toolchain-aarch64_cortex-a53_gcc-8.4.0_musl/include/fortify -I/home/voyager717/Downloads/SDK_Sourcecode/build_openwrt_new/AX3000-MT7981-Z8102AX/staging_dir/toolchain-aarch64_cortex-a53_gcc-8.4.0_musl/include  conftest.c >&5
configure:4314: $? = 0
configure:4314: result: yes
configure:4314: checking for strings.h
configure:4314: aarch64-openwrt-linux-musl-gcc -c -Os -pipe -mcpu=cortex-a53 -fno-caller-saves -fno-plt -fhonour-copts -Wno-error=unused-but-set-variable -Wno-error=unused-result -fmacro-prefix-map=/home/voyager717/Downloads/SDK_Sourcecode/build_openwrt_new/AX3000-MT7981-Z8102AX/build_dir/target-aarch64_cortex-a53_musl/haserl-0.9.35=haserl-0.9.35 -Wformat -Werror=format-security -fstack-protector -D_FORTIFY_SOURCE=1 -Wl,-z,now -Wl,-z,relro  -I/home/voyager717/Downloads/SDK_Sourcecode/build_openwrt_new/AX3000-MT7981-Z8102AX/staging_dir/toolchain-aarch64_cortex-a53_gcc-8.4.0_musl/usr/include -I/home/voyager717/Downloads/SDK_Sourcecode/build_openwrt_new/AX3000-MT7981-Z8102AX/staging_dir/toolchain-aarch64_cortex-a53_gcc-8.4.0_musl/include/fortify -I/home/voyager717/Downloads/SDK_Sourcecode/build_openwrt_new/AX3000-MT7981-Z8102AX/staging_dir/toolchain-aarch64_cortex-a53_gcc-8.4.0_musl/include  conftest.c >&5
configure:4314: $? = 0
configure:4314: result: yes
configure:4314: checking for inttypes.h
configure:4314: aarch64-openwrt-linux-musl-gcc -c -Os -pipe -mcpu=cortex-a53 -fno-caller-saves -fno-plt -fhonour-copts -Wno-error=unused-but-set-variable -Wno-error=unused-result -fmacro-prefix-map=/home/voyager717/Downloads/SDK_Sourcecode/build_openwrt_new/AX3000-MT7981-Z8102AX/build_dir/target-aarch64_cortex-a53_musl/haserl-0.9.35=haserl-0.9.35 -Wformat -Werror=format-security -fstack-protector -D_FORTIFY_SOURCE=1 -Wl,-z,now -Wl,-z,relro  -I/home/voyager717/Downloads/SDK_Sourcecode/build_openwrt_new/AX3000-MT7981-Z8102AX/staging_dir/toolchain-aarch64_cortex-a53_gcc-8.4.0_musl/usr/include -I/home/voyager717/Downloads/SDK_Sourcecode/build_openwrt_new/AX3000-MT7981-Z8102AX/staging_dir/toolchain-aarch64_cortex-a53_gcc-8.4.0_musl/include/fortify -I/home/voyager717/Downloads/SDK_Sourcecode/build_openwrt_new/AX3000-MT7981-Z8102AX/staging_dir/toolchain-aarch64_cortex-a53_gcc-8.4.0_musl/include  conftest.c >&5
configure:4314: $? = 0
configure:4314: result: yes
configure:4314: checking for stdint.h
configure:4314: aarch64-openwrt-linux-musl-gcc -c -Os -pipe -mcpu=cortex-a53 -fno-caller-saves -fno-plt -fhonour-copts -Wno-error=unused-but-set-variable -Wno-error=unused-result -fmacro-prefix-map=/home/voyager717/Downloads/SDK_Sourcecode/build_openwrt_new/AX3000-MT7981-Z8102AX/build_dir/target-aarch64_cortex-a53_musl/haserl-0.9.35=haserl-0.9.35 -Wformat -Werror=format-security -fstack-protector -D_FORTIFY_SOURCE=1 -Wl,-z,now -Wl,-z,relro  -I/home/voyager717/Downloads/SDK_Sourcecode/build_openwrt_new/AX3000-MT7981-Z8102AX/staging_dir/toolchain-aarch64_cortex-a53_gcc-8.4.0_musl/usr/include -I/home/voyager717/Downloads/SDK_Sourcecode/build_openwrt_new/AX3000-MT7981-Z8102AX/staging_dir/toolchain-aarch64_cortex-a53_gcc-8.4.0_musl/include/fortify -I/home/voyager717/Downloads/SDK_Sourcecode/build_openwrt_new/AX3000-MT7981-Z8102AX/staging_dir/toolchain-aarch64_cortex-a53_gcc-8.4.0_musl/include  conftest.c >&5
configure:4314: $? = 0
configure:4314: result: yes
configure:4314: checking for unistd.h
configure:4314: aarch64-openwrt-linux-musl-gcc -c -Os -pipe -mcpu=cortex-a53 -fno-caller-saves -fno-plt -fhonour-copts -Wno-error=unused-but-set-variable -Wno-error=unused-result -fmacro-prefix-map=/home/voyager717/Downloads/SDK_Sourcecode/build_openwrt_new/AX3000-MT7981-Z8102AX/build_dir/target-aarch64_cortex-a53_musl/haserl-0.9.35=haserl-0.9.35 -Wformat -Werror=format-security -fstack-protector -D_FORTIFY_SOURCE=1 -Wl,-z,now -Wl,-z,relro  -I/home/voyager717/Downloads/SDK_Sourcecode/build_openwrt_new/AX3000-MT7981-Z8102AX/staging_dir/toolchain-aarch64_cortex-a53_gcc-8.4.0_musl/usr/include -I/home/voyager717/Downloads/SDK_Sourcecode/build_openwrt_new/AX3000-MT7981-Z8102AX/staging_dir/toolchain-aarch64_cortex-a53_gcc-8.4.0_musl/include/fortify -I/home/voyager717/Downloads/SDK_Sourcecode/build_openwrt_new/AX3000-MT7981-Z8102AX/staging_dir/toolchain-aarch64_cortex-a53_gcc-8.4.0_musl/include  conftest.c >&5
configure:4314: $? = 0
configure:4314: result: yes
configure:4329: checking for stdlib.h
configure:4329: result: yes
configure:4329: checking for string.h
configure:4329: result: yes
configure:4329: checking for unistd.h
configure:4329: result: yes
configure:4329: checking signal.h usability
configure:4329: aarch64-openwrt-linux-musl-gcc -c -Os -pipe -mcpu=cortex-a53 -fno-caller-saves -fno-plt -fhonour-copts -Wno-error=unused-but-set-variable -Wno-error=unused-result -fmacro-prefix-map=/home/voyager717/Downloads/SDK_Sourcecode/build_openwrt_new/AX3000-MT7981-Z8102AX/build_dir/target-aarch64_cortex-a53_musl/haserl-0.9.35=haserl-0.9.35 -Wformat -Werror=format-security -fstack-protector -D_FORTIFY_SOURCE=1 -Wl,-z,now -Wl,-z,relro  -I/home/voyager717/Downloads/SDK_Sourcecode/build_openwrt_new/AX3000-MT7981-Z8102AX/staging_dir/toolchain-aarch64_cortex-a53_gcc-8.4.0_musl/usr/include -I/home/voyager717/Downloads/SDK_Sourcecode/build_openwrt_new/AX3000-MT7981-Z8102AX/staging_dir/toolchain-aarch64_cortex-a53_gcc-8.4.0_musl/include/fortify -I/home/voyager717/Downloads/SDK_Sourcecode/build_openwrt_new/AX3000-MT7981-Z8102AX/staging_dir/toolchain-aarch64_cortex-a53_gcc-8.4.0_musl/include  conftest.c >&5
configure:4329: $? = 0
configure:4329: result: yes
configure:4329: checking signal.h presence
configure:4329: aarch64-openwrt-linux-musl-gcc -E -I/home/voyager717/Downloads/SDK_Sourcecode/build_openwrt_new/AX3000-MT7981-Z8102AX/staging_dir/toolchain-aarch64_cortex-a53_gcc-8.4.0_musl/usr/include -I/home/voyager717/Downloads/SDK_Sourcecode/build_openwrt_new/AX3000-MT7981-Z8102AX/staging_dir/toolchain-aarch64_cortex-a53_gcc-8.4.0_musl/include/fortify -I/home/voyager717/Downloads/SDK_Sourcecode/build_openwrt_new/AX3000-MT7981-Z8102AX/staging_dir/toolchain-aarch64_cortex-a53_gcc-8.4.0_musl/include  conftest.c
configure:4329: $? = 0
configure:4329: result: yes
configure:4329: checking for signal.h
configure:4329: result: yes
configure:4341: checking for an ANSI C-conforming const
configure:4407: aarch64-openwrt-linux-musl-gcc -c -Os -pipe -mcpu=cortex-a53 -fno-caller-saves -fno-plt -fhonour-copts -Wno-error=unused-but-set-variable -Wno-error=unused-result -fmacro-prefix-map=/home/voyager717/Downloads/SDK_Sourcecode/build_openwrt_new/AX3000-MT7981-Z8102AX/build_dir/target-aarch64_cortex-a53_musl/haserl-0.9.35=haserl-0.9.35 -Wformat -Werror=format-security -fstack-protector -D_FORTIFY_SOURCE=1 -Wl,-z,now -Wl,-z,relro  -I/home/voyager717/Downloads/SDK_Sourcecode/build_openwrt_new/AX3000-MT7981-Z8102AX/staging_dir/toolchain-aarch64_cortex-a53_gcc-8.4.0_musl/usr/include -I/home/voyager717/Downloads/SDK_Sourcecode/build_openwrt_new/AX3000-MT7981-Z8102AX/staging_dir/toolchain-aarch64_cortex-a53_gcc-8.4.0_musl/include/fortify -I/home/voyager717/Downloads/SDK_Sourcecode/build_openwrt_new/AX3000-MT7981-Z8102AX/staging_dir/toolchain-aarch64_cortex-a53_gcc-8.4.0_musl/include  conftest.c >&5
configure:4407: $? = 0
configure:4414: result: yes
configure:4422: checking for size_t
configure:4422: aarch64-openwrt-linux-musl-gcc -c -Os -pipe -mcpu=cortex-a53 -fno-caller-saves -fno-plt -fhonour-copts -Wno-error=unused-but-set-variable -Wno-error=unused-result -fmacro-prefix-map=/home/voyager717/Downloads/SDK_Sourcecode/build_openwrt_new/AX3000-MT7981-Z8102AX/build_dir/target-aarch64_cortex-a53_musl/haserl-0.9.35=haserl-0.9.35 -Wformat -Werror=format-security -fstack-protector -D_FORTIFY_SOURCE=1 -Wl,-z,now -Wl,-z,relro  -I/home/voyager717/Downloads/SDK_Sourcecode/build_openwrt_new/AX3000-MT7981-Z8102AX/staging_dir/toolchain-aarch64_cortex-a53_gcc-8.4.0_musl/usr/include -I/home/voyager717/Downloads/SDK_Sourcecode/build_openwrt_new/AX3000-MT7981-Z8102AX/staging_dir/toolchain-aarch64_cortex-a53_gcc-8.4.0_musl/include/fortify -I/home/voyager717/Downloads/SDK_Sourcecode/build_openwrt_new/AX3000-MT7981-Z8102AX/staging_dir/toolchain-aarch64_cortex-a53_gcc-8.4.0_musl/include  conftest.c >&5
configure:4422: $? = 0
configure:4422: aarch64-openwrt-linux-musl-gcc -c -Os -pipe -mcpu=cortex-a53 -fno-caller-saves -fno-plt -fhonour-copts -Wno-error=unused-but-set-variable -Wno-error=unused-result -fmacro-prefix-map=/home/voyager717/Downloads/SDK_Sourcecode/build_openwrt_new/AX3000-MT7981-Z8102AX/build_dir/target-aarch64_cortex-a53_musl/haserl-0.9.35=haserl-0.9.35 -Wformat -Werror=format-security -fstack-protector -D_FORTIFY_SOURCE=1 -Wl,-z,now -Wl,-z,relro  -I/home/voyager717/Downloads/SDK_Sourcecode/build_openwrt_new/AX3000-MT7981-Z8102AX/staging_dir/toolchain-aarch64_cortex-a53_gcc-8.4.0_musl/usr/include -I/home/voyager717/Downloads/SDK_Sourcecode/build_openwrt_new/AX3000-MT7981-Z8102AX/staging_dir/toolchain-aarch64_cortex-a53_gcc-8.4.0_musl/include/fortify -I/home/voyager717/Downloads/SDK_Sourcecode/build_openwrt_new/AX3000-MT7981-Z8102AX/staging_dir/toolchain-aarch64_cortex-a53_gcc-8.4.0_musl/include  conftest.c >&5
conftest.c: In function 'main':
conftest.c:61:21: error: expected expression before ')' token
 if (sizeof ((size_t)))
                     ^
configure:4422: $? = 1
configure: failed program was:
| /* confdefs.h */
| #define PACKAGE_NAME "haserl"
| #define PACKAGE_TARNAME "haserl"
| #define PACKAGE_VERSION "0.9.35"
| #define PACKAGE_STRING "haserl 0.9.35"
| #define PACKAGE_BUGREPORT "Nathan Angelacos - nangel@users.sourceforge.net"
| #define PACKAGE_URL ""
| #define PACKAGE "haserl"
| #define VERSION "0.9.35"
| #define STDC_HEADERS 1
| #define HAVE_SYS_TYPES_H 1
| #define HAVE_SYS_STAT_H 1
| #define HAVE_STDLIB_H 1
| #define HAVE_STRING_H 1
| #define HAVE_MEMORY_H 1
| #define HAVE_STRINGS_H 1
| #define HAVE_INTTYPES_H 1
| #define HAVE_STDINT_H 1
| #define HAVE_UNISTD_H 1
| #define HAVE_STDLIB_H 1
| #define HAVE_STRING_H 1
| #define HAVE_UNISTD_H 1
| #define HAVE_SIGNAL_H 1
| /* end confdefs.h.  */
| #include <stdio.h>
| #ifdef HAVE_SYS_TYPES_H
| # include <sys/types.h>
| #endif
| #ifdef HAVE_SYS_STAT_H
| # include <sys/stat.h>
| #endif
| #ifdef STDC_HEADERS
| # include <stdlib.h>
| # include <stddef.h>
| #else
| # ifdef HAVE_STDLIB_H
| #  include <stdlib.h>
| # endif
| #endif
| #ifdef HAVE_STRING_H
| # if !defined STDC_HEADERS && defined HAVE_MEMORY_H
| #  include <memory.h>
| # endif
| # include <string.h>
| #endif
| #ifdef HAVE_STRINGS_H
| # include <strings.h>
| #endif
| #ifdef HAVE_INTTYPES_H
| # include <inttypes.h>
| #endif
| #ifdef HAVE_STDINT_H
| # include <stdint.h>
| #endif
| #ifdef HAVE_UNISTD_H
| # include <unistd.h>
| #endif
| int
| main ()
| {
| if (sizeof ((size_t)))
| 	    return 0;
|   ;
|   return 0;
| }
configure:4422: result: yes
configure:4435: checking for working memcmp
configure:4488: result: yes
configure:4500: checking for memset
configure:4500: aarch64-openwrt-linux-musl-gcc -o conftest -Os -pipe -mcpu=cortex-a53 -fno-caller-saves -fno-plt -fhonour-copts -Wno-error=unused-but-set-variable -Wno-error=unused-result -fmacro-prefix-map=/home/voyager717/Downloads/SDK_Sourcecode/build_openwrt_new/AX3000-MT7981-Z8102AX/build_dir/target-aarch64_cortex-a53_musl/haserl-0.9.35=haserl-0.9.35 -Wformat -Werror=format-security -fstack-protector -D_FORTIFY_SOURCE=1 -Wl,-z,now -Wl,-z,relro  -I/home/voyager717/Downloads/SDK_Sourcecode/build_openwrt_new/AX3000-MT7981-Z8102AX/staging_dir/toolchain-aarch64_cortex-a53_gcc-8.4.0_musl/usr/include -I/home/voyager717/Downloads/SDK_Sourcecode/build_openwrt_new/AX3000-MT7981-Z8102AX/staging_dir/toolchain-aarch64_cortex-a53_gcc-8.4.0_musl/include/fortify -I/home/voyager717/Downloads/SDK_Sourcecode/build_openwrt_new/AX3000-MT7981-Z8102AX/staging_dir/toolchain-aarch64_cortex-a53_gcc-8.4.0_musl/include  -L/home/voyager717/Downloads/SDK_Sourcecode/build_openwrt_new/AX3000-MT7981-Z8102AX/staging_dir/toolchain-aarch64_cortex-a53_gcc-8.4.0_musl/usr/lib -L/home/voyager717/Downloads/SDK_Sourcecode/build_openwrt_new/AX3000-MT7981-Z8102AX/staging_dir/toolchain-aarch64_cortex-a53_gcc-8.4.0_musl/lib -znow -zrelro  conftest.c  >&5
conftest.c:48:6: warning: conflicting types for built-in function 'memset' [-Wbuiltin-declaration-mismatch]
 char memset ();
      ^~~~~~
configure:4500: $? = 0
configure:4500: result: yes
configure:4500: checking for putenv
configure:4500: aarch64-openwrt-linux-musl-gcc -o conftest -Os -pipe -mcpu=cortex-a53 -fno-caller-saves -fno-plt -fhonour-copts -Wno-error=unused-but-set-variable -Wno-error=unused-result -fmacro-prefix-map=/home/voyager717/Downloads/SDK_Sourcecode/build_openwrt_new/AX3000-MT7981-Z8102AX/build_dir/target-aarch64_cortex-a53_musl/haserl-0.9.35=haserl-0.9.35 -Wformat -Werror=format-security -fstack-protector -D_FORTIFY_SOURCE=1 -Wl,-z,now -Wl,-z,relro  -I/home/voyager717/Downloads/SDK_Sourcecode/build_openwrt_new/AX3000-MT7981-Z8102AX/staging_dir/toolchain-aarch64_cortex-a53_gcc-8.4.0_musl/usr/include -I/home/voyager717/Downloads/SDK_Sourcecode/build_openwrt_new/AX3000-MT7981-Z8102AX/staging_dir/toolchain-aarch64_cortex-a53_gcc-8.4.0_musl/include/fortify -I/home/voyager717/Downloads/SDK_Sourcecode/build_openwrt_new/AX3000-MT7981-Z8102AX/staging_dir/toolchain-aarch64_cortex-a53_gcc-8.4.0_musl/include  -L/home/voyager717/Downloads/SDK_Sourcecode/build_openwrt_new/AX3000-MT7981-Z8102AX/staging_dir/toolchain-aarch64_cortex-a53_gcc-8.4.0_musl/usr/lib -L/home/voyager717/Downloads/SDK_Sourcecode/build_openwrt_new/AX3000-MT7981-Z8102AX/staging_dir/toolchain-aarch64_cortex-a53_gcc-8.4.0_musl/lib -znow -zrelro  conftest.c  >&5
configure:4500: $? = 0
configure:4500: result: yes
configure:4500: checking for strcasecmp
configure:4500: aarch64-openwrt-linux-musl-gcc -o conftest -Os -pipe -mcpu=cortex-a53 -fno-caller-saves -fno-plt -fhonour-copts -Wno-error=unused-but-set-variable -Wno-error=unused-result -fmacro-prefix-map=/home/voyager717/Downloads/SDK_Sourcecode/build_openwrt_new/AX3000-MT7981-Z8102AX/build_dir/target-aarch64_cortex-a53_musl/haserl-0.9.35=haserl-0.9.35 -Wformat -Werror=format-security -fstack-protector -D_FORTIFY_SOURCE=1 -Wl,-z,now -Wl,-z,relro  -I/home/voyager717/Downloads/SDK_Sourcecode/build_openwrt_new/AX3000-MT7981-Z8102AX/staging_dir/toolchain-aarch64_cortex-a53_gcc-8.4.0_musl/usr/include -I/home/voyager717/Downloads/SDK_Sourcecode/build_openwrt_new/AX3000-MT7981-Z8102AX/staging_dir/toolchain-aarch64_cortex-a53_gcc-8.4.0_musl/include/fortify -I/home/voyager717/Downloads/SDK_Sourcecode/build_openwrt_new/AX3000-MT7981-Z8102AX/staging_dir/toolchain-aarch64_cortex-a53_gcc-8.4.0_musl/include  -L/home/voyager717/Downloads/SDK_Sourcecode/build_openwrt_new/AX3000-MT7981-Z8102AX/staging_dir/toolchain-aarch64_cortex-a53_gcc-8.4.0_musl/usr/lib -L/home/voyager717/Downloads/SDK_Sourcecode/build_openwrt_new/AX3000-MT7981-Z8102AX/staging_dir/toolchain-aarch64_cortex-a53_gcc-8.4.0_musl/lib -znow -zrelro  conftest.c  >&5
conftest.c:50:6: warning: conflicting types for built-in function 'strcasecmp' [-Wbuiltin-declaration-mismatch]
 char strcasecmp ();
      ^~~~~~~~~~
configure:4500: $? = 0
configure:4500: result: yes
configure:4500: checking for strdup
configure:4500: aarch64-openwrt-linux-musl-gcc -o conftest -Os -pipe -mcpu=cortex-a53 -fno-caller-saves -fno-plt -fhonour-copts -Wno-error=unused-but-set-variable -Wno-error=unused-result -fmacro-prefix-map=/home/voyager717/Downloads/SDK_Sourcecode/build_openwrt_new/AX3000-MT7981-Z8102AX/build_dir/target-aarch64_cortex-a53_musl/haserl-0.9.35=haserl-0.9.35 -Wformat -Werror=format-security -fstack-protector -D_FORTIFY_SOURCE=1 -Wl,-z,now -Wl,-z,relro  -I/home/voyager717/Downloads/SDK_Sourcecode/build_openwrt_new/AX3000-MT7981-Z8102AX/staging_dir/toolchain-aarch64_cortex-a53_gcc-8.4.0_musl/usr/include -I/home/voyager717/Downloads/SDK_Sourcecode/build_openwrt_new/AX3000-MT7981-Z8102AX/staging_dir/toolchain-aarch64_cortex-a53_gcc-8.4.0_musl/include/fortify -I/home/voyager717/Downloads/SDK_Sourcecode/build_openwrt_new/AX3000-MT7981-Z8102AX/staging_dir/toolchain-aarch64_cortex-a53_gcc-8.4.0_musl/include  -L/home/voyager717/Downloads/SDK_Sourcecode/build_openwrt_new/AX3000-MT7981-Z8102AX/staging_dir/toolchain-aarch64_cortex-a53_gcc-8.4.0_musl/usr/lib -L/home/voyager717/Downloads/SDK_Sourcecode/build_openwrt_new/AX3000-MT7981-Z8102AX/staging_dir/toolchain-aarch64_cortex-a53_gcc-8.4.0_musl/lib -znow -zrelro  conftest.c  >&5
conftest.c:51:6: warning: conflicting types for built-in function 'strdup' [-Wbuiltin-declaration-mismatch]
 char strdup ();
      ^~~~~~
configure:4500: $? = 0
configure:4500: result: yes
configure:4500: checking for strncasecmp
configure:4500: aarch64-openwrt-linux-musl-gcc -o conftest -Os -pipe -mcpu=cortex-a53 -fno-caller-saves -fno-plt -fhonour-copts -Wno-error=unused-but-set-variable -Wno-error=unused-result -fmacro-prefix-map=/home/voyager717/Downloads/SDK_Sourcecode/build_openwrt_new/AX3000-MT7981-Z8102AX/build_dir/target-aarch64_cortex-a53_musl/haserl-0.9.35=haserl-0.9.35 -Wformat -Werror=format-security -fstack-protector -D_FORTIFY_SOURCE=1 -Wl,-z,now -Wl,-z,relro  -I/home/voyager717/Downloads/SDK_Sourcecode/build_openwrt_new/AX3000-MT7981-Z8102AX/staging_dir/toolchain-aarch64_cortex-a53_gcc-8.4.0_musl/usr/include -I/home/voyager717/Downloads/SDK_Sourcecode/build_openwrt_new/AX3000-MT7981-Z8102AX/staging_dir/toolchain-aarch64_cortex-a53_gcc-8.4.0_musl/include/fortify -I/home/voyager717/Downloads/SDK_Sourcecode/build_openwrt_new/AX3000-MT7981-Z8102AX/staging_dir/toolchain-aarch64_cortex-a53_gcc-8.4.0_musl/include  -L/home/voyager717/Downloads/SDK_Sourcecode/build_openwrt_new/AX3000-MT7981-Z8102AX/staging_dir/toolchain-aarch64_cortex-a53_gcc-8.4.0_musl/usr/lib -L/home/voyager717/Downloads/SDK_Sourcecode/build_openwrt_new/AX3000-MT7981-Z8102AX/staging_dir/toolchain-aarch64_cortex-a53_gcc-8.4.0_musl/lib -znow -zrelro  conftest.c  >&5
conftest.c:52:6: warning: conflicting types for built-in function 'strncasecmp' [-Wbuiltin-declaration-mismatch]
 char strncasecmp ();
      ^~~~~~~~~~~
configure:4500: $? = 0
configure:4500: result: yes
configure:4500: checking for strstr
configure:4500: aarch64-openwrt-linux-musl-gcc -o conftest -Os -pipe -mcpu=cortex-a53 -fno-caller-saves -fno-plt -fhonour-copts -Wno-error=unused-but-set-variable -Wno-error=unused-result -fmacro-prefix-map=/home/voyager717/Downloads/SDK_Sourcecode/build_openwrt_new/AX3000-MT7981-Z8102AX/build_dir/target-aarch64_cortex-a53_musl/haserl-0.9.35=haserl-0.9.35 -Wformat -Werror=format-security -fstack-protector -D_FORTIFY_SOURCE=1 -Wl,-z,now -Wl,-z,relro  -I/home/voyager717/Downloads/SDK_Sourcecode/build_openwrt_new/AX3000-MT7981-Z8102AX/staging_dir/toolchain-aarch64_cortex-a53_gcc-8.4.0_musl/usr/include -I/home/voyager717/Downloads/SDK_Sourcecode/build_openwrt_new/AX3000-MT7981-Z8102AX/staging_dir/toolchain-aarch64_cortex-a53_gcc-8.4.0_musl/include/fortify -I/home/voyager717/Downloads/SDK_Sourcecode/build_openwrt_new/AX3000-MT7981-Z8102AX/staging_dir/toolchain-aarch64_cortex-a53_gcc-8.4.0_musl/include  -L/home/voyager717/Downloads/SDK_Sourcecode/build_openwrt_new/AX3000-MT7981-Z8102AX/staging_dir/toolchain-aarch64_cortex-a53_gcc-8.4.0_musl/usr/lib -L/home/voyager717/Downloads/SDK_Sourcecode/build_openwrt_new/AX3000-MT7981-Z8102AX/staging_dir/toolchain-aarch64_cortex-a53_gcc-8.4.0_musl/lib -znow -zrelro  conftest.c  >&5
conftest.c:53:6: warning: conflicting types for built-in function 'strstr' [-Wbuiltin-declaration-mismatch]
 char strstr ();
      ^~~~~~
configure:4500: $? = 0
configure:4500: result: yes
configure:4640: checking pkg-config is at least version 0.9.0
configure:4643: result: yes
configure:5021: checking that generated files are newer than configure
configure:5027: result: done
configure:5070: creating ./config.status

## ---------------------- ##
## Running config.status. ##
## ---------------------- ##

This file was extended by haserl config.status 0.9.35, which was
generated by GNU Autoconf 2.69.  Invocation command line was

  CONFIG_FILES    = 
  CONFIG_HEADERS  = 
  CONFIG_LINKS    = 
  CONFIG_COMMANDS = 
  $ ./config.status 

on it-labs13

config.status:902: creating Makefile
config.status:902: creating src/Makefile
config.status:902: creating doc/Makefile
config.status:902: creating src/config.h
config.status:1131: executing depfiles commands
configure:6384: WARNING: unrecognized options: --disable-nls
configure:6395: result:
** Configuration summary for haserl 0.9.35:

	Building haserl with with lua disabled
	Building haserl with with bash-extensions disabled
	libs: 


## ---------------- ##
## Cache variables. ##
## ---------------- ##

ac_cv_c_bigendian=no
ac_cv_c_compiler_gnu=yes
ac_cv_c_const=yes
ac_cv_c_gettext_without_libintl=yes
ac_cv_c_littleendian=yes
ac_cv_c_long_double=no
ac_cv_conv_longlong_to_float=yes
ac_cv_env_CC_set=set
ac_cv_env_CC_value=aarch64-openwrt-linux-musl-gcc
ac_cv_env_CFLAGS_set=set
ac_cv_env_CFLAGS_value='-Os -pipe -mcpu=cortex-a53 -fno-caller-saves -fno-plt -fhonour-copts -Wno-error=unused-but-set-variable -Wno-error=unused-result -fmacro-prefix-map=/home/voyager717/Downloads/SDK_Sourcecode/build_openwrt_new/AX3000-MT7981-Z8102AX/build_dir/target-aarch64_cortex-a53_musl/haserl-0.9.35=haserl-0.9.35 -Wformat -Werror=format-security -fstack-protector -D_FORTIFY_SOURCE=1 -Wl,-z,now -Wl,-z,relro '
ac_cv_env_CPPFLAGS_set=set
ac_cv_env_CPPFLAGS_value='-I/home/voyager717/Downloads/SDK_Sourcecode/build_openwrt_new/AX3000-MT7981-Z8102AX/staging_dir/toolchain-aarch64_cortex-a53_gcc-8.4.0_musl/usr/include -I/home/voyager717/Downloads/SDK_Sourcecode/build_openwrt_new/AX3000-MT7981-Z8102AX/staging_dir/toolchain-aarch64_cortex-a53_gcc-8.4.0_musl/include/fortify -I/home/voyager717/Downloads/SDK_Sourcecode/build_openwrt_new/AX3000-MT7981-Z8102AX/staging_dir/toolchain-aarch64_cortex-a53_gcc-8.4.0_musl/include '
ac_cv_env_CPP_set=
ac_cv_env_CPP_value=
ac_cv_env_LDFLAGS_set=set
ac_cv_env_LDFLAGS_value='-L/home/voyager717/Downloads/SDK_Sourcecode/build_openwrt_new/AX3000-MT7981-Z8102AX/staging_dir/toolchain-aarch64_cortex-a53_gcc-8.4.0_musl/usr/lib -L/home/voyager717/Downloads/SDK_Sourcecode/build_openwrt_new/AX3000-MT7981-Z8102AX/staging_dir/toolchain-aarch64_cortex-a53_gcc-8.4.0_musl/lib -znow -zrelro '
ac_cv_env_LIBS_set=
ac_cv_env_LIBS_value=
ac_cv_env_LUA_CFLAGS_set=
ac_cv_env_LUA_CFLAGS_value=
ac_cv_env_LUA_LIBS_set=
ac_cv_env_LUA_LIBS_value=
ac_cv_env_PKG_CONFIG_LIBDIR_set=set
ac_cv_env_PKG_CONFIG_LIBDIR_value=/home/voyager717/Downloads/SDK_Sourcecode/build_openwrt_new/AX3000-MT7981-Z8102AX/staging_dir/target-aarch64_cortex-a53_musl/usr/lib/pkgconfig:/home/voyager717/Downloads/SDK_Sourcecode/build_openwrt_new/AX3000-MT7981-Z8102AX/staging_dir/target-aarch64_cortex-a53_musl/usr/share/pkgconfig
ac_cv_env_PKG_CONFIG_PATH_set=set
ac_cv_env_PKG_CONFIG_PATH_value=/home/voyager717/Downloads/SDK_Sourcecode/build_openwrt_new/AX3000-MT7981-Z8102AX/staging_dir/target-aarch64_cortex-a53_musl/usr/lib/pkgconfig:/home/voyager717/Downloads/SDK_Sourcecode/build_openwrt_new/AX3000-MT7981-Z8102AX/staging_dir/target-aarch64_cortex-a53_musl/usr/share/pkgconfig
ac_cv_env_PKG_CONFIG_set=set
ac_cv_env_PKG_CONFIG_value=/home/voyager717/Downloads/SDK_Sourcecode/build_openwrt_new/AX3000-MT7981-Z8102AX/staging_dir/host/bin/pkg-config
ac_cv_env_build_alias_set=set
ac_cv_env_build_alias_value=x86_64-pc-linux-gnu
ac_cv_env_host_alias_set=set
ac_cv_env_host_alias_value=aarch64-openwrt-linux
ac_cv_env_target_alias_set=set
ac_cv_env_target_alias_value=aarch64-openwrt-linux
ac_cv_file__dev_zero=yes
ac_cv_func___adjtimex=yes
ac_cv_func___va_copy=no
ac_cv_func__exit=yes
ac_cv_func_bcmp=yes
ac_cv_func_bcopy=yes
ac_cv_func_bzero=yes
ac_cv_func_cimag=yes
ac_cv_func_creal=yes
ac_cv_func_fchmod=yes
ac_cv_func_getaddrinfo=yes
ac_cv_func_getcwd=yes
ac_cv_func_getdomainname=yes
ac_cv_func_getpgrp_void=yes
ac_cv_func_getpwuid_r=yes
ac_cv_func_gettimeofday=yes
ac_cv_func_index=yes
ac_cv_func_lstat=yes
ac_cv_func_lstat_dereferences_slashed_symlink=yes
ac_cv_func_lstat_empty_string_bug=no
ac_cv_func_malloc_0_nonnull=yes
ac_cv_func_malloc_works=yes
ac_cv_func_memcmp_clean=yes
ac_cv_func_memcmp_working=yes
ac_cv_func_memset=yes
ac_cv_func_posix_getgrgid_r=yes
ac_cv_func_posix_getpwuid_r=yes
ac_cv_func_psignal=yes
ac_cv_func_pthread_key_delete=yes
ac_cv_func_putenv=yes
ac_cv_func_realloc_0_nonnull=yes
ac_cv_func_realloc_works=yes
ac_cv_func_rename=yes
ac_cv_func_rindex=yes
ac_cv_func_setgrent_void=yes
ac_cv_func_setlocale=yes
ac_cv_func_setpgrp_void=yes
ac_cv_func_setresuid=no
ac_cv_func_setvbuf_reversed=no
ac_cv_func_stat_empty_string_bug=no
ac_cv_func_stat_ignores_trailing_slash=no
ac_cv_func_strcasecmp=yes
ac_cv_func_strdup=yes
ac_cv_func_strerror=yes
ac_cv_func_strftime=yes
ac_cv_func_strncasecmp=yes
ac_cv_func_strstr=yes
ac_cv_func_utimes=yes
ac_cv_func_va_copy=no
ac_cv_func_vsnprintf=yes
ac_cv_have_accrights_in_msghdr=no
ac_cv_have_broken_snprintf=no
ac_cv_have_control_in_msghdr=yes
ac_cv_have_decl_sys_siglist=no
ac_cv_have_openpty_ctty_bug=yes
ac_cv_have_space_d_name_in_struct_dirent=yes
ac_cv_header_inttypes_h=yes
ac_cv_header_memory_h=yes
ac_cv_header_netinet_sctp_h=no
ac_cv_header_netinet_sctp_uio_h=no
ac_cv_header_signal_h=yes
ac_cv_header_stdc=yes
ac_cv_header_stdint_h=yes
ac_cv_header_stdlib_h=yes
ac_cv_header_string_h=yes
ac_cv_header_strings_h=yes
ac_cv_header_sys_stat_h=yes
ac_cv_header_sys_types_h=yes
ac_cv_header_unistd_h=yes
ac_cv_int64_t=yes
ac_cv_lbl_unaligned_fail=no
ac_cv_linux_kernel_pppoe=yes
ac_cv_linux_vers=2
ac_cv_objext=o
ac_cv_pack_bitfields_reversed=yes
ac_cv_path_EGREP='/home/voyager717/Downloads/SDK_Sourcecode/build_openwrt_new/AX3000-MT7981-Z8102AX/staging_dir/host/bin/grep -E'
ac_cv_path_GREP=/home/voyager717/Downloads/SDK_Sourcecode/build_openwrt_new/AX3000-MT7981-Z8102AX/staging_dir/host/bin/grep
ac_cv_path_LDCONFIG=
ac_cv_path_install='/usr/bin/install -c'
ac_cv_path_mkdir=/usr/bin/mkdir
ac_cv_prog_AWK=gawk
ac_cv_prog_CC=aarch64-openwrt-linux-musl-gcc
ac_cv_prog_CPP='aarch64-openwrt-linux-musl-gcc -E'
ac_cv_prog_STRIP=aarch64-openwrt-linux-musl-strip
ac_cv_prog_cc_c89=
ac_cv_prog_cc_g=yes
ac_cv_prog_make_make_set=yes
ac_cv_regexec_segfault_emptystr=no
ac_cv_sctp=no
ac_cv_sizeof___int64=8
ac_cv_sizeof_char=1
ac_cv_sizeof_int16_t=2
ac_cv_sizeof_int32_t=4
ac_cv_sizeof_int64_t=8
ac_cv_sizeof_int=4
ac_cv_sizeof_long=8
ac_cv_sizeof_long_int=8
ac_cv_sizeof_long_long=8
ac_cv_sizeof_off_t=8
ac_cv_sizeof_short=2
ac_cv_sizeof_short_int=2
ac_cv_sizeof_size_t=8
ac_cv_sizeof_ssize_t=8
ac_cv_sizeof_u_int16_t=2
ac_cv_sizeof_u_int32_t=4
ac_cv_sizeof_u_int64_t=8
ac_cv_sizeof_uint16_t=2
ac_cv_sizeof_uint32_t=4
ac_cv_sizeof_uint64_t=8
ac_cv_sizeof_unsigned_int=4
ac_cv_sizeof_unsigned_long=8
ac_cv_sizeof_unsigned_long_long=8
ac_cv_sizeof_unsigned_short=2
ac_cv_sizeof_void_p=8
ac_cv_sys_restartable_syscalls=yes
ac_cv_time_r_type=POSIX
ac_cv_type_size_t=yes
ac_cv_type_suseconds_t=yes
ac_cv_uchar=no
ac_cv_uint64_t=yes
ac_cv_uint=yes
ac_cv_ulong=yes
ac_cv_ushort=yes
ac_cv_va_copy=C99
ac_cv_va_val_copy=yes
am_cv_CC_dependencies_compiler_type=gcc3
am_cv_make_support_nested_variables=yes
am_cv_prog_cc_c_o=yes
as_cv_unaligned_access=yes

## ----------------- ##
## Output variables. ##
## ----------------- ##

ACLOCAL='${SHELL} /home/voyager717/Downloads/SDK_Sourcecode/build_openwrt_new/AX3000-MT7981-Z8102AX/build_dir/target-aarch64_cortex-a53_musl/haserl-0.9.35/missing aclocal-1.15'
AMDEPBACKSLASH='\'
AMDEP_FALSE='#'
AMDEP_TRUE=''
AMTAR='$${TAR-tar}'
AM_BACKSLASH='\'
AM_DEFAULT_V='$(AM_DEFAULT_VERBOSITY)'
AM_DEFAULT_VERBOSITY='1'
AM_V='$(V)'
AUTOCONF='${SHELL} /home/voyager717/Downloads/SDK_Sourcecode/build_openwrt_new/AX3000-MT7981-Z8102AX/build_dir/target-aarch64_cortex-a53_musl/haserl-0.9.35/missing autoconf'
AUTOHEADER='${SHELL} /home/voyager717/Downloads/SDK_Sourcecode/build_openwrt_new/AX3000-MT7981-Z8102AX/build_dir/target-aarch64_cortex-a53_musl/haserl-0.9.35/missing autoheader'
AUTOMAKE='${SHELL} /home/voyager717/Downloads/SDK_Sourcecode/build_openwrt_new/AX3000-MT7981-Z8102AX/build_dir/target-aarch64_cortex-a53_musl/haserl-0.9.35/missing automake-1.15'
AWK='gawk'
BASHEXTENSIONS_FALSE=''
BASHEXTENSIONS_TRUE='#'
CC='aarch64-openwrt-linux-musl-gcc'
CCDEPMODE='depmode=gcc3'
CC_FOR_BUILD='aarch64-openwrt-linux-musl-gcc'
CFLAGS='-Os -pipe -mcpu=cortex-a53 -fno-caller-saves -fno-plt -fhonour-copts -Wno-error=unused-but-set-variable -Wno-error=unused-result -fmacro-prefix-map=/home/voyager717/Downloads/SDK_Sourcecode/build_openwrt_new/AX3000-MT7981-Z8102AX/build_dir/target-aarch64_cortex-a53_musl/haserl-0.9.35=haserl-0.9.35 -Wformat -Werror=format-security -fstack-protector -D_FORTIFY_SOURCE=1 -Wl,-z,now -Wl,-z,relro  -Wall'
CFLAGS_FOR_BUILD='-Os -pipe -mcpu=cortex-a53 -fno-caller-saves -fno-plt -fhonour-copts -Wno-error=unused-but-set-variable -Wno-error=unused-result -fmacro-prefix-map=/home/voyager717/Downloads/SDK_Sourcecode/build_openwrt_new/AX3000-MT7981-Z8102AX/build_dir/target-aarch64_cortex-a53_musl/haserl-0.9.35=haserl-0.9.35 -Wformat -Werror=format-security -fstack-protector -D_FORTIFY_SOURCE=1 -Wl,-z,now -Wl,-z,relro '
CPP='aarch64-openwrt-linux-musl-gcc -E'
CPPFLAGS='-I/home/voyager717/Downloads/SDK_Sourcecode/build_openwrt_new/AX3000-MT7981-Z8102AX/staging_dir/toolchain-aarch64_cortex-a53_gcc-8.4.0_musl/usr/include -I/home/voyager717/Downloads/SDK_Sourcecode/build_openwrt_new/AX3000-MT7981-Z8102AX/staging_dir/toolchain-aarch64_cortex-a53_gcc-8.4.0_musl/include/fortify -I/home/voyager717/Downloads/SDK_Sourcecode/build_openwrt_new/AX3000-MT7981-Z8102AX/staging_dir/toolchain-aarch64_cortex-a53_gcc-8.4.0_musl/include '
CYGPATH_W='echo'
DEFS='-DHAVE_CONFIG_H'
DEPDIR='.deps'
ECHO_C=''
ECHO_N='-n'
ECHO_T=''
EGREP='/home/voyager717/Downloads/SDK_Sourcecode/build_openwrt_new/AX3000-MT7981-Z8102AX/staging_dir/host/bin/grep -E'
EXEEXT=''
GREP='/home/voyager717/Downloads/SDK_Sourcecode/build_openwrt_new/AX3000-MT7981-Z8102AX/staging_dir/host/bin/grep'
INCLUDE_BASHSHELL_FALSE='#'
INCLUDE_BASHSHELL_TRUE=''
INCLUDE_LUACSHELL_FALSE=''
INCLUDE_LUACSHELL_TRUE='#'
INCLUDE_LUASHELL_FALSE=''
INCLUDE_LUASHELL_TRUE='#'
INSTALL_DATA='${INSTALL} -m 644'
INSTALL_PROGRAM='${INSTALL}'
INSTALL_SCRIPT='${INSTALL}'
INSTALL_STRIP_PROGRAM='$(install_sh) -c -s'
LDFLAGS='-L/home/voyager717/Downloads/SDK_Sourcecode/build_openwrt_new/AX3000-MT7981-Z8102AX/staging_dir/toolchain-aarch64_cortex-a53_gcc-8.4.0_musl/usr/lib -L/home/voyager717/Downloads/SDK_Sourcecode/build_openwrt_new/AX3000-MT7981-Z8102AX/staging_dir/toolchain-aarch64_cortex-a53_gcc-8.4.0_musl/lib -znow -zrelro '
LIBOBJS=''
LIBS=''
LN_S='ln -s'
LTLIBOBJS=''
LUA_CFLAGS=''
LUA_LIBS=''
MAKEINFO='${SHELL} /home/voyager717/Downloads/SDK_Sourcecode/build_openwrt_new/AX3000-MT7981-Z8102AX/build_dir/target-aarch64_cortex-a53_musl/haserl-0.9.35/missing makeinfo'
MKDIR_P='/usr/bin/mkdir -p'
OBJEXT='o'
PACKAGE='haserl'
PACKAGE_BUGREPORT='Nathan Angelacos - nangel@users.sourceforge.net'
PACKAGE_NAME='haserl'
PACKAGE_STRING='haserl 0.9.35'
PACKAGE_TARNAME='haserl'
PACKAGE_URL=''
PACKAGE_VERSION='0.9.35'
PATH_SEPARATOR=':'
PKG_CONFIG='/home/voyager717/Downloads/SDK_Sourcecode/build_openwrt_new/AX3000-MT7981-Z8102AX/staging_dir/host/bin/pkg-config'
PKG_CONFIG_LIBDIR='/home/voyager717/Downloads/SDK_Sourcecode/build_openwrt_new/AX3000-MT7981-Z8102AX/staging_dir/target-aarch64_cortex-a53_musl/usr/lib/pkgconfig:/home/voyager717/Downloads/SDK_Sourcecode/build_openwrt_new/AX3000-MT7981-Z8102AX/staging_dir/target-aarch64_cortex-a53_musl/usr/share/pkgconfig'
PKG_CONFIG_PATH='/home/voyager717/Downloads/SDK_Sourcecode/build_openwrt_new/AX3000-MT7981-Z8102AX/staging_dir/target-aarch64_cortex-a53_musl/usr/lib/pkgconfig:/home/voyager717/Downloads/SDK_Sourcecode/build_openwrt_new/AX3000-MT7981-Z8102AX/staging_dir/target-aarch64_cortex-a53_musl/usr/share/pkgconfig'
SET_MAKE=''
SHELL='/bin/bash'
STRIP='aarch64-openwrt-linux-musl-strip'
USE_LUA_FALSE=''
USE_LUA_TRUE='#'
VERSION='0.9.35'
ac_ct_CC=''
am__EXEEXT_FALSE=''
am__EXEEXT_TRUE='#'
am__fastdepCC_FALSE='#'
am__fastdepCC_TRUE=''
am__include='include'
am__isrc=''
am__leading_dot='.'
am__nodep='_no'
am__quote=''
am__tar='$${TAR-tar} chof - "$$tardir"'
am__untar='$${TAR-tar} xf -'
bindir='/usr/bin'
build_alias='x86_64-pc-linux-gnu'
datadir='/usr/share'
datarootdir='${prefix}/share'
docdir='${datarootdir}/doc/${PACKAGE_TARNAME}'
dvidir='${docdir}'
exec_prefix='/usr'
host_alias='aarch64-openwrt-linux'
htmldir='${docdir}'
includedir='${prefix}/include'
infodir='/usr/info'
install_sh='${SHELL} /home/voyager717/Downloads/SDK_Sourcecode/build_openwrt_new/AX3000-MT7981-Z8102AX/build_dir/target-aarch64_cortex-a53_musl/haserl-0.9.35/install-sh'
libdir='${exec_prefix}/lib'
libexecdir='/usr/lib'
localedir='${datarootdir}/locale'
localstatedir='/var'
mandir='/usr/man'
mkdir_p='$(MKDIR_P)'
oldincludedir='/usr/include'
pdfdir='${docdir}'
prefix='/usr'
program_transform_name='s&$$&&;s&^&&'
psdir='${docdir}'
sbindir='/usr/sbin'
sharedstatedir='${prefix}/com'
sysconfdir='/etc'
target_alias='aarch64-openwrt-linux'

## ----------- ##
## confdefs.h. ##
## ----------- ##

/* confdefs.h */
#define PACKAGE_NAME "haserl"
#define PACKAGE_TARNAME "haserl"
#define PACKAGE_VERSION "0.9.35"
#define PACKAGE_STRING "haserl 0.9.35"
#define PACKAGE_BUGREPORT "Nathan Angelacos - nangel@users.sourceforge.net"
#define PACKAGE_URL ""
#define PACKAGE "haserl"
#define VERSION "0.9.35"
#define STDC_HEADERS 1
#define HAVE_SYS_TYPES_H 1
#define HAVE_SYS_STAT_H 1
#define HAVE_STDLIB_H 1
#define HAVE_STRING_H 1
#define HAVE_MEMORY_H 1
#define HAVE_STRINGS_H 1
#define HAVE_INTTYPES_H 1
#define HAVE_STDINT_H 1
#define HAVE_UNISTD_H 1
#define HAVE_STDLIB_H 1
#define HAVE_STRING_H 1
#define HAVE_UNISTD_H 1
#define HAVE_SIGNAL_H 1
#define HAVE_MEMSET 1
#define HAVE_PUTENV 1
#define HAVE_STRCASECMP 1
#define HAVE_STRDUP 1
#define HAVE_STRNCASECMP 1
#define HAVE_STRSTR 1
#define _GNU_SOURCE /**/
#define INCLUDE_BASHSHELL /**/
#define SUBSHELL_CMD "/bin/sh"

configure: exit 0
