Determining size of __int16 failed with the following output:
Change Dir: /home/voyager717/Downloads/SDK_Sourcecode/build_openwrt_new/AX3000-MT7981-Z8102AX/build_dir/target-aarch64_cortex-a53_musl/lzo-2.10/openwrt-build/CMakeFiles/CMakeTmp

Run Build Command(s):/usr/bin/gmake cmTC_24984/fast && gmake[4]: Entering directory '/home/voyager717/Downloads/SDK_Sourcecode/build_openwrt_new/AX3000-MT7981-Z8102AX/build_dir/target-aarch64_cortex-a53_musl/lzo-2.10/openwrt-build/CMakeFiles/CMakeTmp'
/usr/bin/gmake  -f CMakeFiles/cmTC_24984.dir/build.make CMakeFiles/cmTC_24984.dir/build
gmake[5]: Entering directory '/home/voyager717/Downloads/SDK_Sourcecode/build_openwrt_new/AX3000-MT7981-Z8102AX/build_dir/target-aarch64_cortex-a53_musl/lzo-2.10/openwrt-build/CMakeFiles/CMakeTmp'
Building C object CMakeFiles/cmTC_24984.dir/mfx_SIZEOF___INT16.c.o
/home/voyager717/Downloads/SDK_Sourcecode/build_openwrt_new/AX3000-MT7981-Z8102AX/staging_dir/toolchain-aarch64_cortex-a53_gcc-8.4.0_musl/bin/aarch64-openwrt-linux-musl-gcc   -Os -pipe -mcpu=cortex-a53 -fno-caller-saves -fno-plt -fhonour-copts -Wno-error=unused-but-set-variable -Wno-error=unused-result -fmacro-prefix-map=/home/voyager717/Downloads/SDK_Sourcecode/build_openwrt_new/AX3000-MT7981-Z8102AX/build_dir/target-aarch64_cortex-a53_musl/lzo-2.10=lzo-2.10 -Wformat -Werror=format-security -fstack-protector -D_FORTIFY_SOURCE=1 -Wl,-z,now -Wl,-z,relro  -o CMakeFiles/cmTC_24984.dir/mfx_SIZEOF___INT16.c.o -c /home/voyager717/Downloads/SDK_Sourcecode/build_openwrt_new/AX3000-MT7981-Z8102AX/build_dir/target-aarch64_cortex-a53_musl/lzo-2.10/openwrt-build/CMakeFiles/CheckTypeSize/mfx_SIZEOF___INT16.c
/home/voyager717/Downloads/SDK_Sourcecode/build_openwrt_new/AX3000-MT7981-Z8102AX/build_dir/target-aarch64_cortex-a53_musl/lzo-2.10/openwrt-build/CMakeFiles/CheckTypeSize/mfx_SIZEOF___INT16.c:27:22: error: '__int16' undeclared here (not in a function); did you mean '__int16_t'?
 #define SIZE (sizeof(__int16))
                      ^~~~~~~
/home/voyager717/Downloads/SDK_Sourcecode/build_openwrt_new/AX3000-MT7981-Z8102AX/build_dir/target-aarch64_cortex-a53_musl/lzo-2.10/openwrt-build/CMakeFiles/CheckTypeSize/mfx_SIZEOF___INT16.c:29:12: note: in expansion of macro 'SIZE'
   ('0' + ((SIZE / 10000)%10)),
            ^~~~
gmake[5]: *** [CMakeFiles/cmTC_24984.dir/build.make:85: CMakeFiles/cmTC_24984.dir/mfx_SIZEOF___INT16.c.o] Error 1
gmake[5]: Leaving directory '/home/voyager717/Downloads/SDK_Sourcecode/build_openwrt_new/AX3000-MT7981-Z8102AX/build_dir/target-aarch64_cortex-a53_musl/lzo-2.10/openwrt-build/CMakeFiles/CMakeTmp'
gmake[4]: *** [Makefile:140: cmTC_24984/fast] Error 2
gmake[4]: Leaving directory '/home/voyager717/Downloads/SDK_Sourcecode/build_openwrt_new/AX3000-MT7981-Z8102AX/build_dir/target-aarch64_cortex-a53_musl/lzo-2.10/openwrt-build/CMakeFiles/CMakeTmp'


/home/voyager717/Downloads/SDK_Sourcecode/build_openwrt_new/AX3000-MT7981-Z8102AX/build_dir/target-aarch64_cortex-a53_musl/lzo-2.10/openwrt-build/CMakeFiles/CheckTypeSize/mfx_SIZEOF___INT16.c:
#include <sys/types.h>
#include <stdint.h>
#include <stddef.h>


#undef KEY
#if defined(__i386)
# define KEY '_','_','i','3','8','6'
#elif defined(__x86_64)
# define KEY '_','_','x','8','6','_','6','4'
#elif defined(__PPC64__)
# define KEY '_','_','P','P','C','6','4','_','_'
#elif defined(__ppc64__)
# define KEY '_','_','p','p','c','6','4','_','_'
#elif defined(__PPC__)
# define KEY '_','_','P','P','C','_','_'
#elif defined(__ppc__)
# define KEY '_','_','p','p','c','_','_'
#elif defined(__aarch64__)
# define KEY '_','_','a','a','r','c','h','6','4','_','_'
#elif defined(__ARM_ARCH_7A__)
# define KEY '_','_','A','R','M','_','A','R','C','H','_','7','A','_','_'
#elif defined(__ARM_ARCH_7S__)
# define KEY '_','_','A','R','M','_','A','R','C','H','_','7','S','_','_'
#endif

#define SIZE (sizeof(__int16))
static char info_size[] =  {'I', 'N', 'F', 'O', ':', 's','i','z','e','[',
  ('0' + ((SIZE / 10000)%10)),
  ('0' + ((SIZE / 1000)%10)),
  ('0' + ((SIZE / 100)%10)),
  ('0' + ((SIZE / 10)%10)),
  ('0' +  (SIZE    % 10)),
  ']',
#ifdef KEY
  ' ','k','e','y','[', KEY, ']',
#endif
  '\0'};

#ifdef __CLASSIC_C__
int main(argc, argv) int argc; char *argv[];
#else
int main(int argc, char *argv[])
#endif
{
  int require = 0;
  require += info_size[argc];
  (void)argv;
  return require;
}


Determining size of __int32 failed with the following output:
Change Dir: /home/voyager717/Downloads/SDK_Sourcecode/build_openwrt_new/AX3000-MT7981-Z8102AX/build_dir/target-aarch64_cortex-a53_musl/lzo-2.10/openwrt-build/CMakeFiles/CMakeTmp

Run Build Command(s):/usr/bin/gmake cmTC_5a781/fast && gmake[4]: Entering directory '/home/voyager717/Downloads/SDK_Sourcecode/build_openwrt_new/AX3000-MT7981-Z8102AX/build_dir/target-aarch64_cortex-a53_musl/lzo-2.10/openwrt-build/CMakeFiles/CMakeTmp'
/usr/bin/gmake  -f CMakeFiles/cmTC_5a781.dir/build.make CMakeFiles/cmTC_5a781.dir/build
gmake[5]: Entering directory '/home/voyager717/Downloads/SDK_Sourcecode/build_openwrt_new/AX3000-MT7981-Z8102AX/build_dir/target-aarch64_cortex-a53_musl/lzo-2.10/openwrt-build/CMakeFiles/CMakeTmp'
Building C object CMakeFiles/cmTC_5a781.dir/mfx_SIZEOF___INT32.c.o
/home/voyager717/Downloads/SDK_Sourcecode/build_openwrt_new/AX3000-MT7981-Z8102AX/staging_dir/toolchain-aarch64_cortex-a53_gcc-8.4.0_musl/bin/aarch64-openwrt-linux-musl-gcc   -Os -pipe -mcpu=cortex-a53 -fno-caller-saves -fno-plt -fhonour-copts -Wno-error=unused-but-set-variable -Wno-error=unused-result -fmacro-prefix-map=/home/voyager717/Downloads/SDK_Sourcecode/build_openwrt_new/AX3000-MT7981-Z8102AX/build_dir/target-aarch64_cortex-a53_musl/lzo-2.10=lzo-2.10 -Wformat -Werror=format-security -fstack-protector -D_FORTIFY_SOURCE=1 -Wl,-z,now -Wl,-z,relro  -o CMakeFiles/cmTC_5a781.dir/mfx_SIZEOF___INT32.c.o -c /home/voyager717/Downloads/SDK_Sourcecode/build_openwrt_new/AX3000-MT7981-Z8102AX/build_dir/target-aarch64_cortex-a53_musl/lzo-2.10/openwrt-build/CMakeFiles/CheckTypeSize/mfx_SIZEOF___INT32.c
/home/voyager717/Downloads/SDK_Sourcecode/build_openwrt_new/AX3000-MT7981-Z8102AX/build_dir/target-aarch64_cortex-a53_musl/lzo-2.10/openwrt-build/CMakeFiles/CheckTypeSize/mfx_SIZEOF___INT32.c:27:22: error: '__int32' undeclared here (not in a function); did you mean '__int32_t'?
 #define SIZE (sizeof(__int32))
                      ^~~~~~~
/home/voyager717/Downloads/SDK_Sourcecode/build_openwrt_new/AX3000-MT7981-Z8102AX/build_dir/target-aarch64_cortex-a53_musl/lzo-2.10/openwrt-build/CMakeFiles/CheckTypeSize/mfx_SIZEOF___INT32.c:29:12: note: in expansion of macro 'SIZE'
   ('0' + ((SIZE / 10000)%10)),
            ^~~~
gmake[5]: *** [CMakeFiles/cmTC_5a781.dir/build.make:85: CMakeFiles/cmTC_5a781.dir/mfx_SIZEOF___INT32.c.o] Error 1
gmake[5]: Leaving directory '/home/voyager717/Downloads/SDK_Sourcecode/build_openwrt_new/AX3000-MT7981-Z8102AX/build_dir/target-aarch64_cortex-a53_musl/lzo-2.10/openwrt-build/CMakeFiles/CMakeTmp'
gmake[4]: *** [Makefile:140: cmTC_5a781/fast] Error 2
gmake[4]: Leaving directory '/home/voyager717/Downloads/SDK_Sourcecode/build_openwrt_new/AX3000-MT7981-Z8102AX/build_dir/target-aarch64_cortex-a53_musl/lzo-2.10/openwrt-build/CMakeFiles/CMakeTmp'


/home/voyager717/Downloads/SDK_Sourcecode/build_openwrt_new/AX3000-MT7981-Z8102AX/build_dir/target-aarch64_cortex-a53_musl/lzo-2.10/openwrt-build/CMakeFiles/CheckTypeSize/mfx_SIZEOF___INT32.c:
#include <sys/types.h>
#include <stdint.h>
#include <stddef.h>


#undef KEY
#if defined(__i386)
# define KEY '_','_','i','3','8','6'
#elif defined(__x86_64)
# define KEY '_','_','x','8','6','_','6','4'
#elif defined(__PPC64__)
# define KEY '_','_','P','P','C','6','4','_','_'
#elif defined(__ppc64__)
# define KEY '_','_','p','p','c','6','4','_','_'
#elif defined(__PPC__)
# define KEY '_','_','P','P','C','_','_'
#elif defined(__ppc__)
# define KEY '_','_','p','p','c','_','_'
#elif defined(__aarch64__)
# define KEY '_','_','a','a','r','c','h','6','4','_','_'
#elif defined(__ARM_ARCH_7A__)
# define KEY '_','_','A','R','M','_','A','R','C','H','_','7','A','_','_'
#elif defined(__ARM_ARCH_7S__)
# define KEY '_','_','A','R','M','_','A','R','C','H','_','7','S','_','_'
#endif

#define SIZE (sizeof(__int32))
static char info_size[] =  {'I', 'N', 'F', 'O', ':', 's','i','z','e','[',
  ('0' + ((SIZE / 10000)%10)),
  ('0' + ((SIZE / 1000)%10)),
  ('0' + ((SIZE / 100)%10)),
  ('0' + ((SIZE / 10)%10)),
  ('0' +  (SIZE    % 10)),
  ']',
#ifdef KEY
  ' ','k','e','y','[', KEY, ']',
#endif
  '\0'};

#ifdef __CLASSIC_C__
int main(argc, argv) int argc; char *argv[];
#else
int main(int argc, char *argv[])
#endif
{
  int require = 0;
  require += info_size[argc];
  (void)argv;
  return require;
}


Determining size of __int64 failed with the following output:
Change Dir: /home/voyager717/Downloads/SDK_Sourcecode/build_openwrt_new/AX3000-MT7981-Z8102AX/build_dir/target-aarch64_cortex-a53_musl/lzo-2.10/openwrt-build/CMakeFiles/CMakeTmp

Run Build Command(s):/usr/bin/gmake cmTC_f3fbd/fast && gmake[4]: Entering directory '/home/voyager717/Downloads/SDK_Sourcecode/build_openwrt_new/AX3000-MT7981-Z8102AX/build_dir/target-aarch64_cortex-a53_musl/lzo-2.10/openwrt-build/CMakeFiles/CMakeTmp'
/usr/bin/gmake  -f CMakeFiles/cmTC_f3fbd.dir/build.make CMakeFiles/cmTC_f3fbd.dir/build
gmake[5]: Entering directory '/home/voyager717/Downloads/SDK_Sourcecode/build_openwrt_new/AX3000-MT7981-Z8102AX/build_dir/target-aarch64_cortex-a53_musl/lzo-2.10/openwrt-build/CMakeFiles/CMakeTmp'
Building C object CMakeFiles/cmTC_f3fbd.dir/mfx_SIZEOF___INT64.c.o
/home/voyager717/Downloads/SDK_Sourcecode/build_openwrt_new/AX3000-MT7981-Z8102AX/staging_dir/toolchain-aarch64_cortex-a53_gcc-8.4.0_musl/bin/aarch64-openwrt-linux-musl-gcc   -Os -pipe -mcpu=cortex-a53 -fno-caller-saves -fno-plt -fhonour-copts -Wno-error=unused-but-set-variable -Wno-error=unused-result -fmacro-prefix-map=/home/voyager717/Downloads/SDK_Sourcecode/build_openwrt_new/AX3000-MT7981-Z8102AX/build_dir/target-aarch64_cortex-a53_musl/lzo-2.10=lzo-2.10 -Wformat -Werror=format-security -fstack-protector -D_FORTIFY_SOURCE=1 -Wl,-z,now -Wl,-z,relro  -o CMakeFiles/cmTC_f3fbd.dir/mfx_SIZEOF___INT64.c.o -c /home/voyager717/Downloads/SDK_Sourcecode/build_openwrt_new/AX3000-MT7981-Z8102AX/build_dir/target-aarch64_cortex-a53_musl/lzo-2.10/openwrt-build/CMakeFiles/CheckTypeSize/mfx_SIZEOF___INT64.c
/home/voyager717/Downloads/SDK_Sourcecode/build_openwrt_new/AX3000-MT7981-Z8102AX/build_dir/target-aarch64_cortex-a53_musl/lzo-2.10/openwrt-build/CMakeFiles/CheckTypeSize/mfx_SIZEOF___INT64.c:27:22: error: '__int64' undeclared here (not in a function); did you mean '__int64_t'?
 #define SIZE (sizeof(__int64))
                      ^~~~~~~
/home/voyager717/Downloads/SDK_Sourcecode/build_openwrt_new/AX3000-MT7981-Z8102AX/build_dir/target-aarch64_cortex-a53_musl/lzo-2.10/openwrt-build/CMakeFiles/CheckTypeSize/mfx_SIZEOF___INT64.c:29:12: note: in expansion of macro 'SIZE'
   ('0' + ((SIZE / 10000)%10)),
            ^~~~
gmake[5]: *** [CMakeFiles/cmTC_f3fbd.dir/build.make:85: CMakeFiles/cmTC_f3fbd.dir/mfx_SIZEOF___INT64.c.o] Error 1
gmake[5]: Leaving directory '/home/voyager717/Downloads/SDK_Sourcecode/build_openwrt_new/AX3000-MT7981-Z8102AX/build_dir/target-aarch64_cortex-a53_musl/lzo-2.10/openwrt-build/CMakeFiles/CMakeTmp'
gmake[4]: *** [Makefile:140: cmTC_f3fbd/fast] Error 2
gmake[4]: Leaving directory '/home/voyager717/Downloads/SDK_Sourcecode/build_openwrt_new/AX3000-MT7981-Z8102AX/build_dir/target-aarch64_cortex-a53_musl/lzo-2.10/openwrt-build/CMakeFiles/CMakeTmp'


/home/voyager717/Downloads/SDK_Sourcecode/build_openwrt_new/AX3000-MT7981-Z8102AX/build_dir/target-aarch64_cortex-a53_musl/lzo-2.10/openwrt-build/CMakeFiles/CheckTypeSize/mfx_SIZEOF___INT64.c:
#include <sys/types.h>
#include <stdint.h>
#include <stddef.h>


#undef KEY
#if defined(__i386)
# define KEY '_','_','i','3','8','6'
#elif defined(__x86_64)
# define KEY '_','_','x','8','6','_','6','4'
#elif defined(__PPC64__)
# define KEY '_','_','P','P','C','6','4','_','_'
#elif defined(__ppc64__)
# define KEY '_','_','p','p','c','6','4','_','_'
#elif defined(__PPC__)
# define KEY '_','_','P','P','C','_','_'
#elif defined(__ppc__)
# define KEY '_','_','p','p','c','_','_'
#elif defined(__aarch64__)
# define KEY '_','_','a','a','r','c','h','6','4','_','_'
#elif defined(__ARM_ARCH_7A__)
# define KEY '_','_','A','R','M','_','A','R','C','H','_','7','A','_','_'
#elif defined(__ARM_ARCH_7S__)
# define KEY '_','_','A','R','M','_','A','R','C','H','_','7','S','_','_'
#endif

#define SIZE (sizeof(__int64))
static char info_size[] =  {'I', 'N', 'F', 'O', ':', 's','i','z','e','[',
  ('0' + ((SIZE / 10000)%10)),
  ('0' + ((SIZE / 1000)%10)),
  ('0' + ((SIZE / 100)%10)),
  ('0' + ((SIZE / 10)%10)),
  ('0' +  (SIZE    % 10)),
  ']',
#ifdef KEY
  ' ','k','e','y','[', KEY, ']',
#endif
  '\0'};

#ifdef __CLASSIC_C__
int main(argc, argv) int argc; char *argv[];
#else
int main(int argc, char *argv[])
#endif
{
  int require = 0;
  require += info_size[argc];
  (void)argv;
  return require;
}


Determining size of fpos_t failed with the following output:
Change Dir: /home/voyager717/Downloads/SDK_Sourcecode/build_openwrt_new/AX3000-MT7981-Z8102AX/build_dir/target-aarch64_cortex-a53_musl/lzo-2.10/openwrt-build/CMakeFiles/CMakeTmp

Run Build Command(s):/usr/bin/gmake cmTC_126ab/fast && gmake[4]: Entering directory '/home/voyager717/Downloads/SDK_Sourcecode/build_openwrt_new/AX3000-MT7981-Z8102AX/build_dir/target-aarch64_cortex-a53_musl/lzo-2.10/openwrt-build/CMakeFiles/CMakeTmp'
/usr/bin/gmake  -f CMakeFiles/cmTC_126ab.dir/build.make CMakeFiles/cmTC_126ab.dir/build
gmake[5]: Entering directory '/home/voyager717/Downloads/SDK_Sourcecode/build_openwrt_new/AX3000-MT7981-Z8102AX/build_dir/target-aarch64_cortex-a53_musl/lzo-2.10/openwrt-build/CMakeFiles/CMakeTmp'
Building C object CMakeFiles/cmTC_126ab.dir/mfx_SIZEOF_FPOS_T.c.o
/home/voyager717/Downloads/SDK_Sourcecode/build_openwrt_new/AX3000-MT7981-Z8102AX/staging_dir/toolchain-aarch64_cortex-a53_gcc-8.4.0_musl/bin/aarch64-openwrt-linux-musl-gcc   -Os -pipe -mcpu=cortex-a53 -fno-caller-saves -fno-plt -fhonour-copts -Wno-error=unused-but-set-variable -Wno-error=unused-result -fmacro-prefix-map=/home/voyager717/Downloads/SDK_Sourcecode/build_openwrt_new/AX3000-MT7981-Z8102AX/build_dir/target-aarch64_cortex-a53_musl/lzo-2.10=lzo-2.10 -Wformat -Werror=format-security -fstack-protector -D_FORTIFY_SOURCE=1 -Wl,-z,now -Wl,-z,relro  -o CMakeFiles/cmTC_126ab.dir/mfx_SIZEOF_FPOS_T.c.o -c /home/voyager717/Downloads/SDK_Sourcecode/build_openwrt_new/AX3000-MT7981-Z8102AX/build_dir/target-aarch64_cortex-a53_musl/lzo-2.10/openwrt-build/CMakeFiles/CheckTypeSize/mfx_SIZEOF_FPOS_T.c
/home/voyager717/Downloads/SDK_Sourcecode/build_openwrt_new/AX3000-MT7981-Z8102AX/build_dir/target-aarch64_cortex-a53_musl/lzo-2.10/openwrt-build/CMakeFiles/CheckTypeSize/mfx_SIZEOF_FPOS_T.c:27:22: error: 'fpos_t' undeclared here (not in a function)
 #define SIZE (sizeof(fpos_t))
                      ^~~~~~
/home/voyager717/Downloads/SDK_Sourcecode/build_openwrt_new/AX3000-MT7981-Z8102AX/build_dir/target-aarch64_cortex-a53_musl/lzo-2.10/openwrt-build/CMakeFiles/CheckTypeSize/mfx_SIZEOF_FPOS_T.c:29:12: note: in expansion of macro 'SIZE'
   ('0' + ((SIZE / 10000)%10)),
            ^~~~
/home/voyager717/Downloads/SDK_Sourcecode/build_openwrt_new/AX3000-MT7981-Z8102AX/build_dir/target-aarch64_cortex-a53_musl/lzo-2.10/openwrt-build/CMakeFiles/CheckTypeSize/mfx_SIZEOF_FPOS_T.c:27:22: note: 'fpos_t' is defined in header '<stdio.h>'; did you forget to '#include <stdio.h>'?
/home/voyager717/Downloads/SDK_Sourcecode/build_openwrt_new/AX3000-MT7981-Z8102AX/build_dir/target-aarch64_cortex-a53_musl/lzo-2.10/openwrt-build/CMakeFiles/CheckTypeSize/mfx_SIZEOF_FPOS_T.c:4:1:
+#include <stdio.h>
 
/home/voyager717/Downloads/SDK_Sourcecode/build_openwrt_new/AX3000-MT7981-Z8102AX/build_dir/target-aarch64_cortex-a53_musl/lzo-2.10/openwrt-build/CMakeFiles/CheckTypeSize/mfx_SIZEOF_FPOS_T.c:27:22:
 #define SIZE (sizeof(fpos_t))
                      ^~~~~~
/home/voyager717/Downloads/SDK_Sourcecode/build_openwrt_new/AX3000-MT7981-Z8102AX/build_dir/target-aarch64_cortex-a53_musl/lzo-2.10/openwrt-build/CMakeFiles/CheckTypeSize/mfx_SIZEOF_FPOS_T.c:29:12: note: in expansion of macro 'SIZE'
   ('0' + ((SIZE / 10000)%10)),
            ^~~~
gmake[5]: *** [CMakeFiles/cmTC_126ab.dir/build.make:85: CMakeFiles/cmTC_126ab.dir/mfx_SIZEOF_FPOS_T.c.o] Error 1
gmake[5]: Leaving directory '/home/voyager717/Downloads/SDK_Sourcecode/build_openwrt_new/AX3000-MT7981-Z8102AX/build_dir/target-aarch64_cortex-a53_musl/lzo-2.10/openwrt-build/CMakeFiles/CMakeTmp'
gmake[4]: *** [Makefile:140: cmTC_126ab/fast] Error 2
gmake[4]: Leaving directory '/home/voyager717/Downloads/SDK_Sourcecode/build_openwrt_new/AX3000-MT7981-Z8102AX/build_dir/target-aarch64_cortex-a53_musl/lzo-2.10/openwrt-build/CMakeFiles/CMakeTmp'


/home/voyager717/Downloads/SDK_Sourcecode/build_openwrt_new/AX3000-MT7981-Z8102AX/build_dir/target-aarch64_cortex-a53_musl/lzo-2.10/openwrt-build/CMakeFiles/CheckTypeSize/mfx_SIZEOF_FPOS_T.c:
#include <sys/types.h>
#include <stdint.h>
#include <stddef.h>


#undef KEY
#if defined(__i386)
# define KEY '_','_','i','3','8','6'
#elif defined(__x86_64)
# define KEY '_','_','x','8','6','_','6','4'
#elif defined(__PPC64__)
# define KEY '_','_','P','P','C','6','4','_','_'
#elif defined(__ppc64__)
# define KEY '_','_','p','p','c','6','4','_','_'
#elif defined(__PPC__)
# define KEY '_','_','P','P','C','_','_'
#elif defined(__ppc__)
# define KEY '_','_','p','p','c','_','_'
#elif defined(__aarch64__)
# define KEY '_','_','a','a','r','c','h','6','4','_','_'
#elif defined(__ARM_ARCH_7A__)
# define KEY '_','_','A','R','M','_','A','R','C','H','_','7','A','_','_'
#elif defined(__ARM_ARCH_7S__)
# define KEY '_','_','A','R','M','_','A','R','C','H','_','7','S','_','_'
#endif

#define SIZE (sizeof(fpos_t))
static char info_size[] =  {'I', 'N', 'F', 'O', ':', 's','i','z','e','[',
  ('0' + ((SIZE / 10000)%10)),
  ('0' + ((SIZE / 1000)%10)),
  ('0' + ((SIZE / 100)%10)),
  ('0' + ((SIZE / 10)%10)),
  ('0' +  (SIZE    % 10)),
  ']',
#ifdef KEY
  ' ','k','e','y','[', KEY, ']',
#endif
  '\0'};

#ifdef __CLASSIC_C__
int main(argc, argv) int argc; char *argv[];
#else
int main(int argc, char *argv[])
#endif
{
  int require = 0;
  require += info_size[argc];
  (void)argv;
  return require;
}


Determining if the function alloca exists failed with the following output:
Change Dir: /home/voyager717/Downloads/SDK_Sourcecode/build_openwrt_new/AX3000-MT7981-Z8102AX/build_dir/target-aarch64_cortex-a53_musl/lzo-2.10/openwrt-build/CMakeFiles/CMakeTmp

Run Build Command(s):/usr/bin/gmake cmTC_e9166/fast && gmake[4]: Entering directory '/home/voyager717/Downloads/SDK_Sourcecode/build_openwrt_new/AX3000-MT7981-Z8102AX/build_dir/target-aarch64_cortex-a53_musl/lzo-2.10/openwrt-build/CMakeFiles/CMakeTmp'
/usr/bin/gmake  -f CMakeFiles/cmTC_e9166.dir/build.make CMakeFiles/cmTC_e9166.dir/build
gmake[5]: Entering directory '/home/voyager717/Downloads/SDK_Sourcecode/build_openwrt_new/AX3000-MT7981-Z8102AX/build_dir/target-aarch64_cortex-a53_musl/lzo-2.10/openwrt-build/CMakeFiles/CMakeTmp'
Building C object CMakeFiles/cmTC_e9166.dir/CheckFunctionExists.c.o
/home/voyager717/Downloads/SDK_Sourcecode/build_openwrt_new/AX3000-MT7981-Z8102AX/staging_dir/toolchain-aarch64_cortex-a53_gcc-8.4.0_musl/bin/aarch64-openwrt-linux-musl-gcc   -Os -pipe -mcpu=cortex-a53 -fno-caller-saves -fno-plt -fhonour-copts -Wno-error=unused-but-set-variable -Wno-error=unused-result -fmacro-prefix-map=/home/voyager717/Downloads/SDK_Sourcecode/build_openwrt_new/AX3000-MT7981-Z8102AX/build_dir/target-aarch64_cortex-a53_musl/lzo-2.10=lzo-2.10 -Wformat -Werror=format-security -fstack-protector -D_FORTIFY_SOURCE=1 -Wl,-z,now -Wl,-z,relro -DCHECK_FUNCTION_EXISTS=alloca -o CMakeFiles/cmTC_e9166.dir/CheckFunctionExists.c.o -c /home/voyager717/Downloads/SDK_Sourcecode/build_openwrt_new/AX3000-MT7981-Z8102AX/staging_dir/host/share/cmake-3.19/Modules/CheckFunctionExists.c
<command-line>: warning: conflicting types for built-in function 'alloca' [-Wbuiltin-declaration-mismatch]
/home/voyager717/Downloads/SDK_Sourcecode/build_openwrt_new/AX3000-MT7981-Z8102AX/staging_dir/host/share/cmake-3.19/Modules/CheckFunctionExists.c:7:3: note: in expansion of macro 'CHECK_FUNCTION_EXISTS'
   CHECK_FUNCTION_EXISTS(void);
   ^~~~~~~~~~~~~~~~~~~~~
Linking C executable cmTC_e9166
/home/voyager717/Downloads/SDK_Sourcecode/build_openwrt_new/AX3000-MT7981-Z8102AX/staging_dir/host/bin/cmake -E cmake_link_script CMakeFiles/cmTC_e9166.dir/link.txt --verbose=1
/home/voyager717/Downloads/SDK_Sourcecode/build_openwrt_new/AX3000-MT7981-Z8102AX/staging_dir/toolchain-aarch64_cortex-a53_gcc-8.4.0_musl/bin/aarch64-openwrt-linux-musl-gcc -Os -pipe -mcpu=cortex-a53 -fno-caller-saves -fno-plt -fhonour-copts -Wno-error=unused-but-set-variable -Wno-error=unused-result -fmacro-prefix-map=/home/voyager717/Downloads/SDK_Sourcecode/build_openwrt_new/AX3000-MT7981-Z8102AX/build_dir/target-aarch64_cortex-a53_musl/lzo-2.10=lzo-2.10 -Wformat -Werror=format-security -fstack-protector -D_FORTIFY_SOURCE=1 -Wl,-z,now -Wl,-z,relro -DCHECK_FUNCTION_EXISTS=alloca -L/home/voyager717/Downloads/SDK_Sourcecode/build_openwrt_new/AX3000-MT7981-Z8102AX/staging_dir/toolchain-aarch64_cortex-a53_gcc-8.4.0_musl/usr/lib -L/home/voyager717/Downloads/SDK_Sourcecode/build_openwrt_new/AX3000-MT7981-Z8102AX/staging_dir/toolchain-aarch64_cortex-a53_gcc-8.4.0_musl/lib -znow -zrelro  -rdynamic CMakeFiles/cmTC_e9166.dir/CheckFunctionExists.c.o -o cmTC_e9166 
/home/voyager717/Downloads/SDK_Sourcecode/build_openwrt_new/AX3000-MT7981-Z8102AX/staging_dir/toolchain-aarch64_cortex-a53_gcc-8.4.0_musl/lib/gcc/aarch64-openwrt-linux-musl/8.4.0/../../../../aarch64-openwrt-linux-musl/bin/ld: CMakeFiles/cmTC_e9166.dir/CheckFunctionExists.c.o: in function `main':
CheckFunctionExists.c:(.text.startup+0x2c): undefined reference to `alloca'
collect2: error: ld returned 1 exit status
gmake[5]: *** [CMakeFiles/cmTC_e9166.dir/build.make:106: cmTC_e9166] Error 1
gmake[5]: Leaving directory '/home/voyager717/Downloads/SDK_Sourcecode/build_openwrt_new/AX3000-MT7981-Z8102AX/build_dir/target-aarch64_cortex-a53_musl/lzo-2.10/openwrt-build/CMakeFiles/CMakeTmp'
gmake[4]: *** [Makefile:140: cmTC_e9166/fast] Error 2
gmake[4]: Leaving directory '/home/voyager717/Downloads/SDK_Sourcecode/build_openwrt_new/AX3000-MT7981-Z8102AX/build_dir/target-aarch64_cortex-a53_musl/lzo-2.10/openwrt-build/CMakeFiles/CMakeTmp'



Determining if the function stricmp exists failed with the following output:
Change Dir: /home/voyager717/Downloads/SDK_Sourcecode/build_openwrt_new/AX3000-MT7981-Z8102AX/build_dir/target-aarch64_cortex-a53_musl/lzo-2.10/openwrt-build/CMakeFiles/CMakeTmp

Run Build Command(s):/usr/bin/gmake cmTC_93ddd/fast && gmake[4]: Entering directory '/home/voyager717/Downloads/SDK_Sourcecode/build_openwrt_new/AX3000-MT7981-Z8102AX/build_dir/target-aarch64_cortex-a53_musl/lzo-2.10/openwrt-build/CMakeFiles/CMakeTmp'
/usr/bin/gmake  -f CMakeFiles/cmTC_93ddd.dir/build.make CMakeFiles/cmTC_93ddd.dir/build
gmake[5]: Entering directory '/home/voyager717/Downloads/SDK_Sourcecode/build_openwrt_new/AX3000-MT7981-Z8102AX/build_dir/target-aarch64_cortex-a53_musl/lzo-2.10/openwrt-build/CMakeFiles/CMakeTmp'
Building C object CMakeFiles/cmTC_93ddd.dir/CheckFunctionExists.c.o
/home/voyager717/Downloads/SDK_Sourcecode/build_openwrt_new/AX3000-MT7981-Z8102AX/staging_dir/toolchain-aarch64_cortex-a53_gcc-8.4.0_musl/bin/aarch64-openwrt-linux-musl-gcc   -Os -pipe -mcpu=cortex-a53 -fno-caller-saves -fno-plt -fhonour-copts -Wno-error=unused-but-set-variable -Wno-error=unused-result -fmacro-prefix-map=/home/voyager717/Downloads/SDK_Sourcecode/build_openwrt_new/AX3000-MT7981-Z8102AX/build_dir/target-aarch64_cortex-a53_musl/lzo-2.10=lzo-2.10 -Wformat -Werror=format-security -fstack-protector -D_FORTIFY_SOURCE=1 -Wl,-z,now -Wl,-z,relro -DCHECK_FUNCTION_EXISTS=stricmp -o CMakeFiles/cmTC_93ddd.dir/CheckFunctionExists.c.o -c /home/voyager717/Downloads/SDK_Sourcecode/build_openwrt_new/AX3000-MT7981-Z8102AX/staging_dir/host/share/cmake-3.19/Modules/CheckFunctionExists.c
Linking C executable cmTC_93ddd
/home/voyager717/Downloads/SDK_Sourcecode/build_openwrt_new/AX3000-MT7981-Z8102AX/staging_dir/host/bin/cmake -E cmake_link_script CMakeFiles/cmTC_93ddd.dir/link.txt --verbose=1
/home/voyager717/Downloads/SDK_Sourcecode/build_openwrt_new/AX3000-MT7981-Z8102AX/staging_dir/toolchain-aarch64_cortex-a53_gcc-8.4.0_musl/bin/aarch64-openwrt-linux-musl-gcc -Os -pipe -mcpu=cortex-a53 -fno-caller-saves -fno-plt -fhonour-copts -Wno-error=unused-but-set-variable -Wno-error=unused-result -fmacro-prefix-map=/home/voyager717/Downloads/SDK_Sourcecode/build_openwrt_new/AX3000-MT7981-Z8102AX/build_dir/target-aarch64_cortex-a53_musl/lzo-2.10=lzo-2.10 -Wformat -Werror=format-security -fstack-protector -D_FORTIFY_SOURCE=1 -Wl,-z,now -Wl,-z,relro -DCHECK_FUNCTION_EXISTS=stricmp -L/home/voyager717/Downloads/SDK_Sourcecode/build_openwrt_new/AX3000-MT7981-Z8102AX/staging_dir/toolchain-aarch64_cortex-a53_gcc-8.4.0_musl/usr/lib -L/home/voyager717/Downloads/SDK_Sourcecode/build_openwrt_new/AX3000-MT7981-Z8102AX/staging_dir/toolchain-aarch64_cortex-a53_gcc-8.4.0_musl/lib -znow -zrelro  -rdynamic CMakeFiles/cmTC_93ddd.dir/CheckFunctionExists.c.o -o cmTC_93ddd 
/home/voyager717/Downloads/SDK_Sourcecode/build_openwrt_new/AX3000-MT7981-Z8102AX/staging_dir/toolchain-aarch64_cortex-a53_gcc-8.4.0_musl/lib/gcc/aarch64-openwrt-linux-musl/8.4.0/../../../../aarch64-openwrt-linux-musl/bin/ld: CMakeFiles/cmTC_93ddd.dir/CheckFunctionExists.c.o: in function `main':
CheckFunctionExists.c:(.text.startup+0x14): undefined reference to `stricmp'
collect2: error: ld returned 1 exit status
gmake[5]: *** [CMakeFiles/cmTC_93ddd.dir/build.make:106: cmTC_93ddd] Error 1
gmake[5]: Leaving directory '/home/voyager717/Downloads/SDK_Sourcecode/build_openwrt_new/AX3000-MT7981-Z8102AX/build_dir/target-aarch64_cortex-a53_musl/lzo-2.10/openwrt-build/CMakeFiles/CMakeTmp'
gmake[4]: *** [Makefile:140: cmTC_93ddd/fast] Error 2
gmake[4]: Leaving directory '/home/voyager717/Downloads/SDK_Sourcecode/build_openwrt_new/AX3000-MT7981-Z8102AX/build_dir/target-aarch64_cortex-a53_musl/lzo-2.10/openwrt-build/CMakeFiles/CMakeTmp'



Determining if the function strnicmp exists failed with the following output:
Change Dir: /home/voyager717/Downloads/SDK_Sourcecode/build_openwrt_new/AX3000-MT7981-Z8102AX/build_dir/target-aarch64_cortex-a53_musl/lzo-2.10/openwrt-build/CMakeFiles/CMakeTmp

Run Build Command(s):/usr/bin/gmake cmTC_99414/fast && gmake[4]: Entering directory '/home/voyager717/Downloads/SDK_Sourcecode/build_openwrt_new/AX3000-MT7981-Z8102AX/build_dir/target-aarch64_cortex-a53_musl/lzo-2.10/openwrt-build/CMakeFiles/CMakeTmp'
/usr/bin/gmake  -f CMakeFiles/cmTC_99414.dir/build.make CMakeFiles/cmTC_99414.dir/build
gmake[5]: Entering directory '/home/voyager717/Downloads/SDK_Sourcecode/build_openwrt_new/AX3000-MT7981-Z8102AX/build_dir/target-aarch64_cortex-a53_musl/lzo-2.10/openwrt-build/CMakeFiles/CMakeTmp'
Building C object CMakeFiles/cmTC_99414.dir/CheckFunctionExists.c.o
/home/voyager717/Downloads/SDK_Sourcecode/build_openwrt_new/AX3000-MT7981-Z8102AX/staging_dir/toolchain-aarch64_cortex-a53_gcc-8.4.0_musl/bin/aarch64-openwrt-linux-musl-gcc   -Os -pipe -mcpu=cortex-a53 -fno-caller-saves -fno-plt -fhonour-copts -Wno-error=unused-but-set-variable -Wno-error=unused-result -fmacro-prefix-map=/home/voyager717/Downloads/SDK_Sourcecode/build_openwrt_new/AX3000-MT7981-Z8102AX/build_dir/target-aarch64_cortex-a53_musl/lzo-2.10=lzo-2.10 -Wformat -Werror=format-security -fstack-protector -D_FORTIFY_SOURCE=1 -Wl,-z,now -Wl,-z,relro -DCHECK_FUNCTION_EXISTS=strnicmp -o CMakeFiles/cmTC_99414.dir/CheckFunctionExists.c.o -c /home/voyager717/Downloads/SDK_Sourcecode/build_openwrt_new/AX3000-MT7981-Z8102AX/staging_dir/host/share/cmake-3.19/Modules/CheckFunctionExists.c
Linking C executable cmTC_99414
/home/voyager717/Downloads/SDK_Sourcecode/build_openwrt_new/AX3000-MT7981-Z8102AX/staging_dir/host/bin/cmake -E cmake_link_script CMakeFiles/cmTC_99414.dir/link.txt --verbose=1
/home/voyager717/Downloads/SDK_Sourcecode/build_openwrt_new/AX3000-MT7981-Z8102AX/staging_dir/toolchain-aarch64_cortex-a53_gcc-8.4.0_musl/bin/aarch64-openwrt-linux-musl-gcc -Os -pipe -mcpu=cortex-a53 -fno-caller-saves -fno-plt -fhonour-copts -Wno-error=unused-but-set-variable -Wno-error=unused-result -fmacro-prefix-map=/home/voyager717/Downloads/SDK_Sourcecode/build_openwrt_new/AX3000-MT7981-Z8102AX/build_dir/target-aarch64_cortex-a53_musl/lzo-2.10=lzo-2.10 -Wformat -Werror=format-security -fstack-protector -D_FORTIFY_SOURCE=1 -Wl,-z,now -Wl,-z,relro -DCHECK_FUNCTION_EXISTS=strnicmp -L/home/voyager717/Downloads/SDK_Sourcecode/build_openwrt_new/AX3000-MT7981-Z8102AX/staging_dir/toolchain-aarch64_cortex-a53_gcc-8.4.0_musl/usr/lib -L/home/voyager717/Downloads/SDK_Sourcecode/build_openwrt_new/AX3000-MT7981-Z8102AX/staging_dir/toolchain-aarch64_cortex-a53_gcc-8.4.0_musl/lib -znow -zrelro  -rdynamic CMakeFiles/cmTC_99414.dir/CheckFunctionExists.c.o -o cmTC_99414 
/home/voyager717/Downloads/SDK_Sourcecode/build_openwrt_new/AX3000-MT7981-Z8102AX/staging_dir/toolchain-aarch64_cortex-a53_gcc-8.4.0_musl/lib/gcc/aarch64-openwrt-linux-musl/8.4.0/../../../../aarch64-openwrt-linux-musl/bin/ld: CMakeFiles/cmTC_99414.dir/CheckFunctionExists.c.o: in function `main':
CheckFunctionExists.c:(.text.startup+0x14): undefined reference to `strnicmp'
collect2: error: ld returned 1 exit status
gmake[5]: *** [CMakeFiles/cmTC_99414.dir/build.make:106: cmTC_99414] Error 1
gmake[5]: Leaving directory '/home/voyager717/Downloads/SDK_Sourcecode/build_openwrt_new/AX3000-MT7981-Z8102AX/build_dir/target-aarch64_cortex-a53_musl/lzo-2.10/openwrt-build/CMakeFiles/CMakeTmp'
gmake[4]: *** [Makefile:140: cmTC_99414/fast] Error 2
gmake[4]: Leaving directory '/home/voyager717/Downloads/SDK_Sourcecode/build_openwrt_new/AX3000-MT7981-Z8102AX/build_dir/target-aarch64_cortex-a53_musl/lzo-2.10/openwrt-build/CMakeFiles/CMakeTmp'



