The system is: Linux - 6.8.0-54-generic - x86_64
Compiling the C compiler identification source file "CMakeCCompilerId.c" succeeded.
Compiler: /home/voyager717/Downloads/SDK_Sourcecode/build_openwrt_new/AX3000-MT7981-Z8102AX/staging_dir/host/bin/gcc 
Build flags: -O2;-I/home/voyager717/Downloads/SDK_Sourcecode/build_openwrt_new/AX3000-MT7981-Z8102AX/staging_dir/host/include;
Id flags:  

The output was:
0


Compilation of the C compiler identification source "CMakeCCompilerId.c" produced "a.out"

The C compiler identification is GNU, found in "/home/voyager717/Downloads/SDK_Sourcecode/build_openwrt_new/AX3000-MT7981-Z8102AX/build_dir/host/zstd-1.4.8/CMakeFiles/3.19.1/CompilerIdC/a.out"

Compiling the CXX compiler identification source file "CMakeCXXCompilerId.cpp" succeeded.
Compiler: /home/voyager717/Downloads/SDK_Sourcecode/build_openwrt_new/AX3000-MT7981-Z8102AX/staging_dir/host/bin/g++ 
Build flags: -O2;-I/home/voyager717/Downloads/SDK_Sourcecode/build_openwrt_new/AX3000-MT7981-Z8102AX/staging_dir/host/include;
Id flags:  

The output was:
0


Compilation of the CXX compiler identification source "CMakeCXXCompilerId.cpp" produced "a.out"

The CXX compiler identification is GNU, found in "/home/voyager717/Downloads/SDK_Sourcecode/build_openwrt_new/AX3000-MT7981-Z8102AX/build_dir/host/zstd-1.4.8/CMakeFiles/3.19.1/CompilerIdCXX/a.out"

Detecting C compiler ABI info compiled with the following output:
Change Dir: /home/voyager717/Downloads/SDK_Sourcecode/build_openwrt_new/AX3000-MT7981-Z8102AX/build_dir/host/zstd-1.4.8/CMakeFiles/CMakeTmp

Run Build Command(s):/usr/bin/gmake cmTC_41ae4/fast && gmake[4]: Entering directory '/home/voyager717/Downloads/SDK_Sourcecode/build_openwrt_new/AX3000-MT7981-Z8102AX/build_dir/host/zstd-1.4.8/CMakeFiles/CMakeTmp'
/usr/bin/gmake  -f CMakeFiles/cmTC_41ae4.dir/build.make CMakeFiles/cmTC_41ae4.dir/build
gmake[5]: Entering directory '/home/voyager717/Downloads/SDK_Sourcecode/build_openwrt_new/AX3000-MT7981-Z8102AX/build_dir/host/zstd-1.4.8/CMakeFiles/CMakeTmp'
Building C object CMakeFiles/cmTC_41ae4.dir/CMakeCCompilerABI.c.o
/home/voyager717/Downloads/SDK_Sourcecode/build_openwrt_new/AX3000-MT7981-Z8102AX/staging_dir/host/bin/gcc   -O2 -I/home/voyager717/Downloads/SDK_Sourcecode/build_openwrt_new/AX3000-MT7981-Z8102AX/staging_dir/host/include    -v -o CMakeFiles/cmTC_41ae4.dir/CMakeCCompilerABI.c.o -c /home/voyager717/Downloads/SDK_Sourcecode/build_openwrt_new/AX3000-MT7981-Z8102AX/staging_dir/host/share/cmake-3.19/Modules/CMakeCCompilerABI.c
Using built-in specs.
COLLECT_GCC=/home/voyager717/Downloads/SDK_Sourcecode/build_openwrt_new/AX3000-MT7981-Z8102AX/staging_dir/host/bin/gcc
OFFLOAD_TARGET_NAMES=nvptx-none:amdgcn-amdhsa
OFFLOAD_TARGET_DEFAULT=1
Target: x86_64-linux-gnu
Configured with: ../src/configure -v --with-pkgversion='Ubuntu 13.3.0-6ubuntu2~24.04' --with-bugurl=file:///usr/share/doc/gcc-13/README.Bugs --enable-languages=c,ada,c++,go,d,fortran,objc,obj-c++,m2 --prefix=/usr --with-gcc-major-version-only --program-suffix=-13 --program-prefix=x86_64-linux-gnu- --enable-shared --enable-linker-build-id --libexecdir=/usr/libexec --without-included-gettext --enable-threads=posix --libdir=/usr/lib --enable-nls --enable-bootstrap --enable-clocale=gnu --enable-libstdcxx-debug --enable-libstdcxx-time=yes --with-default-libstdcxx-abi=new --enable-libstdcxx-backtrace --enable-gnu-unique-object --disable-vtable-verify --enable-plugin --enable-default-pie --with-system-zlib --enable-libphobos-checking=release --with-target-system-zlib=auto --enable-objc-gc=auto --enable-multiarch --disable-werror --enable-cet --with-arch-32=i686 --with-abi=m64 --with-multilib-list=m32,m64,mx32 --enable-multilib --with-tune=generic --enable-offload-targets=nvptx-none=/build/gcc-13-fG75Ri/gcc-13-13.3.0/debian/tmp-nvptx/usr,amdgcn-amdhsa=/build/gcc-13-fG75Ri/gcc-13-13.3.0/debian/tmp-gcn/usr --enable-offload-defaulted --without-cuda-driver --enable-checking=release --build=x86_64-linux-gnu --host=x86_64-linux-gnu --target=x86_64-linux-gnu --with-build-config=bootstrap-lto-lean --enable-link-serialization=2
Thread model: posix
Supported LTO compression algorithms: zlib zstd
gcc version 13.3.0 (Ubuntu 13.3.0-6ubuntu2~24.04) 
COLLECT_GCC_OPTIONS='-O2' '-I' '/home/voyager717/Downloads/SDK_Sourcecode/build_openwrt_new/AX3000-MT7981-Z8102AX/staging_dir/host/include' '-v' '-o' 'CMakeFiles/cmTC_41ae4.dir/CMakeCCompilerABI.c.o' '-c' '-mtune=generic' '-march=x86-64' '-dumpdir' 'CMakeFiles/cmTC_41ae4.dir/'
 /usr/libexec/gcc/x86_64-linux-gnu/13/cc1 -quiet -v -I /home/voyager717/Downloads/SDK_Sourcecode/build_openwrt_new/AX3000-MT7981-Z8102AX/staging_dir/host/include -imultiarch x86_64-linux-gnu /home/voyager717/Downloads/SDK_Sourcecode/build_openwrt_new/AX3000-MT7981-Z8102AX/staging_dir/host/share/cmake-3.19/Modules/CMakeCCompilerABI.c -D_FORTIFY_SOURCE=3 -quiet -dumpdir CMakeFiles/cmTC_41ae4.dir/ -dumpbase CMakeCCompilerABI.c.c -dumpbase-ext .c -mtune=generic -march=x86-64 -O2 -version -fasynchronous-unwind-tables -fstack-protector-strong -Wformat -Wformat-security -fstack-clash-protection -fcf-protection -o /home/voyager717/Downloads/SDK_Sourcecode/build_openwrt_new/AX3000-MT7981-Z8102AX/tmp/ccDzBMn4.s
GNU C17 (Ubuntu 13.3.0-6ubuntu2~24.04) version 13.3.0 (x86_64-linux-gnu)
	compiled by GNU C version 13.3.0, GMP version 6.3.0, MPFR version 4.2.1, MPC version 1.3.1, isl version isl-0.26-GMP

GGC heuristics: --param ggc-min-expand=100 --param ggc-min-heapsize=131072
ignoring nonexistent directory "/usr/local/include/x86_64-linux-gnu"
ignoring nonexistent directory "/usr/lib/gcc/x86_64-linux-gnu/13/include-fixed/x86_64-linux-gnu"
ignoring nonexistent directory "/usr/lib/gcc/x86_64-linux-gnu/13/include-fixed"
ignoring nonexistent directory "/usr/lib/gcc/x86_64-linux-gnu/13/../../../../x86_64-linux-gnu/include"
#include "..." search starts here:
#include <...> search starts here:
 /home/voyager717/Downloads/SDK_Sourcecode/build_openwrt_new/AX3000-MT7981-Z8102AX/staging_dir/host/include
 /usr/lib/gcc/x86_64-linux-gnu/13/include
 /usr/local/include
 /usr/include/x86_64-linux-gnu
 /usr/include
End of search list.
Compiler executable checksum: 38987c28e967c64056a6454abdef726e
COLLECT_GCC_OPTIONS='-O2' '-I' '/home/voyager717/Downloads/SDK_Sourcecode/build_openwrt_new/AX3000-MT7981-Z8102AX/staging_dir/host/include' '-v' '-o' 'CMakeFiles/cmTC_41ae4.dir/CMakeCCompilerABI.c.o' '-c' '-mtune=generic' '-march=x86-64' '-dumpdir' 'CMakeFiles/cmTC_41ae4.dir/'
 as -v -I /home/voyager717/Downloads/SDK_Sourcecode/build_openwrt_new/AX3000-MT7981-Z8102AX/staging_dir/host/include --64 -o CMakeFiles/cmTC_41ae4.dir/CMakeCCompilerABI.c.o /home/voyager717/Downloads/SDK_Sourcecode/build_openwrt_new/AX3000-MT7981-Z8102AX/tmp/ccDzBMn4.s
GNU assembler version 2.42 (x86_64-linux-gnu) using BFD version (GNU Binutils for Ubuntu) 2.42
COMPILER_PATH=/usr/libexec/gcc/x86_64-linux-gnu/13/:/usr/libexec/gcc/x86_64-linux-gnu/13/:/usr/libexec/gcc/x86_64-linux-gnu/:/usr/lib/gcc/x86_64-linux-gnu/13/:/usr/lib/gcc/x86_64-linux-gnu/
LIBRARY_PATH=/usr/lib/gcc/x86_64-linux-gnu/13/:/usr/lib/gcc/x86_64-linux-gnu/13/../../../x86_64-linux-gnu/:/usr/lib/gcc/x86_64-linux-gnu/13/../../../../lib/:/lib/x86_64-linux-gnu/:/lib/../lib/:/usr/lib/x86_64-linux-gnu/:/usr/lib/../lib/:/usr/lib/gcc/x86_64-linux-gnu/13/../../../:/lib/:/usr/lib/
COLLECT_GCC_OPTIONS='-O2' '-I' '/home/voyager717/Downloads/SDK_Sourcecode/build_openwrt_new/AX3000-MT7981-Z8102AX/staging_dir/host/include' '-v' '-o' 'CMakeFiles/cmTC_41ae4.dir/CMakeCCompilerABI.c.o' '-c' '-mtune=generic' '-march=x86-64' '-dumpdir' 'CMakeFiles/cmTC_41ae4.dir/CMakeCCompilerABI.c.'
Linking C executable cmTC_41ae4
/home/voyager717/Downloads/SDK_Sourcecode/build_openwrt_new/AX3000-MT7981-Z8102AX/staging_dir/host/bin/cmake -E cmake_link_script CMakeFiles/cmTC_41ae4.dir/link.txt --verbose=1
/home/voyager717/Downloads/SDK_Sourcecode/build_openwrt_new/AX3000-MT7981-Z8102AX/staging_dir/host/bin/gcc -O2 -I/home/voyager717/Downloads/SDK_Sourcecode/build_openwrt_new/AX3000-MT7981-Z8102AX/staging_dir/host/include  -L/home/voyager717/Downloads/SDK_Sourcecode/build_openwrt_new/AX3000-MT7981-Z8102AX/staging_dir/host/lib -v CMakeFiles/cmTC_41ae4.dir/CMakeCCompilerABI.c.o -o cmTC_41ae4 
Using built-in specs.
COLLECT_GCC=/home/voyager717/Downloads/SDK_Sourcecode/build_openwrt_new/AX3000-MT7981-Z8102AX/staging_dir/host/bin/gcc
COLLECT_LTO_WRAPPER=/usr/libexec/gcc/x86_64-linux-gnu/13/lto-wrapper
OFFLOAD_TARGET_NAMES=nvptx-none:amdgcn-amdhsa
OFFLOAD_TARGET_DEFAULT=1
Target: x86_64-linux-gnu
Configured with: ../src/configure -v --with-pkgversion='Ubuntu 13.3.0-6ubuntu2~24.04' --with-bugurl=file:///usr/share/doc/gcc-13/README.Bugs --enable-languages=c,ada,c++,go,d,fortran,objc,obj-c++,m2 --prefix=/usr --with-gcc-major-version-only --program-suffix=-13 --program-prefix=x86_64-linux-gnu- --enable-shared --enable-linker-build-id --libexecdir=/usr/libexec --without-included-gettext --enable-threads=posix --libdir=/usr/lib --enable-nls --enable-bootstrap --enable-clocale=gnu --enable-libstdcxx-debug --enable-libstdcxx-time=yes --with-default-libstdcxx-abi=new --enable-libstdcxx-backtrace --enable-gnu-unique-object --disable-vtable-verify --enable-plugin --enable-default-pie --with-system-zlib --enable-libphobos-checking=release --with-target-system-zlib=auto --enable-objc-gc=auto --enable-multiarch --disable-werror --enable-cet --with-arch-32=i686 --with-abi=m64 --with-multilib-list=m32,m64,mx32 --enable-multilib --with-tune=generic --enable-offload-targets=nvptx-none=/build/gcc-13-fG75Ri/gcc-13-13.3.0/debian/tmp-nvptx/usr,amdgcn-amdhsa=/build/gcc-13-fG75Ri/gcc-13-13.3.0/debian/tmp-gcn/usr --enable-offload-defaulted --without-cuda-driver --enable-checking=release --build=x86_64-linux-gnu --host=x86_64-linux-gnu --target=x86_64-linux-gnu --with-build-config=bootstrap-lto-lean --enable-link-serialization=2
Thread model: posix
Supported LTO compression algorithms: zlib zstd
gcc version 13.3.0 (Ubuntu 13.3.0-6ubuntu2~24.04) 
COMPILER_PATH=/usr/libexec/gcc/x86_64-linux-gnu/13/:/usr/libexec/gcc/x86_64-linux-gnu/13/:/usr/libexec/gcc/x86_64-linux-gnu/:/usr/lib/gcc/x86_64-linux-gnu/13/:/usr/lib/gcc/x86_64-linux-gnu/
LIBRARY_PATH=/usr/lib/gcc/x86_64-linux-gnu/13/:/usr/lib/gcc/x86_64-linux-gnu/13/../../../x86_64-linux-gnu/:/usr/lib/gcc/x86_64-linux-gnu/13/../../../../lib/:/lib/x86_64-linux-gnu/:/lib/../lib/:/usr/lib/x86_64-linux-gnu/:/usr/lib/../lib/:/usr/lib/gcc/x86_64-linux-gnu/13/../../../:/lib/:/usr/lib/
COLLECT_GCC_OPTIONS='-O2' '-I' '/home/voyager717/Downloads/SDK_Sourcecode/build_openwrt_new/AX3000-MT7981-Z8102AX/staging_dir/host/include' '-L/home/voyager717/Downloads/SDK_Sourcecode/build_openwrt_new/AX3000-MT7981-Z8102AX/staging_dir/host/lib' '-v' '-o' 'cmTC_41ae4' '-mtune=generic' '-march=x86-64' '-dumpdir' 'cmTC_41ae4.'
 /usr/libexec/gcc/x86_64-linux-gnu/13/collect2 -plugin /usr/libexec/gcc/x86_64-linux-gnu/13/liblto_plugin.so -plugin-opt=/usr/libexec/gcc/x86_64-linux-gnu/13/lto-wrapper -plugin-opt=-fresolution=/home/voyager717/Downloads/SDK_Sourcecode/build_openwrt_new/AX3000-MT7981-Z8102AX/tmp/cc5MFrxn.res -plugin-opt=-pass-through=-lgcc -plugin-opt=-pass-through=-lgcc_s -plugin-opt=-pass-through=-lc -plugin-opt=-pass-through=-lgcc -plugin-opt=-pass-through=-lgcc_s --build-id --eh-frame-hdr -m elf_x86_64 --hash-style=gnu --as-needed -dynamic-linker /lib64/ld-linux-x86-64.so.2 -pie -z now -z relro -o cmTC_41ae4 /usr/lib/gcc/x86_64-linux-gnu/13/../../../x86_64-linux-gnu/Scrt1.o /usr/lib/gcc/x86_64-linux-gnu/13/../../../x86_64-linux-gnu/crti.o /usr/lib/gcc/x86_64-linux-gnu/13/crtbeginS.o -L/home/voyager717/Downloads/SDK_Sourcecode/build_openwrt_new/AX3000-MT7981-Z8102AX/staging_dir/host/lib -L/usr/lib/gcc/x86_64-linux-gnu/13 -L/usr/lib/gcc/x86_64-linux-gnu/13/../../../x86_64-linux-gnu -L/usr/lib/gcc/x86_64-linux-gnu/13/../../../../lib -L/lib/x86_64-linux-gnu -L/lib/../lib -L/usr/lib/x86_64-linux-gnu -L/usr/lib/../lib -L/usr/lib/gcc/x86_64-linux-gnu/13/../../.. CMakeFiles/cmTC_41ae4.dir/CMakeCCompilerABI.c.o -lgcc --push-state --as-needed -lgcc_s --pop-state -lc -lgcc --push-state --as-needed -lgcc_s --pop-state /usr/lib/gcc/x86_64-linux-gnu/13/crtendS.o /usr/lib/gcc/x86_64-linux-gnu/13/../../../x86_64-linux-gnu/crtn.o
COLLECT_GCC_OPTIONS='-O2' '-I' '/home/voyager717/Downloads/SDK_Sourcecode/build_openwrt_new/AX3000-MT7981-Z8102AX/staging_dir/host/include' '-L/home/voyager717/Downloads/SDK_Sourcecode/build_openwrt_new/AX3000-MT7981-Z8102AX/staging_dir/host/lib' '-v' '-o' 'cmTC_41ae4' '-mtune=generic' '-march=x86-64' '-dumpdir' 'cmTC_41ae4.'
gmake[5]: Leaving directory '/home/voyager717/Downloads/SDK_Sourcecode/build_openwrt_new/AX3000-MT7981-Z8102AX/build_dir/host/zstd-1.4.8/CMakeFiles/CMakeTmp'
gmake[4]: Leaving directory '/home/voyager717/Downloads/SDK_Sourcecode/build_openwrt_new/AX3000-MT7981-Z8102AX/build_dir/host/zstd-1.4.8/CMakeFiles/CMakeTmp'



Parsed C implicit include dir info from above output: rv=done
  found start of include info
  found start of implicit include info
    add: [/home/voyager717/Downloads/SDK_Sourcecode/build_openwrt_new/AX3000-MT7981-Z8102AX/staging_dir/host/include]
    add: [/usr/lib/gcc/x86_64-linux-gnu/13/include]
    add: [/usr/local/include]
    add: [/usr/include/x86_64-linux-gnu]
    add: [/usr/include]
  end of search list found
  collapse include dir [/home/voyager717/Downloads/SDK_Sourcecode/build_openwrt_new/AX3000-MT7981-Z8102AX/staging_dir/host/include] ==> [/home/voyager717/Downloads/SDK_Sourcecode/build_openwrt_new/AX3000-MT7981-Z8102AX/staging_dir/host/include]
  collapse include dir [/usr/lib/gcc/x86_64-linux-gnu/13/include] ==> [/usr/lib/gcc/x86_64-linux-gnu/13/include]
  collapse include dir [/usr/local/include] ==> [/usr/local/include]
  collapse include dir [/usr/include/x86_64-linux-gnu] ==> [/usr/include/x86_64-linux-gnu]
  collapse include dir [/usr/include] ==> [/usr/include]
  implicit include dirs: [/home/voyager717/Downloads/SDK_Sourcecode/build_openwrt_new/AX3000-MT7981-Z8102AX/staging_dir/host/include;/usr/lib/gcc/x86_64-linux-gnu/13/include;/usr/local/include;/usr/include/x86_64-linux-gnu;/usr/include]


Parsed C implicit link information from above output:
  link line regex: [^( *|.*[/\])(ld|CMAKE_LINK_STARTFILE-NOTFOUND|([^/\]+-)?ld|collect2)[^/\]*( |$)]
  ignore line: [Change Dir: /home/voyager717/Downloads/SDK_Sourcecode/build_openwrt_new/AX3000-MT7981-Z8102AX/build_dir/host/zstd-1.4.8/CMakeFiles/CMakeTmp]
  ignore line: []
  ignore line: [Run Build Command(s):/usr/bin/gmake cmTC_41ae4/fast && gmake[4]: Entering directory '/home/voyager717/Downloads/SDK_Sourcecode/build_openwrt_new/AX3000-MT7981-Z8102AX/build_dir/host/zstd-1.4.8/CMakeFiles/CMakeTmp']
  ignore line: [/usr/bin/gmake  -f CMakeFiles/cmTC_41ae4.dir/build.make CMakeFiles/cmTC_41ae4.dir/build]
  ignore line: [gmake[5]: Entering directory '/home/voyager717/Downloads/SDK_Sourcecode/build_openwrt_new/AX3000-MT7981-Z8102AX/build_dir/host/zstd-1.4.8/CMakeFiles/CMakeTmp']
  ignore line: [Building C object CMakeFiles/cmTC_41ae4.dir/CMakeCCompilerABI.c.o]
  ignore line: [/home/voyager717/Downloads/SDK_Sourcecode/build_openwrt_new/AX3000-MT7981-Z8102AX/staging_dir/host/bin/gcc   -O2 -I/home/voyager717/Downloads/SDK_Sourcecode/build_openwrt_new/AX3000-MT7981-Z8102AX/staging_dir/host/include    -v -o CMakeFiles/cmTC_41ae4.dir/CMakeCCompilerABI.c.o -c /home/voyager717/Downloads/SDK_Sourcecode/build_openwrt_new/AX3000-MT7981-Z8102AX/staging_dir/host/share/cmake-3.19/Modules/CMakeCCompilerABI.c]
  ignore line: [Using built-in specs.]
  ignore line: [COLLECT_GCC=/home/voyager717/Downloads/SDK_Sourcecode/build_openwrt_new/AX3000-MT7981-Z8102AX/staging_dir/host/bin/gcc]
  ignore line: [OFFLOAD_TARGET_NAMES=nvptx-none:amdgcn-amdhsa]
  ignore line: [OFFLOAD_TARGET_DEFAULT=1]
  ignore line: [Target: x86_64-linux-gnu]
  ignore line: [Configured with: ../src/configure -v --with-pkgversion='Ubuntu 13.3.0-6ubuntu2~24.04' --with-bugurl=file:///usr/share/doc/gcc-13/README.Bugs --enable-languages=c ada c++ go d fortran objc obj-c++ m2 --prefix=/usr --with-gcc-major-version-only --program-suffix=-13 --program-prefix=x86_64-linux-gnu- --enable-shared --enable-linker-build-id --libexecdir=/usr/libexec --without-included-gettext --enable-threads=posix --libdir=/usr/lib --enable-nls --enable-bootstrap --enable-clocale=gnu --enable-libstdcxx-debug --enable-libstdcxx-time=yes --with-default-libstdcxx-abi=new --enable-libstdcxx-backtrace --enable-gnu-unique-object --disable-vtable-verify --enable-plugin --enable-default-pie --with-system-zlib --enable-libphobos-checking=release --with-target-system-zlib=auto --enable-objc-gc=auto --enable-multiarch --disable-werror --enable-cet --with-arch-32=i686 --with-abi=m64 --with-multilib-list=m32 m64 mx32 --enable-multilib --with-tune=generic --enable-offload-targets=nvptx-none=/build/gcc-13-fG75Ri/gcc-13-13.3.0/debian/tmp-nvptx/usr amdgcn-amdhsa=/build/gcc-13-fG75Ri/gcc-13-13.3.0/debian/tmp-gcn/usr --enable-offload-defaulted --without-cuda-driver --enable-checking=release --build=x86_64-linux-gnu --host=x86_64-linux-gnu --target=x86_64-linux-gnu --with-build-config=bootstrap-lto-lean --enable-link-serialization=2]
  ignore line: [Thread model: posix]
  ignore line: [Supported LTO compression algorithms: zlib zstd]
  ignore line: [gcc version 13.3.0 (Ubuntu 13.3.0-6ubuntu2~24.04) ]
  ignore line: [COLLECT_GCC_OPTIONS='-O2' '-I' '/home/voyager717/Downloads/SDK_Sourcecode/build_openwrt_new/AX3000-MT7981-Z8102AX/staging_dir/host/include' '-v' '-o' 'CMakeFiles/cmTC_41ae4.dir/CMakeCCompilerABI.c.o' '-c' '-mtune=generic' '-march=x86-64' '-dumpdir' 'CMakeFiles/cmTC_41ae4.dir/']
  ignore line: [ /usr/libexec/gcc/x86_64-linux-gnu/13/cc1 -quiet -v -I /home/voyager717/Downloads/SDK_Sourcecode/build_openwrt_new/AX3000-MT7981-Z8102AX/staging_dir/host/include -imultiarch x86_64-linux-gnu /home/voyager717/Downloads/SDK_Sourcecode/build_openwrt_new/AX3000-MT7981-Z8102AX/staging_dir/host/share/cmake-3.19/Modules/CMakeCCompilerABI.c -D_FORTIFY_SOURCE=3 -quiet -dumpdir CMakeFiles/cmTC_41ae4.dir/ -dumpbase CMakeCCompilerABI.c.c -dumpbase-ext .c -mtune=generic -march=x86-64 -O2 -version -fasynchronous-unwind-tables -fstack-protector-strong -Wformat -Wformat-security -fstack-clash-protection -fcf-protection -o /home/voyager717/Downloads/SDK_Sourcecode/build_openwrt_new/AX3000-MT7981-Z8102AX/tmp/ccDzBMn4.s]
  ignore line: [GNU C17 (Ubuntu 13.3.0-6ubuntu2~24.04) version 13.3.0 (x86_64-linux-gnu)]
  ignore line: [	compiled by GNU C version 13.3.0  GMP version 6.3.0  MPFR version 4.2.1  MPC version 1.3.1  isl version isl-0.26-GMP]
  ignore line: []
  ignore line: [GGC heuristics: --param ggc-min-expand=100 --param ggc-min-heapsize=131072]
  ignore line: [ignoring nonexistent directory "/usr/local/include/x86_64-linux-gnu"]
  ignore line: [ignoring nonexistent directory "/usr/lib/gcc/x86_64-linux-gnu/13/include-fixed/x86_64-linux-gnu"]
  ignore line: [ignoring nonexistent directory "/usr/lib/gcc/x86_64-linux-gnu/13/include-fixed"]
  ignore line: [ignoring nonexistent directory "/usr/lib/gcc/x86_64-linux-gnu/13/../../../../x86_64-linux-gnu/include"]
  ignore line: [#include "..." search starts here:]
  ignore line: [#include <...> search starts here:]
  ignore line: [ /home/voyager717/Downloads/SDK_Sourcecode/build_openwrt_new/AX3000-MT7981-Z8102AX/staging_dir/host/include]
  ignore line: [ /usr/lib/gcc/x86_64-linux-gnu/13/include]
  ignore line: [ /usr/local/include]
  ignore line: [ /usr/include/x86_64-linux-gnu]
  ignore line: [ /usr/include]
  ignore line: [End of search list.]
  ignore line: [Compiler executable checksum: 38987c28e967c64056a6454abdef726e]
  ignore line: [COLLECT_GCC_OPTIONS='-O2' '-I' '/home/voyager717/Downloads/SDK_Sourcecode/build_openwrt_new/AX3000-MT7981-Z8102AX/staging_dir/host/include' '-v' '-o' 'CMakeFiles/cmTC_41ae4.dir/CMakeCCompilerABI.c.o' '-c' '-mtune=generic' '-march=x86-64' '-dumpdir' 'CMakeFiles/cmTC_41ae4.dir/']
  ignore line: [ as -v -I /home/voyager717/Downloads/SDK_Sourcecode/build_openwrt_new/AX3000-MT7981-Z8102AX/staging_dir/host/include --64 -o CMakeFiles/cmTC_41ae4.dir/CMakeCCompilerABI.c.o /home/voyager717/Downloads/SDK_Sourcecode/build_openwrt_new/AX3000-MT7981-Z8102AX/tmp/ccDzBMn4.s]
  ignore line: [GNU assembler version 2.42 (x86_64-linux-gnu) using BFD version (GNU Binutils for Ubuntu) 2.42]
  ignore line: [COMPILER_PATH=/usr/libexec/gcc/x86_64-linux-gnu/13/:/usr/libexec/gcc/x86_64-linux-gnu/13/:/usr/libexec/gcc/x86_64-linux-gnu/:/usr/lib/gcc/x86_64-linux-gnu/13/:/usr/lib/gcc/x86_64-linux-gnu/]
  ignore line: [LIBRARY_PATH=/usr/lib/gcc/x86_64-linux-gnu/13/:/usr/lib/gcc/x86_64-linux-gnu/13/../../../x86_64-linux-gnu/:/usr/lib/gcc/x86_64-linux-gnu/13/../../../../lib/:/lib/x86_64-linux-gnu/:/lib/../lib/:/usr/lib/x86_64-linux-gnu/:/usr/lib/../lib/:/usr/lib/gcc/x86_64-linux-gnu/13/../../../:/lib/:/usr/lib/]
  ignore line: [COLLECT_GCC_OPTIONS='-O2' '-I' '/home/voyager717/Downloads/SDK_Sourcecode/build_openwrt_new/AX3000-MT7981-Z8102AX/staging_dir/host/include' '-v' '-o' 'CMakeFiles/cmTC_41ae4.dir/CMakeCCompilerABI.c.o' '-c' '-mtune=generic' '-march=x86-64' '-dumpdir' 'CMakeFiles/cmTC_41ae4.dir/CMakeCCompilerABI.c.']
  ignore line: [Linking C executable cmTC_41ae4]
  ignore line: [/home/voyager717/Downloads/SDK_Sourcecode/build_openwrt_new/AX3000-MT7981-Z8102AX/staging_dir/host/bin/cmake -E cmake_link_script CMakeFiles/cmTC_41ae4.dir/link.txt --verbose=1]
  ignore line: [/home/voyager717/Downloads/SDK_Sourcecode/build_openwrt_new/AX3000-MT7981-Z8102AX/staging_dir/host/bin/gcc -O2 -I/home/voyager717/Downloads/SDK_Sourcecode/build_openwrt_new/AX3000-MT7981-Z8102AX/staging_dir/host/include  -L/home/voyager717/Downloads/SDK_Sourcecode/build_openwrt_new/AX3000-MT7981-Z8102AX/staging_dir/host/lib -v CMakeFiles/cmTC_41ae4.dir/CMakeCCompilerABI.c.o -o cmTC_41ae4 ]
  ignore line: [Using built-in specs.]
  ignore line: [COLLECT_GCC=/home/voyager717/Downloads/SDK_Sourcecode/build_openwrt_new/AX3000-MT7981-Z8102AX/staging_dir/host/bin/gcc]
  ignore line: [COLLECT_LTO_WRAPPER=/usr/libexec/gcc/x86_64-linux-gnu/13/lto-wrapper]
  ignore line: [OFFLOAD_TARGET_NAMES=nvptx-none:amdgcn-amdhsa]
  ignore line: [OFFLOAD_TARGET_DEFAULT=1]
  ignore line: [Target: x86_64-linux-gnu]
  ignore line: [Configured with: ../src/configure -v --with-pkgversion='Ubuntu 13.3.0-6ubuntu2~24.04' --with-bugurl=file:///usr/share/doc/gcc-13/README.Bugs --enable-languages=c ada c++ go d fortran objc obj-c++ m2 --prefix=/usr --with-gcc-major-version-only --program-suffix=-13 --program-prefix=x86_64-linux-gnu- --enable-shared --enable-linker-build-id --libexecdir=/usr/libexec --without-included-gettext --enable-threads=posix --libdir=/usr/lib --enable-nls --enable-bootstrap --enable-clocale=gnu --enable-libstdcxx-debug --enable-libstdcxx-time=yes --with-default-libstdcxx-abi=new --enable-libstdcxx-backtrace --enable-gnu-unique-object --disable-vtable-verify --enable-plugin --enable-default-pie --with-system-zlib --enable-libphobos-checking=release --with-target-system-zlib=auto --enable-objc-gc=auto --enable-multiarch --disable-werror --enable-cet --with-arch-32=i686 --with-abi=m64 --with-multilib-list=m32 m64 mx32 --enable-multilib --with-tune=generic --enable-offload-targets=nvptx-none=/build/gcc-13-fG75Ri/gcc-13-13.3.0/debian/tmp-nvptx/usr amdgcn-amdhsa=/build/gcc-13-fG75Ri/gcc-13-13.3.0/debian/tmp-gcn/usr --enable-offload-defaulted --without-cuda-driver --enable-checking=release --build=x86_64-linux-gnu --host=x86_64-linux-gnu --target=x86_64-linux-gnu --with-build-config=bootstrap-lto-lean --enable-link-serialization=2]
  ignore line: [Thread model: posix]
  ignore line: [Supported LTO compression algorithms: zlib zstd]
  ignore line: [gcc version 13.3.0 (Ubuntu 13.3.0-6ubuntu2~24.04) ]
  ignore line: [COMPILER_PATH=/usr/libexec/gcc/x86_64-linux-gnu/13/:/usr/libexec/gcc/x86_64-linux-gnu/13/:/usr/libexec/gcc/x86_64-linux-gnu/:/usr/lib/gcc/x86_64-linux-gnu/13/:/usr/lib/gcc/x86_64-linux-gnu/]
  ignore line: [LIBRARY_PATH=/usr/lib/gcc/x86_64-linux-gnu/13/:/usr/lib/gcc/x86_64-linux-gnu/13/../../../x86_64-linux-gnu/:/usr/lib/gcc/x86_64-linux-gnu/13/../../../../lib/:/lib/x86_64-linux-gnu/:/lib/../lib/:/usr/lib/x86_64-linux-gnu/:/usr/lib/../lib/:/usr/lib/gcc/x86_64-linux-gnu/13/../../../:/lib/:/usr/lib/]
  ignore line: [COLLECT_GCC_OPTIONS='-O2' '-I' '/home/voyager717/Downloads/SDK_Sourcecode/build_openwrt_new/AX3000-MT7981-Z8102AX/staging_dir/host/include' '-L/home/voyager717/Downloads/SDK_Sourcecode/build_openwrt_new/AX3000-MT7981-Z8102AX/staging_dir/host/lib' '-v' '-o' 'cmTC_41ae4' '-mtune=generic' '-march=x86-64' '-dumpdir' 'cmTC_41ae4.']
  link line: [ /usr/libexec/gcc/x86_64-linux-gnu/13/collect2 -plugin /usr/libexec/gcc/x86_64-linux-gnu/13/liblto_plugin.so -plugin-opt=/usr/libexec/gcc/x86_64-linux-gnu/13/lto-wrapper -plugin-opt=-fresolution=/home/voyager717/Downloads/SDK_Sourcecode/build_openwrt_new/AX3000-MT7981-Z8102AX/tmp/cc5MFrxn.res -plugin-opt=-pass-through=-lgcc -plugin-opt=-pass-through=-lgcc_s -plugin-opt=-pass-through=-lc -plugin-opt=-pass-through=-lgcc -plugin-opt=-pass-through=-lgcc_s --build-id --eh-frame-hdr -m elf_x86_64 --hash-style=gnu --as-needed -dynamic-linker /lib64/ld-linux-x86-64.so.2 -pie -z now -z relro -o cmTC_41ae4 /usr/lib/gcc/x86_64-linux-gnu/13/../../../x86_64-linux-gnu/Scrt1.o /usr/lib/gcc/x86_64-linux-gnu/13/../../../x86_64-linux-gnu/crti.o /usr/lib/gcc/x86_64-linux-gnu/13/crtbeginS.o -L/home/voyager717/Downloads/SDK_Sourcecode/build_openwrt_new/AX3000-MT7981-Z8102AX/staging_dir/host/lib -L/usr/lib/gcc/x86_64-linux-gnu/13 -L/usr/lib/gcc/x86_64-linux-gnu/13/../../../x86_64-linux-gnu -L/usr/lib/gcc/x86_64-linux-gnu/13/../../../../lib -L/lib/x86_64-linux-gnu -L/lib/../lib -L/usr/lib/x86_64-linux-gnu -L/usr/lib/../lib -L/usr/lib/gcc/x86_64-linux-gnu/13/../../.. CMakeFiles/cmTC_41ae4.dir/CMakeCCompilerABI.c.o -lgcc --push-state --as-needed -lgcc_s --pop-state -lc -lgcc --push-state --as-needed -lgcc_s --pop-state /usr/lib/gcc/x86_64-linux-gnu/13/crtendS.o /usr/lib/gcc/x86_64-linux-gnu/13/../../../x86_64-linux-gnu/crtn.o]
    arg [/usr/libexec/gcc/x86_64-linux-gnu/13/collect2] ==> ignore
    arg [-plugin] ==> ignore
    arg [/usr/libexec/gcc/x86_64-linux-gnu/13/liblto_plugin.so] ==> ignore
    arg [-plugin-opt=/usr/libexec/gcc/x86_64-linux-gnu/13/lto-wrapper] ==> ignore
    arg [-plugin-opt=-fresolution=/home/voyager717/Downloads/SDK_Sourcecode/build_openwrt_new/AX3000-MT7981-Z8102AX/tmp/cc5MFrxn.res] ==> ignore
    arg [-plugin-opt=-pass-through=-lgcc] ==> ignore
    arg [-plugin-opt=-pass-through=-lgcc_s] ==> ignore
    arg [-plugin-opt=-pass-through=-lc] ==> ignore
    arg [-plugin-opt=-pass-through=-lgcc] ==> ignore
    arg [-plugin-opt=-pass-through=-lgcc_s] ==> ignore
    arg [--build-id] ==> ignore
    arg [--eh-frame-hdr] ==> ignore
    arg [-m] ==> ignore
    arg [elf_x86_64] ==> ignore
    arg [--hash-style=gnu] ==> ignore
    arg [--as-needed] ==> ignore
    arg [-dynamic-linker] ==> ignore
    arg [/lib64/ld-linux-x86-64.so.2] ==> ignore
    arg [-pie] ==> ignore
    arg [-znow] ==> ignore
    arg [-zrelro] ==> ignore
    arg [-o] ==> ignore
    arg [cmTC_41ae4] ==> ignore
    arg [/usr/lib/gcc/x86_64-linux-gnu/13/../../../x86_64-linux-gnu/Scrt1.o] ==> ignore
    arg [/usr/lib/gcc/x86_64-linux-gnu/13/../../../x86_64-linux-gnu/crti.o] ==> ignore
    arg [/usr/lib/gcc/x86_64-linux-gnu/13/crtbeginS.o] ==> ignore
    arg [-L/home/voyager717/Downloads/SDK_Sourcecode/build_openwrt_new/AX3000-MT7981-Z8102AX/staging_dir/host/lib] ==> dir [/home/voyager717/Downloads/SDK_Sourcecode/build_openwrt_new/AX3000-MT7981-Z8102AX/staging_dir/host/lib]
    arg [-L/usr/lib/gcc/x86_64-linux-gnu/13] ==> dir [/usr/lib/gcc/x86_64-linux-gnu/13]
    arg [-L/usr/lib/gcc/x86_64-linux-gnu/13/../../../x86_64-linux-gnu] ==> dir [/usr/lib/gcc/x86_64-linux-gnu/13/../../../x86_64-linux-gnu]
    arg [-L/usr/lib/gcc/x86_64-linux-gnu/13/../../../../lib] ==> dir [/usr/lib/gcc/x86_64-linux-gnu/13/../../../../lib]
    arg [-L/lib/x86_64-linux-gnu] ==> dir [/lib/x86_64-linux-gnu]
    arg [-L/lib/../lib] ==> dir [/lib/../lib]
    arg [-L/usr/lib/x86_64-linux-gnu] ==> dir [/usr/lib/x86_64-linux-gnu]
    arg [-L/usr/lib/../lib] ==> dir [/usr/lib/../lib]
    arg [-L/usr/lib/gcc/x86_64-linux-gnu/13/../../..] ==> dir [/usr/lib/gcc/x86_64-linux-gnu/13/../../..]
    arg [CMakeFiles/cmTC_41ae4.dir/CMakeCCompilerABI.c.o] ==> ignore
    arg [-lgcc] ==> lib [gcc]
    arg [--push-state] ==> ignore
    arg [--as-needed] ==> ignore
    arg [-lgcc_s] ==> lib [gcc_s]
    arg [--pop-state] ==> ignore
    arg [-lc] ==> lib [c]
    arg [-lgcc] ==> lib [gcc]
    arg [--push-state] ==> ignore
    arg [--as-needed] ==> ignore
    arg [-lgcc_s] ==> lib [gcc_s]
    arg [--pop-state] ==> ignore
    arg [/usr/lib/gcc/x86_64-linux-gnu/13/crtendS.o] ==> ignore
    arg [/usr/lib/gcc/x86_64-linux-gnu/13/../../../x86_64-linux-gnu/crtn.o] ==> ignore
  collapse library dir [/home/voyager717/Downloads/SDK_Sourcecode/build_openwrt_new/AX3000-MT7981-Z8102AX/staging_dir/host/lib] ==> [/home/voyager717/Downloads/SDK_Sourcecode/build_openwrt_new/AX3000-MT7981-Z8102AX/staging_dir/host/lib]
  collapse library dir [/usr/lib/gcc/x86_64-linux-gnu/13] ==> [/usr/lib/gcc/x86_64-linux-gnu/13]
  collapse library dir [/usr/lib/gcc/x86_64-linux-gnu/13/../../../x86_64-linux-gnu] ==> [/usr/lib/x86_64-linux-gnu]
  collapse library dir [/usr/lib/gcc/x86_64-linux-gnu/13/../../../../lib] ==> [/usr/lib]
  collapse library dir [/lib/x86_64-linux-gnu] ==> [/lib/x86_64-linux-gnu]
  collapse library dir [/lib/../lib] ==> [/lib]
  collapse library dir [/usr/lib/x86_64-linux-gnu] ==> [/usr/lib/x86_64-linux-gnu]
  collapse library dir [/usr/lib/../lib] ==> [/usr/lib]
  collapse library dir [/usr/lib/gcc/x86_64-linux-gnu/13/../../..] ==> [/usr/lib]
  implicit libs: [gcc;gcc_s;c;gcc;gcc_s]
  implicit dirs: [/home/voyager717/Downloads/SDK_Sourcecode/build_openwrt_new/AX3000-MT7981-Z8102AX/staging_dir/host/lib;/usr/lib/gcc/x86_64-linux-gnu/13;/usr/lib/x86_64-linux-gnu;/usr/lib;/lib/x86_64-linux-gnu;/lib]
  implicit fwks: []


Detecting CXX compiler ABI info compiled with the following output:
Change Dir: /home/voyager717/Downloads/SDK_Sourcecode/build_openwrt_new/AX3000-MT7981-Z8102AX/build_dir/host/zstd-1.4.8/CMakeFiles/CMakeTmp

Run Build Command(s):/usr/bin/gmake cmTC_336e2/fast && gmake[4]: Entering directory '/home/voyager717/Downloads/SDK_Sourcecode/build_openwrt_new/AX3000-MT7981-Z8102AX/build_dir/host/zstd-1.4.8/CMakeFiles/CMakeTmp'
/usr/bin/gmake  -f CMakeFiles/cmTC_336e2.dir/build.make CMakeFiles/cmTC_336e2.dir/build
gmake[5]: Entering directory '/home/voyager717/Downloads/SDK_Sourcecode/build_openwrt_new/AX3000-MT7981-Z8102AX/build_dir/host/zstd-1.4.8/CMakeFiles/CMakeTmp'
Building CXX object CMakeFiles/cmTC_336e2.dir/CMakeCXXCompilerABI.cpp.o
/home/voyager717/Downloads/SDK_Sourcecode/build_openwrt_new/AX3000-MT7981-Z8102AX/staging_dir/host/bin/g++   -O2 -I/home/voyager717/Downloads/SDK_Sourcecode/build_openwrt_new/AX3000-MT7981-Z8102AX/staging_dir/host/include    -v -o CMakeFiles/cmTC_336e2.dir/CMakeCXXCompilerABI.cpp.o -c /home/voyager717/Downloads/SDK_Sourcecode/build_openwrt_new/AX3000-MT7981-Z8102AX/staging_dir/host/share/cmake-3.19/Modules/CMakeCXXCompilerABI.cpp
Using built-in specs.
COLLECT_GCC=/home/voyager717/Downloads/SDK_Sourcecode/build_openwrt_new/AX3000-MT7981-Z8102AX/staging_dir/host/bin/g++
OFFLOAD_TARGET_NAMES=nvptx-none:amdgcn-amdhsa
OFFLOAD_TARGET_DEFAULT=1
Target: x86_64-linux-gnu
Configured with: ../src/configure -v --with-pkgversion='Ubuntu 13.3.0-6ubuntu2~24.04' --with-bugurl=file:///usr/share/doc/gcc-13/README.Bugs --enable-languages=c,ada,c++,go,d,fortran,objc,obj-c++,m2 --prefix=/usr --with-gcc-major-version-only --program-suffix=-13 --program-prefix=x86_64-linux-gnu- --enable-shared --enable-linker-build-id --libexecdir=/usr/libexec --without-included-gettext --enable-threads=posix --libdir=/usr/lib --enable-nls --enable-bootstrap --enable-clocale=gnu --enable-libstdcxx-debug --enable-libstdcxx-time=yes --with-default-libstdcxx-abi=new --enable-libstdcxx-backtrace --enable-gnu-unique-object --disable-vtable-verify --enable-plugin --enable-default-pie --with-system-zlib --enable-libphobos-checking=release --with-target-system-zlib=auto --enable-objc-gc=auto --enable-multiarch --disable-werror --enable-cet --with-arch-32=i686 --with-abi=m64 --with-multilib-list=m32,m64,mx32 --enable-multilib --with-tune=generic --enable-offload-targets=nvptx-none=/build/gcc-13-fG75Ri/gcc-13-13.3.0/debian/tmp-nvptx/usr,amdgcn-amdhsa=/build/gcc-13-fG75Ri/gcc-13-13.3.0/debian/tmp-gcn/usr --enable-offload-defaulted --without-cuda-driver --enable-checking=release --build=x86_64-linux-gnu --host=x86_64-linux-gnu --target=x86_64-linux-gnu --with-build-config=bootstrap-lto-lean --enable-link-serialization=2
Thread model: posix
Supported LTO compression algorithms: zlib zstd
gcc version 13.3.0 (Ubuntu 13.3.0-6ubuntu2~24.04) 
COLLECT_GCC_OPTIONS='-O2' '-I' '/home/voyager717/Downloads/SDK_Sourcecode/build_openwrt_new/AX3000-MT7981-Z8102AX/staging_dir/host/include' '-v' '-o' 'CMakeFiles/cmTC_336e2.dir/CMakeCXXCompilerABI.cpp.o' '-c' '-shared-libgcc' '-mtune=generic' '-march=x86-64' '-dumpdir' 'CMakeFiles/cmTC_336e2.dir/'
 /usr/libexec/gcc/x86_64-linux-gnu/13/cc1plus -quiet -v -I /home/voyager717/Downloads/SDK_Sourcecode/build_openwrt_new/AX3000-MT7981-Z8102AX/staging_dir/host/include -imultiarch x86_64-linux-gnu -D_GNU_SOURCE /home/voyager717/Downloads/SDK_Sourcecode/build_openwrt_new/AX3000-MT7981-Z8102AX/staging_dir/host/share/cmake-3.19/Modules/CMakeCXXCompilerABI.cpp -D_FORTIFY_SOURCE=3 -quiet -dumpdir CMakeFiles/cmTC_336e2.dir/ -dumpbase CMakeCXXCompilerABI.cpp.cpp -dumpbase-ext .cpp -mtune=generic -march=x86-64 -O2 -version -fasynchronous-unwind-tables -fstack-protector-strong -Wformat -Wformat-security -fstack-clash-protection -fcf-protection -o /home/voyager717/Downloads/SDK_Sourcecode/build_openwrt_new/AX3000-MT7981-Z8102AX/tmp/ccHcQHSP.s
GNU C++17 (Ubuntu 13.3.0-6ubuntu2~24.04) version 13.3.0 (x86_64-linux-gnu)
	compiled by GNU C version 13.3.0, GMP version 6.3.0, MPFR version 4.2.1, MPC version 1.3.1, isl version isl-0.26-GMP

GGC heuristics: --param ggc-min-expand=100 --param ggc-min-heapsize=131072
ignoring duplicate directory "/usr/include/x86_64-linux-gnu/c++/13"
ignoring nonexistent directory "/usr/local/include/x86_64-linux-gnu"
ignoring nonexistent directory "/usr/lib/gcc/x86_64-linux-gnu/13/include-fixed/x86_64-linux-gnu"
ignoring nonexistent directory "/usr/lib/gcc/x86_64-linux-gnu/13/include-fixed"
ignoring nonexistent directory "/usr/lib/gcc/x86_64-linux-gnu/13/../../../../x86_64-linux-gnu/include"
#include "..." search starts here:
#include <...> search starts here:
 /home/voyager717/Downloads/SDK_Sourcecode/build_openwrt_new/AX3000-MT7981-Z8102AX/staging_dir/host/include
 /usr/include/c++/13
 /usr/include/x86_64-linux-gnu/c++/13
 /usr/include/c++/13/backward
 /usr/lib/gcc/x86_64-linux-gnu/13/include
 /usr/local/include
 /usr/include/x86_64-linux-gnu
 /usr/include
End of search list.
Compiler executable checksum: c81c05345ce537099dafd5580045814a
COLLECT_GCC_OPTIONS='-O2' '-I' '/home/voyager717/Downloads/SDK_Sourcecode/build_openwrt_new/AX3000-MT7981-Z8102AX/staging_dir/host/include' '-v' '-o' 'CMakeFiles/cmTC_336e2.dir/CMakeCXXCompilerABI.cpp.o' '-c' '-shared-libgcc' '-mtune=generic' '-march=x86-64' '-dumpdir' 'CMakeFiles/cmTC_336e2.dir/'
 as -v -I /home/voyager717/Downloads/SDK_Sourcecode/build_openwrt_new/AX3000-MT7981-Z8102AX/staging_dir/host/include --64 -o CMakeFiles/cmTC_336e2.dir/CMakeCXXCompilerABI.cpp.o /home/voyager717/Downloads/SDK_Sourcecode/build_openwrt_new/AX3000-MT7981-Z8102AX/tmp/ccHcQHSP.s
GNU assembler version 2.42 (x86_64-linux-gnu) using BFD version (GNU Binutils for Ubuntu) 2.42
COMPILER_PATH=/usr/libexec/gcc/x86_64-linux-gnu/13/:/usr/libexec/gcc/x86_64-linux-gnu/13/:/usr/libexec/gcc/x86_64-linux-gnu/:/usr/lib/gcc/x86_64-linux-gnu/13/:/usr/lib/gcc/x86_64-linux-gnu/
LIBRARY_PATH=/usr/lib/gcc/x86_64-linux-gnu/13/:/usr/lib/gcc/x86_64-linux-gnu/13/../../../x86_64-linux-gnu/:/usr/lib/gcc/x86_64-linux-gnu/13/../../../../lib/:/lib/x86_64-linux-gnu/:/lib/../lib/:/usr/lib/x86_64-linux-gnu/:/usr/lib/../lib/:/usr/lib/gcc/x86_64-linux-gnu/13/../../../:/lib/:/usr/lib/
COLLECT_GCC_OPTIONS='-O2' '-I' '/home/voyager717/Downloads/SDK_Sourcecode/build_openwrt_new/AX3000-MT7981-Z8102AX/staging_dir/host/include' '-v' '-o' 'CMakeFiles/cmTC_336e2.dir/CMakeCXXCompilerABI.cpp.o' '-c' '-shared-libgcc' '-mtune=generic' '-march=x86-64' '-dumpdir' 'CMakeFiles/cmTC_336e2.dir/CMakeCXXCompilerABI.cpp.'
Linking CXX executable cmTC_336e2
/home/voyager717/Downloads/SDK_Sourcecode/build_openwrt_new/AX3000-MT7981-Z8102AX/staging_dir/host/bin/cmake -E cmake_link_script CMakeFiles/cmTC_336e2.dir/link.txt --verbose=1
/home/voyager717/Downloads/SDK_Sourcecode/build_openwrt_new/AX3000-MT7981-Z8102AX/staging_dir/host/bin/g++ -O2 -I/home/voyager717/Downloads/SDK_Sourcecode/build_openwrt_new/AX3000-MT7981-Z8102AX/staging_dir/host/include  -L/home/voyager717/Downloads/SDK_Sourcecode/build_openwrt_new/AX3000-MT7981-Z8102AX/staging_dir/host/lib -v CMakeFiles/cmTC_336e2.dir/CMakeCXXCompilerABI.cpp.o -o cmTC_336e2 
Using built-in specs.
COLLECT_GCC=/home/voyager717/Downloads/SDK_Sourcecode/build_openwrt_new/AX3000-MT7981-Z8102AX/staging_dir/host/bin/g++
COLLECT_LTO_WRAPPER=/usr/libexec/gcc/x86_64-linux-gnu/13/lto-wrapper
OFFLOAD_TARGET_NAMES=nvptx-none:amdgcn-amdhsa
OFFLOAD_TARGET_DEFAULT=1
Target: x86_64-linux-gnu
Configured with: ../src/configure -v --with-pkgversion='Ubuntu 13.3.0-6ubuntu2~24.04' --with-bugurl=file:///usr/share/doc/gcc-13/README.Bugs --enable-languages=c,ada,c++,go,d,fortran,objc,obj-c++,m2 --prefix=/usr --with-gcc-major-version-only --program-suffix=-13 --program-prefix=x86_64-linux-gnu- --enable-shared --enable-linker-build-id --libexecdir=/usr/libexec --without-included-gettext --enable-threads=posix --libdir=/usr/lib --enable-nls --enable-bootstrap --enable-clocale=gnu --enable-libstdcxx-debug --enable-libstdcxx-time=yes --with-default-libstdcxx-abi=new --enable-libstdcxx-backtrace --enable-gnu-unique-object --disable-vtable-verify --enable-plugin --enable-default-pie --with-system-zlib --enable-libphobos-checking=release --with-target-system-zlib=auto --enable-objc-gc=auto --enable-multiarch --disable-werror --enable-cet --with-arch-32=i686 --with-abi=m64 --with-multilib-list=m32,m64,mx32 --enable-multilib --with-tune=generic --enable-offload-targets=nvptx-none=/build/gcc-13-fG75Ri/gcc-13-13.3.0/debian/tmp-nvptx/usr,amdgcn-amdhsa=/build/gcc-13-fG75Ri/gcc-13-13.3.0/debian/tmp-gcn/usr --enable-offload-defaulted --without-cuda-driver --enable-checking=release --build=x86_64-linux-gnu --host=x86_64-linux-gnu --target=x86_64-linux-gnu --with-build-config=bootstrap-lto-lean --enable-link-serialization=2
Thread model: posix
Supported LTO compression algorithms: zlib zstd
gcc version 13.3.0 (Ubuntu 13.3.0-6ubuntu2~24.04) 
COMPILER_PATH=/usr/libexec/gcc/x86_64-linux-gnu/13/:/usr/libexec/gcc/x86_64-linux-gnu/13/:/usr/libexec/gcc/x86_64-linux-gnu/:/usr/lib/gcc/x86_64-linux-gnu/13/:/usr/lib/gcc/x86_64-linux-gnu/
LIBRARY_PATH=/usr/lib/gcc/x86_64-linux-gnu/13/:/usr/lib/gcc/x86_64-linux-gnu/13/../../../x86_64-linux-gnu/:/usr/lib/gcc/x86_64-linux-gnu/13/../../../../lib/:/lib/x86_64-linux-gnu/:/lib/../lib/:/usr/lib/x86_64-linux-gnu/:/usr/lib/../lib/:/usr/lib/gcc/x86_64-linux-gnu/13/../../../:/lib/:/usr/lib/
COLLECT_GCC_OPTIONS='-O2' '-I' '/home/voyager717/Downloads/SDK_Sourcecode/build_openwrt_new/AX3000-MT7981-Z8102AX/staging_dir/host/include' '-L/home/voyager717/Downloads/SDK_Sourcecode/build_openwrt_new/AX3000-MT7981-Z8102AX/staging_dir/host/lib' '-v' '-o' 'cmTC_336e2' '-shared-libgcc' '-mtune=generic' '-march=x86-64' '-dumpdir' 'cmTC_336e2.'
 /usr/libexec/gcc/x86_64-linux-gnu/13/collect2 -plugin /usr/libexec/gcc/x86_64-linux-gnu/13/liblto_plugin.so -plugin-opt=/usr/libexec/gcc/x86_64-linux-gnu/13/lto-wrapper -plugin-opt=-fresolution=/home/voyager717/Downloads/SDK_Sourcecode/build_openwrt_new/AX3000-MT7981-Z8102AX/tmp/ccFasQtf.res -plugin-opt=-pass-through=-lgcc_s -plugin-opt=-pass-through=-lgcc -plugin-opt=-pass-through=-lc -plugin-opt=-pass-through=-lgcc_s -plugin-opt=-pass-through=-lgcc --build-id --eh-frame-hdr -m elf_x86_64 --hash-style=gnu --as-needed -dynamic-linker /lib64/ld-linux-x86-64.so.2 -pie -z now -z relro -o cmTC_336e2 /usr/lib/gcc/x86_64-linux-gnu/13/../../../x86_64-linux-gnu/Scrt1.o /usr/lib/gcc/x86_64-linux-gnu/13/../../../x86_64-linux-gnu/crti.o /usr/lib/gcc/x86_64-linux-gnu/13/crtbeginS.o -L/home/voyager717/Downloads/SDK_Sourcecode/build_openwrt_new/AX3000-MT7981-Z8102AX/staging_dir/host/lib -L/usr/lib/gcc/x86_64-linux-gnu/13 -L/usr/lib/gcc/x86_64-linux-gnu/13/../../../x86_64-linux-gnu -L/usr/lib/gcc/x86_64-linux-gnu/13/../../../../lib -L/lib/x86_64-linux-gnu -L/lib/../lib -L/usr/lib/x86_64-linux-gnu -L/usr/lib/../lib -L/usr/lib/gcc/x86_64-linux-gnu/13/../../.. CMakeFiles/cmTC_336e2.dir/CMakeCXXCompilerABI.cpp.o -lstdc++ -lm -lgcc_s -lgcc -lc -lgcc_s -lgcc /usr/lib/gcc/x86_64-linux-gnu/13/crtendS.o /usr/lib/gcc/x86_64-linux-gnu/13/../../../x86_64-linux-gnu/crtn.o
COLLECT_GCC_OPTIONS='-O2' '-I' '/home/voyager717/Downloads/SDK_Sourcecode/build_openwrt_new/AX3000-MT7981-Z8102AX/staging_dir/host/include' '-L/home/voyager717/Downloads/SDK_Sourcecode/build_openwrt_new/AX3000-MT7981-Z8102AX/staging_dir/host/lib' '-v' '-o' 'cmTC_336e2' '-shared-libgcc' '-mtune=generic' '-march=x86-64' '-dumpdir' 'cmTC_336e2.'
gmake[5]: Leaving directory '/home/voyager717/Downloads/SDK_Sourcecode/build_openwrt_new/AX3000-MT7981-Z8102AX/build_dir/host/zstd-1.4.8/CMakeFiles/CMakeTmp'
gmake[4]: Leaving directory '/home/voyager717/Downloads/SDK_Sourcecode/build_openwrt_new/AX3000-MT7981-Z8102AX/build_dir/host/zstd-1.4.8/CMakeFiles/CMakeTmp'



Parsed CXX implicit include dir info from above output: rv=done
  found start of include info
  found start of implicit include info
    add: [/home/voyager717/Downloads/SDK_Sourcecode/build_openwrt_new/AX3000-MT7981-Z8102AX/staging_dir/host/include]
    add: [/usr/include/c++/13]
    add: [/usr/include/x86_64-linux-gnu/c++/13]
    add: [/usr/include/c++/13/backward]
    add: [/usr/lib/gcc/x86_64-linux-gnu/13/include]
    add: [/usr/local/include]
    add: [/usr/include/x86_64-linux-gnu]
    add: [/usr/include]
  end of search list found
  collapse include dir [/home/voyager717/Downloads/SDK_Sourcecode/build_openwrt_new/AX3000-MT7981-Z8102AX/staging_dir/host/include] ==> [/home/voyager717/Downloads/SDK_Sourcecode/build_openwrt_new/AX3000-MT7981-Z8102AX/staging_dir/host/include]
  collapse include dir [/usr/include/c++/13] ==> [/usr/include/c++/13]
  collapse include dir [/usr/include/x86_64-linux-gnu/c++/13] ==> [/usr/include/x86_64-linux-gnu/c++/13]
  collapse include dir [/usr/include/c++/13/backward] ==> [/usr/include/c++/13/backward]
  collapse include dir [/usr/lib/gcc/x86_64-linux-gnu/13/include] ==> [/usr/lib/gcc/x86_64-linux-gnu/13/include]
  collapse include dir [/usr/local/include] ==> [/usr/local/include]
  collapse include dir [/usr/include/x86_64-linux-gnu] ==> [/usr/include/x86_64-linux-gnu]
  collapse include dir [/usr/include] ==> [/usr/include]
  implicit include dirs: [/home/voyager717/Downloads/SDK_Sourcecode/build_openwrt_new/AX3000-MT7981-Z8102AX/staging_dir/host/include;/usr/include/c++/13;/usr/include/x86_64-linux-gnu/c++/13;/usr/include/c++/13/backward;/usr/lib/gcc/x86_64-linux-gnu/13/include;/usr/local/include;/usr/include/x86_64-linux-gnu;/usr/include]


Parsed CXX implicit link information from above output:
  link line regex: [^( *|.*[/\])(ld|CMAKE_LINK_STARTFILE-NOTFOUND|([^/\]+-)?ld|collect2)[^/\]*( |$)]
  ignore line: [Change Dir: /home/voyager717/Downloads/SDK_Sourcecode/build_openwrt_new/AX3000-MT7981-Z8102AX/build_dir/host/zstd-1.4.8/CMakeFiles/CMakeTmp]
  ignore line: []
  ignore line: [Run Build Command(s):/usr/bin/gmake cmTC_336e2/fast && gmake[4]: Entering directory '/home/voyager717/Downloads/SDK_Sourcecode/build_openwrt_new/AX3000-MT7981-Z8102AX/build_dir/host/zstd-1.4.8/CMakeFiles/CMakeTmp']
  ignore line: [/usr/bin/gmake  -f CMakeFiles/cmTC_336e2.dir/build.make CMakeFiles/cmTC_336e2.dir/build]
  ignore line: [gmake[5]: Entering directory '/home/voyager717/Downloads/SDK_Sourcecode/build_openwrt_new/AX3000-MT7981-Z8102AX/build_dir/host/zstd-1.4.8/CMakeFiles/CMakeTmp']
  ignore line: [Building CXX object CMakeFiles/cmTC_336e2.dir/CMakeCXXCompilerABI.cpp.o]
  ignore line: [/home/voyager717/Downloads/SDK_Sourcecode/build_openwrt_new/AX3000-MT7981-Z8102AX/staging_dir/host/bin/g++   -O2 -I/home/voyager717/Downloads/SDK_Sourcecode/build_openwrt_new/AX3000-MT7981-Z8102AX/staging_dir/host/include    -v -o CMakeFiles/cmTC_336e2.dir/CMakeCXXCompilerABI.cpp.o -c /home/voyager717/Downloads/SDK_Sourcecode/build_openwrt_new/AX3000-MT7981-Z8102AX/staging_dir/host/share/cmake-3.19/Modules/CMakeCXXCompilerABI.cpp]
  ignore line: [Using built-in specs.]
  ignore line: [COLLECT_GCC=/home/voyager717/Downloads/SDK_Sourcecode/build_openwrt_new/AX3000-MT7981-Z8102AX/staging_dir/host/bin/g++]
  ignore line: [OFFLOAD_TARGET_NAMES=nvptx-none:amdgcn-amdhsa]
  ignore line: [OFFLOAD_TARGET_DEFAULT=1]
  ignore line: [Target: x86_64-linux-gnu]
  ignore line: [Configured with: ../src/configure -v --with-pkgversion='Ubuntu 13.3.0-6ubuntu2~24.04' --with-bugurl=file:///usr/share/doc/gcc-13/README.Bugs --enable-languages=c ada c++ go d fortran objc obj-c++ m2 --prefix=/usr --with-gcc-major-version-only --program-suffix=-13 --program-prefix=x86_64-linux-gnu- --enable-shared --enable-linker-build-id --libexecdir=/usr/libexec --without-included-gettext --enable-threads=posix --libdir=/usr/lib --enable-nls --enable-bootstrap --enable-clocale=gnu --enable-libstdcxx-debug --enable-libstdcxx-time=yes --with-default-libstdcxx-abi=new --enable-libstdcxx-backtrace --enable-gnu-unique-object --disable-vtable-verify --enable-plugin --enable-default-pie --with-system-zlib --enable-libphobos-checking=release --with-target-system-zlib=auto --enable-objc-gc=auto --enable-multiarch --disable-werror --enable-cet --with-arch-32=i686 --with-abi=m64 --with-multilib-list=m32 m64 mx32 --enable-multilib --with-tune=generic --enable-offload-targets=nvptx-none=/build/gcc-13-fG75Ri/gcc-13-13.3.0/debian/tmp-nvptx/usr amdgcn-amdhsa=/build/gcc-13-fG75Ri/gcc-13-13.3.0/debian/tmp-gcn/usr --enable-offload-defaulted --without-cuda-driver --enable-checking=release --build=x86_64-linux-gnu --host=x86_64-linux-gnu --target=x86_64-linux-gnu --with-build-config=bootstrap-lto-lean --enable-link-serialization=2]
  ignore line: [Thread model: posix]
  ignore line: [Supported LTO compression algorithms: zlib zstd]
  ignore line: [gcc version 13.3.0 (Ubuntu 13.3.0-6ubuntu2~24.04) ]
  ignore line: [COLLECT_GCC_OPTIONS='-O2' '-I' '/home/voyager717/Downloads/SDK_Sourcecode/build_openwrt_new/AX3000-MT7981-Z8102AX/staging_dir/host/include' '-v' '-o' 'CMakeFiles/cmTC_336e2.dir/CMakeCXXCompilerABI.cpp.o' '-c' '-shared-libgcc' '-mtune=generic' '-march=x86-64' '-dumpdir' 'CMakeFiles/cmTC_336e2.dir/']
  ignore line: [ /usr/libexec/gcc/x86_64-linux-gnu/13/cc1plus -quiet -v -I /home/voyager717/Downloads/SDK_Sourcecode/build_openwrt_new/AX3000-MT7981-Z8102AX/staging_dir/host/include -imultiarch x86_64-linux-gnu -D_GNU_SOURCE /home/voyager717/Downloads/SDK_Sourcecode/build_openwrt_new/AX3000-MT7981-Z8102AX/staging_dir/host/share/cmake-3.19/Modules/CMakeCXXCompilerABI.cpp -D_FORTIFY_SOURCE=3 -quiet -dumpdir CMakeFiles/cmTC_336e2.dir/ -dumpbase CMakeCXXCompilerABI.cpp.cpp -dumpbase-ext .cpp -mtune=generic -march=x86-64 -O2 -version -fasynchronous-unwind-tables -fstack-protector-strong -Wformat -Wformat-security -fstack-clash-protection -fcf-protection -o /home/voyager717/Downloads/SDK_Sourcecode/build_openwrt_new/AX3000-MT7981-Z8102AX/tmp/ccHcQHSP.s]
  ignore line: [GNU C++17 (Ubuntu 13.3.0-6ubuntu2~24.04) version 13.3.0 (x86_64-linux-gnu)]
  ignore line: [	compiled by GNU C version 13.3.0  GMP version 6.3.0  MPFR version 4.2.1  MPC version 1.3.1  isl version isl-0.26-GMP]
  ignore line: []
  ignore line: [GGC heuristics: --param ggc-min-expand=100 --param ggc-min-heapsize=131072]
  ignore line: [ignoring duplicate directory "/usr/include/x86_64-linux-gnu/c++/13"]
  ignore line: [ignoring nonexistent directory "/usr/local/include/x86_64-linux-gnu"]
  ignore line: [ignoring nonexistent directory "/usr/lib/gcc/x86_64-linux-gnu/13/include-fixed/x86_64-linux-gnu"]
  ignore line: [ignoring nonexistent directory "/usr/lib/gcc/x86_64-linux-gnu/13/include-fixed"]
  ignore line: [ignoring nonexistent directory "/usr/lib/gcc/x86_64-linux-gnu/13/../../../../x86_64-linux-gnu/include"]
  ignore line: [#include "..." search starts here:]
  ignore line: [#include <...> search starts here:]
  ignore line: [ /home/voyager717/Downloads/SDK_Sourcecode/build_openwrt_new/AX3000-MT7981-Z8102AX/staging_dir/host/include]
  ignore line: [ /usr/include/c++/13]
  ignore line: [ /usr/include/x86_64-linux-gnu/c++/13]
  ignore line: [ /usr/include/c++/13/backward]
  ignore line: [ /usr/lib/gcc/x86_64-linux-gnu/13/include]
  ignore line: [ /usr/local/include]
  ignore line: [ /usr/include/x86_64-linux-gnu]
  ignore line: [ /usr/include]
  ignore line: [End of search list.]
  ignore line: [Compiler executable checksum: c81c05345ce537099dafd5580045814a]
  ignore line: [COLLECT_GCC_OPTIONS='-O2' '-I' '/home/voyager717/Downloads/SDK_Sourcecode/build_openwrt_new/AX3000-MT7981-Z8102AX/staging_dir/host/include' '-v' '-o' 'CMakeFiles/cmTC_336e2.dir/CMakeCXXCompilerABI.cpp.o' '-c' '-shared-libgcc' '-mtune=generic' '-march=x86-64' '-dumpdir' 'CMakeFiles/cmTC_336e2.dir/']
  ignore line: [ as -v -I /home/voyager717/Downloads/SDK_Sourcecode/build_openwrt_new/AX3000-MT7981-Z8102AX/staging_dir/host/include --64 -o CMakeFiles/cmTC_336e2.dir/CMakeCXXCompilerABI.cpp.o /home/voyager717/Downloads/SDK_Sourcecode/build_openwrt_new/AX3000-MT7981-Z8102AX/tmp/ccHcQHSP.s]
  ignore line: [GNU assembler version 2.42 (x86_64-linux-gnu) using BFD version (GNU Binutils for Ubuntu) 2.42]
  ignore line: [COMPILER_PATH=/usr/libexec/gcc/x86_64-linux-gnu/13/:/usr/libexec/gcc/x86_64-linux-gnu/13/:/usr/libexec/gcc/x86_64-linux-gnu/:/usr/lib/gcc/x86_64-linux-gnu/13/:/usr/lib/gcc/x86_64-linux-gnu/]
  ignore line: [LIBRARY_PATH=/usr/lib/gcc/x86_64-linux-gnu/13/:/usr/lib/gcc/x86_64-linux-gnu/13/../../../x86_64-linux-gnu/:/usr/lib/gcc/x86_64-linux-gnu/13/../../../../lib/:/lib/x86_64-linux-gnu/:/lib/../lib/:/usr/lib/x86_64-linux-gnu/:/usr/lib/../lib/:/usr/lib/gcc/x86_64-linux-gnu/13/../../../:/lib/:/usr/lib/]
  ignore line: [COLLECT_GCC_OPTIONS='-O2' '-I' '/home/voyager717/Downloads/SDK_Sourcecode/build_openwrt_new/AX3000-MT7981-Z8102AX/staging_dir/host/include' '-v' '-o' 'CMakeFiles/cmTC_336e2.dir/CMakeCXXCompilerABI.cpp.o' '-c' '-shared-libgcc' '-mtune=generic' '-march=x86-64' '-dumpdir' 'CMakeFiles/cmTC_336e2.dir/CMakeCXXCompilerABI.cpp.']
  ignore line: [Linking CXX executable cmTC_336e2]
  ignore line: [/home/voyager717/Downloads/SDK_Sourcecode/build_openwrt_new/AX3000-MT7981-Z8102AX/staging_dir/host/bin/cmake -E cmake_link_script CMakeFiles/cmTC_336e2.dir/link.txt --verbose=1]
  ignore line: [/home/voyager717/Downloads/SDK_Sourcecode/build_openwrt_new/AX3000-MT7981-Z8102AX/staging_dir/host/bin/g++ -O2 -I/home/voyager717/Downloads/SDK_Sourcecode/build_openwrt_new/AX3000-MT7981-Z8102AX/staging_dir/host/include  -L/home/voyager717/Downloads/SDK_Sourcecode/build_openwrt_new/AX3000-MT7981-Z8102AX/staging_dir/host/lib -v CMakeFiles/cmTC_336e2.dir/CMakeCXXCompilerABI.cpp.o -o cmTC_336e2 ]
  ignore line: [Using built-in specs.]
  ignore line: [COLLECT_GCC=/home/voyager717/Downloads/SDK_Sourcecode/build_openwrt_new/AX3000-MT7981-Z8102AX/staging_dir/host/bin/g++]
  ignore line: [COLLECT_LTO_WRAPPER=/usr/libexec/gcc/x86_64-linux-gnu/13/lto-wrapper]
  ignore line: [OFFLOAD_TARGET_NAMES=nvptx-none:amdgcn-amdhsa]
  ignore line: [OFFLOAD_TARGET_DEFAULT=1]
  ignore line: [Target: x86_64-linux-gnu]
  ignore line: [Configured with: ../src/configure -v --with-pkgversion='Ubuntu 13.3.0-6ubuntu2~24.04' --with-bugurl=file:///usr/share/doc/gcc-13/README.Bugs --enable-languages=c ada c++ go d fortran objc obj-c++ m2 --prefix=/usr --with-gcc-major-version-only --program-suffix=-13 --program-prefix=x86_64-linux-gnu- --enable-shared --enable-linker-build-id --libexecdir=/usr/libexec --without-included-gettext --enable-threads=posix --libdir=/usr/lib --enable-nls --enable-bootstrap --enable-clocale=gnu --enable-libstdcxx-debug --enable-libstdcxx-time=yes --with-default-libstdcxx-abi=new --enable-libstdcxx-backtrace --enable-gnu-unique-object --disable-vtable-verify --enable-plugin --enable-default-pie --with-system-zlib --enable-libphobos-checking=release --with-target-system-zlib=auto --enable-objc-gc=auto --enable-multiarch --disable-werror --enable-cet --with-arch-32=i686 --with-abi=m64 --with-multilib-list=m32 m64 mx32 --enable-multilib --with-tune=generic --enable-offload-targets=nvptx-none=/build/gcc-13-fG75Ri/gcc-13-13.3.0/debian/tmp-nvptx/usr amdgcn-amdhsa=/build/gcc-13-fG75Ri/gcc-13-13.3.0/debian/tmp-gcn/usr --enable-offload-defaulted --without-cuda-driver --enable-checking=release --build=x86_64-linux-gnu --host=x86_64-linux-gnu --target=x86_64-linux-gnu --with-build-config=bootstrap-lto-lean --enable-link-serialization=2]
  ignore line: [Thread model: posix]
  ignore line: [Supported LTO compression algorithms: zlib zstd]
  ignore line: [gcc version 13.3.0 (Ubuntu 13.3.0-6ubuntu2~24.04) ]
  ignore line: [COMPILER_PATH=/usr/libexec/gcc/x86_64-linux-gnu/13/:/usr/libexec/gcc/x86_64-linux-gnu/13/:/usr/libexec/gcc/x86_64-linux-gnu/:/usr/lib/gcc/x86_64-linux-gnu/13/:/usr/lib/gcc/x86_64-linux-gnu/]
  ignore line: [LIBRARY_PATH=/usr/lib/gcc/x86_64-linux-gnu/13/:/usr/lib/gcc/x86_64-linux-gnu/13/../../../x86_64-linux-gnu/:/usr/lib/gcc/x86_64-linux-gnu/13/../../../../lib/:/lib/x86_64-linux-gnu/:/lib/../lib/:/usr/lib/x86_64-linux-gnu/:/usr/lib/../lib/:/usr/lib/gcc/x86_64-linux-gnu/13/../../../:/lib/:/usr/lib/]
  ignore line: [COLLECT_GCC_OPTIONS='-O2' '-I' '/home/voyager717/Downloads/SDK_Sourcecode/build_openwrt_new/AX3000-MT7981-Z8102AX/staging_dir/host/include' '-L/home/voyager717/Downloads/SDK_Sourcecode/build_openwrt_new/AX3000-MT7981-Z8102AX/staging_dir/host/lib' '-v' '-o' 'cmTC_336e2' '-shared-libgcc' '-mtune=generic' '-march=x86-64' '-dumpdir' 'cmTC_336e2.']
  link line: [ /usr/libexec/gcc/x86_64-linux-gnu/13/collect2 -plugin /usr/libexec/gcc/x86_64-linux-gnu/13/liblto_plugin.so -plugin-opt=/usr/libexec/gcc/x86_64-linux-gnu/13/lto-wrapper -plugin-opt=-fresolution=/home/voyager717/Downloads/SDK_Sourcecode/build_openwrt_new/AX3000-MT7981-Z8102AX/tmp/ccFasQtf.res -plugin-opt=-pass-through=-lgcc_s -plugin-opt=-pass-through=-lgcc -plugin-opt=-pass-through=-lc -plugin-opt=-pass-through=-lgcc_s -plugin-opt=-pass-through=-lgcc --build-id --eh-frame-hdr -m elf_x86_64 --hash-style=gnu --as-needed -dynamic-linker /lib64/ld-linux-x86-64.so.2 -pie -z now -z relro -o cmTC_336e2 /usr/lib/gcc/x86_64-linux-gnu/13/../../../x86_64-linux-gnu/Scrt1.o /usr/lib/gcc/x86_64-linux-gnu/13/../../../x86_64-linux-gnu/crti.o /usr/lib/gcc/x86_64-linux-gnu/13/crtbeginS.o -L/home/voyager717/Downloads/SDK_Sourcecode/build_openwrt_new/AX3000-MT7981-Z8102AX/staging_dir/host/lib -L/usr/lib/gcc/x86_64-linux-gnu/13 -L/usr/lib/gcc/x86_64-linux-gnu/13/../../../x86_64-linux-gnu -L/usr/lib/gcc/x86_64-linux-gnu/13/../../../../lib -L/lib/x86_64-linux-gnu -L/lib/../lib -L/usr/lib/x86_64-linux-gnu -L/usr/lib/../lib -L/usr/lib/gcc/x86_64-linux-gnu/13/../../.. CMakeFiles/cmTC_336e2.dir/CMakeCXXCompilerABI.cpp.o -lstdc++ -lm -lgcc_s -lgcc -lc -lgcc_s -lgcc /usr/lib/gcc/x86_64-linux-gnu/13/crtendS.o /usr/lib/gcc/x86_64-linux-gnu/13/../../../x86_64-linux-gnu/crtn.o]
    arg [/usr/libexec/gcc/x86_64-linux-gnu/13/collect2] ==> ignore
    arg [-plugin] ==> ignore
    arg [/usr/libexec/gcc/x86_64-linux-gnu/13/liblto_plugin.so] ==> ignore
    arg [-plugin-opt=/usr/libexec/gcc/x86_64-linux-gnu/13/lto-wrapper] ==> ignore
    arg [-plugin-opt=-fresolution=/home/voyager717/Downloads/SDK_Sourcecode/build_openwrt_new/AX3000-MT7981-Z8102AX/tmp/ccFasQtf.res] ==> ignore
    arg [-plugin-opt=-pass-through=-lgcc_s] ==> ignore
    arg [-plugin-opt=-pass-through=-lgcc] ==> ignore
    arg [-plugin-opt=-pass-through=-lc] ==> ignore
    arg [-plugin-opt=-pass-through=-lgcc_s] ==> ignore
    arg [-plugin-opt=-pass-through=-lgcc] ==> ignore
    arg [--build-id] ==> ignore
    arg [--eh-frame-hdr] ==> ignore
    arg [-m] ==> ignore
    arg [elf_x86_64] ==> ignore
    arg [--hash-style=gnu] ==> ignore
    arg [--as-needed] ==> ignore
    arg [-dynamic-linker] ==> ignore
    arg [/lib64/ld-linux-x86-64.so.2] ==> ignore
    arg [-pie] ==> ignore
    arg [-znow] ==> ignore
    arg [-zrelro] ==> ignore
    arg [-o] ==> ignore
    arg [cmTC_336e2] ==> ignore
    arg [/usr/lib/gcc/x86_64-linux-gnu/13/../../../x86_64-linux-gnu/Scrt1.o] ==> ignore
    arg [/usr/lib/gcc/x86_64-linux-gnu/13/../../../x86_64-linux-gnu/crti.o] ==> ignore
    arg [/usr/lib/gcc/x86_64-linux-gnu/13/crtbeginS.o] ==> ignore
    arg [-L/home/voyager717/Downloads/SDK_Sourcecode/build_openwrt_new/AX3000-MT7981-Z8102AX/staging_dir/host/lib] ==> dir [/home/voyager717/Downloads/SDK_Sourcecode/build_openwrt_new/AX3000-MT7981-Z8102AX/staging_dir/host/lib]
    arg [-L/usr/lib/gcc/x86_64-linux-gnu/13] ==> dir [/usr/lib/gcc/x86_64-linux-gnu/13]
    arg [-L/usr/lib/gcc/x86_64-linux-gnu/13/../../../x86_64-linux-gnu] ==> dir [/usr/lib/gcc/x86_64-linux-gnu/13/../../../x86_64-linux-gnu]
    arg [-L/usr/lib/gcc/x86_64-linux-gnu/13/../../../../lib] ==> dir [/usr/lib/gcc/x86_64-linux-gnu/13/../../../../lib]
    arg [-L/lib/x86_64-linux-gnu] ==> dir [/lib/x86_64-linux-gnu]
    arg [-L/lib/../lib] ==> dir [/lib/../lib]
    arg [-L/usr/lib/x86_64-linux-gnu] ==> dir [/usr/lib/x86_64-linux-gnu]
    arg [-L/usr/lib/../lib] ==> dir [/usr/lib/../lib]
    arg [-L/usr/lib/gcc/x86_64-linux-gnu/13/../../..] ==> dir [/usr/lib/gcc/x86_64-linux-gnu/13/../../..]
    arg [CMakeFiles/cmTC_336e2.dir/CMakeCXXCompilerABI.cpp.o] ==> ignore
    arg [-lstdc++] ==> lib [stdc++]
    arg [-lm] ==> lib [m]
    arg [-lgcc_s] ==> lib [gcc_s]
    arg [-lgcc] ==> lib [gcc]
    arg [-lc] ==> lib [c]
    arg [-lgcc_s] ==> lib [gcc_s]
    arg [-lgcc] ==> lib [gcc]
    arg [/usr/lib/gcc/x86_64-linux-gnu/13/crtendS.o] ==> ignore
    arg [/usr/lib/gcc/x86_64-linux-gnu/13/../../../x86_64-linux-gnu/crtn.o] ==> ignore
  collapse library dir [/home/voyager717/Downloads/SDK_Sourcecode/build_openwrt_new/AX3000-MT7981-Z8102AX/staging_dir/host/lib] ==> [/home/voyager717/Downloads/SDK_Sourcecode/build_openwrt_new/AX3000-MT7981-Z8102AX/staging_dir/host/lib]
  collapse library dir [/usr/lib/gcc/x86_64-linux-gnu/13] ==> [/usr/lib/gcc/x86_64-linux-gnu/13]
  collapse library dir [/usr/lib/gcc/x86_64-linux-gnu/13/../../../x86_64-linux-gnu] ==> [/usr/lib/x86_64-linux-gnu]
  collapse library dir [/usr/lib/gcc/x86_64-linux-gnu/13/../../../../lib] ==> [/usr/lib]
  collapse library dir [/lib/x86_64-linux-gnu] ==> [/lib/x86_64-linux-gnu]
  collapse library dir [/lib/../lib] ==> [/lib]
  collapse library dir [/usr/lib/x86_64-linux-gnu] ==> [/usr/lib/x86_64-linux-gnu]
  collapse library dir [/usr/lib/../lib] ==> [/usr/lib]
  collapse library dir [/usr/lib/gcc/x86_64-linux-gnu/13/../../..] ==> [/usr/lib]
  implicit libs: [stdc++;m;gcc_s;gcc;c;gcc_s;gcc]
  implicit dirs: [/home/voyager717/Downloads/SDK_Sourcecode/build_openwrt_new/AX3000-MT7981-Z8102AX/staging_dir/host/lib;/usr/lib/gcc/x86_64-linux-gnu/13;/usr/lib/x86_64-linux-gnu;/usr/lib;/lib/x86_64-linux-gnu;/lib]
  implicit fwks: []


Performing C++ SOURCE FILE Test CXX_FLAG_STD_CPLUSPLUS11 succeeded with the following output:
Change Dir: /home/voyager717/Downloads/SDK_Sourcecode/build_openwrt_new/AX3000-MT7981-Z8102AX/build_dir/host/zstd-1.4.8/CMakeFiles/CMakeTmp

Run Build Command(s):/usr/bin/gmake cmTC_26401/fast && gmake[4]: Entering directory '/home/voyager717/Downloads/SDK_Sourcecode/build_openwrt_new/AX3000-MT7981-Z8102AX/build_dir/host/zstd-1.4.8/CMakeFiles/CMakeTmp'
/usr/bin/gmake  -f CMakeFiles/cmTC_26401.dir/build.make CMakeFiles/cmTC_26401.dir/build
gmake[5]: Entering directory '/home/voyager717/Downloads/SDK_Sourcecode/build_openwrt_new/AX3000-MT7981-Z8102AX/build_dir/host/zstd-1.4.8/CMakeFiles/CMakeTmp'
Building CXX object CMakeFiles/cmTC_26401.dir/src.cxx.o
/home/voyager717/Downloads/SDK_Sourcecode/build_openwrt_new/AX3000-MT7981-Z8102AX/staging_dir/host/bin/g++ -DCXX_FLAG_STD_CPLUSPLUS11  -O2 -I/home/voyager717/Downloads/SDK_Sourcecode/build_openwrt_new/AX3000-MT7981-Z8102AX/staging_dir/host/include    -std=c++11 -o CMakeFiles/cmTC_26401.dir/src.cxx.o -c /home/voyager717/Downloads/SDK_Sourcecode/build_openwrt_new/AX3000-MT7981-Z8102AX/build_dir/host/zstd-1.4.8/CMakeFiles/CMakeTmp/src.cxx
Linking CXX executable cmTC_26401
/home/voyager717/Downloads/SDK_Sourcecode/build_openwrt_new/AX3000-MT7981-Z8102AX/staging_dir/host/bin/cmake -E cmake_link_script CMakeFiles/cmTC_26401.dir/link.txt --verbose=1
/home/voyager717/Downloads/SDK_Sourcecode/build_openwrt_new/AX3000-MT7981-Z8102AX/staging_dir/host/bin/g++ -O2 -I/home/voyager717/Downloads/SDK_Sourcecode/build_openwrt_new/AX3000-MT7981-Z8102AX/staging_dir/host/include  -L/home/voyager717/Downloads/SDK_Sourcecode/build_openwrt_new/AX3000-MT7981-Z8102AX/staging_dir/host/lib  CMakeFiles/cmTC_26401.dir/src.cxx.o -o cmTC_26401 
gmake[5]: Leaving directory '/home/voyager717/Downloads/SDK_Sourcecode/build_openwrt_new/AX3000-MT7981-Z8102AX/build_dir/host/zstd-1.4.8/CMakeFiles/CMakeTmp'
gmake[4]: Leaving directory '/home/voyager717/Downloads/SDK_Sourcecode/build_openwrt_new/AX3000-MT7981-Z8102AX/build_dir/host/zstd-1.4.8/CMakeFiles/CMakeTmp'


Source file was:
int main() { return 0; }
Performing C SOURCE FILE Test C_FLAG_STD_C99 succeeded with the following output:
Change Dir: /home/voyager717/Downloads/SDK_Sourcecode/build_openwrt_new/AX3000-MT7981-Z8102AX/build_dir/host/zstd-1.4.8/CMakeFiles/CMakeTmp

Run Build Command(s):/usr/bin/gmake cmTC_d8939/fast && gmake[4]: Entering directory '/home/voyager717/Downloads/SDK_Sourcecode/build_openwrt_new/AX3000-MT7981-Z8102AX/build_dir/host/zstd-1.4.8/CMakeFiles/CMakeTmp'
/usr/bin/gmake  -f CMakeFiles/cmTC_d8939.dir/build.make CMakeFiles/cmTC_d8939.dir/build
gmake[5]: Entering directory '/home/voyager717/Downloads/SDK_Sourcecode/build_openwrt_new/AX3000-MT7981-Z8102AX/build_dir/host/zstd-1.4.8/CMakeFiles/CMakeTmp'
Building C object CMakeFiles/cmTC_d8939.dir/src.c.o
/home/voyager717/Downloads/SDK_Sourcecode/build_openwrt_new/AX3000-MT7981-Z8102AX/staging_dir/host/bin/gcc -DC_FLAG_STD_C99  -O2 -I/home/voyager717/Downloads/SDK_Sourcecode/build_openwrt_new/AX3000-MT7981-Z8102AX/staging_dir/host/include    -std=c99 -o CMakeFiles/cmTC_d8939.dir/src.c.o -c /home/voyager717/Downloads/SDK_Sourcecode/build_openwrt_new/AX3000-MT7981-Z8102AX/build_dir/host/zstd-1.4.8/CMakeFiles/CMakeTmp/src.c
Linking C executable cmTC_d8939
/home/voyager717/Downloads/SDK_Sourcecode/build_openwrt_new/AX3000-MT7981-Z8102AX/staging_dir/host/bin/cmake -E cmake_link_script CMakeFiles/cmTC_d8939.dir/link.txt --verbose=1
/home/voyager717/Downloads/SDK_Sourcecode/build_openwrt_new/AX3000-MT7981-Z8102AX/staging_dir/host/bin/gcc -O2 -I/home/voyager717/Downloads/SDK_Sourcecode/build_openwrt_new/AX3000-MT7981-Z8102AX/staging_dir/host/include  -L/home/voyager717/Downloads/SDK_Sourcecode/build_openwrt_new/AX3000-MT7981-Z8102AX/staging_dir/host/lib  CMakeFiles/cmTC_d8939.dir/src.c.o -o cmTC_d8939 
gmake[5]: Leaving directory '/home/voyager717/Downloads/SDK_Sourcecode/build_openwrt_new/AX3000-MT7981-Z8102AX/build_dir/host/zstd-1.4.8/CMakeFiles/CMakeTmp'
gmake[4]: Leaving directory '/home/voyager717/Downloads/SDK_Sourcecode/build_openwrt_new/AX3000-MT7981-Z8102AX/build_dir/host/zstd-1.4.8/CMakeFiles/CMakeTmp'


Source file was:
int main(void) { return 0; }
Performing C SOURCE FILE Test C_FLAG_WALL succeeded with the following output:
Change Dir: /home/voyager717/Downloads/SDK_Sourcecode/build_openwrt_new/AX3000-MT7981-Z8102AX/build_dir/host/zstd-1.4.8/CMakeFiles/CMakeTmp

Run Build Command(s):/usr/bin/gmake cmTC_15a12/fast && gmake[4]: Entering directory '/home/voyager717/Downloads/SDK_Sourcecode/build_openwrt_new/AX3000-MT7981-Z8102AX/build_dir/host/zstd-1.4.8/CMakeFiles/CMakeTmp'
/usr/bin/gmake  -f CMakeFiles/cmTC_15a12.dir/build.make CMakeFiles/cmTC_15a12.dir/build
gmake[5]: Entering directory '/home/voyager717/Downloads/SDK_Sourcecode/build_openwrt_new/AX3000-MT7981-Z8102AX/build_dir/host/zstd-1.4.8/CMakeFiles/CMakeTmp'
Building C object CMakeFiles/cmTC_15a12.dir/src.c.o
/home/voyager717/Downloads/SDK_Sourcecode/build_openwrt_new/AX3000-MT7981-Z8102AX/staging_dir/host/bin/gcc -DC_FLAG_WALL  -O2 -I/home/voyager717/Downloads/SDK_Sourcecode/build_openwrt_new/AX3000-MT7981-Z8102AX/staging_dir/host/include -std=c99    -Wall -o CMakeFiles/cmTC_15a12.dir/src.c.o -c /home/voyager717/Downloads/SDK_Sourcecode/build_openwrt_new/AX3000-MT7981-Z8102AX/build_dir/host/zstd-1.4.8/CMakeFiles/CMakeTmp/src.c
Linking C executable cmTC_15a12
/home/voyager717/Downloads/SDK_Sourcecode/build_openwrt_new/AX3000-MT7981-Z8102AX/staging_dir/host/bin/cmake -E cmake_link_script CMakeFiles/cmTC_15a12.dir/link.txt --verbose=1
/home/voyager717/Downloads/SDK_Sourcecode/build_openwrt_new/AX3000-MT7981-Z8102AX/staging_dir/host/bin/gcc -O2 -I/home/voyager717/Downloads/SDK_Sourcecode/build_openwrt_new/AX3000-MT7981-Z8102AX/staging_dir/host/include -std=c99  -L/home/voyager717/Downloads/SDK_Sourcecode/build_openwrt_new/AX3000-MT7981-Z8102AX/staging_dir/host/lib  CMakeFiles/cmTC_15a12.dir/src.c.o -o cmTC_15a12 
gmake[5]: Leaving directory '/home/voyager717/Downloads/SDK_Sourcecode/build_openwrt_new/AX3000-MT7981-Z8102AX/build_dir/host/zstd-1.4.8/CMakeFiles/CMakeTmp'
gmake[4]: Leaving directory '/home/voyager717/Downloads/SDK_Sourcecode/build_openwrt_new/AX3000-MT7981-Z8102AX/build_dir/host/zstd-1.4.8/CMakeFiles/CMakeTmp'


Source file was:
int main(void) { return 0; }
Performing C++ SOURCE FILE Test CXX_FLAG_WALL succeeded with the following output:
Change Dir: /home/voyager717/Downloads/SDK_Sourcecode/build_openwrt_new/AX3000-MT7981-Z8102AX/build_dir/host/zstd-1.4.8/CMakeFiles/CMakeTmp

Run Build Command(s):/usr/bin/gmake cmTC_d9603/fast && gmake[4]: Entering directory '/home/voyager717/Downloads/SDK_Sourcecode/build_openwrt_new/AX3000-MT7981-Z8102AX/build_dir/host/zstd-1.4.8/CMakeFiles/CMakeTmp'
/usr/bin/gmake  -f CMakeFiles/cmTC_d9603.dir/build.make CMakeFiles/cmTC_d9603.dir/build
gmake[5]: Entering directory '/home/voyager717/Downloads/SDK_Sourcecode/build_openwrt_new/AX3000-MT7981-Z8102AX/build_dir/host/zstd-1.4.8/CMakeFiles/CMakeTmp'
Building CXX object CMakeFiles/cmTC_d9603.dir/src.cxx.o
/home/voyager717/Downloads/SDK_Sourcecode/build_openwrt_new/AX3000-MT7981-Z8102AX/staging_dir/host/bin/g++ -DCXX_FLAG_WALL  -O2 -I/home/voyager717/Downloads/SDK_Sourcecode/build_openwrt_new/AX3000-MT7981-Z8102AX/staging_dir/host/include -std=c++11    -Wall -o CMakeFiles/cmTC_d9603.dir/src.cxx.o -c /home/voyager717/Downloads/SDK_Sourcecode/build_openwrt_new/AX3000-MT7981-Z8102AX/build_dir/host/zstd-1.4.8/CMakeFiles/CMakeTmp/src.cxx
Linking CXX executable cmTC_d9603
/home/voyager717/Downloads/SDK_Sourcecode/build_openwrt_new/AX3000-MT7981-Z8102AX/staging_dir/host/bin/cmake -E cmake_link_script CMakeFiles/cmTC_d9603.dir/link.txt --verbose=1
/home/voyager717/Downloads/SDK_Sourcecode/build_openwrt_new/AX3000-MT7981-Z8102AX/staging_dir/host/bin/g++ -O2 -I/home/voyager717/Downloads/SDK_Sourcecode/build_openwrt_new/AX3000-MT7981-Z8102AX/staging_dir/host/include -std=c++11  -L/home/voyager717/Downloads/SDK_Sourcecode/build_openwrt_new/AX3000-MT7981-Z8102AX/staging_dir/host/lib  CMakeFiles/cmTC_d9603.dir/src.cxx.o -o cmTC_d9603 
gmake[5]: Leaving directory '/home/voyager717/Downloads/SDK_Sourcecode/build_openwrt_new/AX3000-MT7981-Z8102AX/build_dir/host/zstd-1.4.8/CMakeFiles/CMakeTmp'
gmake[4]: Leaving directory '/home/voyager717/Downloads/SDK_Sourcecode/build_openwrt_new/AX3000-MT7981-Z8102AX/build_dir/host/zstd-1.4.8/CMakeFiles/CMakeTmp'


Source file was:
int main() { return 0; }
Performing C SOURCE FILE Test C_FLAG_WEXTRA succeeded with the following output:
Change Dir: /home/voyager717/Downloads/SDK_Sourcecode/build_openwrt_new/AX3000-MT7981-Z8102AX/build_dir/host/zstd-1.4.8/CMakeFiles/CMakeTmp

Run Build Command(s):/usr/bin/gmake cmTC_ae0f9/fast && gmake[4]: Entering directory '/home/voyager717/Downloads/SDK_Sourcecode/build_openwrt_new/AX3000-MT7981-Z8102AX/build_dir/host/zstd-1.4.8/CMakeFiles/CMakeTmp'
/usr/bin/gmake  -f CMakeFiles/cmTC_ae0f9.dir/build.make CMakeFiles/cmTC_ae0f9.dir/build
gmake[5]: Entering directory '/home/voyager717/Downloads/SDK_Sourcecode/build_openwrt_new/AX3000-MT7981-Z8102AX/build_dir/host/zstd-1.4.8/CMakeFiles/CMakeTmp'
Building C object CMakeFiles/cmTC_ae0f9.dir/src.c.o
/home/voyager717/Downloads/SDK_Sourcecode/build_openwrt_new/AX3000-MT7981-Z8102AX/staging_dir/host/bin/gcc -DC_FLAG_WEXTRA  -O2 -I/home/voyager717/Downloads/SDK_Sourcecode/build_openwrt_new/AX3000-MT7981-Z8102AX/staging_dir/host/include -std=c99 -Wall    -Wextra -o CMakeFiles/cmTC_ae0f9.dir/src.c.o -c /home/voyager717/Downloads/SDK_Sourcecode/build_openwrt_new/AX3000-MT7981-Z8102AX/build_dir/host/zstd-1.4.8/CMakeFiles/CMakeTmp/src.c
Linking C executable cmTC_ae0f9
/home/voyager717/Downloads/SDK_Sourcecode/build_openwrt_new/AX3000-MT7981-Z8102AX/staging_dir/host/bin/cmake -E cmake_link_script CMakeFiles/cmTC_ae0f9.dir/link.txt --verbose=1
/home/voyager717/Downloads/SDK_Sourcecode/build_openwrt_new/AX3000-MT7981-Z8102AX/staging_dir/host/bin/gcc -O2 -I/home/voyager717/Downloads/SDK_Sourcecode/build_openwrt_new/AX3000-MT7981-Z8102AX/staging_dir/host/include -std=c99 -Wall  -L/home/voyager717/Downloads/SDK_Sourcecode/build_openwrt_new/AX3000-MT7981-Z8102AX/staging_dir/host/lib  CMakeFiles/cmTC_ae0f9.dir/src.c.o -o cmTC_ae0f9 
gmake[5]: Leaving directory '/home/voyager717/Downloads/SDK_Sourcecode/build_openwrt_new/AX3000-MT7981-Z8102AX/build_dir/host/zstd-1.4.8/CMakeFiles/CMakeTmp'
gmake[4]: Leaving directory '/home/voyager717/Downloads/SDK_Sourcecode/build_openwrt_new/AX3000-MT7981-Z8102AX/build_dir/host/zstd-1.4.8/CMakeFiles/CMakeTmp'


Source file was:
int main(void) { return 0; }
Performing C++ SOURCE FILE Test CXX_FLAG_WEXTRA succeeded with the following output:
Change Dir: /home/voyager717/Downloads/SDK_Sourcecode/build_openwrt_new/AX3000-MT7981-Z8102AX/build_dir/host/zstd-1.4.8/CMakeFiles/CMakeTmp

Run Build Command(s):/usr/bin/gmake cmTC_e1044/fast && gmake[4]: Entering directory '/home/voyager717/Downloads/SDK_Sourcecode/build_openwrt_new/AX3000-MT7981-Z8102AX/build_dir/host/zstd-1.4.8/CMakeFiles/CMakeTmp'
/usr/bin/gmake  -f CMakeFiles/cmTC_e1044.dir/build.make CMakeFiles/cmTC_e1044.dir/build
gmake[5]: Entering directory '/home/voyager717/Downloads/SDK_Sourcecode/build_openwrt_new/AX3000-MT7981-Z8102AX/build_dir/host/zstd-1.4.8/CMakeFiles/CMakeTmp'
Building CXX object CMakeFiles/cmTC_e1044.dir/src.cxx.o
/home/voyager717/Downloads/SDK_Sourcecode/build_openwrt_new/AX3000-MT7981-Z8102AX/staging_dir/host/bin/g++ -DCXX_FLAG_WEXTRA  -O2 -I/home/voyager717/Downloads/SDK_Sourcecode/build_openwrt_new/AX3000-MT7981-Z8102AX/staging_dir/host/include -std=c++11 -Wall    -Wextra -o CMakeFiles/cmTC_e1044.dir/src.cxx.o -c /home/voyager717/Downloads/SDK_Sourcecode/build_openwrt_new/AX3000-MT7981-Z8102AX/build_dir/host/zstd-1.4.8/CMakeFiles/CMakeTmp/src.cxx
Linking CXX executable cmTC_e1044
/home/voyager717/Downloads/SDK_Sourcecode/build_openwrt_new/AX3000-MT7981-Z8102AX/staging_dir/host/bin/cmake -E cmake_link_script CMakeFiles/cmTC_e1044.dir/link.txt --verbose=1
/home/voyager717/Downloads/SDK_Sourcecode/build_openwrt_new/AX3000-MT7981-Z8102AX/staging_dir/host/bin/g++ -O2 -I/home/voyager717/Downloads/SDK_Sourcecode/build_openwrt_new/AX3000-MT7981-Z8102AX/staging_dir/host/include -std=c++11 -Wall  -L/home/voyager717/Downloads/SDK_Sourcecode/build_openwrt_new/AX3000-MT7981-Z8102AX/staging_dir/host/lib  CMakeFiles/cmTC_e1044.dir/src.cxx.o -o cmTC_e1044 
gmake[5]: Leaving directory '/home/voyager717/Downloads/SDK_Sourcecode/build_openwrt_new/AX3000-MT7981-Z8102AX/build_dir/host/zstd-1.4.8/CMakeFiles/CMakeTmp'
gmake[4]: Leaving directory '/home/voyager717/Downloads/SDK_Sourcecode/build_openwrt_new/AX3000-MT7981-Z8102AX/build_dir/host/zstd-1.4.8/CMakeFiles/CMakeTmp'


Source file was:
int main() { return 0; }
Performing C SOURCE FILE Test C_FLAG_WUNDEF succeeded with the following output:
Change Dir: /home/voyager717/Downloads/SDK_Sourcecode/build_openwrt_new/AX3000-MT7981-Z8102AX/build_dir/host/zstd-1.4.8/CMakeFiles/CMakeTmp

Run Build Command(s):/usr/bin/gmake cmTC_dcec3/fast && gmake[4]: Entering directory '/home/voyager717/Downloads/SDK_Sourcecode/build_openwrt_new/AX3000-MT7981-Z8102AX/build_dir/host/zstd-1.4.8/CMakeFiles/CMakeTmp'
/usr/bin/gmake  -f CMakeFiles/cmTC_dcec3.dir/build.make CMakeFiles/cmTC_dcec3.dir/build
gmake[5]: Entering directory '/home/voyager717/Downloads/SDK_Sourcecode/build_openwrt_new/AX3000-MT7981-Z8102AX/build_dir/host/zstd-1.4.8/CMakeFiles/CMakeTmp'
Building C object CMakeFiles/cmTC_dcec3.dir/src.c.o
/home/voyager717/Downloads/SDK_Sourcecode/build_openwrt_new/AX3000-MT7981-Z8102AX/staging_dir/host/bin/gcc -DC_FLAG_WUNDEF  -O2 -I/home/voyager717/Downloads/SDK_Sourcecode/build_openwrt_new/AX3000-MT7981-Z8102AX/staging_dir/host/include -std=c99 -Wall -Wextra    -Wundef -o CMakeFiles/cmTC_dcec3.dir/src.c.o -c /home/voyager717/Downloads/SDK_Sourcecode/build_openwrt_new/AX3000-MT7981-Z8102AX/build_dir/host/zstd-1.4.8/CMakeFiles/CMakeTmp/src.c
Linking C executable cmTC_dcec3
/home/voyager717/Downloads/SDK_Sourcecode/build_openwrt_new/AX3000-MT7981-Z8102AX/staging_dir/host/bin/cmake -E cmake_link_script CMakeFiles/cmTC_dcec3.dir/link.txt --verbose=1
/home/voyager717/Downloads/SDK_Sourcecode/build_openwrt_new/AX3000-MT7981-Z8102AX/staging_dir/host/bin/gcc -O2 -I/home/voyager717/Downloads/SDK_Sourcecode/build_openwrt_new/AX3000-MT7981-Z8102AX/staging_dir/host/include -std=c99 -Wall -Wextra  -L/home/voyager717/Downloads/SDK_Sourcecode/build_openwrt_new/AX3000-MT7981-Z8102AX/staging_dir/host/lib  CMakeFiles/cmTC_dcec3.dir/src.c.o -o cmTC_dcec3 
gmake[5]: Leaving directory '/home/voyager717/Downloads/SDK_Sourcecode/build_openwrt_new/AX3000-MT7981-Z8102AX/build_dir/host/zstd-1.4.8/CMakeFiles/CMakeTmp'
gmake[4]: Leaving directory '/home/voyager717/Downloads/SDK_Sourcecode/build_openwrt_new/AX3000-MT7981-Z8102AX/build_dir/host/zstd-1.4.8/CMakeFiles/CMakeTmp'


Source file was:
int main(void) { return 0; }
Performing C++ SOURCE FILE Test CXX_FLAG_WUNDEF succeeded with the following output:
Change Dir: /home/voyager717/Downloads/SDK_Sourcecode/build_openwrt_new/AX3000-MT7981-Z8102AX/build_dir/host/zstd-1.4.8/CMakeFiles/CMakeTmp

Run Build Command(s):/usr/bin/gmake cmTC_1313f/fast && gmake[4]: Entering directory '/home/voyager717/Downloads/SDK_Sourcecode/build_openwrt_new/AX3000-MT7981-Z8102AX/build_dir/host/zstd-1.4.8/CMakeFiles/CMakeTmp'
/usr/bin/gmake  -f CMakeFiles/cmTC_1313f.dir/build.make CMakeFiles/cmTC_1313f.dir/build
gmake[5]: Entering directory '/home/voyager717/Downloads/SDK_Sourcecode/build_openwrt_new/AX3000-MT7981-Z8102AX/build_dir/host/zstd-1.4.8/CMakeFiles/CMakeTmp'
Building CXX object CMakeFiles/cmTC_1313f.dir/src.cxx.o
/home/voyager717/Downloads/SDK_Sourcecode/build_openwrt_new/AX3000-MT7981-Z8102AX/staging_dir/host/bin/g++ -DCXX_FLAG_WUNDEF  -O2 -I/home/voyager717/Downloads/SDK_Sourcecode/build_openwrt_new/AX3000-MT7981-Z8102AX/staging_dir/host/include -std=c++11 -Wall -Wextra    -Wundef -o CMakeFiles/cmTC_1313f.dir/src.cxx.o -c /home/voyager717/Downloads/SDK_Sourcecode/build_openwrt_new/AX3000-MT7981-Z8102AX/build_dir/host/zstd-1.4.8/CMakeFiles/CMakeTmp/src.cxx
Linking CXX executable cmTC_1313f
/home/voyager717/Downloads/SDK_Sourcecode/build_openwrt_new/AX3000-MT7981-Z8102AX/staging_dir/host/bin/cmake -E cmake_link_script CMakeFiles/cmTC_1313f.dir/link.txt --verbose=1
/home/voyager717/Downloads/SDK_Sourcecode/build_openwrt_new/AX3000-MT7981-Z8102AX/staging_dir/host/bin/g++ -O2 -I/home/voyager717/Downloads/SDK_Sourcecode/build_openwrt_new/AX3000-MT7981-Z8102AX/staging_dir/host/include -std=c++11 -Wall -Wextra  -L/home/voyager717/Downloads/SDK_Sourcecode/build_openwrt_new/AX3000-MT7981-Z8102AX/staging_dir/host/lib  CMakeFiles/cmTC_1313f.dir/src.cxx.o -o cmTC_1313f 
gmake[5]: Leaving directory '/home/voyager717/Downloads/SDK_Sourcecode/build_openwrt_new/AX3000-MT7981-Z8102AX/build_dir/host/zstd-1.4.8/CMakeFiles/CMakeTmp'
gmake[4]: Leaving directory '/home/voyager717/Downloads/SDK_Sourcecode/build_openwrt_new/AX3000-MT7981-Z8102AX/build_dir/host/zstd-1.4.8/CMakeFiles/CMakeTmp'


Source file was:
int main() { return 0; }
Performing C SOURCE FILE Test C_FLAG_WSHADOW succeeded with the following output:
Change Dir: /home/voyager717/Downloads/SDK_Sourcecode/build_openwrt_new/AX3000-MT7981-Z8102AX/build_dir/host/zstd-1.4.8/CMakeFiles/CMakeTmp

Run Build Command(s):/usr/bin/gmake cmTC_c1409/fast && gmake[4]: Entering directory '/home/voyager717/Downloads/SDK_Sourcecode/build_openwrt_new/AX3000-MT7981-Z8102AX/build_dir/host/zstd-1.4.8/CMakeFiles/CMakeTmp'
/usr/bin/gmake  -f CMakeFiles/cmTC_c1409.dir/build.make CMakeFiles/cmTC_c1409.dir/build
gmake[5]: Entering directory '/home/voyager717/Downloads/SDK_Sourcecode/build_openwrt_new/AX3000-MT7981-Z8102AX/build_dir/host/zstd-1.4.8/CMakeFiles/CMakeTmp'
Building C object CMakeFiles/cmTC_c1409.dir/src.c.o
/home/voyager717/Downloads/SDK_Sourcecode/build_openwrt_new/AX3000-MT7981-Z8102AX/staging_dir/host/bin/gcc -DC_FLAG_WSHADOW  -O2 -I/home/voyager717/Downloads/SDK_Sourcecode/build_openwrt_new/AX3000-MT7981-Z8102AX/staging_dir/host/include -std=c99 -Wall -Wextra -Wundef    -Wshadow -o CMakeFiles/cmTC_c1409.dir/src.c.o -c /home/voyager717/Downloads/SDK_Sourcecode/build_openwrt_new/AX3000-MT7981-Z8102AX/build_dir/host/zstd-1.4.8/CMakeFiles/CMakeTmp/src.c
Linking C executable cmTC_c1409
/home/voyager717/Downloads/SDK_Sourcecode/build_openwrt_new/AX3000-MT7981-Z8102AX/staging_dir/host/bin/cmake -E cmake_link_script CMakeFiles/cmTC_c1409.dir/link.txt --verbose=1
/home/voyager717/Downloads/SDK_Sourcecode/build_openwrt_new/AX3000-MT7981-Z8102AX/staging_dir/host/bin/gcc -O2 -I/home/voyager717/Downloads/SDK_Sourcecode/build_openwrt_new/AX3000-MT7981-Z8102AX/staging_dir/host/include -std=c99 -Wall -Wextra -Wundef  -L/home/voyager717/Downloads/SDK_Sourcecode/build_openwrt_new/AX3000-MT7981-Z8102AX/staging_dir/host/lib  CMakeFiles/cmTC_c1409.dir/src.c.o -o cmTC_c1409 
gmake[5]: Leaving directory '/home/voyager717/Downloads/SDK_Sourcecode/build_openwrt_new/AX3000-MT7981-Z8102AX/build_dir/host/zstd-1.4.8/CMakeFiles/CMakeTmp'
gmake[4]: Leaving directory '/home/voyager717/Downloads/SDK_Sourcecode/build_openwrt_new/AX3000-MT7981-Z8102AX/build_dir/host/zstd-1.4.8/CMakeFiles/CMakeTmp'


Source file was:
int main(void) { return 0; }
Performing C++ SOURCE FILE Test CXX_FLAG_WSHADOW succeeded with the following output:
Change Dir: /home/voyager717/Downloads/SDK_Sourcecode/build_openwrt_new/AX3000-MT7981-Z8102AX/build_dir/host/zstd-1.4.8/CMakeFiles/CMakeTmp

Run Build Command(s):/usr/bin/gmake cmTC_672c4/fast && gmake[4]: Entering directory '/home/voyager717/Downloads/SDK_Sourcecode/build_openwrt_new/AX3000-MT7981-Z8102AX/build_dir/host/zstd-1.4.8/CMakeFiles/CMakeTmp'
/usr/bin/gmake  -f CMakeFiles/cmTC_672c4.dir/build.make CMakeFiles/cmTC_672c4.dir/build
gmake[5]: Entering directory '/home/voyager717/Downloads/SDK_Sourcecode/build_openwrt_new/AX3000-MT7981-Z8102AX/build_dir/host/zstd-1.4.8/CMakeFiles/CMakeTmp'
Building CXX object CMakeFiles/cmTC_672c4.dir/src.cxx.o
/home/voyager717/Downloads/SDK_Sourcecode/build_openwrt_new/AX3000-MT7981-Z8102AX/staging_dir/host/bin/g++ -DCXX_FLAG_WSHADOW  -O2 -I/home/voyager717/Downloads/SDK_Sourcecode/build_openwrt_new/AX3000-MT7981-Z8102AX/staging_dir/host/include -std=c++11 -Wall -Wextra -Wundef    -Wshadow -o CMakeFiles/cmTC_672c4.dir/src.cxx.o -c /home/voyager717/Downloads/SDK_Sourcecode/build_openwrt_new/AX3000-MT7981-Z8102AX/build_dir/host/zstd-1.4.8/CMakeFiles/CMakeTmp/src.cxx
Linking CXX executable cmTC_672c4
/home/voyager717/Downloads/SDK_Sourcecode/build_openwrt_new/AX3000-MT7981-Z8102AX/staging_dir/host/bin/cmake -E cmake_link_script CMakeFiles/cmTC_672c4.dir/link.txt --verbose=1
/home/voyager717/Downloads/SDK_Sourcecode/build_openwrt_new/AX3000-MT7981-Z8102AX/staging_dir/host/bin/g++ -O2 -I/home/voyager717/Downloads/SDK_Sourcecode/build_openwrt_new/AX3000-MT7981-Z8102AX/staging_dir/host/include -std=c++11 -Wall -Wextra -Wundef  -L/home/voyager717/Downloads/SDK_Sourcecode/build_openwrt_new/AX3000-MT7981-Z8102AX/staging_dir/host/lib  CMakeFiles/cmTC_672c4.dir/src.cxx.o -o cmTC_672c4 
gmake[5]: Leaving directory '/home/voyager717/Downloads/SDK_Sourcecode/build_openwrt_new/AX3000-MT7981-Z8102AX/build_dir/host/zstd-1.4.8/CMakeFiles/CMakeTmp'
gmake[4]: Leaving directory '/home/voyager717/Downloads/SDK_Sourcecode/build_openwrt_new/AX3000-MT7981-Z8102AX/build_dir/host/zstd-1.4.8/CMakeFiles/CMakeTmp'


Source file was:
int main() { return 0; }
Performing C SOURCE FILE Test C_FLAG_WCAST_ALIGN succeeded with the following output:
Change Dir: /home/voyager717/Downloads/SDK_Sourcecode/build_openwrt_new/AX3000-MT7981-Z8102AX/build_dir/host/zstd-1.4.8/CMakeFiles/CMakeTmp

Run Build Command(s):/usr/bin/gmake cmTC_90213/fast && gmake[4]: Entering directory '/home/voyager717/Downloads/SDK_Sourcecode/build_openwrt_new/AX3000-MT7981-Z8102AX/build_dir/host/zstd-1.4.8/CMakeFiles/CMakeTmp'
/usr/bin/gmake  -f CMakeFiles/cmTC_90213.dir/build.make CMakeFiles/cmTC_90213.dir/build
gmake[5]: Entering directory '/home/voyager717/Downloads/SDK_Sourcecode/build_openwrt_new/AX3000-MT7981-Z8102AX/build_dir/host/zstd-1.4.8/CMakeFiles/CMakeTmp'
Building C object CMakeFiles/cmTC_90213.dir/src.c.o
/home/voyager717/Downloads/SDK_Sourcecode/build_openwrt_new/AX3000-MT7981-Z8102AX/staging_dir/host/bin/gcc -DC_FLAG_WCAST_ALIGN  -O2 -I/home/voyager717/Downloads/SDK_Sourcecode/build_openwrt_new/AX3000-MT7981-Z8102AX/staging_dir/host/include -std=c99 -Wall -Wextra -Wundef -Wshadow    -Wcast-align -o CMakeFiles/cmTC_90213.dir/src.c.o -c /home/voyager717/Downloads/SDK_Sourcecode/build_openwrt_new/AX3000-MT7981-Z8102AX/build_dir/host/zstd-1.4.8/CMakeFiles/CMakeTmp/src.c
Linking C executable cmTC_90213
/home/voyager717/Downloads/SDK_Sourcecode/build_openwrt_new/AX3000-MT7981-Z8102AX/staging_dir/host/bin/cmake -E cmake_link_script CMakeFiles/cmTC_90213.dir/link.txt --verbose=1
/home/voyager717/Downloads/SDK_Sourcecode/build_openwrt_new/AX3000-MT7981-Z8102AX/staging_dir/host/bin/gcc -O2 -I/home/voyager717/Downloads/SDK_Sourcecode/build_openwrt_new/AX3000-MT7981-Z8102AX/staging_dir/host/include -std=c99 -Wall -Wextra -Wundef -Wshadow  -L/home/voyager717/Downloads/SDK_Sourcecode/build_openwrt_new/AX3000-MT7981-Z8102AX/staging_dir/host/lib  CMakeFiles/cmTC_90213.dir/src.c.o -o cmTC_90213 
gmake[5]: Leaving directory '/home/voyager717/Downloads/SDK_Sourcecode/build_openwrt_new/AX3000-MT7981-Z8102AX/build_dir/host/zstd-1.4.8/CMakeFiles/CMakeTmp'
gmake[4]: Leaving directory '/home/voyager717/Downloads/SDK_Sourcecode/build_openwrt_new/AX3000-MT7981-Z8102AX/build_dir/host/zstd-1.4.8/CMakeFiles/CMakeTmp'


Source file was:
int main(void) { return 0; }
Performing C++ SOURCE FILE Test CXX_FLAG_WCAST_ALIGN succeeded with the following output:
Change Dir: /home/voyager717/Downloads/SDK_Sourcecode/build_openwrt_new/AX3000-MT7981-Z8102AX/build_dir/host/zstd-1.4.8/CMakeFiles/CMakeTmp

Run Build Command(s):/usr/bin/gmake cmTC_e141c/fast && gmake[4]: Entering directory '/home/voyager717/Downloads/SDK_Sourcecode/build_openwrt_new/AX3000-MT7981-Z8102AX/build_dir/host/zstd-1.4.8/CMakeFiles/CMakeTmp'
/usr/bin/gmake  -f CMakeFiles/cmTC_e141c.dir/build.make CMakeFiles/cmTC_e141c.dir/build
gmake[5]: Entering directory '/home/voyager717/Downloads/SDK_Sourcecode/build_openwrt_new/AX3000-MT7981-Z8102AX/build_dir/host/zstd-1.4.8/CMakeFiles/CMakeTmp'
Building CXX object CMakeFiles/cmTC_e141c.dir/src.cxx.o
/home/voyager717/Downloads/SDK_Sourcecode/build_openwrt_new/AX3000-MT7981-Z8102AX/staging_dir/host/bin/g++ -DCXX_FLAG_WCAST_ALIGN  -O2 -I/home/voyager717/Downloads/SDK_Sourcecode/build_openwrt_new/AX3000-MT7981-Z8102AX/staging_dir/host/include -std=c++11 -Wall -Wextra -Wundef -Wshadow    -Wcast-align -o CMakeFiles/cmTC_e141c.dir/src.cxx.o -c /home/voyager717/Downloads/SDK_Sourcecode/build_openwrt_new/AX3000-MT7981-Z8102AX/build_dir/host/zstd-1.4.8/CMakeFiles/CMakeTmp/src.cxx
Linking CXX executable cmTC_e141c
/home/voyager717/Downloads/SDK_Sourcecode/build_openwrt_new/AX3000-MT7981-Z8102AX/staging_dir/host/bin/cmake -E cmake_link_script CMakeFiles/cmTC_e141c.dir/link.txt --verbose=1
/home/voyager717/Downloads/SDK_Sourcecode/build_openwrt_new/AX3000-MT7981-Z8102AX/staging_dir/host/bin/g++ -O2 -I/home/voyager717/Downloads/SDK_Sourcecode/build_openwrt_new/AX3000-MT7981-Z8102AX/staging_dir/host/include -std=c++11 -Wall -Wextra -Wundef -Wshadow  -L/home/voyager717/Downloads/SDK_Sourcecode/build_openwrt_new/AX3000-MT7981-Z8102AX/staging_dir/host/lib  CMakeFiles/cmTC_e141c.dir/src.cxx.o -o cmTC_e141c 
gmake[5]: Leaving directory '/home/voyager717/Downloads/SDK_Sourcecode/build_openwrt_new/AX3000-MT7981-Z8102AX/build_dir/host/zstd-1.4.8/CMakeFiles/CMakeTmp'
gmake[4]: Leaving directory '/home/voyager717/Downloads/SDK_Sourcecode/build_openwrt_new/AX3000-MT7981-Z8102AX/build_dir/host/zstd-1.4.8/CMakeFiles/CMakeTmp'


Source file was:
int main() { return 0; }
Performing C SOURCE FILE Test C_FLAG_WCAST_QUAL succeeded with the following output:
Change Dir: /home/voyager717/Downloads/SDK_Sourcecode/build_openwrt_new/AX3000-MT7981-Z8102AX/build_dir/host/zstd-1.4.8/CMakeFiles/CMakeTmp

Run Build Command(s):/usr/bin/gmake cmTC_11b8c/fast && gmake[4]: Entering directory '/home/voyager717/Downloads/SDK_Sourcecode/build_openwrt_new/AX3000-MT7981-Z8102AX/build_dir/host/zstd-1.4.8/CMakeFiles/CMakeTmp'
/usr/bin/gmake  -f CMakeFiles/cmTC_11b8c.dir/build.make CMakeFiles/cmTC_11b8c.dir/build
gmake[5]: Entering directory '/home/voyager717/Downloads/SDK_Sourcecode/build_openwrt_new/AX3000-MT7981-Z8102AX/build_dir/host/zstd-1.4.8/CMakeFiles/CMakeTmp'
Building C object CMakeFiles/cmTC_11b8c.dir/src.c.o
/home/voyager717/Downloads/SDK_Sourcecode/build_openwrt_new/AX3000-MT7981-Z8102AX/staging_dir/host/bin/gcc -DC_FLAG_WCAST_QUAL  -O2 -I/home/voyager717/Downloads/SDK_Sourcecode/build_openwrt_new/AX3000-MT7981-Z8102AX/staging_dir/host/include -std=c99 -Wall -Wextra -Wundef -Wshadow -Wcast-align    -Wcast-qual -o CMakeFiles/cmTC_11b8c.dir/src.c.o -c /home/voyager717/Downloads/SDK_Sourcecode/build_openwrt_new/AX3000-MT7981-Z8102AX/build_dir/host/zstd-1.4.8/CMakeFiles/CMakeTmp/src.c
Linking C executable cmTC_11b8c
/home/voyager717/Downloads/SDK_Sourcecode/build_openwrt_new/AX3000-MT7981-Z8102AX/staging_dir/host/bin/cmake -E cmake_link_script CMakeFiles/cmTC_11b8c.dir/link.txt --verbose=1
/home/voyager717/Downloads/SDK_Sourcecode/build_openwrt_new/AX3000-MT7981-Z8102AX/staging_dir/host/bin/gcc -O2 -I/home/voyager717/Downloads/SDK_Sourcecode/build_openwrt_new/AX3000-MT7981-Z8102AX/staging_dir/host/include -std=c99 -Wall -Wextra -Wundef -Wshadow -Wcast-align  -L/home/voyager717/Downloads/SDK_Sourcecode/build_openwrt_new/AX3000-MT7981-Z8102AX/staging_dir/host/lib  CMakeFiles/cmTC_11b8c.dir/src.c.o -o cmTC_11b8c 
gmake[5]: Leaving directory '/home/voyager717/Downloads/SDK_Sourcecode/build_openwrt_new/AX3000-MT7981-Z8102AX/build_dir/host/zstd-1.4.8/CMakeFiles/CMakeTmp'
gmake[4]: Leaving directory '/home/voyager717/Downloads/SDK_Sourcecode/build_openwrt_new/AX3000-MT7981-Z8102AX/build_dir/host/zstd-1.4.8/CMakeFiles/CMakeTmp'


Source file was:
int main(void) { return 0; }
Performing C++ SOURCE FILE Test CXX_FLAG_WCAST_QUAL succeeded with the following output:
Change Dir: /home/voyager717/Downloads/SDK_Sourcecode/build_openwrt_new/AX3000-MT7981-Z8102AX/build_dir/host/zstd-1.4.8/CMakeFiles/CMakeTmp

Run Build Command(s):/usr/bin/gmake cmTC_bd381/fast && gmake[4]: Entering directory '/home/voyager717/Downloads/SDK_Sourcecode/build_openwrt_new/AX3000-MT7981-Z8102AX/build_dir/host/zstd-1.4.8/CMakeFiles/CMakeTmp'
/usr/bin/gmake  -f CMakeFiles/cmTC_bd381.dir/build.make CMakeFiles/cmTC_bd381.dir/build
gmake[5]: Entering directory '/home/voyager717/Downloads/SDK_Sourcecode/build_openwrt_new/AX3000-MT7981-Z8102AX/build_dir/host/zstd-1.4.8/CMakeFiles/CMakeTmp'
Building CXX object CMakeFiles/cmTC_bd381.dir/src.cxx.o
/home/voyager717/Downloads/SDK_Sourcecode/build_openwrt_new/AX3000-MT7981-Z8102AX/staging_dir/host/bin/g++ -DCXX_FLAG_WCAST_QUAL  -O2 -I/home/voyager717/Downloads/SDK_Sourcecode/build_openwrt_new/AX3000-MT7981-Z8102AX/staging_dir/host/include -std=c++11 -Wall -Wextra -Wundef -Wshadow -Wcast-align    -Wcast-qual -o CMakeFiles/cmTC_bd381.dir/src.cxx.o -c /home/voyager717/Downloads/SDK_Sourcecode/build_openwrt_new/AX3000-MT7981-Z8102AX/build_dir/host/zstd-1.4.8/CMakeFiles/CMakeTmp/src.cxx
Linking CXX executable cmTC_bd381
/home/voyager717/Downloads/SDK_Sourcecode/build_openwrt_new/AX3000-MT7981-Z8102AX/staging_dir/host/bin/cmake -E cmake_link_script CMakeFiles/cmTC_bd381.dir/link.txt --verbose=1
/home/voyager717/Downloads/SDK_Sourcecode/build_openwrt_new/AX3000-MT7981-Z8102AX/staging_dir/host/bin/g++ -O2 -I/home/voyager717/Downloads/SDK_Sourcecode/build_openwrt_new/AX3000-MT7981-Z8102AX/staging_dir/host/include -std=c++11 -Wall -Wextra -Wundef -Wshadow -Wcast-align  -L/home/voyager717/Downloads/SDK_Sourcecode/build_openwrt_new/AX3000-MT7981-Z8102AX/staging_dir/host/lib  CMakeFiles/cmTC_bd381.dir/src.cxx.o -o cmTC_bd381 
gmake[5]: Leaving directory '/home/voyager717/Downloads/SDK_Sourcecode/build_openwrt_new/AX3000-MT7981-Z8102AX/build_dir/host/zstd-1.4.8/CMakeFiles/CMakeTmp'
gmake[4]: Leaving directory '/home/voyager717/Downloads/SDK_Sourcecode/build_openwrt_new/AX3000-MT7981-Z8102AX/build_dir/host/zstd-1.4.8/CMakeFiles/CMakeTmp'


Source file was:
int main() { return 0; }
Performing C SOURCE FILE Test C_FLAG_WSTRICT_PROTOTYPES succeeded with the following output:
Change Dir: /home/voyager717/Downloads/SDK_Sourcecode/build_openwrt_new/AX3000-MT7981-Z8102AX/build_dir/host/zstd-1.4.8/CMakeFiles/CMakeTmp

Run Build Command(s):/usr/bin/gmake cmTC_10084/fast && gmake[4]: Entering directory '/home/voyager717/Downloads/SDK_Sourcecode/build_openwrt_new/AX3000-MT7981-Z8102AX/build_dir/host/zstd-1.4.8/CMakeFiles/CMakeTmp'
/usr/bin/gmake  -f CMakeFiles/cmTC_10084.dir/build.make CMakeFiles/cmTC_10084.dir/build
gmake[5]: Entering directory '/home/voyager717/Downloads/SDK_Sourcecode/build_openwrt_new/AX3000-MT7981-Z8102AX/build_dir/host/zstd-1.4.8/CMakeFiles/CMakeTmp'
Building C object CMakeFiles/cmTC_10084.dir/src.c.o
/home/voyager717/Downloads/SDK_Sourcecode/build_openwrt_new/AX3000-MT7981-Z8102AX/staging_dir/host/bin/gcc -DC_FLAG_WSTRICT_PROTOTYPES  -O2 -I/home/voyager717/Downloads/SDK_Sourcecode/build_openwrt_new/AX3000-MT7981-Z8102AX/staging_dir/host/include -std=c99 -Wall -Wextra -Wundef -Wshadow -Wcast-align -Wcast-qual    -Wstrict-prototypes -o CMakeFiles/cmTC_10084.dir/src.c.o -c /home/voyager717/Downloads/SDK_Sourcecode/build_openwrt_new/AX3000-MT7981-Z8102AX/build_dir/host/zstd-1.4.8/CMakeFiles/CMakeTmp/src.c
Linking C executable cmTC_10084
/home/voyager717/Downloads/SDK_Sourcecode/build_openwrt_new/AX3000-MT7981-Z8102AX/staging_dir/host/bin/cmake -E cmake_link_script CMakeFiles/cmTC_10084.dir/link.txt --verbose=1
/home/voyager717/Downloads/SDK_Sourcecode/build_openwrt_new/AX3000-MT7981-Z8102AX/staging_dir/host/bin/gcc -O2 -I/home/voyager717/Downloads/SDK_Sourcecode/build_openwrt_new/AX3000-MT7981-Z8102AX/staging_dir/host/include -std=c99 -Wall -Wextra -Wundef -Wshadow -Wcast-align -Wcast-qual  -L/home/voyager717/Downloads/SDK_Sourcecode/build_openwrt_new/AX3000-MT7981-Z8102AX/staging_dir/host/lib  CMakeFiles/cmTC_10084.dir/src.c.o -o cmTC_10084 
gmake[5]: Leaving directory '/home/voyager717/Downloads/SDK_Sourcecode/build_openwrt_new/AX3000-MT7981-Z8102AX/build_dir/host/zstd-1.4.8/CMakeFiles/CMakeTmp'
gmake[4]: Leaving directory '/home/voyager717/Downloads/SDK_Sourcecode/build_openwrt_new/AX3000-MT7981-Z8102AX/build_dir/host/zstd-1.4.8/CMakeFiles/CMakeTmp'


Source file was:
int main(void) { return 0; }
Determining if the include file pthread.h exists passed with the following output:
Change Dir: /home/voyager717/Downloads/SDK_Sourcecode/build_openwrt_new/AX3000-MT7981-Z8102AX/build_dir/host/zstd-1.4.8/CMakeFiles/CMakeTmp

Run Build Command(s):/usr/bin/gmake cmTC_4c929/fast && gmake[4]: Entering directory '/home/voyager717/Downloads/SDK_Sourcecode/build_openwrt_new/AX3000-MT7981-Z8102AX/build_dir/host/zstd-1.4.8/CMakeFiles/CMakeTmp'
/usr/bin/gmake  -f CMakeFiles/cmTC_4c929.dir/build.make CMakeFiles/cmTC_4c929.dir/build
gmake[5]: Entering directory '/home/voyager717/Downloads/SDK_Sourcecode/build_openwrt_new/AX3000-MT7981-Z8102AX/build_dir/host/zstd-1.4.8/CMakeFiles/CMakeTmp'
Building C object CMakeFiles/cmTC_4c929.dir/CheckIncludeFile.c.o
/home/voyager717/Downloads/SDK_Sourcecode/build_openwrt_new/AX3000-MT7981-Z8102AX/staging_dir/host/bin/gcc   -O2 -I/home/voyager717/Downloads/SDK_Sourcecode/build_openwrt_new/AX3000-MT7981-Z8102AX/staging_dir/host/include -std=c99 -Wall -Wextra -Wundef -Wshadow -Wcast-align -Wcast-qual -Wstrict-prototypes  -o CMakeFiles/cmTC_4c929.dir/CheckIncludeFile.c.o -c /home/voyager717/Downloads/SDK_Sourcecode/build_openwrt_new/AX3000-MT7981-Z8102AX/build_dir/host/zstd-1.4.8/CMakeFiles/CMakeTmp/CheckIncludeFile.c
Linking C executable cmTC_4c929
/home/voyager717/Downloads/SDK_Sourcecode/build_openwrt_new/AX3000-MT7981-Z8102AX/staging_dir/host/bin/cmake -E cmake_link_script CMakeFiles/cmTC_4c929.dir/link.txt --verbose=1
/home/voyager717/Downloads/SDK_Sourcecode/build_openwrt_new/AX3000-MT7981-Z8102AX/staging_dir/host/bin/gcc -O2 -I/home/voyager717/Downloads/SDK_Sourcecode/build_openwrt_new/AX3000-MT7981-Z8102AX/staging_dir/host/include -std=c99 -Wall -Wextra -Wundef -Wshadow -Wcast-align -Wcast-qual -Wstrict-prototypes  -L/home/voyager717/Downloads/SDK_Sourcecode/build_openwrt_new/AX3000-MT7981-Z8102AX/staging_dir/host/lib  CMakeFiles/cmTC_4c929.dir/CheckIncludeFile.c.o -o cmTC_4c929 
gmake[5]: Leaving directory '/home/voyager717/Downloads/SDK_Sourcecode/build_openwrt_new/AX3000-MT7981-Z8102AX/build_dir/host/zstd-1.4.8/CMakeFiles/CMakeTmp'
gmake[4]: Leaving directory '/home/voyager717/Downloads/SDK_Sourcecode/build_openwrt_new/AX3000-MT7981-Z8102AX/build_dir/host/zstd-1.4.8/CMakeFiles/CMakeTmp'



Performing C SOURCE FILE Test CMAKE_HAVE_LIBC_PTHREAD succeeded with the following output:
Change Dir: /home/voyager717/Downloads/SDK_Sourcecode/build_openwrt_new/AX3000-MT7981-Z8102AX/build_dir/host/zstd-1.4.8/CMakeFiles/CMakeTmp

Run Build Command(s):/usr/bin/gmake cmTC_14c7a/fast && gmake[4]: Entering directory '/home/voyager717/Downloads/SDK_Sourcecode/build_openwrt_new/AX3000-MT7981-Z8102AX/build_dir/host/zstd-1.4.8/CMakeFiles/CMakeTmp'
/usr/bin/gmake  -f CMakeFiles/cmTC_14c7a.dir/build.make CMakeFiles/cmTC_14c7a.dir/build
gmake[5]: Entering directory '/home/voyager717/Downloads/SDK_Sourcecode/build_openwrt_new/AX3000-MT7981-Z8102AX/build_dir/host/zstd-1.4.8/CMakeFiles/CMakeTmp'
Building C object CMakeFiles/cmTC_14c7a.dir/src.c.o
/home/voyager717/Downloads/SDK_Sourcecode/build_openwrt_new/AX3000-MT7981-Z8102AX/staging_dir/host/bin/gcc -DCMAKE_HAVE_LIBC_PTHREAD  -O2 -I/home/voyager717/Downloads/SDK_Sourcecode/build_openwrt_new/AX3000-MT7981-Z8102AX/staging_dir/host/include -std=c99 -Wall -Wextra -Wundef -Wshadow -Wcast-align -Wcast-qual -Wstrict-prototypes  -o CMakeFiles/cmTC_14c7a.dir/src.c.o -c /home/voyager717/Downloads/SDK_Sourcecode/build_openwrt_new/AX3000-MT7981-Z8102AX/build_dir/host/zstd-1.4.8/CMakeFiles/CMakeTmp/src.c
Linking C executable cmTC_14c7a
/home/voyager717/Downloads/SDK_Sourcecode/build_openwrt_new/AX3000-MT7981-Z8102AX/staging_dir/host/bin/cmake -E cmake_link_script CMakeFiles/cmTC_14c7a.dir/link.txt --verbose=1
/home/voyager717/Downloads/SDK_Sourcecode/build_openwrt_new/AX3000-MT7981-Z8102AX/staging_dir/host/bin/gcc -O2 -I/home/voyager717/Downloads/SDK_Sourcecode/build_openwrt_new/AX3000-MT7981-Z8102AX/staging_dir/host/include -std=c99 -Wall -Wextra -Wundef -Wshadow -Wcast-align -Wcast-qual -Wstrict-prototypes  -L/home/voyager717/Downloads/SDK_Sourcecode/build_openwrt_new/AX3000-MT7981-Z8102AX/staging_dir/host/lib  CMakeFiles/cmTC_14c7a.dir/src.c.o -o cmTC_14c7a 
gmake[5]: Leaving directory '/home/voyager717/Downloads/SDK_Sourcecode/build_openwrt_new/AX3000-MT7981-Z8102AX/build_dir/host/zstd-1.4.8/CMakeFiles/CMakeTmp'
gmake[4]: Leaving directory '/home/voyager717/Downloads/SDK_Sourcecode/build_openwrt_new/AX3000-MT7981-Z8102AX/build_dir/host/zstd-1.4.8/CMakeFiles/CMakeTmp'


Source file was:
#include <pthread.h>

static void* test_func(void* data)
{
  return data;
}

int main(void)
{
  pthread_t thread;
  pthread_create(&thread, NULL, test_func, NULL);
  pthread_detach(thread);
  pthread_cancel(thread);
  pthread_join(thread, NULL);
  pthread_atfork(NULL, NULL, NULL);
  pthread_exit(NULL);

  return 0;
}

